c Result of efficient AIG-to-CNF conversion using package CNF
p cnf 36 88
-2 3 4 8 15 0
2 -3 0
2 -15 0
2 -8 0
2 -4 0
3 -27 31 -32 33 0
-3 32 0
-3 -33 0
-3 27 0
-3 -31 0
4 -28 5 -6 -7 0
-4 7 0
-4 28 0
-4 -5 0
-4 6 0
-5 31 33 0
-5 27 -31 -33 0
-5 -27 33 0
-5 27 -32 0
5 -27 -33 0
5 31 32 -33 0
5 27 -31 32 33 0
-6 -27 32 -33 0
-6 31 32 33 0
-6 27 -31 0
-6 27 -32 -33 0
6 -27 -31 33 0
6 31 -32 33 0
6 -27 -32 0
6 27 31 32 -33 0
7 31 32 -33 0
7 -27 31 -32 0
7 -27 -31 32 0
-7 27 -31 0
-7 -31 -32 0
-7 27 -32 0
-7 31 32 33 0
-8 9 0
8 -9 0
9 -29 -10 -11 -12 0
-9 12 0
-9 29 0
-9 10 0
-9 11 0
10 -28 5 0
10 28 -5 7 0
10 28 -6 0
10 5 -7 0
-10 -28 -5 0
-10 -5 6 -7 0
-10 28 5 6 7 0
-11 -28 -5 6 0
-11 28 -5 -6 0
-11 28 7 0
-11 5 6 -7 0
11 -28 5 7 0
11 5 -6 -7 0
11 -28 -6 0
11 28 -5 6 -7 0
12 -13 14 0
-12 13 0
-12 -14 0
-13 28 33 0
-13 28 -32 0
-13 27 28 0
13 -28 0
13 -27 32 -33 0
14 -6 7 0
-14 6 0
-14 -7 0
-15 16 17 18 0
15 -16 0
15 -18 0
15 -17 0
16 -27 -32 -33 0
-16 27 0
-16 32 0
-16 33 0
17 -28 -5 -6 0
-17 28 0
-17 6 0
-17 5 0
18 -29 10 -11 0
-18 29 0
-18 11 0
-18 -10 0
-36 0
2 0

