c Result of efficient AIG-to-CNF conversion using package CNF
p cnf 89 345
-2 3 22 57 59 0
2 -59 0
2 -3 0
2 -57 0
2 -22 0
-3 -4 -13 0
-3 4 13 0
3 4 -13 0
3 -4 13 0
4 6 -11 0
4 -81 -11 0
4 5 -11 0
-4 11 0
-4 81 -5 -6 0
-5 80 -84 0
-5 -80 85 -86 0
-5 84 85 86 0
5 84 -85 0
5 -80 -84 86 0
5 -80 -85 0
5 80 84 -86 0
6 -7 9 0
-6 7 0
-6 -9 0
7 -84 85 8 0
7 84 -86 8 0
-7 -8 0
-7 84 86 0
-7 -84 -85 0
8 80 -84 0
8 80 -85 0
-8 -80 0
-8 84 85 0
-9 84 10 0
-9 -80 10 0
-9 -86 10 0
9 -10 0
9 80 -84 86 0
10 -86 8 0
-10 86 0
-10 -8 0
-11 76 -7 0
-11 76 12 0
11 -76 0
11 7 -12 0
12 -5 -9 0
-12 5 0
-12 9 0
13 15 -20 0
13 -81 -20 0
13 14 -20 0
-13 20 0
-13 81 -14 -15 0
-14 -80 85 -86 0
-14 84 85 86 0
-14 80 -84 0
-14 80 -85 -86 0
14 -80 -84 86 0
14 84 -85 86 0
14 -80 -85 0
14 80 84 85 -86 0
15 -16 19 0
-15 16 0
-15 -19 0
16 8 -17 0
-16 -8 0
-16 17 0
17 84 -85 0
17 85 -18 0
-17 -84 -85 0
-17 85 18 0
-18 84 86 0
18 -84 0
18 -86 0
-19 84 86 0
-19 80 -84 -86 0
-19 -80 86 0
-19 80 -85 0
19 -80 -86 0
19 84 85 -86 0
19 80 -84 85 86 0
-20 76 -16 0
-20 76 21 0
20 -76 0
20 16 -21 0
21 -14 -19 0
-21 14 0
-21 19 0
-22 3 23 45 50 0
22 -50 0
22 -3 0
22 -45 0
22 -23 0
-23 24 44 0
23 -24 0
23 -44 0
-24 -25 -34 0
-24 25 34 0
24 25 -34 0
24 -25 34 0
25 27 -32 0
25 -82 -32 0
25 26 -32 0
-25 32 0
-25 82 -26 -27 0
-26 81 7 0
-26 -81 5 -9 0
-26 -7 5 9 0
26 -81 -5 0
26 81 -7 -9 0
26 -7 -5 0
26 -81 7 9 0
27 -28 -31 0
-27 28 0
-27 31 0
28 -29 30 0
-28 29 0
-28 -30 0
-29 81 86 0
-29 81 -85 0
-29 80 81 0
29 -81 0
29 -80 85 -86 0
-30 7 5 0
-30 -7 -9 0
30 -7 9 0
30 7 -5 0
31 -9 29 0
31 -81 9 0
31 -7 9 0
-31 -9 -29 0
-31 81 7 9 0
-32 77 -28 0
-32 77 33 0
32 -77 0
32 28 -33 0
33 -26 31 0
-33 26 0
-33 -31 0
34 36 -42 0
34 -82 -42 0
34 35 -42 0
-34 42 0
-34 82 -35 -36 0
-35 -81 14 -19 0
-35 81 -14 -19 0
-35 81 16 0
-35 -16 14 19 0
35 -81 16 19 0
35 -16 -14 19 0
35 -81 -14 0
35 81 -16 14 -19 0
36 -37 -41 0
-36 37 0
-36 41 0
37 -38 39 0
-37 38 0
-37 -39 0
-38 81 86 0
-38 81 -85 0
-38 80 81 0
38 -81 0
38 -80 85 -86 0
-39 40 0
39 -40 0
40 16 -14 0
-40 -16 0
-40 14 0
41 -81 19 0
41 81 16 -19 0
41 81 -14 0
41 -16 19 0
-41 -81 -19 0
-41 -16 14 -19 0
-41 81 16 14 19 0
-42 77 -37 0
-42 77 43 0
42 -77 0
42 37 -43 0
43 -35 41 0
-43 35 0
-43 -41 0
44 -80 84 -85 -86 0
-44 86 0
-44 80 0
-44 85 0
-44 -84 0
-45 46 47 48 49 0
-45 -46 -47 -48 -49 0
-45 -46 47 -48 49 0
-45 46 -47 48 -49 0
45 46 -48 0
45 -46 48 0
45 47 -49 0
45 -47 49 0
-46 81 7 5 9 0
-46 81 -7 5 -9 0
46 -81 0
46 -7 9 0
46 -5 0
46 7 -9 0
47 82 28 26 -31 0
47 82 -28 26 31 0
-47 -82 0
-47 -28 -31 0
-47 -26 0
-47 28 31 0
-48 81 -16 14 -19 0
-48 -81 -16 -14 -19 0
-48 81 16 14 19 0
48 16 -19 0
48 -81 19 0
48 81 -14 0
48 -81 14 0
48 -16 19 0
49 82 -37 35 41 0
49 -82 -37 -35 41 0
49 82 37 35 -41 0
-49 37 41 0
-49 -82 -41 0
-49 82 -35 0
-49 -82 35 0
-49 -37 -41 0
-50 -51 -52 53 54 0
-50 51 52 53 54 0
50 -53 0
50 -51 52 0
50 -54 0
50 51 -52 0
-51 82 -28 -26 0
-51 82 28 31 0
-51 -28 26 -31 0
51 -82 28 0
51 -28 26 31 0
51 -82 -26 0
51 28 -31 0
-52 37 -35 -41 0
-52 82 37 41 0
-52 82 -35 0
-52 -37 35 -41 0
52 -82 -37 -35 0
52 37 35 -41 0
52 -82 41 0
52 -37 35 41 0
53 -84 -85 86 0
-53 84 0
-53 85 0
-53 -86 0
-54 -55 -56 0
-54 55 56 0
54 55 -56 0
54 -55 56 0
55 81 -7 -5 0
55 81 7 -9 0
55 -7 5 9 0
-55 -81 7 0
-55 -7 5 -9 0
-55 -81 -5 0
-55 7 9 0
56 16 -14 19 0
56 81 16 -19 0
56 81 -14 0
56 -16 14 19 0
-56 -81 -16 -14 0
-56 16 14 19 0
-56 -81 -19 0
-56 -16 14 -19 0
-57 24 58 0
57 -24 0
57 -58 0
58 -80 84 -85 86 0
-58 85 0
-58 -86 0
-58 80 0
-58 -84 0
-59 60 61 62 65 0
-59 -60 -61 62 65 0
59 -65 0
59 -60 61 0
59 -62 0
59 60 -61 0
60 -81 7 5 0
60 -81 5 -9 0
-60 81 0
-60 -5 0
-60 -7 9 0
61 -81 39 21 0
-61 81 0
-61 -39 0
-61 -21 0
-62 -63 -64 0
-62 63 64 0
62 63 -64 0
62 -63 64 0
63 -82 28 26 0
63 -82 26 31 0
-63 82 0
-63 -26 0
-63 -28 -31 0
64 -82 37 35 0
64 -82 35 41 0
64 -82 -37 -35 -41 0
-64 -35 41 0
-64 37 -35 0
-64 82 0
-64 -37 35 -41 0
-65 -66 -67 68 69 0
-65 66 67 68 69 0
65 -68 0
65 -66 67 0
65 -69 0
65 66 -67 0
-66 -31 0
-66 -82 26 0
-66 82 28 0
66 82 -28 31 0
66 -82 -26 31 0
-67 -82 35 0
-67 82 -35 0
-67 -41 0
-67 37 35 0
67 -82 -35 41 0
67 82 -37 35 41 0
68 80 84 -85 -86 0
-68 -80 0
-68 86 0
-68 85 0
-68 -84 0
-69 70 71 0
-69 -70 -71 0
69 -70 71 0
69 70 -71 0
-70 9 0
-70 -81 5 0
-70 81 7 0
70 81 -7 -9 0
70 -81 -5 -9 0
-71 -81 14 0
-71 81 -14 0
-71 19 0
-71 16 14 0
71 -81 -14 -19 0
71 81 -16 14 -19 0
-89 0
2 0

