c Result of efficient AIG-to-CNF conversion using package CNF
p cnf 76 295
-2 3 42 43 52 0
2 -52 0
2 -3 0
2 -43 0
2 -42 0
-3 4 18 19 27 0
3 -27 0
3 -4 0
3 -19 0
3 -18 0
-4 -64 -5 0
-4 64 5 0
4 64 -5 0
4 -64 5 0
5 10 -16 0
5 -69 -16 0
5 6 -16 0
-5 16 0
-5 69 -6 -10 0
-6 -68 8 -9 0
-6 68 -8 -9 0
-6 68 7 0
-6 -7 8 9 0
6 -68 7 9 0
6 -7 -8 9 0
6 -68 -8 0
6 68 -7 8 -9 0
7 71 72 -73 0
7 -67 71 -72 0
7 -67 -71 72 0
-7 67 -71 0
-7 -71 -72 0
-7 67 -72 0
-7 71 72 73 0
-8 -67 72 -73 0
-8 71 72 73 0
-8 67 -71 0
-8 67 -72 -73 0
8 -67 -71 73 0
8 71 -72 73 0
8 -67 -72 0
8 67 71 72 -73 0
-9 71 73 0
-9 67 -71 -73 0
-9 -67 73 0
-9 67 -72 0
9 -67 -73 0
9 71 72 -73 0
9 67 -71 72 73 0
10 -11 -15 0
-10 11 0
-10 15 0
11 -12 13 0
-11 12 0
-11 -13 0
-12 68 73 0
-12 68 -72 0
-12 67 68 0
12 -68 0
12 -67 72 -73 0
-13 14 0
13 -14 0
14 7 -8 0
-14 -7 0
-14 8 0
15 -68 9 0
15 68 7 -9 0
15 68 -8 0
15 -7 9 0
-15 -68 -9 0
-15 -7 8 -9 0
-15 68 7 8 9 0
-16 64 -11 0
-16 64 17 0
16 -64 0
16 11 -17 0
17 -6 15 0
-17 6 0
-17 -15 0
-18 71 73 0
-18 -71 -73 0
-18 72 0
-18 -67 73 0
18 71 -72 -73 0
18 67 -71 -72 73 0
-19 -62 63 -20 23 0
-19 62 -63 20 -23 0
-19 62 63 20 23 0
-19 -62 -63 -20 -23 0
19 -62 20 0
19 62 -20 0
19 63 -23 0
19 -63 23 0
20 72 -22 0
20 -67 -22 0
20 -21 -22 0
-20 22 0
-20 67 -72 21 0
-21 71 73 0
21 -71 0
21 -73 0
-22 62 72 0
-22 62 71 0
-22 62 73 0
22 -62 0
22 -71 -72 -73 0
23 24 -25 0
23 -68 -25 0
23 8 -25 0
-23 25 0
-23 68 -8 -24 0
24 -7 9 0
-24 7 0
-24 -9 0
-25 63 -7 0
-25 63 26 0
25 -63 0
25 7 -26 0
26 -8 -9 0
-26 8 0
-26 9 0
-27 -28 -29 30 33 0
-27 28 29 30 33 0
27 -33 0
27 28 -29 0
27 -30 0
27 -28 29 0
-28 68 71 0
-28 68 -73 0
28 -68 0
28 -71 73 0
-29 68 -7 8 -9 0
-29 -68 -7 -8 -9 0
-29 68 7 8 9 0
29 7 -9 0
29 -68 9 0
29 68 -8 0
29 -68 8 0
29 -7 9 0
-30 -31 -32 0
-30 31 32 0
30 31 -32 0
30 -31 32 0
31 69 71 -73 0
31 -67 69 -71 0
31 69 -71 73 0
-31 -69 0
-31 71 73 0
-31 67 -71 -73 0
32 69 -11 6 15 0
32 -69 -11 -6 15 0
32 69 11 6 -15 0
-32 11 15 0
-32 -69 -15 0
-32 69 -6 0
-32 -69 6 0
-32 -11 -15 0
-33 -34 -37 38 39 0
-33 34 37 38 39 0
33 -39 0
33 34 -37 0
33 -38 0
33 -34 37 0
-34 -68 35 36 0
-34 69 35 36 0
34 -35 0
34 -36 0
34 68 -69 0
-35 71 73 0
-35 67 -71 -73 0
-35 -67 73 0
35 -67 -73 0
35 71 -73 0
35 67 -71 73 0
36 -67 -71 0
36 71 -73 0
-36 67 -71 0
-36 71 73 0
-37 11 -6 -15 0
-37 69 11 15 0
-37 69 -6 0
-37 -11 6 -15 0
37 -69 -11 -6 0
37 11 6 -15 0
37 -69 15 0
37 -11 6 15 0
-38 -67 -73 0
-38 -71 -73 0
-38 72 0
-38 67 71 73 0
38 -67 -72 73 0
38 -71 -72 73 0
38 67 71 -72 -73 0
-39 -40 -41 0
-39 40 41 0
39 40 -41 0
39 -40 41 0
40 -67 -71 73 0
40 68 -71 73 0
-40 71 0
-40 -73 0
-40 67 -68 0
41 7 -8 9 0
41 68 7 -9 0
41 68 -8 0
41 -7 8 9 0
-41 -68 -7 -8 0
-41 7 8 9 0
-41 -68 -9 0
-41 -7 8 -9 0
-42 67 4 19 0
-42 72 4 19 0
42 -19 0
42 -4 0
42 -67 -72 0
-43 -44 46 -50 51 0
-43 44 -46 50 -51 0
-43 44 46 50 51 0
-43 -44 -46 -50 -51 0
43 -44 50 0
43 44 -50 0
43 46 -51 0
43 -46 51 0
44 -68 45 0
-44 68 0
-44 -45 0
45 -67 -71 73 0
-45 67 0
-45 71 0
-45 -73 0
46 -69 47 0
-46 69 0
-46 -47 0
47 -48 -49 0
-47 48 0
-47 49 0
48 -68 35 0
48 35 -36 0
48 68 -35 36 0
-48 -68 -35 0
-48 -35 -36 0
-48 68 35 36 0
49 -68 36 0
49 -35 -36 0
-49 35 -36 0
-49 68 36 0
50 -68 13 26 0
-50 68 0
-50 -13 0
-50 -26 0
51 -69 11 6 0
51 -69 6 15 0
51 -69 -11 -6 -15 0
-51 -6 15 0
-51 11 -6 0
-51 69 0
-51 -11 6 -15 0
-52 53 54 55 56 0
-52 -53 -54 55 56 0
52 -56 0
52 53 -54 0
52 -55 0
52 -53 54 0
53 68 71 -73 0
53 -67 68 -73 0
-53 73 0
-53 -68 0
-53 67 -71 0
-54 -68 8 0
-54 68 -8 0
-54 9 0
-54 7 8 0
54 -68 -8 -9 0
54 68 -7 8 -9 0
-55 73 0
-55 72 0
-55 67 -71 0
55 -67 -72 -73 0
55 71 -72 -73 0
-56 57 58 0
-56 -57 -58 0
56 -57 58 0
56 57 -58 0
57 69 48 -49 0
-57 49 0
-57 -48 0
-57 -69 0
-58 -69 6 0
-58 69 -6 0
-58 -15 0
-58 11 6 0
58 -69 -6 15 0
58 69 -11 6 15 0
-76 0
2 0

