c Result of efficient AIG-to-CNF conversion using package CNF
p cnf 72 285
2 3 -15 42 44 0
-2 -44 0
-2 -3 0
-2 -42 0
-2 15 0
-3 -4 -9 0
-3 4 9 0
3 4 -9 0
3 -4 9 0
4 -59 -64 0
4 -59 -6 0
4 -59 5 0
-4 59 0
-4 64 -5 6 0
-5 -63 68 -69 0
-5 67 68 69 0
-5 63 -67 0
-5 63 -68 -69 0
5 -63 -67 69 0
5 67 -68 69 0
5 -63 -68 0
5 63 67 68 -69 0
-6 7 8 0
6 -7 0
6 -8 0
7 63 -67 0
7 63 -68 0
-7 -63 0
-7 67 68 0
-8 67 69 0
-8 63 -67 -69 0
-8 -63 69 0
-8 63 -68 0
8 -63 -69 0
8 67 68 -69 0
8 63 -67 68 69 0
9 10 -13 0
9 -64 -13 0
9 5 -13 0
-9 13 0
-9 64 -5 -10 0
10 8 -11 0
-10 -8 0
-10 11 0
11 7 -12 0
-11 -7 0
-11 12 0
12 67 -68 0
12 -67 68 0
12 68 -69 0
-12 -67 -68 0
-12 67 68 69 0
-13 59 14 0
-13 59 -11 0
13 -59 0
13 -14 11 0
14 -5 -8 0
-14 5 0
-14 8 0
15 3 16 -32 -37 0
-15 37 0
-15 -3 0
-15 32 0
-15 -16 0
-16 -17 -22 0
-16 17 22 0
16 17 -22 0
16 -17 22 0
17 -60 -65 0
17 -60 -19 0
17 -60 18 0
-17 60 0
-17 65 -18 19 0
-18 -64 5 -8 0
-18 64 -5 -8 0
-18 64 -7 0
-18 7 5 8 0
18 -64 -7 8 0
18 7 -5 8 0
18 -64 -5 0
18 64 7 5 -8 0
-19 20 21 0
19 -20 0
19 -21 0
20 64 -7 0
20 64 -5 0
-20 -64 0
-20 7 5 0
-21 7 8 0
-21 64 -7 -8 0
-21 -64 8 0
-21 64 -5 0
21 -64 -8 0
21 7 5 -8 0
21 64 -7 5 8 0
22 24 -30 0
22 -65 -30 0
22 23 -30 0
-22 30 0
-22 65 -23 -24 0
-23 -64 5 -8 0
-23 64 -5 -8 0
-23 64 11 0
-23 5 8 -11 0
23 -64 8 11 0
23 -5 8 -11 0
23 -64 -5 0
23 64 5 -8 -11 0
24 -25 -29 0
-24 25 0
-24 29 0
25 -26 27 0
-25 26 0
-25 -27 0
-26 64 11 0
-26 64 -5 0
26 -64 0
26 5 -11 0
-27 28 0
27 -28 0
28 -5 11 0
-28 5 0
-28 -11 0
29 -64 8 0
29 64 -8 11 0
29 64 -5 0
29 8 -11 0
-29 -64 -8 0
-29 64 5 8 11 0
-29 5 -8 -11 0
-30 60 -25 0
-30 60 31 0
30 -60 0
30 25 -31 0
31 -23 29 0
-31 23 0
-31 -29 0
32 -33 34 35 36 0
32 33 -34 -35 -36 0
32 33 34 -35 36 0
32 -33 -34 35 -36 0
-32 -33 -35 0
-32 33 35 0
-32 34 -36 0
-32 -34 36 0
33 64 -7 5 8 0
33 -64 7 -5 -8 0
33 64 7 5 -8 0
-33 -64 8 0
-33 -7 -8 0
-33 64 -5 0
-33 7 8 0
-33 -64 5 0
34 65 -20 18 21 0
34 -65 20 -18 -21 0
34 65 20 18 -21 0
-34 -65 21 0
-34 -20 -21 0
-34 65 -18 0
-34 20 21 0
-34 -65 18 0
-35 -64 -5 -8 -11 0
-35 64 5 -8 -11 0
-35 64 5 8 11 0
35 -5 11 0
35 8 -11 0
35 -64 5 0
35 -8 11 0
35 64 -5 0
36 65 -25 23 29 0
36 -65 -25 -23 29 0
36 65 25 23 -29 0
-36 25 29 0
-36 -65 -29 0
-36 65 -23 0
-36 -65 23 0
-36 -25 -29 0
37 38 -39 -40 -41 0
37 -38 39 40 41 0
37 -38 -39 40 -41 0
37 38 39 -40 41 0
-37 38 40 0
-37 -38 -40 0
-37 -39 41 0
-37 39 -41 0
-38 64 -7 -8 0
-38 -7 -5 8 0
-38 64 -5 0
-38 7 5 8 0
38 -64 7 -5 0
38 7 5 -8 0
38 -64 -8 0
38 -7 5 8 0
-39 65 -20 -21 0
-39 -20 -18 21 0
-39 65 -18 0
-39 20 18 21 0
39 -65 20 -18 0
39 20 18 -21 0
39 -65 -21 0
39 -20 18 21 0
40 64 -8 11 0
40 -5 8 11 0
40 64 -5 0
40 5 8 -11 0
-40 -64 -5 -11 0
-40 5 -8 -11 0
-40 -64 -8 0
-40 5 8 11 0
-41 25 -23 -29 0
-41 65 25 29 0
-41 65 -23 0
-41 -25 23 -29 0
41 -65 -25 -23 0
41 25 23 -29 0
41 -65 29 0
41 -25 23 29 0
-42 16 43 0
42 -16 0
42 -43 0
43 -63 -67 -68 69 0
43 -63 67 68 69 0
-43 -69 0
-43 -67 68 0
-43 63 0
-43 67 -68 0
-44 45 47 48 50 0
-44 -45 -47 48 50 0
44 -48 0
44 45 -47 0
44 -50 0
44 -45 47 0
45 -65 46 0
-45 65 0
-45 -46 0
46 -18 -21 0
-46 18 0
-46 21 0
47 -65 25 23 0
47 -65 23 29 0
47 -65 -25 -23 -29 0
-47 -23 29 0
-47 25 -23 0
-47 65 0
-47 -25 23 -29 0
48 -49 -27 0
-48 49 0
-48 27 0
49 -64 14 0
-49 64 0
-49 -14 0
-50 51 -52 53 -54 0
-50 -51 52 -53 54 0
-50 -51 -52 -53 -54 0
-50 51 52 53 54 0
50 51 -53 0
50 -51 53 0
50 -52 54 0
50 52 -54 0
-51 -64 5 0
-51 64 -5 0
-51 8 0
-51 -7 5 0
51 -64 -5 -8 0
51 64 7 5 -8 0
-52 -65 18 0
-52 65 -18 0
-52 21 0
-52 -20 18 0
52 -65 -18 -21 0
52 65 20 18 -21 0
-53 -64 5 0
-53 64 -5 0
-53 8 0
-53 5 11 0
53 -64 -5 -8 0
53 64 5 -8 -11 0
-54 -65 23 0
-54 65 -23 0
-54 -29 0
-54 25 23 0
54 -65 -23 29 0
54 65 -25 23 29 0
-72 0
-2 0

