c Result of efficient AIG-to-CNF conversion using package CNF
p cnf 78 310
2 3 -37 51 56 0
-2 -56 0
-2 -3 0
-2 -51 0
-2 37 0
-3 -4 11 -20 27 0
-3 4 -11 20 -27 0
-3 4 11 20 27 0
-3 -4 -11 -20 -27 0
3 -4 20 0
3 4 -20 0
3 11 -27 0
3 -11 27 0
4 6 -9 0
4 -70 -9 0
4 5 -9 0
-4 9 0
-4 70 -5 -6 0
-5 74 75 0
-5 69 -74 -75 0
-5 69 -73 0
-5 -69 74 0
5 -69 -74 0
5 73 -74 75 0
5 69 73 74 -75 0
6 7 -8 0
-6 -7 0
-6 8 0
7 -69 -75 0
7 73 74 -75 0
-7 75 0
-7 69 -73 0
-7 69 -74 0
8 73 74 -75 0
8 -69 73 -74 0
8 -69 -73 74 0
-8 69 -73 0
-8 -73 -74 0
-8 69 -74 0
-8 73 74 75 0
-9 65 -8 0
-9 65 10 0
9 -65 0
9 8 -10 0
10 -7 -5 0
-10 7 0
-10 5 0
11 13 -18 0
11 -71 -18 0
11 12 -18 0
-11 18 0
-11 71 -12 -13 0
-12 -70 5 0
-12 70 -7 -5 0
-12 7 5 0
-12 70 8 0
12 -70 -5 0
12 7 -5 -8 0
12 70 -7 5 -8 0
13 14 -16 0
-13 -14 0
-13 16 0
14 -7 -15 0
-14 7 0
-14 15 0
-15 70 8 0
-15 70 -5 0
15 -70 0
15 5 -8 0
16 -15 17 0
-16 15 0
-16 -17 0
-17 -5 -8 0
-17 5 6 0
17 5 -6 0
17 -5 8 0
-18 66 -16 0
-18 66 19 0
18 -66 0
18 16 -19 0
19 -14 -12 0
-19 14 0
-19 12 0
20 22 -25 0
20 -70 -25 0
20 21 -25 0
-20 25 0
-20 70 -21 -22 0
-21 -69 74 -75 0
-21 73 74 75 0
-21 69 -73 0
-21 69 -74 -75 0
21 -69 -73 75 0
21 73 -74 75 0
21 -69 -74 0
21 69 73 74 -75 0
22 -8 23 0
-22 8 0
-22 -23 0
-23 7 24 0
-23 -69 7 0
23 -7 0
23 69 -24 0
24 -73 74 75 0
-24 73 0
-24 -75 0
-24 -74 0
-25 65 -8 0
-25 65 26 0
25 -65 0
25 8 -26 0
26 -21 -23 0
-26 21 0
-26 23 0
27 29 -35 0
27 -71 -35 0
27 28 -35 0
-27 35 0
-27 71 -28 -29 0
-28 -70 21 -23 0
-28 70 -21 -23 0
-28 70 8 0
-28 -8 21 23 0
28 -70 8 23 0
28 -8 -21 23 0
28 -70 -21 0
28 70 -8 21 -23 0
29 -30 -34 0
-29 30 0
-29 34 0
30 -31 32 0
-30 31 0
-30 -32 0
-31 70 75 0
-31 70 -74 0
-31 69 70 0
31 -70 0
31 -69 74 -75 0
-32 33 0
32 -33 0
33 8 -21 0
-33 -8 0
-33 21 0
34 -70 23 0
34 70 8 -23 0
34 70 -21 0
34 -8 23 0
-34 -70 -23 0
-34 -8 21 -23 0
-34 70 8 21 23 0
-35 66 -30 0
-35 66 36 0
35 -66 0
35 30 -36 0
36 -28 34 0
-36 28 0
-36 -34 0
37 -38 -39 -40 -43 0
37 38 39 -40 -43 0
-37 43 0
-37 38 -39 0
-37 40 0
-37 -38 39 0
-38 70 -7 5 -8 0
-38 70 7 5 8 0
-38 -70 -7 -5 -8 0
38 7 -8 0
38 -70 8 0
38 70 -5 0
38 -70 5 0
38 -7 8 0
-39 70 -8 21 -23 0
-39 -70 -8 -21 -23 0
-39 70 8 21 23 0
39 8 -23 0
39 -70 23 0
39 70 -21 0
39 -70 21 0
39 -8 23 0
40 41 -42 0
40 -41 42 0
-40 -41 -42 0
-40 41 42 0
-41 71 -14 12 -16 0
-41 71 14 12 16 0
-41 -71 -14 -12 -16 0
41 14 -16 0
41 -71 16 0
41 71 -12 0
41 -71 12 0
41 -14 16 0
42 71 -30 28 34 0
42 -71 -30 -28 34 0
42 71 30 28 -34 0
-42 30 34 0
-42 -71 -34 0
-42 71 -28 0
-42 -71 28 0
-42 -30 -34 0
43 -44 -45 46 -47 0
43 44 45 46 -47 0
-43 -46 0
-43 -44 45 0
-43 47 0
-43 44 -45 0
-44 14 12 0
-44 71 16 0
-44 14 16 0
-44 71 -12 0
44 -71 -14 0
44 -71 -12 -16 0
44 -14 12 -16 0
-45 30 -28 -34 0
-45 71 30 34 0
-45 71 -28 0
-45 -30 28 -34 0
45 -71 -30 -28 0
45 30 28 -34 0
45 -71 34 0
45 -30 28 34 0
46 -73 74 75 0
-46 73 0
-46 -75 0
-46 -74 0
47 48 -50 0
47 -48 50 0
-47 -48 -50 0
-47 48 50 0
-48 14 49 0
-48 8 14 0
48 -14 0
48 -8 -49 0
49 -70 -5 0
-49 70 0
-49 5 0
50 8 -21 23 0
50 70 8 -23 0
50 70 -21 0
50 -8 21 23 0
-50 -70 -8 -21 0
-50 8 21 23 0
-50 -70 -23 0
-50 -8 21 -23 0
-51 -52 53 -54 55 0
-51 52 -53 54 -55 0
-51 52 53 54 55 0
-51 -52 -53 -54 -55 0
51 -52 54 0
51 52 -54 0
51 53 -55 0
51 -53 55 0
52 -70 5 8 0
52 -70 -7 5 0
52 -70 7 -5 -8 0
-52 -7 -5 0
-52 -5 8 0
-52 70 0
-52 7 5 -8 0
53 -71 12 16 0
53 -71 -14 12 0
53 -71 14 -12 -16 0
-53 -14 -12 0
-53 -12 16 0
-53 71 0
-53 14 12 -16 0
54 -70 32 26 0
-54 70 0
-54 -32 0
-54 -26 0
55 -71 30 28 0
55 -71 28 34 0
55 -71 -30 -28 -34 0
-55 -28 34 0
-55 30 -28 0
-55 71 0
-55 -30 28 -34 0
-56 57 -58 59 -60 0
-56 -57 58 -59 60 0
-56 -57 -58 -59 -60 0
-56 57 58 59 60 0
56 57 -59 0
56 -57 59 0
56 -58 60 0
56 58 -60 0
-57 -70 5 0
-57 70 -5 0
-57 7 0
-57 5 8 0
57 -70 -7 -5 0
57 70 -7 5 -8 0
-58 -71 12 0
-58 71 -12 0
-58 14 0
-58 12 16 0
58 -71 -14 -12 0
58 71 -14 12 -16 0
-59 -70 21 0
-59 70 -21 0
-59 23 0
-59 8 21 0
59 -70 -21 -23 0
59 70 -8 21 -23 0
-60 -71 28 0
-60 71 -28 0
-60 -34 0
-60 30 28 0
60 -71 -28 34 0
60 71 -30 28 34 0
-78 0
-2 0

