c Result of efficient AIG-to-CNF conversion using package CNF
p cnf 77 314
2 3 26 -36 47 0
-2 -47 0
-2 -3 0
-2 36 0
-2 -26 0
-3 -4 -13 0
-3 4 13 0
3 4 -13 0
3 -4 13 0
-4 65 5 0
-4 65 9 0
4 -65 0
4 -5 -9 0
-5 -69 6 0
-5 6 8 0
-5 -69 8 0
5 69 -8 0
5 -6 -8 0
5 69 -6 0
-6 72 7 0
-6 73 7 0
6 -7 0
6 -72 -73 0
7 68 -72 0
7 68 -73 0
-7 -68 0
-7 72 73 0
-8 68 -73 0
-8 -68 72 73 0
-8 68 74 0
-8 -72 73 -74 0
8 -68 -73 0
8 -68 -72 74 0
8 68 72 73 -74 0
9 -10 -12 0
-9 10 0
-9 12 0
-10 69 -8 0
-10 -6 8 -11 0
-10 69 11 0
-10 -69 6 8 0
10 -69 -8 0
10 69 6 8 -11 0
10 -69 -6 11 0
-11 72 74 0
-11 68 -72 -74 0
-11 -68 74 0
-11 68 -73 0
11 -68 -74 0
11 72 73 -74 0
11 68 -72 73 74 0
-12 -69 11 0
-12 69 -6 -11 0
-12 69 -8 0
-12 6 11 0
12 -69 -11 0
12 6 8 -11 0
12 69 -6 8 11 0
13 18 -24 0
13 -70 -24 0
13 14 -24 0
-13 24 0
-13 70 -14 -18 0
-14 69 -11 -17 0
-14 -69 -11 17 0
-14 69 15 0
-14 11 -15 17 0
14 -69 11 15 0
14 11 -15 -17 0
14 -69 -17 0
14 69 -11 -15 17 0
15 7 -16 0
-15 -7 0
-15 16 0
16 72 -73 0
16 -72 73 0
16 73 -74 0
-16 -72 -73 0
-16 72 73 74 0
-17 -68 73 -74 0
-17 72 73 74 0
-17 68 -72 0
-17 68 -73 -74 0
17 -68 -72 74 0
17 72 -73 74 0
17 -68 -73 0
17 68 72 73 -74 0
18 -19 -23 0
-18 19 0
-18 23 0
19 -20 21 0
-19 20 0
-19 -21 0
-20 69 74 0
-20 69 -73 0
-20 68 69 0
20 -69 0
20 -68 73 -74 0
-21 22 0
21 -22 0
22 15 -17 0
-22 -15 0
-22 17 0
23 -69 11 0
23 69 -11 15 0
23 11 -15 0
23 69 -17 0
-23 -69 -11 0
-23 -11 -15 17 0
-23 69 11 15 17 0
-24 65 -19 0
-24 65 25 0
24 -65 0
24 19 -25 0
25 -14 23 0
-25 14 0
-25 -23 0
-26 -27 -29 33 0
-26 27 29 33 0
26 -33 0
26 -27 29 0
26 27 -29 0
-27 64 6 0
-27 64 28 0
27 -64 0
27 -6 -28 0
28 -8 -11 0
-28 8 0
-28 11 0
29 30 -31 0
29 -69 -31 0
29 17 -31 0
-29 31 0
-29 69 -17 -30 0
30 11 -15 0
-30 -11 0
-30 15 0
-31 64 -15 0
-31 64 32 0
31 -64 0
31 15 -32 0
32 -11 -17 0
-32 11 0
-32 17 0
33 68 -73 34 -35 0
-33 -68 0
-33 35 0
-33 -34 0
-33 73 0
-34 72 74 0
34 -72 0
34 -74 0
-35 63 73 0
-35 63 72 0
-35 63 74 0
35 -63 0
35 -72 -73 -74 0
36 -37 -38 -39 -42 0
36 37 38 -39 -42 0
-36 42 0
-36 37 -38 0
-36 39 0
-36 -37 38 0
-37 -5 -10 12 0
-37 70 -5 -12 0
-37 70 -10 0
-37 5 10 12 0
37 -70 5 -10 0
37 -5 10 12 0
37 -70 -12 0
37 5 10 -12 0
-38 19 -14 -23 0
-38 70 19 23 0
-38 70 -14 0
-38 -19 14 -23 0
38 -70 -19 -14 0
38 19 14 -23 0
38 -70 23 0
38 -19 14 23 0
39 40 -41 0
39 -40 41 0
-39 -40 -41 0
-39 40 41 0
-40 -6 -8 11 0
-40 69 -6 -11 0
-40 69 -8 0
-40 6 8 11 0
40 -69 6 -8 0
40 -6 8 11 0
40 -69 -11 0
40 6 8 -11 0
41 69 -11 15 0
41 11 -15 17 0
41 69 -17 0
41 11 15 -17 0
-41 -69 -15 -17 0
-41 11 15 17 0
-41 -69 -11 0
-41 -11 -15 17 0
42 -43 44 45 46 0
42 43 -44 -45 -46 0
42 43 44 -45 46 0
42 -43 -44 45 -46 0
-42 -43 -45 0
-42 43 45 0
-42 44 -46 0
-42 -44 46 0
43 69 6 8 -11 0
43 -69 6 -8 -11 0
43 69 -6 8 11 0
-43 -6 -11 0
-43 -69 11 0
-43 69 -8 0
-43 -69 8 0
-43 6 11 0
44 70 5 10 -12 0
44 -70 5 -10 -12 0
44 70 -5 10 12 0
-44 -5 -12 0
-44 -70 12 0
-44 70 -10 0
-44 -70 10 0
-44 5 12 0
-45 -69 -11 -15 -17 0
-45 69 11 15 17 0
-45 69 -11 -15 17 0
45 11 -15 0
45 -69 15 0
45 69 -17 0
45 -69 17 0
45 -11 15 0
46 70 -19 14 23 0
46 -70 -19 -14 23 0
46 70 19 14 -23 0
-46 19 23 0
-46 -70 -23 0
-46 70 -14 0
-46 -70 14 0
-46 -19 -23 0
-47 3 48 26 49 0
47 -49 0
47 -3 0
47 -26 0
47 -48 0
48 -68 72 73 74 0
-48 -74 0
-48 -73 0
-48 68 0
-48 -72 0
-49 -50 -51 52 55 0
-49 50 51 52 55 0
49 -55 0
49 50 -51 0
49 -52 0
49 -50 51 0
-50 -70 10 0
-50 70 -10 0
-50 12 0
-50 -5 10 0
50 -70 -10 -12 0
50 70 5 10 -12 0
-51 -70 14 0
-51 70 -14 0
-51 -23 0
-51 19 14 0
51 -70 -14 23 0
51 70 -19 14 23 0
-52 53 54 0
-52 -53 -54 0
52 -53 54 0
52 53 -54 0
-53 -69 8 0
-53 69 -8 0
-53 11 0
-53 -6 8 0
53 -69 -8 -11 0
53 69 6 8 -11 0
-54 15 17 0
-54 69 -17 0
-54 11 0
-54 -69 17 0
54 -69 -11 -17 0
54 69 -11 -15 17 0
-55 -56 57 -58 59 0
-55 56 -57 58 -59 0
-55 56 57 58 59 0
-55 -56 -57 -58 -59 0
55 -56 58 0
55 56 -58 0
55 57 -59 0
55 -57 59 0
56 -69 8 0
56 -69 6 11 0
-56 69 0
-56 -8 -11 0
-56 -6 -8 0
57 -70 10 0
57 -70 5 12 0
-57 70 0
-57 -10 -12 0
-57 -5 -10 0
58 -69 21 32 0
-58 69 0
-58 -21 0
-58 -32 0
59 -70 19 14 0
59 -70 14 23 0
59 -70 -19 -14 -23 0
-59 -14 23 0
-59 19 -14 0
-59 70 0
-59 -19 14 -23 0
-77 0
-2 0

