c Result of efficient AIG-to-CNF conversion using package CNF
p cnf 39 103
2 -3 4 8 -15 0
-2 3 0
-2 15 0
-2 -8 0
-2 -4 0
-3 34 35 36 0
-3 30 34 -35 0
3 -34 0
3 35 -36 0
3 -30 -35 0
4 31 -5 -7 0
4 -5 6 7 0
-4 5 0
-4 -31 -7 0
-4 -6 7 0
5 34 35 -36 0
5 -30 34 -35 0
5 -30 -34 35 0
-5 30 -34 0
-5 -34 -35 0
-5 30 -35 0
-5 34 35 36 0
-6 34 36 0
-6 30 -34 -36 0
-6 -30 36 0
-6 30 -35 0
6 -30 -36 0
6 34 35 -36 0
6 30 -34 35 36 0
-7 -30 35 -36 0
-7 34 35 36 0
-7 30 -34 0
-7 30 -35 -36 0
7 -30 -34 36 0
7 34 -35 36 0
7 -30 -35 0
7 30 34 35 -36 0
-8 9 0
8 -9 0
9 32 -10 -14 0
9 -10 -13 14 0
-9 10 0
-9 -32 -14 0
-9 13 14 0
10 -11 12 0
-10 11 0
-10 -12 0
-11 31 36 0
-11 31 -35 0
-11 30 31 0
11 -31 0
11 -30 35 -36 0
12 5 -7 0
-12 -5 0
-12 7 0
13 -31 6 0
13 31 5 -6 0
13 -5 6 0
13 31 -7 0
-13 -31 -6 0
-13 -5 -6 7 0
-13 31 5 6 7 0
-14 -31 -6 7 0
-14 31 -6 -7 0
-14 31 5 0
-14 -5 6 7 0
14 -31 5 6 0
14 -5 6 -7 0
14 -31 -7 0
14 31 -5 -6 7 0
15 16 17 -20 0
-15 -16 0
-15 20 0
-15 -17 0
16 30 -34 -36 0
16 -30 35 -36 0
16 30 -35 -36 0
-16 36 0
-16 -30 -35 0
-16 30 34 35 0
17 -6 18 19 0
-17 6 0
-17 -19 0
-17 -18 0
18 -30 31 35 -36 0
-18 36 0
-18 -35 0
-18 30 0
-18 -31 0
19 -31 -7 0
-19 31 0
-19 7 0
-20 13 21 0
20 -13 0
20 -21 0
-21 10 14 0
-21 32 -14 0
-21 -13 0
-21 -32 14 0
21 -32 13 -14 0
21 32 -10 13 14 0
-39 0
-2 0

