c Result of efficient AIG-to-CNF conversion using package CNF
p cnf 76 302
-2 3 17 47 49 0
2 -49 0
2 -3 0
2 -47 0
2 -17 0
-3 -4 -11 0
-3 4 11 0
3 4 -11 0
3 -4 11 0
4 -63 -68 0
4 -63 6 0
4 -63 5 0
-4 63 0
-4 68 -5 -6 0
-5 -67 72 -73 0
-5 71 72 73 0
-5 67 -71 0
-5 67 -72 -73 0
5 -67 -71 73 0
5 71 -72 73 0
5 -67 -72 0
5 67 71 72 -73 0
6 -7 10 0
-6 7 0
-6 -10 0
7 8 -9 0
-7 -8 0
-7 9 0
8 67 -71 0
8 67 -72 0
-8 -67 0
-8 71 72 0
-9 71 72 73 0
9 -71 0
9 -73 0
9 -72 0
-10 71 73 0
-10 67 -71 -73 0
-10 -67 73 0
-10 67 -72 0
10 -67 -73 0
10 71 72 -73 0
10 67 -71 72 73 0
11 12 -15 0
11 -68 -15 0
11 5 -15 0
-11 15 0
-11 68 -5 -12 0
12 10 -13 0
-12 -10 0
-12 13 0
13 8 -14 0
-13 -8 0
-13 14 0
14 71 -72 0
14 -71 72 0
14 72 -73 0
-14 -71 -72 0
-14 71 72 73 0
-15 63 16 0
-15 63 -13 0
15 -63 0
15 -16 13 0
16 -5 -10 0
-16 5 0
-16 10 0
-17 3 18 37 42 0
17 -42 0
17 -3 0
17 -37 0
17 -18 0
-18 -19 -27 0
-18 19 27 0
18 19 -27 0
18 -19 27 0
19 21 -25 0
19 -69 -25 0
19 20 -25 0
-19 25 0
-19 69 -20 -21 0
-20 -68 5 -10 0
-20 68 -5 -10 0
-20 68 7 0
-20 -7 5 10 0
20 -68 7 10 0
20 -7 -5 10 0
20 -68 -5 0
20 68 -7 5 -10 0
21 -22 -24 0
-21 22 0
-21 24 0
22 -23 0
-22 23 0
-23 68 73 0
-23 68 -72 0
-23 67 68 0
23 -68 0
23 -67 72 -73 0
24 -68 10 0
24 68 7 -10 0
24 68 -5 0
24 -7 10 0
-24 -68 -10 0
-24 -7 5 -10 0
-24 68 7 5 10 0
-25 64 -22 0
-25 64 26 0
25 -64 0
25 22 -26 0
26 -20 24 0
-26 20 0
-26 -24 0
27 29 -35 0
27 -69 -35 0
27 28 -35 0
-27 35 0
-27 69 -28 -29 0
-28 -68 5 -10 0
-28 68 -5 -10 0
-28 68 13 0
-28 5 10 -13 0
28 -68 10 13 0
28 -5 10 -13 0
28 -68 -5 0
28 68 5 -10 -13 0
29 -30 -34 0
-29 30 0
-29 34 0
30 -31 32 0
-30 31 0
-30 -32 0
-31 68 73 0
-31 68 -72 0
-31 67 68 0
31 -68 0
31 -67 72 -73 0
-32 33 0
32 -33 0
33 -5 13 0
-33 5 0
-33 -13 0
34 -68 10 0
34 68 -10 13 0
34 68 -5 0
34 10 -13 0
-34 -68 -10 0
-34 68 5 10 13 0
-34 5 -10 -13 0
-35 64 -30 0
-35 64 36 0
35 -64 0
35 30 -36 0
36 -28 34 0
-36 28 0
-36 -34 0
-37 38 39 40 41 0
-37 -38 -39 -40 -41 0
-37 -38 39 -40 41 0
-37 38 -39 40 -41 0
37 38 -40 0
37 -38 40 0
37 39 -41 0
37 -39 41 0
-38 68 -7 5 -10 0
-38 -68 -7 -5 -10 0
-38 68 7 5 10 0
38 7 -10 0
38 -68 10 0
38 68 -5 0
38 -68 5 0
38 -7 10 0
39 69 -22 20 24 0
39 -69 -22 -20 24 0
39 69 22 20 -24 0
-39 22 24 0
-39 -69 -24 0
-39 69 -20 0
-39 -69 20 0
-39 -22 -24 0
-40 -68 -5 -10 -13 0
-40 68 5 -10 -13 0
-40 68 5 10 13 0
40 -5 13 0
40 10 -13 0
40 -68 5 0
40 -10 13 0
40 68 -5 0
41 69 -30 28 34 0
41 -69 -30 -28 34 0
41 69 30 28 -34 0
-41 30 34 0
-41 -69 -34 0
-41 69 -28 0
-41 -69 28 0
-41 -30 -34 0
-42 -43 -44 -45 -46 0
-42 43 44 45 46 0
-42 43 -44 45 -46 0
-42 -43 44 -45 46 0
42 -43 45 0
42 43 -45 0
42 -44 46 0
42 44 -46 0
43 7 -5 10 0
43 68 7 -10 0
43 68 -5 0
43 -7 5 10 0
-43 -68 -7 -5 0
-43 7 5 10 0
-43 -68 -10 0
-43 -7 5 -10 0
-44 22 -20 -24 0
-44 69 22 24 0
-44 69 -20 0
-44 -22 20 -24 0
44 -69 -22 -20 0
44 22 20 -24 0
44 -69 24 0
44 -22 20 24 0
45 68 -10 13 0
45 -5 10 13 0
45 68 -5 0
45 5 10 -13 0
-45 -68 -5 -13 0
-45 5 -10 -13 0
-45 -68 -10 0
-45 5 10 13 0
-46 30 -28 -34 0
-46 69 30 34 0
-46 69 -28 0
-46 -30 28 -34 0
46 -69 -30 -28 0
46 30 28 -34 0
46 -69 34 0
46 -30 28 34 0
-47 18 48 0
47 -18 0
47 -48 0
48 -67 -71 -72 73 0
-48 72 0
-48 -73 0
-48 67 0
-48 71 0
-49 50 51 52 54 0
-49 -50 -51 52 54 0
49 -52 0
49 50 -51 0
49 -54 0
49 -50 51 0
50 -69 -20 -24 0
50 -69 22 20 0
50 -69 20 24 0
-50 69 0
-50 -20 24 0
-50 -22 20 -24 0
51 -69 30 28 0
51 -69 28 34 0
51 -69 -30 -28 -34 0
-51 -28 34 0
-51 30 -28 0
-51 69 0
-51 -30 28 -34 0
52 -53 -32 0
-52 53 0
-52 32 0
53 -68 16 0
-53 68 0
-53 -16 0
-54 55 -56 57 -58 0
-54 -55 56 -57 58 0
-54 -55 -56 -57 -58 0
-54 55 56 57 58 0
54 55 -57 0
54 -55 57 0
54 -56 58 0
54 56 -58 0
-55 -68 5 0
-55 68 -5 0
-55 10 0
-55 7 5 0
55 -68 -5 -10 0
55 68 -7 5 -10 0
-56 -69 20 0
-56 69 -20 0
-56 -24 0
-56 22 20 0
56 -69 -20 24 0
56 69 -22 20 24 0
-57 -68 5 0
-57 68 -5 0
-57 10 0
-57 5 13 0
57 -68 -5 -10 0
57 68 5 -10 -13 0
-58 -69 28 0
-58 69 -28 0
-58 -34 0
-58 30 28 0
58 -69 -28 34 0
58 69 -30 28 34 0
-76 0
2 0

