c Result of efficient AIG-to-CNF conversion using package CNF
p cnf 58 210
2 3 -25 33 38 0
-2 -38 0
-2 -3 0
-2 -33 0
-2 25 0
-3 -4 7 -10 15 0
-3 4 -7 10 -15 0
-3 4 7 10 15 0
-3 -4 -7 -10 -15 0
3 -4 10 0
3 4 -10 0
3 7 -15 0
3 -7 15 0
4 -45 -50 0
4 -45 -5 0
4 -5 6 0
4 -45 6 0
-4 45 -6 0
-4 45 5 0
-4 50 5 -6 0
-5 53 55 0
-5 49 -53 -55 0
-5 -49 55 0
-5 49 -54 0
5 -49 -55 0
5 53 54 -55 0
5 49 -53 54 55 0
6 53 54 -55 0
6 -49 53 -54 0
6 -49 -53 54 0
-6 49 -53 0
-6 -53 -54 0
-6 49 -54 0
-6 53 54 55 0
7 -46 -8 0
7 -46 9 0
7 -46 -51 0
7 -8 9 0
-7 46 -9 0
-7 46 8 0
-7 51 8 -9 0
8 -50 -5 0
-8 50 0
-8 5 0
9 -50 -6 0
-9 50 0
-9 6 0
10 11 -13 0
10 -50 -13 0
10 12 -13 0
-10 13 0
-10 50 -11 -12 0
11 5 -6 0
-11 -5 0
-11 6 0
-12 -49 54 -55 0
-12 53 54 55 0
-12 49 -53 0
-12 49 -54 -55 0
12 -49 -53 55 0
12 53 -54 55 0
12 -49 -54 0
12 49 53 54 -55 0
-13 45 -6 0
-13 45 14 0
13 -45 0
13 6 -14 0
14 -5 -12 0
-14 5 0
-14 12 0
15 17 -23 0
15 -51 -23 0
15 16 -23 0
-15 23 0
-15 51 -16 -17 0
-16 50 -5 -12 0
-16 -50 -5 12 0
-16 50 6 0
-16 5 -6 12 0
16 -50 5 6 0
16 5 -6 -12 0
16 -50 -12 0
16 50 -5 -6 12 0
17 -18 -22 0
-17 18 0
-17 22 0
18 -19 20 0
-18 19 0
-18 -20 0
-19 50 55 0
-19 50 -54 0
-19 49 50 0
19 -50 0
19 -49 54 -55 0
-20 21 0
20 -21 0
21 6 -12 0
-21 -6 0
-21 12 0
22 -50 5 0
22 50 -5 6 0
22 5 -6 0
22 50 -12 0
-22 -50 -5 0
-22 -5 -6 12 0
-22 50 5 6 12 0
-23 46 -18 0
-23 46 24 0
23 -46 0
23 18 -24 0
24 -16 22 0
-24 16 0
-24 -22 0
25 -26 -27 -28 -29 0
25 26 27 -28 -29 0
-25 29 0
-25 26 -27 0
-25 28 0
-25 -26 27 0
-26 51 0
-26 8 9 0
26 -51 -8 0
26 -51 -9 0
-27 18 -16 -22 0
-27 51 18 22 0
-27 51 -16 0
-27 -18 16 -22 0
27 -51 -18 -16 0
27 18 16 -22 0
27 -51 22 0
27 -18 16 22 0
28 -5 6 0
28 -50 -5 0
28 -12 0
28 50 5 -6 0
-28 -50 5 12 0
-28 5 6 12 0
-28 50 -5 -6 12 0
29 -30 -31 -32 0
29 30 31 -32 0
-29 32 0
-29 -30 31 0
-29 30 -31 0
30 -51 -8 -9 0
-30 51 0
-30 8 0
-30 9 0
31 51 -18 16 22 0
31 -51 -18 -16 22 0
31 51 18 16 -22 0
-31 18 22 0
-31 -51 -22 0
-31 51 -16 0
-31 -51 16 0
-31 -18 -22 0
32 -50 5 0
32 -5 6 0
32 -12 0
32 5 -6 0
-32 -5 -6 12 0
-32 50 5 6 12 0
-33 -34 35 -36 37 0
-33 34 -35 36 -37 0
-33 34 35 36 37 0
-33 -34 -35 -36 -37 0
33 -34 36 0
33 34 -36 0
33 35 -37 0
33 -35 37 0
34 -50 5 -6 0
-34 50 0
-34 -5 0
-34 6 0
35 -51 8 -9 0
-35 51 0
-35 -8 0
-35 9 0
36 -50 20 14 0
-36 50 0
-36 -20 0
-36 -14 0
37 -51 18 16 0
37 -51 16 22 0
37 -51 -18 -16 -22 0
-37 -16 22 0
-37 18 -16 0
-37 51 0
-37 -18 16 -22 0
-38 8 39 40 0
-38 51 -8 -39 40 0
-38 -51 -8 -39 -40 0
38 8 -39 0
38 39 -40 0
38 -51 -8 40 0
38 -8 39 0
38 51 -40 0
-39 6 12 0
-39 50 -12 0
-39 5 0
-39 -50 12 0
39 -50 -5 -12 0
39 50 -5 -6 12 0
-40 -51 16 0
-40 51 -16 0
-40 -22 0
-40 18 16 0
40 -51 -16 22 0
40 51 -18 16 22 0
-58 0
-2 0

