c Result of efficient AIG-to-CNF conversion using package CNF
p cnf 74 289
2 3 -34 -39 46 0
-2 -46 0
-2 -3 0
-2 39 0
-2 34 0
-3 4 23 24 0
3 -4 0
3 -23 0
3 -24 0
-4 -5 -10 0
-4 5 10 0
4 5 -10 0
4 -5 10 0
5 -62 -6 0
5 -62 8 0
5 -62 -67 0
5 -6 8 0
-5 62 -8 0
-5 62 6 0
-5 67 6 -8 0
6 -66 -7 0
-6 66 0
-6 7 0
7 -65 -71 0
-7 65 0
-7 71 0
8 -66 -9 0
-8 66 0
-8 9 0
9 -65 69 0
-9 65 0
-9 -69 0
10 15 -21 0
10 -67 -21 0
10 11 -21 0
-10 21 0
-10 67 -11 -15 0
-11 -66 13 -14 0
-11 66 -13 -14 0
-11 66 12 0
-11 -12 13 14 0
11 -66 12 14 0
11 -12 -13 14 0
11 -66 -13 0
11 66 -12 13 -14 0
12 69 70 -71 0
12 -65 69 -70 0
12 -65 -69 70 0
-12 65 -69 0
-12 -69 -70 0
-12 65 -70 0
-12 69 70 71 0
-13 -65 70 -71 0
-13 69 70 71 0
-13 65 -69 0
-13 65 -70 -71 0
13 -65 -69 71 0
13 69 -70 71 0
13 -65 -70 0
13 65 69 70 -71 0
-14 69 71 0
-14 65 -69 -71 0
-14 -65 71 0
-14 65 -70 0
14 -65 -71 0
14 69 70 -71 0
14 65 -69 70 71 0
15 -16 -20 0
-15 16 0
-15 20 0
16 -17 18 0
-16 17 0
-16 -18 0
-17 66 71 0
-17 66 -70 0
-17 65 66 0
17 -66 0
17 -65 70 -71 0
-18 19 0
18 -19 0
19 12 -13 0
-19 -12 0
-19 13 0
20 -66 14 0
20 66 12 -14 0
20 66 -13 0
20 -12 14 0
-20 -66 -14 0
-20 -12 13 -14 0
-20 66 12 13 14 0
-21 62 -16 0
-21 62 22 0
21 -62 0
21 16 -22 0
22 -11 20 0
-22 11 0
-22 -20 0
-23 69 71 0
-23 -69 -71 0
-23 -70 0
-23 -65 71 0
23 69 70 -71 0
23 65 -69 70 71 0
-24 -25 26 -27 30 0
-24 25 -26 27 -30 0
-24 25 26 27 30 0
-24 -25 -26 -27 -30 0
24 -25 27 0
24 25 -27 0
24 26 -30 0
24 -26 30 0
25 -60 -69 0
25 -69 -71 0
25 -60 -65 0
25 -60 -71 0
-25 60 69 0
-25 60 71 0
-25 65 69 71 0
26 -61 -7 0
26 -61 9 0
26 -61 -66 0
26 -7 9 0
-26 61 -9 0
-26 61 7 0
-26 66 7 -9 0
27 70 -29 0
27 -65 -29 0
27 -28 -29 0
-27 29 0
-27 65 -70 28 0
-28 69 71 0
28 -69 0
28 -71 0
-29 60 70 0
-29 60 69 0
-29 60 71 0
29 -60 0
29 -69 -70 -71 0
30 31 -32 0
30 -66 -32 0
30 13 -32 0
-30 32 0
-30 66 -13 -31 0
31 -12 14 0
-31 12 0
-31 -14 0
-32 61 -12 0
-32 61 33 0
32 -61 0
32 12 -33 0
33 -13 -14 0
-33 13 0
-33 14 0
34 -35 36 37 38 0
34 35 -36 -37 -38 0
34 35 36 -37 38 0
34 -35 -36 37 -38 0
-34 -35 -37 0
-34 35 37 0
-34 36 -38 0
-34 -36 38 0
35 -66 -7 -9 0
-35 66 0
-35 7 0
-35 9 0
36 -67 -6 -8 0
-36 67 0
-36 6 0
-36 8 0
-37 66 -12 13 -14 0
-37 -66 -12 -13 -14 0
-37 66 12 13 14 0
37 12 -14 0
37 -66 14 0
37 66 -13 0
37 -66 13 0
37 -12 14 0
38 67 -16 11 20 0
38 -67 -16 -11 20 0
38 67 16 11 -20 0
-38 16 20 0
-38 -67 -20 0
-38 67 -11 0
-38 -67 11 0
-38 -16 -20 0
39 -40 41 42 43 0
39 40 -41 42 43 0
-39 -43 0
-39 40 41 0
-39 -42 0
-39 -40 -41 0
-40 6 8 0
40 -6 0
40 -8 0
41 12 -13 14 0
41 66 12 -14 0
41 66 -13 0
41 -12 13 14 0
-41 -66 -12 -13 0
-41 12 13 14 0
-41 -66 -14 0
-41 -12 13 -14 0
-42 -65 -71 0
-42 -69 -71 0
-42 -70 0
-42 65 69 71 0
42 -65 70 71 0
42 -69 70 71 0
42 65 69 70 -71 0
-43 44 45 0
-43 -44 -45 0
43 -44 45 0
43 44 -45 0
-44 67 0
-44 6 8 0
44 -67 -6 0
44 -67 -8 0
-45 16 -11 -20 0
-45 67 16 20 0
-45 67 -11 0
-45 -16 11 -20 0
45 -67 -16 -11 0
45 16 11 -20 0
45 -67 20 0
45 -16 11 20 0
-46 47 48 49 54 0
46 -54 0
46 -47 0
46 -49 0
46 -48 0
-47 71 0
-47 -70 0
-47 65 -69 0
47 69 70 -71 0
47 -65 70 -71 0
-48 65 4 24 0
-48 -70 4 24 0
48 -24 0
48 -4 0
48 -65 70 0
-49 -50 51 -52 53 0
-49 50 -51 52 -53 0
-49 50 51 52 53 0
-49 -50 -51 -52 -53 0
49 -50 52 0
49 50 -52 0
49 51 -53 0
49 -51 53 0
50 -66 7 -9 0
-50 66 0
-50 -7 0
-50 9 0
51 -67 6 -8 0
-51 67 0
-51 -6 0
-51 8 0
52 -66 18 33 0
-52 66 0
-52 -18 0
-52 -33 0
53 -67 16 11 0
53 -67 11 20 0
53 -67 -16 -11 -20 0
-53 -11 20 0
-53 16 -11 0
-53 67 0
-53 -16 11 -20 0
-54 6 55 56 0
-54 67 -6 -55 56 0
-54 -67 -6 -55 -56 0
54 6 -55 0
54 55 -56 0
54 -67 -6 56 0
54 -6 55 0
54 67 -56 0
-55 -66 13 0
-55 66 -13 0
-55 14 0
-55 12 13 0
55 -66 -13 -14 0
55 66 -12 13 -14 0
-56 -67 11 0
-56 67 -11 0
-56 -20 0
-56 16 11 0
56 -67 -11 20 0
56 67 -16 11 20 0
-74 0
-2 0

