c Result of efficient AIG-to-CNF conversion using package CNF
p cnf 32 76
2 30 -3 -4 -10 0
-2 -30 0
-2 10 0
-2 4 0
-2 3 0
3 -23 28 -29 0
3 -23 -27 28 0
3 -23 27 -28 29 0
-3 -27 -28 0
-3 -28 -29 0
-3 23 0
-3 27 28 29 0
4 -24 5 7 0
4 -24 6 7 0
-4 -7 0
-4 24 0
-4 -5 -6 0
-5 -23 28 -29 0
-5 27 28 29 0
-5 23 -27 0
-5 23 -28 -29 0
5 -23 -27 29 0
5 27 -28 29 0
5 -23 -28 0
5 23 27 28 -29 0
-6 27 29 0
-6 23 -27 -29 0
-6 -23 29 0
-6 23 -28 0
6 -23 -29 0
6 27 28 -29 0
6 23 -27 28 29 0
-7 8 0
7 -8 0
8 9 -5 0
-8 -9 0
-8 5 0
9 27 28 -29 0
9 -23 27 -28 0
9 -23 -27 28 0
-9 23 -27 0
-9 -27 -28 0
-9 23 -28 0
-9 27 28 29 0
10 -25 11 13 0
10 -25 13 14 0
10 -25 -11 -13 -14 0
-10 -13 14 0
-10 11 -13 0
-10 25 0
-10 -11 13 -14 0
11 -12 7 0
-11 12 0
-11 -7 0
-12 24 29 0
-12 24 -28 0
-12 23 24 0
12 -24 0
12 -23 28 -29 0
-13 -24 5 -6 0
-13 24 -5 -6 0
-13 24 9 0
-13 -9 5 6 0
13 -24 9 6 0
13 -9 -5 6 0
13 -24 -5 0
13 24 -9 5 -6 0
14 -24 6 0
14 24 9 -6 0
14 24 -5 0
14 -9 6 0
-14 -24 -6 0
-14 -9 5 -6 0
-14 24 9 5 6 0
-32 0
-2 0

