c Result of efficient AIG-to-CNF conversion using package CNF
p cnf 81 309
2 -3 51 53 58 0
-2 -58 0
-2 3 0
-2 -53 0
-2 -51 0
3 4 5 33 -43 0
-3 -4 0
-3 43 0
-3 -33 0
-3 -5 0
4 72 76 77 -78 0
4 -72 76 -77 -78 0
4 72 -76 77 78 0
-4 -72 77 0
-4 -77 78 0
-4 -76 -78 0
-4 76 78 0
-4 72 -77 0
-5 -6 -18 0
-5 6 18 0
5 6 -18 0
5 -6 18 0
6 -74 -13 0
6 7 -13 0
-6 13 0
-6 74 -7 0
-7 8 10 0
7 -8 0
7 -10 0
8 -73 -9 0
-8 73 0
-8 9 0
-9 72 -76 77 0
-9 -72 77 -78 0
-9 76 77 78 0
9 -77 0
9 72 76 -78 0
9 -72 -76 78 0
-10 -11 9 0
-10 9 -12 0
-10 73 9 0
10 -9 0
10 -73 11 12 0
11 -72 76 -77 0
-11 72 0
-11 -76 0
-11 77 0
-12 76 78 0
-12 72 -76 -78 0
-12 -72 78 0
-12 72 -77 0
12 -72 -78 0
12 76 77 -78 0
12 72 -76 77 78 0
-13 69 -14 0
-13 69 15 0
13 -69 0
13 14 -15 0
14 -72 -73 76 -77 0
-14 77 0
-14 72 0
-14 73 0
-14 -76 0
15 -7 16 0
-15 7 0
-15 -16 0
16 -73 12 0
16 73 -17 0
-16 -73 -12 0
-16 73 17 0
-17 11 9 12 0
17 -12 0
17 -9 0
17 -11 0
18 25 -31 0
18 -74 -31 0
18 19 -31 0
-18 31 0
-18 74 -19 -25 0
-19 73 -12 -24 0
-19 -73 -12 24 0
-19 73 20 0
-19 12 -20 24 0
19 -73 12 20 0
19 12 -20 -24 0
19 -73 -24 0
19 73 -12 -20 24 0
20 21 -22 0
-20 -21 0
-20 22 0
21 72 -76 0
21 72 -77 0
-21 -72 0
-21 76 77 0
22 76 -77 0
22 77 -23 0
-22 -76 -77 0
-22 77 23 0
-23 76 78 0
23 -76 0
23 -78 0
-24 -72 77 -78 0
-24 76 77 78 0
-24 72 -76 0
-24 72 -77 -78 0
24 -72 -76 78 0
24 76 -77 78 0
24 -72 -77 0
24 72 76 77 -78 0
25 -26 -30 0
-25 26 0
-25 30 0
26 -27 28 0
-26 27 0
-26 -28 0
-27 73 78 0
-27 73 -77 0
-27 72 73 0
27 -73 0
27 -72 77 -78 0
-28 29 0
28 -29 0
29 20 -24 0
-29 -20 0
-29 24 0
30 -73 12 0
30 73 -12 20 0
30 12 -20 0
30 73 -24 0
-30 -73 -12 0
-30 -12 -20 24 0
-30 73 12 20 24 0
-31 69 -26 0
-31 69 32 0
31 -69 0
31 26 -32 0
32 -19 30 0
-32 19 0
-32 -30 0
-33 -34 -37 41 0
-33 34 37 41 0
33 -41 0
33 -34 37 0
33 34 -37 0
34 -73 -35 0
34 9 -35 0
-34 35 0
-34 73 -9 0
-35 68 -11 0
-35 68 36 0
35 -68 0
35 11 -36 0
36 -9 -12 0
-36 9 0
-36 12 0
37 38 -39 0
37 -73 -39 0
37 24 -39 0
-37 39 0
-37 73 -24 -38 0
38 12 -20 0
-38 -12 0
-38 20 0
-39 68 -20 0
-39 68 40 0
39 -68 0
39 20 -40 0
40 -12 -24 0
-40 12 0
-40 24 0
41 72 -77 -42 -23 0
-41 77 0
-41 23 0
-41 -72 0
-41 42 0
-42 67 77 0
-42 67 76 0
-42 67 78 0
42 -67 0
42 -76 -77 -78 0
43 -44 45 46 0
-43 -46 0
-43 -45 0
-43 44 0
-44 -73 -12 -20 -24 0
-44 73 12 20 24 0
-44 73 -12 -20 24 0
44 12 -20 0
44 -73 20 0
44 73 -24 0
44 -73 24 0
44 -12 20 0
45 74 -26 19 30 0
45 -74 -26 -19 30 0
45 74 26 19 -30 0
-45 26 30 0
-45 -74 -30 0
-45 74 -19 0
-45 -74 19 0
-45 -26 -30 0
-46 -47 -48 -49 -50 0
-46 47 48 49 50 0
-46 47 -48 49 -50 0
-46 -47 48 -49 50 0
46 -47 49 0
46 47 -49 0
46 -48 50 0
46 48 -50 0
47 73 -11 0
47 11 -9 12 0
47 73 -12 0
47 -11 9 12 0
-47 -73 -12 0
-47 11 9 12 0
-47 -73 -11 -9 0
-48 74 -14 0
-48 14 -7 -16 0
-48 74 16 0
-48 -14 7 -16 0
48 -74 16 0
48 14 7 -16 0
48 -74 -14 -7 0
49 73 -12 20 0
49 12 -20 24 0
49 73 -24 0
49 12 20 -24 0
-49 -73 -20 -24 0
-49 12 20 24 0
-49 -73 -12 0
-49 -12 -20 24 0
-50 26 -19 -30 0
-50 74 26 30 0
-50 74 -19 0
-50 -26 19 -30 0
50 -74 -26 -19 0
50 26 19 -30 0
50 -74 30 0
50 -26 19 30 0
-51 5 52 33 0
51 -5 0
51 -52 0
51 -33 0
52 -72 77 -78 0
52 -72 -76 77 0
-52 72 0
-52 -77 0
-52 76 78 0
-53 -54 55 -56 57 0
-53 54 -55 56 -57 0
-53 54 55 56 57 0
-53 -54 -55 -56 -57 0
53 -54 56 0
53 54 -56 0
53 55 -57 0
53 -55 57 0
54 -73 -11 -9 12 0
-54 -12 0
-54 73 0
-54 11 0
-54 9 0
55 -74 -14 -7 -16 0
-55 16 0
-55 74 0
-55 14 0
-55 7 0
56 -73 28 40 0
-56 73 0
-56 -28 0
-56 -40 0
57 -74 26 19 0
57 -74 19 30 0
57 -74 -26 -19 -30 0
-57 -19 30 0
-57 26 -19 0
-57 74 0
-57 -26 19 -30 0
-58 59 -61 62 -63 0
-58 -59 61 -62 63 0
-58 -59 -61 -62 -63 0
-58 59 61 62 63 0
58 59 -62 0
58 -59 62 0
58 -61 63 0
58 61 -63 0
-59 60 0
59 -60 0
60 -8 -12 0
-60 8 0
-60 12 0
-61 -74 7 0
-61 74 -7 0
-61 -16 0
-61 14 7 0
61 -74 -7 16 0
61 74 -14 7 16 0
-62 20 24 0
-62 73 -24 0
-62 12 0
-62 -73 24 0
62 -73 -12 -24 0
62 73 -12 -20 24 0
-63 -74 19 0
-63 74 -19 0
-63 -30 0
-63 26 19 0
63 -74 -19 30 0
63 74 -26 19 30 0
-81 0
-2 0

