c Result of efficient AIG-to-CNF conversion using package CNF
p cnf 71 288
2 3 -33 44 49 0
-2 -49 0
-2 -3 0
-2 -44 0
-2 33 0
-3 -4 10 -20 25 0
-3 4 -10 20 -25 0
-3 4 10 20 25 0
-3 -4 -10 -20 -25 0
3 -4 20 0
3 4 -20 0
3 10 -25 0
3 -10 25 0
4 6 -9 0
4 -63 -9 0
4 5 -9 0
-4 9 0
-4 63 -5 -6 0
-5 -62 67 -68 0
-5 66 67 68 0
-5 62 -66 0
-5 62 -67 -68 0
5 -62 -66 68 0
5 66 -67 68 0
5 -62 -67 0
5 62 66 67 -68 0
6 7 -8 0
-6 -7 0
-6 8 0
7 -62 -68 0
7 66 67 -68 0
-7 68 0
-7 62 -66 0
-7 62 -67 0
8 66 67 -68 0
8 -62 66 -67 0
8 -62 -66 67 0
-8 62 -66 0
-8 -66 -67 0
-8 62 -67 0
-8 66 67 68 0
-9 58 5 0
-9 58 7 0
-9 58 -8 0
9 -58 0
9 -7 8 -5 0
10 12 -18 0
10 -64 -18 0
10 11 -18 0
-10 18 0
-10 64 -11 -12 0
-11 -63 -7 5 0
-11 63 -7 -5 0
-11 63 8 0
-11 7 -8 5 0
11 -63 7 8 0
11 7 -8 -5 0
11 -63 -5 0
11 63 -7 -8 5 0
12 13 -15 0
-12 -13 0
-12 15 0
13 -7 -14 0
-13 7 0
-13 14 0
-14 63 -5 0
-14 63 8 0
14 -63 0
14 -8 5 0
15 -14 16 0
-15 14 0
-15 -16 0
-16 17 0
16 -17 0
17 8 -5 0
-17 -8 0
-17 5 0
-18 59 -15 0
-18 59 19 0
18 -59 0
18 15 -19 0
19 -13 -11 0
-19 13 0
-19 11 0
20 21 -23 0
20 -63 -23 0
20 5 -23 0
-20 23 0
-20 63 -5 -21 0
21 -8 22 0
-21 8 0
-21 -22 0
-22 66 68 0
-22 62 -66 -68 0
-22 -62 68 0
-22 62 -67 0
22 -62 -68 0
22 66 67 -68 0
22 62 -66 67 68 0
-23 58 -8 0
-23 58 24 0
23 -58 0
23 8 -24 0
24 -5 -22 0
-24 5 0
-24 22 0
25 27 -31 0
25 -64 -31 0
25 26 -31 0
-25 31 0
-25 64 -26 -27 0
-26 -63 5 -22 0
-26 63 -5 -22 0
-26 63 8 0
-26 -8 5 22 0
26 -63 8 22 0
26 -8 -5 22 0
26 -63 -5 0
26 63 -8 5 -22 0
27 -28 -30 0
-27 28 0
-27 30 0
28 -14 29 0
-28 14 0
-28 -29 0
-29 17 0
29 -17 0
30 -63 22 0
30 63 8 -22 0
30 63 -5 0
30 -8 22 0
-30 -63 -22 0
-30 -8 5 -22 0
-30 63 8 5 22 0
-31 59 -28 0
-31 59 32 0
31 -59 0
31 28 -32 0
32 -26 30 0
-32 26 0
-32 -30 0
33 34 -35 36 -39 0
33 -34 35 36 -39 0
-33 39 0
-33 -34 -35 0
-33 -36 0
-33 34 35 0
34 64 -13 15 0
34 13 15 -11 0
34 64 -11 0
34 13 -15 11 0
-34 13 15 11 0
-34 -64 -15 -11 0
-34 -64 -13 0
-34 -13 -15 11 0
-35 28 -26 -30 0
-35 64 28 30 0
-35 64 -26 0
-35 -28 26 -30 0
35 -64 -28 -26 0
35 28 26 -30 0
35 -64 30 0
35 -28 26 30 0
-36 -37 -38 0
-36 37 38 0
36 37 -38 0
36 -37 38 0
37 63 -7 8 0
37 7 8 -5 0
37 63 -5 0
37 7 -8 5 0
-37 7 8 5 0
-37 -63 -8 -5 0
-37 -63 -7 0
-37 -7 -8 5 0
38 8 -5 22 0
38 63 8 -22 0
38 63 -5 0
38 -8 5 22 0
-38 -63 -8 -5 0
-38 8 5 22 0
-38 -63 -22 0
-38 -8 5 -22 0
39 40 -41 42 43 0
39 -40 41 -42 -43 0
39 -40 -41 -42 43 0
39 40 41 42 -43 0
-39 40 -42 0
-39 -40 42 0
-39 -41 -43 0
-39 41 43 0
-40 63 7 8 5 0
-40 63 -7 -8 5 0
-40 -63 -7 -8 -5 0
40 -63 7 0
40 63 -5 0
40 -7 8 0
40 -63 5 0
40 7 -8 0
-41 64 13 15 11 0
-41 64 -13 -15 11 0
-41 -64 -13 -15 -11 0
41 -64 13 0
41 64 -11 0
41 -13 15 0
41 -64 11 0
41 13 -15 0
-42 63 -8 5 -22 0
-42 -63 -8 -5 -22 0
-42 63 8 5 22 0
42 8 -22 0
42 -63 22 0
42 63 -5 0
42 -63 5 0
42 -8 22 0
43 64 -28 26 30 0
43 -64 -28 -26 30 0
43 64 28 26 -30 0
-43 28 30 0
-43 -64 -30 0
-43 64 -26 0
-43 -64 26 0
-43 -28 -30 0
-44 -45 46 -47 48 0
-44 45 -46 47 -48 0
-44 45 46 47 48 0
-44 -45 -46 -47 -48 0
44 -45 47 0
44 45 -47 0
44 46 -48 0
44 -46 48 0
45 -63 7 16 0
45 -63 5 16 0
-45 -16 0
-45 63 0
-45 -7 -5 0
46 -64 -13 11 0
46 -64 15 11 0
46 -64 13 -15 -11 0
-46 15 -11 0
-46 -13 -11 0
-46 64 0
-46 13 -15 11 0
47 -63 29 24 0
-47 63 0
-47 -29 0
-47 -24 0
48 -64 28 26 0
48 -64 26 30 0
48 -64 -28 -26 -30 0
-48 -26 30 0
-48 28 -26 0
-48 64 0
-48 -28 26 -30 0
-49 50 -51 52 -53 0
-49 -50 51 -52 53 0
-49 -50 -51 -52 -53 0
-49 50 51 52 53 0
49 50 -52 0
49 -50 52 0
49 -51 53 0
49 51 -53 0
-50 8 5 0
-50 63 -5 0
-50 7 0
-50 -63 5 0
50 -63 -7 -5 0
50 63 -7 -8 5 0
-51 15 11 0
-51 64 -11 0
-51 13 0
-51 -64 11 0
51 -64 -13 -11 0
51 64 -13 -15 11 0
-52 -63 5 0
-52 63 -5 0
-52 22 0
-52 8 5 0
52 -63 -5 -22 0
52 63 -8 5 -22 0
-53 -64 26 0
-53 64 -26 0
-53 -30 0
-53 28 26 0
53 -64 -26 30 0
53 64 -28 26 30 0
-71 0
-2 0

