c Result of efficient AIG-to-CNF conversion using package CNF
p cnf 82 274
-2 3 17 32 54 0
2 -54 0
2 -3 0
2 -32 0
2 -17 0
-3 -4 -6 15 0
-3 4 6 15 0
3 -15 0
3 -4 6 0
3 4 -6 0
4 -5 0
-4 5 0
-5 69 0
5 -69 0
6 8 -13 0
6 -74 -13 0
6 7 -13 0
-6 13 0
-6 74 -7 -8 0
-7 -73 78 -79 0
-7 77 78 79 0
-7 73 -77 0
-7 73 -78 -79 0
7 -73 -77 79 0
7 77 -78 79 0
7 -73 -78 0
7 73 77 78 -79 0
8 -9 12 0
-8 9 0
-8 -12 0
9 -73 -10 0
9 77 78 -10 0
-9 10 0
-9 73 -77 0
-9 73 -78 0
10 77 -78 0
10 78 -11 0
-10 -77 -78 0
-10 78 11 0
-11 77 79 0
11 -77 0
11 -79 0
-12 77 79 0
-12 73 -77 -79 0
-12 -73 79 0
-12 73 -78 0
12 -73 -79 0
12 77 78 -79 0
12 73 -77 78 79 0
-13 69 -9 0
-13 69 14 0
13 -69 0
13 9 -14 0
14 -7 -12 0
-14 7 0
-14 12 0
15 -73 -78 11 -16 0
-15 -11 0
-15 16 0
-15 73 0
-15 78 0
-16 68 78 0
-16 68 77 0
-16 68 79 0
16 -68 0
16 -77 -78 -79 0
-17 18 31 0
17 -18 0
17 -31 0
-18 -19 -21 0
-18 19 21 0
18 19 -21 0
18 -19 21 0
19 -20 0
-19 20 0
-20 70 0
20 -70 0
21 23 -29 0
21 -75 -29 0
21 22 -29 0
-21 29 0
-21 75 -22 -23 0
-22 -74 7 -12 0
-22 74 -7 -12 0
-22 74 9 0
-22 -9 7 12 0
22 -74 9 12 0
22 -9 -7 12 0
22 -74 -7 0
22 74 -9 7 -12 0
23 -24 -28 0
-23 24 0
-23 28 0
24 -25 26 0
-24 25 0
-24 -26 0
-25 74 79 0
-25 74 -78 0
-25 73 74 0
25 -74 0
25 -73 78 -79 0
-26 27 0
26 -27 0
27 9 -7 0
-27 -9 0
-27 7 0
28 -74 12 0
28 74 9 -12 0
28 74 -7 0
28 -9 12 0
-28 -74 -12 0
-28 -9 7 -12 0
-28 74 9 7 12 0
-29 70 -24 0
-29 70 30 0
29 -70 0
29 24 -30 0
30 -22 28 0
-30 22 0
-30 -28 0
-31 77 79 0
-31 -77 -78 0
-31 73 0
-31 -77 -79 0
31 -73 77 -79 0
31 -73 -77 78 79 0
-32 33 41 42 46 0
-32 -33 -41 42 46 0
32 -46 0
32 -33 41 0
32 -42 0
32 33 -41 0
33 -34 0
-33 34 0
34 -35 0
-34 35 0
-35 36 0
35 -36 0
36 -37 0
-36 37 0
-37 38 39 40 0
37 -38 0
37 -39 0
37 -40 0
-38 -78 0
-38 -77 -79 0
-38 77 79 0
38 -77 78 79 0
38 77 78 -79 0
-39 -77 0
-39 -78 -79 0
-39 78 79 0
39 77 -78 79 0
39 77 78 -79 0
40 77 78 -79 0
-40 79 0
-40 -78 0
-40 -77 0
41 75 -24 22 28 0
41 -75 -24 -22 28 0
41 75 24 22 -28 0
-41 24 28 0
-41 -75 -28 0
-41 75 -22 0
-41 -75 22 0
-41 -24 -28 0
-42 43 45 0
-42 -43 -45 0
42 -43 45 0
42 43 -45 0
-43 39 44 0
43 -39 0
43 -44 0
44 -77 78 79 0
-44 77 0
-44 -79 0
-44 -78 0
-45 74 -9 7 -12 0
-45 -74 -9 -7 -12 0
-45 74 9 7 12 0
45 9 -12 0
45 -74 12 0
45 74 -7 0
45 -74 7 0
45 -9 12 0
-46 36 47 48 49 0
-46 -36 -47 48 49 0
46 -48 0
46 36 -47 0
46 -49 0
46 -36 47 0
47 9 -7 12 0
47 74 9 -12 0
47 74 -7 0
47 -9 7 12 0
-47 -74 -9 -7 0
-47 9 7 12 0
-47 -74 -12 0
-47 -9 7 -12 0
48 -73 -77 -79 0
48 -73 77 -78 0
-48 73 0
-48 -77 79 0
-48 77 78 0
-49 50 53 0
-49 -50 -53 0
49 -50 53 0
49 50 -53 0
-50 51 0
50 -51 0
51 -52 0
-51 52 0
52 -36 0
-52 36 0
-53 24 -22 -28 0
-53 75 24 28 0
-53 75 -22 0
-53 -24 22 -28 0
53 -75 -24 -22 0
53 24 22 -28 0
53 -75 28 0
53 -24 22 28 0
-54 3 55 57 59 0
54 -59 0
54 -3 0
54 -57 0
54 -55 0
-55 73 18 0
-55 -56 18 0
-55 10 18 0
55 -18 0
55 -73 56 -10 0
56 -78 -79 0
-56 78 0
-56 79 0
-57 -26 58 0
-57 -14 58 0
-57 74 58 0
57 -58 0
57 -74 26 14 0
58 -75 24 22 0
58 -75 22 28 0
58 -75 -24 -22 -28 0
-58 -22 28 0
-58 24 -22 0
-58 75 0
-58 -24 22 -28 0
-59 60 61 63 0
59 -60 0
59 -63 0
59 -61 0
-60 79 0
-60 73 0
-60 -77 78 0
60 -73 77 -79 0
60 -73 -78 -79 0
61 -62 0
-61 62 0
-62 -74 7 0
-62 74 -7 0
-62 12 0
-62 9 7 0
62 -74 -7 -12 0
62 74 -9 7 -12 0
63 -64 0
-63 64 0
-64 -75 22 0
-64 75 -22 0
-64 -28 0
-64 24 22 0
64 -75 -22 28 0
64 75 -24 22 28 0
-82 0
2 0

