c Result of efficient AIG-to-CNF conversion using package CNF
p cnf 60 209
2 3 -25 33 38 0
-2 -38 0
-2 -3 0
-2 -33 0
-2 25 0
-3 4 -8 13 -18 0
-3 -4 -8 -13 -18 0
-3 -4 8 -13 18 0
-3 4 8 13 18 0
3 4 -13 0
3 -4 13 0
3 -8 18 0
3 8 -18 0
-4 47 5 0
4 -47 0
4 -5 0
5 -6 7 0
-5 6 0
-5 -7 0
-6 -51 56 -57 0
-6 55 56 57 0
-6 51 -55 0
-6 51 -56 -57 0
6 -51 -55 57 0
6 55 -56 57 0
6 -51 -56 0
6 51 55 56 -57 0
7 55 56 -57 0
7 -51 55 -56 0
7 -51 -55 56 0
-7 51 -55 0
-7 -55 -56 0
-7 51 -56 0
-7 55 56 57 0
-8 48 9 0
8 -48 0
8 -9 0
9 -10 11 0
-9 10 0
-9 -11 0
-10 6 7 0
-10 52 -6 0
-10 -52 6 0
10 -52 -6 0
10 52 6 -7 0
11 -12 5 0
-11 12 0
-11 -5 0
-12 52 57 0
-12 52 -56 0
-12 51 52 0
12 -52 0
12 -51 56 -57 0
13 14 -16 0
13 -52 -16 0
13 6 -16 0
-13 16 0
-13 52 -6 -14 0
14 -7 15 0
-14 7 0
-14 -15 0
-15 55 57 0
-15 51 -55 -57 0
-15 -51 57 0
-15 51 -56 0
15 -51 -57 0
15 55 56 -57 0
15 51 -55 56 57 0
-16 47 -7 0
-16 47 17 0
16 -47 0
16 7 -17 0
17 -6 -15 0
-17 6 0
-17 15 0
18 20 -23 0
18 -53 -23 0
18 19 -23 0
-18 23 0
-18 53 -19 -20 0
-19 52 -6 -15 0
-19 -52 6 -15 0
-19 52 7 0
-19 6 -7 15 0
19 -52 7 15 0
19 -6 -7 15 0
19 -52 -6 0
19 52 6 -7 -15 0
20 -21 -22 0
-20 21 0
-20 22 0
21 -12 5 0
-21 12 0
-21 -5 0
22 -7 15 0
22 52 7 -15 0
22 -52 15 0
22 52 -6 0
-22 -52 -15 0
-22 6 -7 -15 0
-22 52 6 7 15 0
-23 48 -21 0
-23 48 24 0
23 -48 0
23 21 -24 0
24 -19 22 0
-24 19 0
-24 -22 0
25 -26 -27 -28 -29 0
25 26 27 -28 -29 0
-25 29 0
-25 26 -27 0
-25 28 0
-25 -26 27 0
-26 53 -6 0
-26 52 53 0
26 -53 0
26 -52 6 0
-27 21 -19 -22 0
-27 53 21 22 0
-27 53 -19 0
-27 -21 19 -22 0
27 -53 -21 -19 0
27 21 19 -22 0
27 -53 22 0
27 -21 19 22 0
28 -6 -7 0
28 52 -6 0
28 -15 0
28 -52 6 7 0
-28 52 6 15 0
-28 6 -7 15 0
-28 -52 -6 7 15 0
29 -30 -31 -32 0
29 30 31 -32 0
-29 32 0
-29 -30 31 0
-29 30 -31 0
30 53 10 -11 0
30 -53 -10 -11 0
-30 11 0
-30 53 -10 0
-30 -53 10 0
31 53 -21 19 22 0
31 -53 -21 -19 22 0
31 53 21 19 -22 0
-31 21 22 0
-31 -53 -22 0
-31 53 -19 0
-31 -53 19 0
-31 -21 -22 0
32 -52 6 0
32 -6 7 0
32 -15 0
32 52 -6 0
-32 52 6 15 0
-32 -52 -6 -7 15 0
-33 -34 35 -36 37 0
-33 34 -35 36 -37 0
-33 34 35 36 37 0
-33 -34 -35 -36 -37 0
33 -34 36 0
33 34 -36 0
33 35 -37 0
33 -35 37 0
34 -52 6 0
-34 52 0
-34 -6 0
35 -53 10 0
-35 53 0
-35 -10 0
36 -52 5 17 0
-36 52 0
-36 -17 0
-36 -5 0
37 -53 21 19 0
37 -53 19 22 0
37 -53 -21 -19 -22 0
-37 -19 22 0
-37 21 -19 0
-37 53 0
-37 -21 19 -22 0
-38 39 40 41 0
-38 -39 -40 41 0
38 -41 0
38 39 -40 0
38 -39 40 0
-39 53 -6 0
-39 -53 10 0
-39 52 53 0
39 -53 -10 0
39 -52 53 6 0
-40 -53 19 0
-40 53 -19 0
-40 -22 0
-40 21 19 0
40 -53 -19 22 0
40 53 -21 19 22 0
41 -10 42 0
-41 10 0
-41 -42 0
-42 6 7 0
-42 52 -6 0
-42 15 0
-42 -52 6 0
42 -52 -6 -15 0
42 52 6 -7 -15 0
-60 0
-2 0

