c Result of efficient AIG-to-CNF conversion using package CNF
p cnf 33 82
-2 3 4 9 0
2 -3 0
2 -9 0
2 -4 0
3 -24 28 29 -30 0
3 -24 -28 29 30 0
-3 -29 0
-3 -28 -30 0
-3 24 0
-3 28 30 0
4 -25 5 6 0
-4 25 0
-4 -5 0
-4 -6 0
-5 -24 29 -30 0
-5 28 29 30 0
-5 24 -28 0
-5 24 -29 -30 0
5 -24 -28 30 0
5 28 -29 30 0
5 -24 -29 0
5 24 28 29 -30 0
-6 -25 -7 -8 0
-6 7 5 8 0
-6 -7 5 -8 0
6 7 -8 0
6 25 -5 0
6 7 -5 0
6 -7 8 0
7 28 29 -30 0
7 -24 28 -29 0
7 -24 -28 29 0
-7 24 -28 0
-7 -28 -29 0
-7 24 -29 0
-7 28 29 30 0
-8 28 30 0
-8 24 -28 -30 0
-8 -24 30 0
-8 24 -29 0
8 -24 -30 0
8 28 29 -30 0
8 24 -28 29 30 0
9 -26 10 -11 0
-9 26 0
-9 -10 0
-9 11 0
-10 -25 5 -8 0
-10 25 -5 -8 0
-10 25 7 0
-10 -7 5 8 0
10 -25 7 8 0
10 -7 -5 8 0
10 -25 -5 0
10 25 -7 5 -8 0
11 -26 -12 15 0
11 12 10 -15 0
11 -12 10 15 0
-11 12 15 0
-11 26 -10 0
-11 12 -10 0
-11 -12 -15 0
12 -13 14 0
-12 13 0
-12 -14 0
-13 25 30 0
-13 25 -29 0
-13 24 25 0
13 -25 0
13 -24 29 -30 0
14 7 -5 0
-14 -7 0
-14 5 0
15 -25 8 0
15 25 7 -8 0
15 25 -5 0
15 -7 8 0
-15 -25 -8 0
-15 -7 5 -8 0
-15 25 7 5 8 0
-33 0
2 0

