c Result of efficient AIG-to-CNF conversion using package CNF
p cnf 82 320
-2 3 30 40 51 0
2 -51 0
2 -3 0
2 -40 0
2 -30 0
-3 -4 -16 0
-3 4 16 0
3 4 -16 0
3 -4 16 0
4 -75 -11 0
4 5 -11 0
-4 11 0
-4 75 -5 0
-5 6 8 0
5 -6 0
5 -8 0
6 -74 -7 0
-6 74 0
-6 7 0
-7 73 -77 78 0
-7 -73 78 -79 0
-7 77 78 79 0
7 -78 0
7 73 77 -79 0
7 -73 -77 79 0
-8 -9 7 0
-8 7 -10 0
-8 74 7 0
8 -7 0
8 -74 9 10 0
9 -73 77 -78 0
-9 73 0
-9 -77 0
-9 78 0
-10 77 79 0
-10 73 -77 -79 0
-10 -73 79 0
-10 73 -78 0
10 -73 -79 0
10 77 78 -79 0
10 73 -77 78 79 0
-11 70 -12 0
-11 70 13 0
11 -70 0
11 12 -13 0
12 -74 -9 -7 0
-12 74 0
-12 9 0
-12 7 0
13 -5 14 0
-13 5 0
-13 -14 0
14 -74 10 0
14 74 -15 0
-14 -74 -10 0
-14 74 15 0
-15 9 7 10 0
15 -10 0
15 -7 0
15 -9 0
16 22 -28 0
16 -75 -28 0
16 17 -28 0
-16 28 0
-16 75 -17 -22 0
-17 74 -10 -21 0
-17 -74 -10 21 0
-17 74 18 0
-17 10 -18 21 0
17 -74 10 18 0
17 10 -18 -21 0
17 -74 -21 0
17 74 -10 -18 21 0
18 19 -20 0
-18 -19 0
-18 20 0
19 73 -77 0
19 73 -78 0
-19 -73 0
-19 77 78 0
20 77 -78 0
20 -77 78 0
20 78 -79 0
-20 -77 -78 0
-20 77 78 79 0
-21 -73 78 -79 0
-21 77 78 79 0
-21 73 -77 0
-21 73 -78 -79 0
21 -73 -77 79 0
21 77 -78 79 0
21 -73 -78 0
21 73 77 78 -79 0
22 -23 -27 0
-22 23 0
-22 27 0
23 -24 25 0
-23 24 0
-23 -25 0
-24 74 79 0
-24 74 -78 0
-24 73 74 0
24 -74 0
24 -73 78 -79 0
-25 26 0
25 -26 0
26 18 -21 0
-26 -18 0
-26 21 0
27 -74 10 0
27 74 -10 18 0
27 10 -18 0
27 74 -21 0
-27 -74 -10 0
-27 -10 -18 21 0
-27 74 10 18 21 0
-28 70 -23 0
-28 70 29 0
28 -70 0
28 23 -29 0
29 -17 27 0
-29 17 0
-29 -27 0
-30 -31 -33 37 0
-30 31 33 37 0
30 -37 0
30 -31 33 0
30 31 -33 0
31 -74 -32 0
31 7 -32 0
-31 32 0
-31 74 -7 0
-32 69 10 0
-32 69 7 0
-32 69 -9 0
32 -69 0
32 9 -7 -10 0
33 34 -35 0
33 -74 -35 0
33 21 -35 0
-33 35 0
-33 74 -21 -34 0
34 10 -18 0
-34 -10 0
-34 18 0
-35 69 -18 0
-35 69 36 0
35 -69 0
35 18 -36 0
36 -10 -21 0
-36 10 0
-36 21 0
37 73 -78 -38 -39 0
-37 78 0
-37 39 0
-37 -73 0
-37 38 0
-38 77 79 0
38 -77 0
38 -79 0
-39 68 78 0
-39 68 77 0
-39 68 79 0
39 -68 0
39 -77 -78 -79 0
-40 -41 -42 43 46 0
-40 41 42 43 46 0
40 -46 0
40 41 -42 0
40 -43 0
40 -41 42 0
-41 75 -12 0
-41 12 -5 -14 0
-41 75 14 0
-41 -12 5 -14 0
41 -75 14 0
41 12 5 -14 0
41 -75 -12 -5 0
-42 23 -17 -27 0
-42 75 23 27 0
-42 75 -17 0
-42 -23 17 -27 0
42 -75 -23 -17 0
42 23 17 -27 0
42 -75 27 0
42 -23 17 27 0
-43 -44 -45 0
-43 44 45 0
43 44 -45 0
43 -44 45 0
44 74 -9 0
44 9 -7 10 0
44 74 -10 0
44 -9 7 10 0
-44 -74 -10 0
-44 9 7 10 0
-44 -74 -9 -7 0
45 74 -10 18 0
45 10 -18 21 0
45 74 -21 0
45 10 18 -21 0
-45 -74 -18 -21 0
-45 10 18 21 0
-45 -74 -10 0
-45 -10 -18 21 0
-46 47 48 49 50 0
-46 -47 -48 -49 -50 0
-46 -47 48 -49 50 0
-46 47 -48 49 -50 0
46 47 -49 0
46 -47 49 0
46 48 -50 0
46 -48 50 0
-47 74 -9 7 -10 0
-47 -74 -9 -7 -10 0
-47 74 9 7 10 0
47 9 -10 0
47 -74 10 0
47 74 -7 0
47 -74 7 0
47 -9 10 0
48 75 -12 5 14 0
48 -75 -12 -5 14 0
48 75 12 5 -14 0
-48 12 14 0
-48 -75 -14 0
-48 75 -5 0
-48 -75 5 0
-48 -12 -14 0
-49 -74 -10 -18 -21 0
-49 74 10 18 21 0
-49 74 -10 -18 21 0
49 10 -18 0
49 -74 18 0
49 74 -21 0
49 -74 21 0
49 -10 18 0
50 75 -23 17 27 0
50 -75 -23 -17 27 0
50 75 23 17 -27 0
-50 23 27 0
-50 -75 -27 0
-50 75 -17 0
-50 -75 17 0
-50 -23 -27 0
-51 30 52 54 59 0
51 -59 0
51 -30 0
51 -54 0
51 -52 0
-52 3 53 0
52 -3 0
52 -53 0
53 -73 78 -79 0
53 -73 -77 78 0
-53 73 0
-53 -78 0
-53 77 79 0
-54 -55 56 -57 58 0
-54 55 -56 57 -58 0
-54 55 56 57 58 0
-54 -55 -56 -57 -58 0
54 -55 57 0
54 55 -57 0
54 56 -58 0
54 -56 58 0
55 -74 -9 -7 10 0
-55 -10 0
-55 74 0
-55 9 0
-55 7 0
56 -75 -12 -5 -14 0
-56 14 0
-56 75 0
-56 12 0
-56 5 0
57 -74 25 36 0
-57 74 0
-57 -25 0
-57 -36 0
58 -75 23 17 0
58 -75 17 27 0
58 -75 -23 -17 -27 0
-58 -17 27 0
-58 23 -17 0
-58 75 0
-58 -23 17 -27 0
-59 60 -62 63 -64 0
-59 -60 62 -63 64 0
-59 -60 -62 -63 -64 0
-59 60 62 63 64 0
59 60 -63 0
59 -60 63 0
59 -62 64 0
59 62 -64 0
-60 61 0
60 -61 0
61 -6 -10 0
-61 6 0
-61 10 0
-62 -75 5 0
-62 75 -5 0
-62 -14 0
-62 12 5 0
62 -75 -5 14 0
62 75 -12 5 14 0
-63 18 21 0
-63 74 -21 0
-63 10 0
-63 -74 21 0
63 -74 -10 -21 0
63 74 -10 -18 21 0
-64 -75 17 0
-64 75 -17 0
-64 -27 0
-64 23 17 0
64 -75 -17 27 0
64 75 -23 17 27 0
-82 0
2 0

