c Result of efficient AIG-to-CNF conversion using package CNF
p cnf 77 300
-2 3 32 46 52 0
2 -52 0
2 -3 0
2 -46 0
2 -32 0
-3 -4 9 -19 22 0
-3 4 -9 19 -22 0
-3 4 9 19 22 0
-3 -4 -9 -19 -22 0
3 -4 19 0
3 4 -19 0
3 9 -22 0
3 -9 22 0
4 -64 -69 0
4 -64 6 0
4 -64 5 0
-4 64 0
-4 69 -5 -6 0
-5 -68 -74 0
-5 -73 -74 0
-5 68 -72 0
-5 72 73 74 0
5 -68 -72 74 0
5 72 -73 74 0
5 68 72 73 -74 0
6 7 -8 0
-6 -7 0
-6 8 0
-7 72 74 0
-7 68 -72 -74 0
-7 -68 74 0
-7 68 -73 0
7 -68 -74 0
7 72 73 -74 0
7 68 -72 73 74 0
8 72 73 -74 0
8 -68 72 -73 0
8 -68 -72 73 0
-8 68 -72 0
-8 -72 -73 0
-8 68 -73 0
-8 72 73 74 0
9 11 -17 0
9 -70 -17 0
9 10 -17 0
-9 17 0
-9 70 -10 -11 0
-10 -7 -5 0
-10 -69 -7 0
-10 69 8 0
-10 7 5 -8 0
10 -69 7 8 0
10 7 -5 -8 0
10 69 -7 5 -8 0
11 -12 -13 0
-11 12 0
-11 13 0
12 -69 7 0
12 69 -7 8 0
12 69 -5 0
12 7 -8 0
-12 -69 -7 0
-12 -7 5 -8 0
-12 69 7 5 8 0
13 -14 15 0
-13 14 0
-13 -15 0
-14 69 8 0
-14 69 -5 0
14 -69 0
14 5 -8 0
-15 16 0
15 -16 0
16 -5 8 0
-16 5 0
-16 -8 0
-17 65 -13 0
-17 65 18 0
17 -65 0
17 13 -18 0
18 12 -10 0
-18 -12 0
-18 10 0
19 6 -21 0
19 -69 -21 0
19 20 -21 0
-19 21 0
-19 69 -6 -20 0
-20 73 5 0
-20 68 5 0
20 -5 0
20 -68 -73 0
-21 64 20 0
-21 64 -8 0
-21 64 7 0
21 -64 0
21 -7 8 -20 0
22 24 -30 0
22 -70 -30 0
22 23 -30 0
-22 30 0
-22 70 -23 -24 0
-23 69 -7 -20 0
-23 -69 -7 20 0
-23 69 8 0
-23 7 -8 20 0
23 -69 7 8 0
23 7 -8 -20 0
23 -69 -20 0
23 69 -7 -8 20 0
24 -25 -29 0
-24 25 0
-24 29 0
25 -26 27 0
-25 26 0
-25 -27 0
-26 69 -20 0
-26 69 8 0
26 -69 0
26 -8 20 0
-27 28 0
27 -28 0
28 8 -20 0
-28 -8 0
-28 20 0
29 -69 7 0
29 69 -7 8 0
29 7 -8 0
29 69 -20 0
-29 -69 -7 0
-29 -7 -8 20 0
-29 69 7 8 20 0
-30 65 -25 0
-30 65 31 0
30 -65 0
30 25 -31 0
31 -23 29 0
-31 23 0
-31 -29 0
-32 -33 -35 36 39 0
-32 33 35 36 39 0
32 -39 0
32 33 -35 0
32 -36 0
32 -33 35 0
-33 69 5 34 0
-33 -69 -5 -8 34 0
33 -69 5 0
33 -5 8 0
33 -34 0
33 69 -5 0
-34 -7 -8 0
-34 7 8 0
34 7 -8 0
34 -7 8 0
-35 69 34 20 0
-35 -69 -8 34 -20 0
35 8 -20 0
35 -69 20 0
35 -34 0
35 69 -20 0
-36 -37 -38 0
-36 37 38 0
36 37 -38 0
36 -37 38 0
37 -70 12 -10 -13 0
37 70 12 10 -13 0
37 70 -12 10 13 0
-37 12 13 0
-37 -12 -10 0
-37 -70 10 0
-37 70 -10 0
-37 -12 -13 0
38 70 -25 23 29 0
38 -70 -25 -23 29 0
38 70 25 23 -29 0
-38 25 29 0
-38 -70 -29 0
-38 70 -23 0
-38 -70 23 0
-38 -25 -29 0
-39 -40 -41 42 43 0
-39 40 41 42 43 0
39 -42 0
39 -40 41 0
39 -43 0
39 40 -41 0
-40 -12 -10 0
-40 70 12 13 0
-40 70 -10 0
-40 -12 -13 0
40 -70 12 0
40 -12 10 13 0
40 12 10 -13 0
-41 25 -23 -29 0
-41 70 25 29 0
-41 70 -23 0
-41 -25 23 -29 0
41 -70 -25 -23 0
41 25 23 -29 0
41 -70 29 0
41 -25 23 29 0
42 -68 72 -73 74 0
-42 73 0
-42 -74 0
-42 68 0
-42 -72 0
-43 -44 -45 0
-43 44 45 0
43 44 -45 0
43 -44 45 0
44 7 -5 0
44 69 -7 8 0
44 69 -5 0
44 7 -8 0
-44 -69 -7 0
-44 7 5 8 0
-44 -7 5 -8 0
45 69 -7 8 0
45 7 -8 20 0
45 69 -20 0
45 7 8 -20 0
-45 -69 -8 -20 0
-45 7 8 20 0
-45 -69 -7 0
-45 -7 -8 20 0
-46 -47 49 -50 51 0
-46 47 -49 50 -51 0
-46 47 49 50 51 0
-46 -47 -49 -50 -51 0
46 -47 50 0
46 47 -50 0
46 49 -51 0
46 -49 51 0
47 -69 15 48 0
-47 69 0
-47 -15 0
-47 -48 0
48 -7 -5 0
-48 7 0
-48 5 0
49 -70 12 10 0
49 -70 10 13 0
49 -70 -12 -10 -13 0
-49 -10 13 0
-49 12 -10 0
-49 70 0
-49 -12 10 -13 0
50 -69 7 27 0
50 -69 20 27 0
-50 -27 0
-50 69 0
-50 -7 -20 0
51 -70 25 23 0
51 -70 23 29 0
51 -70 -25 -23 -29 0
-51 -23 29 0
-51 25 -23 0
-51 70 0
-51 -25 23 -29 0
-52 -53 -55 56 57 0
-52 53 55 56 57 0
52 -57 0
52 53 -55 0
52 -56 0
52 -53 55 0
53 69 5 -54 0
-53 54 0
-53 -5 0
-53 -69 0
54 -7 -8 0
-54 7 0
-54 8 0
-55 8 20 0
-55 69 -20 0
-55 7 0
-55 -69 20 0
55 -69 -7 -20 0
55 69 -7 -8 20 0
56 -68 -73 -74 0
-56 68 0
-56 73 0
-56 74 0
-57 58 59 0
-57 -58 -59 0
57 -58 59 0
57 58 -59 0
58 70 12 10 -13 0
-58 -70 0
-58 13 0
-58 -10 0
-58 -12 0
-59 -70 23 0
-59 70 -23 0
-59 -29 0
-59 25 23 0
59 -70 -23 29 0
59 70 -25 23 29 0
-77 0
2 0

