c Result of efficient AIG-to-CNF conversion using package CNF
p cnf 65 229
-2 3 24 29 36 0
2 -36 0
2 -3 0
2 -29 0
2 -24 0
-3 -52 53 -4 14 0
-3 52 -53 4 -14 0
-3 52 53 4 14 0
-3 -52 -53 -4 -14 0
3 -52 4 0
3 52 -4 0
3 53 -14 0
3 -53 14 0
4 6 -12 0
4 -57 -12 0
4 5 -12 0
-4 12 0
-4 57 -5 -6 0
-5 -56 61 -62 0
-5 60 61 62 0
-5 56 -60 0
-5 56 -61 -62 0
5 -56 -60 62 0
5 60 -61 62 0
5 -56 -61 0
5 56 60 61 -62 0
6 -7 8 0
-6 7 0
-6 -8 0
7 60 61 -62 0
7 -56 60 -61 0
7 -56 -60 61 0
-7 56 -60 0
-7 -60 -61 0
-7 56 -61 0
-7 60 61 62 0
-8 9 11 0
8 -9 0
8 -11 0
9 56 -10 0
-9 -56 0
-9 10 0
10 -60 61 62 0
-10 60 0
-10 -62 0
-10 -61 0
11 -56 -62 0
11 60 61 -62 0
-11 62 0
-11 56 -60 0
-11 56 -61 0
-12 52 -7 0
-12 52 13 0
12 -52 0
12 7 -13 0
13 -5 -8 0
-13 5 0
-13 8 0
14 16 -22 0
14 -58 -22 0
14 15 -22 0
-14 22 0
-14 58 -15 -16 0
-15 57 -5 -8 0
-15 -57 5 -8 0
-15 57 7 0
-15 5 -7 8 0
15 -57 7 8 0
15 -5 -7 8 0
15 -57 -5 0
15 57 5 -7 -8 0
16 -17 -21 0
-16 17 0
-16 21 0
17 -18 19 0
-17 18 0
-17 -19 0
-18 57 62 0
-18 57 -61 0
-18 56 57 0
18 -57 0
18 -56 61 -62 0
-19 20 0
19 -20 0
20 -5 7 0
-20 5 0
-20 -7 0
21 -7 8 0
21 57 7 -8 0
21 -57 8 0
21 57 -5 0
-21 -57 -8 0
-21 5 -7 -8 0
-21 57 5 7 8 0
-22 53 -17 0
-22 53 23 0
22 -53 0
22 17 -23 0
23 -15 21 0
-23 15 0
-23 -21 0
-24 25 26 27 28 0
-24 -25 -26 -27 -28 0
-24 -25 26 -27 28 0
-24 25 -26 27 -28 0
24 25 -27 0
24 -25 27 0
24 26 -28 0
24 -26 28 0
-25 57 9 5 0
25 -5 0
25 -9 0
25 -57 0
26 57 58 -5 0
26 58 -9 5 0
-26 -58 0
-26 -57 -5 0
-26 9 5 0
-27 -57 -5 -7 -8 0
-27 57 5 7 8 0
-27 57 5 -7 -8 0
27 -57 7 0
27 57 -5 0
27 -7 8 0
27 -57 5 0
27 7 -8 0
28 58 -17 15 21 0
28 -58 -17 -15 21 0
28 58 17 15 -21 0
-28 17 21 0
-28 -58 -21 0
-28 58 -15 0
-28 -58 15 0
-28 -17 -21 0
-29 30 31 32 33 0
-29 -30 -31 32 33 0
29 -33 0
29 -30 31 0
29 -32 0
29 30 -31 0
-30 9 5 0
30 -9 0
30 -5 0
31 -5 7 8 0
31 57 7 -8 0
31 57 -5 0
31 5 -7 8 0
-31 -57 -5 -7 0
-31 5 7 8 0
-31 -57 -8 0
-31 5 -7 -8 0
32 -56 -60 -62 0
32 60 61 -62 0
-32 62 0
-32 56 -60 0
-32 60 -61 0
-33 34 35 0
-33 -34 -35 0
33 -34 35 0
33 34 -35 0
34 -9 5 0
34 57 -5 0
-34 -57 -5 0
-34 9 5 0
-35 17 -15 -21 0
-35 58 17 21 0
-35 58 -15 0
-35 -17 15 -21 0
35 -58 -17 -15 0
35 17 15 -21 0
35 -58 21 0
35 -17 15 21 0
-36 -37 -39 40 42 0
-36 37 39 40 42 0
36 -42 0
36 37 -39 0
36 -40 0
36 -37 39 0
37 -9 -38 0
-37 9 0
-37 38 0
38 -57 -5 0
-38 57 0
-38 5 0
-39 5 7 0
-39 57 -5 0
-39 8 0
-39 -57 5 0
39 -57 -5 -8 0
39 57 5 -7 -8 0
40 -41 0
-40 41 0
-41 -58 15 0
-41 58 -15 0
-41 -21 0
-41 17 15 0
41 -58 -15 21 0
41 58 -17 15 21 0
-42 -43 44 -46 47 0
-42 43 -44 46 -47 0
-42 43 44 46 47 0
-42 -43 -44 -46 -47 0
42 -43 46 0
42 43 -46 0
42 44 -47 0
42 -44 47 0
43 -57 5 0
-43 57 0
-43 -5 0
44 -58 45 0
-44 58 0
-44 -45 0
-45 57 0
-45 -9 5 0
45 -57 -5 0
45 -57 9 0
46 -57 19 13 0
-46 57 0
-46 -19 0
-46 -13 0
47 -58 17 15 0
47 -58 15 21 0
47 -58 -17 -15 -21 0
-47 -15 21 0
-47 17 -15 0
-47 58 0
-47 -17 15 -21 0
-65 0
2 0

