c Result of efficient AIG-to-CNF conversion using package CNF
p cnf 80 303
2 3 -20 51 52 0
-2 -52 0
-2 -3 0
-2 -51 0
-2 20 0
-3 -4 5 -8 11 0
-3 4 -5 8 -11 0
-3 4 5 8 11 0
-3 -4 -5 -8 -11 0
3 -4 8 0
3 4 -8 0
3 5 -11 0
3 -5 11 0
4 -66 -71 0
4 -66 76 0
4 -66 -75 0
-4 66 0
-4 71 75 -76 0
5 -67 -72 0
5 -67 7 0
5 -67 6 0
-5 67 0
-5 72 -6 -7 0
-6 71 -75 0
-6 75 76 0
6 -71 -75 0
6 75 -76 0
7 -71 75 -76 0
7 -71 -75 76 0
-7 71 0
-7 -75 -76 0
-7 75 76 0
8 76 -10 0
8 -71 -10 0
8 -9 -10 0
-8 10 0
-8 71 -76 9 0
-9 75 77 0
9 -75 0
9 -77 0
-10 66 76 0
-10 66 75 0
-10 66 77 0
10 -66 0
10 -75 -76 -77 0
11 13 -18 0
11 -72 -18 0
11 12 -18 0
-11 18 0
-11 72 -12 -13 0
-12 -71 76 -77 0
-12 75 76 77 0
-12 71 -75 0
-12 71 -76 -77 0
12 -71 -75 77 0
12 75 -76 77 0
12 -71 -76 0
12 71 75 76 -77 0
13 -14 17 0
-13 14 0
-13 -17 0
14 15 -16 0
-14 -15 0
-14 16 0
15 71 -75 0
15 71 -76 0
-15 -71 0
-15 75 76 0
16 75 -76 0
16 76 -9 0
-16 -75 -76 0
-16 76 9 0
-17 75 77 0
-17 71 -75 -77 0
-17 -71 77 0
-17 71 -76 0
17 -71 -77 0
17 75 76 -77 0
17 71 -75 76 77 0
-18 67 -14 0
-18 67 19 0
18 -67 0
18 14 -19 0
19 -12 -17 0
-19 12 0
-19 17 0
20 3 21 -39 -44 0
-20 44 0
-20 -3 0
-20 39 0
-20 -21 0
-21 22 38 0
21 -22 0
21 -38 0
-22 -23 -28 0
-22 23 28 0
22 23 -28 0
22 -23 28 0
23 -68 -73 0
23 -68 25 0
23 -68 24 0
-23 68 0
-23 73 -24 -25 0
-24 6 -7 0
-24 72 7 0
24 -72 7 0
24 -6 -7 0
25 -72 26 0
-25 72 0
-25 -26 0
-26 27 0
26 -27 0
27 -6 7 0
-27 6 0
-27 -7 0
28 30 -36 0
28 -73 -36 0
28 29 -36 0
-28 36 0
-28 73 -29 -30 0
-29 -72 12 -17 0
-29 72 -12 -17 0
-29 72 14 0
-29 -14 12 17 0
29 -72 14 17 0
29 -14 -12 17 0
29 -72 -12 0
29 72 -14 12 -17 0
30 -31 -35 0
-30 31 0
-30 35 0
31 -32 33 0
-31 32 0
-31 -33 0
-32 72 77 0
-32 72 -76 0
-32 71 72 0
32 -72 0
32 -71 76 -77 0
-33 34 0
33 -34 0
34 14 -12 0
-34 -14 0
-34 12 0
35 -72 17 0
35 72 14 -17 0
35 72 -12 0
35 -14 17 0
-35 -72 -17 0
-35 -14 12 -17 0
-35 72 14 12 17 0
-36 68 -31 0
-36 68 37 0
36 -68 0
36 31 -37 0
37 -29 35 0
-37 29 0
-37 -35 0
-38 -71 -75 0
-38 71 -76 0
-38 77 0
-38 -71 76 0
38 71 76 -77 0
38 -71 75 -76 -77 0
39 40 -41 42 43 0
39 -40 41 -42 -43 0
39 -40 -41 -42 43 0
39 40 41 42 -43 0
-39 40 -42 0
-39 -40 42 0
-39 -41 -43 0
-39 41 43 0
-40 72 75 76 0
-40 71 72 -75 0
40 -72 0
40 75 -76 0
40 -71 -75 0
-41 73 24 25 0
41 -73 0
41 -24 0
41 -25 0
-42 72 -14 12 -17 0
-42 -72 -14 -12 -17 0
-42 72 14 12 17 0
42 14 -17 0
42 -72 17 0
42 72 -12 0
42 -72 12 0
42 -14 17 0
43 73 -31 29 35 0
43 -73 -31 -29 35 0
43 73 31 29 -35 0
-43 31 35 0
-43 -73 -35 0
-43 73 -29 0
-43 -73 29 0
-43 -31 -35 0
44 45 -46 47 48 0
44 -45 46 47 48 0
-44 -48 0
-44 -45 -46 0
-44 -47 0
-44 45 46 0
45 24 -25 0
45 -24 25 0
45 73 -24 0
-45 24 25 0
-45 -73 -24 -25 0
-46 31 -29 -35 0
-46 73 31 35 0
-46 73 -29 0
-46 -31 29 -35 0
46 -73 -31 -29 0
46 31 29 -35 0
46 -73 35 0
46 -31 29 35 0
-47 71 -76 0
-47 -71 -75 76 0
-47 77 0
-47 75 -76 0
47 75 76 -77 0
47 71 76 -77 0
47 -71 -75 -76 -77 0
-48 -49 -50 0
-48 49 50 0
48 49 -50 0
48 -49 50 0
49 6 -7 0
49 -6 7 0
49 72 -6 0
-49 6 7 0
-49 -72 -6 -7 0
50 14 -12 17 0
50 72 14 -17 0
50 72 -12 0
50 -14 12 17 0
-50 -72 -14 -12 0
-50 14 12 17 0
-50 -72 -17 0
-50 -14 12 -17 0
-51 71 22 0
-51 -75 22 0
-51 77 22 0
51 -22 0
51 -71 75 -77 0
-52 53 54 59 0
52 -53 0
52 -54 0
52 -59 0
-53 -75 76 0
-53 71 -76 0
-53 77 0
-53 -71 76 0
53 -71 -76 -77 0
53 71 75 76 -77 0
-54 -55 56 -57 58 0
-54 55 -56 57 -58 0
-54 55 56 57 58 0
-54 -55 -56 -57 -58 0
54 -55 57 0
54 55 -57 0
54 56 -58 0
54 -56 58 0
55 -72 26 0
-55 72 0
-55 -26 0
56 -73 -24 -25 0
56 -73 24 25 0
-56 73 0
-56 24 -25 0
-56 -24 25 0
57 -72 33 19 0
-57 72 0
-57 -33 0
-57 -19 0
58 -73 31 29 0
58 -73 29 35 0
58 -73 -31 -29 -35 0
-58 -29 35 0
-58 31 -29 0
-58 73 0
-58 -31 29 -35 0
-59 60 61 62 0
-59 17 61 62 0
59 -62 0
59 -61 0
59 -60 -17 0
60 -72 -12 0
-60 72 0
-60 12 0
61 -71 72 76 -77 0
-61 77 0
-61 -76 0
-61 71 0
-61 -72 0
-62 -73 29 0
-62 73 -29 0
-62 -35 0
-62 31 29 0
62 -73 -29 35 0
62 73 -31 29 35 0
-80 0
-2 0

