c Result of efficient AIG-to-CNF conversion using package CNF
p cnf 28 55
-2 3 4 7 0
2 -3 0
2 -7 0
2 -4 0
3 -19 -24 -25 0
-3 19 0
-3 24 0
-3 25 0
4 -20 -5 -6 0
-4 20 0
-4 6 0
-4 5 0
-5 -19 24 -25 0
-5 23 24 25 0
-5 19 -23 0
-5 19 -24 -25 0
5 -19 -23 25 0
5 23 -24 25 0
5 -19 -24 0
5 19 23 24 -25 0
-6 23 25 0
-6 19 -23 -25 0
-6 -19 25 0
-6 19 -24 0
6 -19 -25 0
6 23 24 -25 0
6 19 -23 24 25 0
7 -21 -8 10 0
-7 21 0
-7 -10 0
-7 8 0
-8 -20 5 -6 0
-8 20 -5 -6 0
-8 20 9 0
-8 -9 5 6 0
8 -20 9 6 0
8 -9 -5 6 0
8 -20 -5 0
8 20 -9 5 -6 0
9 23 24 -25 0
9 -19 23 -24 0
9 -19 -23 24 0
-9 19 -23 0
-9 -23 -24 0
-9 19 -24 0
-9 23 24 25 0
10 -20 6 0
10 20 9 -6 0
10 20 -5 0
10 -9 6 0
-10 -20 -6 0
-10 -9 5 -6 0
-10 20 9 5 6 0
-28 0
2 0

