c Result of efficient AIG-to-CNF conversion using package CNF
p cnf 74 301
-2 3 35 47 52 0
2 -52 0
2 -3 0
2 -47 0
2 -35 0
-3 -4 11 -21 25 0
-3 4 -11 21 -25 0
-3 4 11 21 25 0
-3 -4 -11 -21 -25 0
3 -4 21 0
3 4 -21 0
3 11 -25 0
3 -11 25 0
4 6 -9 0
4 -66 -9 0
4 5 -9 0
-4 9 0
-4 66 -5 -6 0
-5 65 -70 0
-5 -65 69 70 0
-5 65 71 0
-5 -69 70 -71 0
5 -65 -70 0
5 -65 -69 71 0
5 65 69 70 -71 0
6 -7 8 0
-6 7 0
-6 -8 0
7 69 70 -71 0
7 -65 69 -70 0
7 -65 -69 70 0
-7 65 -69 0
-7 -69 -70 0
-7 65 -70 0
-7 69 70 71 0
-8 69 71 0
-8 65 -69 -71 0
-8 -65 71 0
-8 65 -70 0
8 -65 -71 0
8 69 70 -71 0
8 65 -69 70 71 0
-9 61 -7 0
-9 61 10 0
9 -61 0
9 7 -10 0
10 -5 -8 0
-10 5 0
-10 8 0
11 13 -19 0
11 -67 -19 0
11 12 -19 0
-11 19 0
-11 67 -12 -13 0
-12 66 -5 0
-12 7 5 -8 0
-12 66 8 0
-12 -66 -7 5 0
12 -66 -5 0
12 66 -7 5 -8 0
12 -66 7 8 0
13 -14 -18 0
-13 14 0
-13 18 0
14 -15 16 0
-14 15 0
-14 -16 0
-15 66 71 0
-15 66 -70 0
-15 65 66 0
15 -66 0
15 -65 70 -71 0
-16 17 0
16 -17 0
17 -65 -69 -70 0
-17 65 0
-17 69 0
-17 70 0
18 -66 8 0
18 66 7 -8 0
18 66 -5 0
18 -7 8 0
-18 -66 -8 0
-18 -7 5 -8 0
-18 66 7 5 8 0
-19 62 -14 0
-19 62 20 0
19 -62 0
19 14 -20 0
20 -12 18 0
-20 12 0
-20 -18 0
21 6 -23 0
21 -66 -23 0
21 22 -23 0
-21 23 0
-21 66 -6 -22 0
-22 -65 70 -71 0
-22 69 70 71 0
-22 65 -69 0
-22 65 -70 -71 0
22 -65 -69 71 0
22 69 -70 71 0
22 -65 -70 0
22 65 69 70 -71 0
-23 61 -7 0
-23 61 24 0
23 -61 0
23 7 -24 0
24 -8 -22 0
-24 8 0
-24 22 0
25 27 -33 0
25 -67 -33 0
25 26 -33 0
-25 33 0
-25 67 -26 -27 0
-26 -66 -8 22 0
-26 66 -8 -22 0
-26 66 7 0
-26 -7 8 22 0
26 -66 7 8 0
26 -7 8 -22 0
26 -66 -22 0
26 66 -7 -8 22 0
27 -28 -32 0
-27 28 0
-27 32 0
28 -29 30 0
-28 29 0
-28 -30 0
-29 66 71 0
-29 66 -70 0
-29 65 66 0
29 -66 0
29 -65 70 -71 0
-30 31 0
30 -31 0
31 7 -22 0
-31 -7 0
-31 22 0
32 -66 8 0
32 66 7 -8 0
32 -7 8 0
32 66 -22 0
-32 -66 -8 0
-32 -7 -8 22 0
-32 66 7 8 22 0
-33 62 -28 0
-33 62 34 0
33 -62 0
33 28 -34 0
34 -26 32 0
-34 26 0
-34 -32 0
-35 -36 -37 38 41 0
-35 36 37 38 41 0
35 -41 0
35 36 -37 0
35 -38 0
35 -36 37 0
-36 14 -12 -18 0
-36 67 14 18 0
-36 67 -12 0
-36 -14 12 -18 0
36 -67 -14 -12 0
36 14 12 -18 0
36 -67 18 0
36 -14 12 18 0
-37 28 -26 -32 0
-37 67 28 32 0
-37 67 -26 0
-37 -28 26 -32 0
37 -67 -28 -26 0
37 28 26 -32 0
37 -67 32 0
37 -28 26 32 0
-38 -39 -40 0
-38 39 40 0
38 39 -40 0
38 -39 40 0
39 7 -5 8 0
39 66 7 -8 0
39 66 -5 0
39 -7 5 8 0
-39 -66 -7 -5 0
-39 7 5 8 0
-39 -66 -8 0
-39 -7 5 -8 0
40 7 8 -22 0
40 66 7 -8 0
40 66 -22 0
40 -7 8 22 0
-40 -66 -7 -22 0
-40 -7 -8 22 0
-40 -66 -8 0
-40 7 8 22 0
-41 42 44 45 46 0
-41 -42 -44 -45 -46 0
-41 -42 44 -45 46 0
-41 42 -44 45 -46 0
41 42 -45 0
41 -42 45 0
41 44 -46 0
41 -44 46 0
-42 66 5 43 0
-42 -66 -7 -5 43 0
42 -66 5 0
42 66 -5 0
42 -43 0
42 -66 7 0
-43 7 8 0
-43 -7 -8 0
43 -7 8 0
43 7 -8 0
44 67 -14 12 18 0
44 -67 -14 -12 18 0
44 67 14 12 -18 0
-44 14 18 0
-44 -67 -18 0
-44 67 -12 0
-44 -67 12 0
-44 -14 -18 0
-45 66 43 22 0
-45 -66 -7 43 -22 0
45 7 -22 0
45 -66 22 0
45 -43 0
45 66 -22 0
46 67 -28 26 32 0
46 -67 -28 -26 32 0
46 67 28 26 -32 0
-46 28 32 0
-46 -67 -32 0
-46 67 -26 0
-46 -67 26 0
-46 -28 -32 0
-47 -48 49 -50 51 0
-47 48 -49 50 -51 0
-47 48 49 50 51 0
-47 -48 -49 -50 -51 0
47 -48 50 0
47 48 -50 0
47 49 -51 0
47 -49 51 0
48 -66 16 10 0
-48 66 0
-48 -16 0
-48 -10 0
49 -67 14 12 0
49 -67 12 18 0
49 -67 -14 -12 -18 0
-49 -12 18 0
-49 14 -12 0
-49 67 0
-49 -14 12 -18 0
50 -66 30 24 0
-50 66 0
-50 -30 0
-50 -24 0
51 -67 28 26 0
51 -67 26 32 0
51 -67 -28 -26 -32 0
-51 -26 32 0
-51 28 -26 0
-51 67 0
-51 -28 26 -32 0
-52 53 -54 55 -56 0
-52 -53 54 -55 56 0
-52 -53 -54 -55 -56 0
-52 53 54 55 56 0
52 53 -55 0
52 -53 55 0
52 -54 56 0
52 54 -56 0
-53 -66 5 0
-53 66 -5 0
-53 8 0
-53 7 5 0
53 -66 -5 -8 0
53 66 -7 5 -8 0
-54 -67 12 0
-54 67 -12 0
-54 -18 0
-54 14 12 0
54 -67 -12 18 0
54 67 -14 12 18 0
-55 7 22 0
-55 66 -22 0
-55 8 0
-55 -66 22 0
55 -66 -8 -22 0
55 66 -7 -8 22 0
-56 -67 26 0
-56 67 -26 0
-56 -32 0
-56 28 26 0
56 -67 -26 32 0
56 67 -28 26 32 0
-74 0
2 0

