c Result of efficient AIG-to-CNF conversion using package CNF
p cnf 56 194
-2 3 21 29 35 0
2 -35 0
2 -3 0
2 -29 0
2 -21 0
-3 -43 44 -4 11 0
-3 43 -44 4 -11 0
-3 43 44 4 11 0
-3 -43 -44 -4 -11 0
3 -43 4 0
3 43 -4 0
3 44 -11 0
3 -44 11 0
4 5 -9 0
4 -48 -9 0
4 8 -9 0
-4 9 0
-4 48 -5 -8 0
5 6 -7 0
-5 -6 0
-5 7 0
-6 51 53 0
-6 47 -51 -53 0
-6 -47 53 0
-6 47 -52 0
6 -47 -53 0
6 51 52 -53 0
6 47 -51 52 53 0
7 51 52 -53 0
7 -47 51 -52 0
7 -47 -51 52 0
-7 47 -51 0
-7 -51 -52 0
-7 47 -52 0
-7 51 52 53 0
-8 -47 52 -53 0
-8 51 52 53 0
-8 47 -51 0
-8 47 -52 -53 0
8 -47 -51 53 0
8 51 -52 53 0
8 -47 -52 0
8 47 51 52 -53 0
-9 43 -7 0
-9 43 10 0
9 -43 0
9 7 -10 0
10 -6 -8 0
-10 6 0
-10 8 0
11 13 -19 0
11 -49 -19 0
11 12 -19 0
-11 19 0
-11 49 -12 -13 0
-12 48 -6 -8 0
-12 -48 -6 8 0
-12 48 7 0
-12 6 -7 8 0
12 -48 6 7 0
12 6 -7 -8 0
12 -48 -8 0
12 48 -6 -7 8 0
13 -14 -18 0
-13 14 0
-13 18 0
14 -15 16 0
-14 15 0
-14 -16 0
-15 48 53 0
-15 48 -52 0
-15 47 48 0
15 -48 0
15 -47 52 -53 0
-16 17 0
16 -17 0
17 7 -8 0
-17 -7 0
-17 8 0
18 -48 6 0
18 48 -6 7 0
18 6 -7 0
18 48 -8 0
-18 -48 -6 0
-18 -6 -7 8 0
-18 48 6 7 8 0
-19 44 -14 0
-19 44 20 0
19 -44 0
19 14 -20 0
20 -12 18 0
-20 12 0
-20 -18 0
-21 -22 -23 24 25 0
-21 22 23 24 25 0
21 -25 0
21 22 -23 0
21 -24 0
21 -22 23 0
-22 -48 6 7 0
-22 49 6 7 0
22 -6 0
22 -7 0
22 48 -49 0
-23 14 -12 -18 0
-23 49 14 18 0
-23 49 -12 0
-23 -14 12 -18 0
23 -49 -14 -12 0
23 14 12 -18 0
23 -49 18 0
23 -14 12 18 0
-24 -6 7 0
-24 -48 -6 0
-24 8 0
-24 48 6 -7 0
24 -48 6 -8 0
24 6 7 -8 0
24 48 -6 -7 -8 0
-25 -26 -27 28 0
-25 26 27 28 0
25 -28 0
25 -26 27 0
25 26 -27 0
26 49 -6 0
26 49 -7 0
-26 -49 0
-26 6 7 0
27 49 -14 12 18 0
27 -49 -14 -12 18 0
27 49 14 12 -18 0
-27 14 18 0
-27 -49 -18 0
-27 49 -12 0
-27 -49 12 0
-27 -14 -18 0
-28 -48 6 0
-28 -6 7 0
-28 8 0
-28 6 -7 0
28 -6 -7 -8 0
28 48 6 7 -8 0
-29 -30 31 -33 34 0
-29 30 -31 33 -34 0
-29 30 31 33 34 0
-29 -30 -31 -33 -34 0
29 -30 33 0
29 30 -33 0
29 31 -34 0
29 -31 34 0
30 -48 5 0
-30 48 0
-30 -5 0
31 -49 32 0
-31 49 0
-31 -32 0
32 -48 6 7 0
-32 48 0
-32 -6 0
-32 -7 0
33 -48 16 10 0
-33 48 0
-33 -16 0
-33 -10 0
34 -49 14 12 0
34 -49 12 18 0
34 -49 -14 -12 -18 0
-34 -12 18 0
-34 14 -12 0
-34 49 0
-34 -14 12 -18 0
-35 36 37 38 0
-35 -36 -37 38 0
35 -38 0
35 36 -37 0
35 -36 37 0
36 49 -6 -7 0
36 -48 49 -6 0
-36 6 0
-36 -49 0
-36 48 7 0
-37 -49 12 0
-37 49 -12 0
-37 -18 0
-37 14 12 0
37 -49 -12 18 0
37 49 -14 12 18 0
-38 8 0
-38 6 0
-38 48 7 0
38 -48 -6 -8 0
38 -6 -7 -8 0
-56 0
2 0

