c Result of efficient AIG-to-CNF conversion using package CNF
p cnf 75 298
2 3 -34 48 -53 0
-2 53 0
-2 -3 0
-2 -48 0
-2 34 0
-3 -4 10 -18 24 0
-3 4 -10 18 -24 0
-3 4 10 18 24 0
-3 -4 -10 -18 -24 0
3 -4 18 0
3 4 -18 0
3 10 -24 0
3 -10 24 0
4 6 -9 0
4 -67 -9 0
4 5 -9 0
-4 9 0
-4 67 -5 -6 0
-5 -66 71 -72 0
-5 70 71 72 0
-5 66 -70 0
-5 66 -71 -72 0
5 -66 -70 72 0
5 70 -71 72 0
5 -66 -71 0
5 66 70 71 -72 0
6 -7 8 0
-6 7 0
-6 -8 0
7 70 -71 0
7 -70 71 0
7 71 -72 0
-7 -70 -71 0
-7 70 71 72 0
-8 70 72 0
-8 -66 72 0
-8 -71 72 0
8 -72 0
8 66 -70 71 0
-9 62 8 0
-9 62 5 0
-9 62 -7 0
9 -62 0
9 7 -5 -8 0
10 12 -16 0
10 -68 -16 0
10 11 -16 0
-10 16 0
-10 68 -11 -12 0
-11 -67 5 -8 0
-11 67 -5 -8 0
-11 67 7 0
-11 -7 5 8 0
11 -67 7 8 0
11 -7 -5 8 0
11 -67 -5 0
11 67 -7 5 -8 0
12 13 -15 0
-12 -13 0
-12 15 0
-13 14 0
13 -14 0
14 7 -5 0
-14 -7 0
-14 5 0
15 -5 8 0
15 -7 8 0
15 -67 8 0
-15 -8 0
-15 67 7 5 0
-16 63 13 0
-16 63 17 0
16 -63 0
16 -13 -17 0
17 -11 15 0
-17 11 0
-17 -15 0
18 19 -22 0
18 -67 -22 0
18 5 -22 0
-18 22 0
-18 67 -5 -19 0
19 -20 21 0
-19 20 0
-19 -21 0
20 -66 -7 0
20 70 71 -7 0
-20 7 0
-20 66 -70 0
-20 66 -71 0
-21 70 72 0
-21 66 -70 -72 0
-21 -66 72 0
-21 66 -71 0
21 -66 -72 0
21 70 71 -72 0
21 66 -70 71 72 0
-22 62 -20 0
-22 62 23 0
22 -62 0
22 20 -23 0
23 -5 -21 0
-23 5 0
-23 21 0
24 26 -32 0
24 -68 -32 0
24 25 -32 0
-24 32 0
-24 68 -25 -26 0
-25 67 -5 -21 0
-25 -67 5 -21 0
-25 67 20 0
-25 5 -20 21 0
25 -67 20 21 0
25 -5 -20 21 0
25 -67 -5 0
25 67 5 -20 -21 0
26 -27 -31 0
-26 27 0
-26 31 0
27 -28 29 0
-27 28 0
-27 -29 0
-28 67 20 0
-28 67 -5 0
28 -67 0
28 5 -20 0
-29 30 0
29 -30 0
30 -5 20 0
-30 5 0
-30 -20 0
31 -20 21 0
31 67 20 -21 0
31 -67 21 0
31 67 -5 0
-31 -67 -21 0
-31 5 -20 -21 0
-31 67 5 20 21 0
-32 63 -27 0
-32 63 33 0
32 -63 0
32 27 -33 0
33 -25 31 0
-33 25 0
-33 -31 0
34 -35 36 37 -40 0
34 35 -36 37 -40 0
-34 40 0
-34 35 36 0
-34 -37 0
-34 -35 -36 0
-35 68 13 11 15 0
-35 -68 13 -11 15 0
-35 68 -13 11 -15 0
35 -13 15 0
35 -68 -15 0
35 68 -11 0
35 -68 11 0
35 13 -15 0
36 68 -27 25 31 0
36 -68 -27 -25 31 0
36 68 27 25 -31 0
-36 27 31 0
-36 -68 -31 0
-36 68 -25 0
-36 -68 25 0
-36 -27 -31 0
-37 38 39 0
-37 -38 -39 0
37 -38 39 0
37 38 -39 0
-38 67 -7 5 -8 0
-38 -67 -7 -5 -8 0
-38 67 7 5 8 0
38 7 -8 0
38 -67 8 0
38 67 -5 0
38 -67 5 0
38 -7 8 0
-39 -67 -5 -20 -21 0
-39 67 5 20 21 0
-39 67 5 -20 -21 0
39 -67 20 0
39 67 -5 0
39 -20 21 0
39 -67 5 0
39 20 -21 0
40 41 -42 43 44 0
40 -41 42 43 44 0
-40 -43 0
-40 41 42 0
-40 -44 0
-40 -41 -42 0
41 -13 -11 -15 0
41 68 13 -15 0
41 13 11 -15 0
-41 15 0
-41 -13 11 0
-41 -68 13 -11 0
-42 27 -25 -31 0
-42 68 27 31 0
-42 68 -25 0
-42 -27 25 -31 0
42 -68 -27 -25 0
42 27 25 -31 0
42 -68 31 0
42 -27 25 31 0
43 66 -70 -72 0
43 66 -71 -72 0
-43 -66 0
-43 72 0
-43 70 71 0
-44 -45 -47 0
-44 45 47 0
44 45 -47 0
44 -45 47 0
45 7 -5 8 0
45 -7 46 8 0
-45 -8 0
-45 7 5 0
-45 -7 -46 0
46 -67 -5 0
-46 67 0
-46 5 0
47 -5 20 21 0
47 67 20 -21 0
47 67 -5 0
47 5 -20 21 0
-47 -67 -5 -20 0
-47 5 20 21 0
-47 -67 -21 0
-47 5 -20 -21 0
-48 -49 50 -51 52 0
-48 49 -50 51 -52 0
-48 49 50 51 52 0
-48 -49 -50 -51 -52 0
48 -49 51 0
48 49 -51 0
48 50 -52 0
48 -50 52 0
49 -67 5 13 0
49 -67 8 13 0
-49 -13 0
-49 67 0
-49 -5 -8 0
50 -68 -13 11 0
50 -68 11 15 0
50 -68 13 -11 -15 0
-50 -11 15 0
-50 -13 -11 0
-50 68 0
-50 13 11 -15 0
51 -67 29 23 0
-51 67 0
-51 -29 0
-51 -23 0
52 -68 27 25 0
52 -68 25 31 0
52 -68 -27 -25 -31 0
-52 -25 31 0
-52 27 -25 0
-52 68 0
-52 -27 25 -31 0
53 54 55 56 -57 0
53 -54 -55 -56 57 0
53 -54 55 -56 -57 0
53 54 -55 56 57 0
-53 54 -56 0
-53 -54 56 0
-53 55 57 0
-53 -55 -57 0
-54 -67 5 0
-54 67 -5 0
-54 8 0
-54 7 5 0
54 -67 -5 -8 0
54 67 -7 5 -8 0
55 -68 11 0
55 68 -11 0
55 -15 0
55 -13 11 0
-55 -68 -11 15 0
-55 68 13 11 15 0
-56 5 20 0
-56 67 -5 0
-56 21 0
-56 -67 5 0
56 -67 -5 -21 0
56 67 5 -20 -21 0
-57 -68 25 0
-57 68 -25 0
-57 -31 0
-57 27 25 0
57 -68 -25 31 0
57 68 -27 25 31 0
-75 0
-2 0

