c Result of efficient AIG-to-CNF conversion using package CNF
p cnf 32 75
2 3 -7 -8 -10 0
-2 10 0
-2 -3 0
-2 8 0
-2 7 0
-3 4 0
3 -4 0
4 5 -6 0
-4 -5 0
-4 6 0
5 27 28 -29 0
5 -23 27 -28 0
5 -23 -27 28 0
-5 23 -27 0
-5 -27 -28 0
-5 23 -28 0
-5 27 28 29 0
-6 -23 28 -29 0
-6 27 28 29 0
-6 23 -27 0
-6 23 -28 -29 0
6 -23 -27 29 0
6 27 -28 29 0
6 -23 -28 0
6 23 27 28 -29 0
7 -23 28 -29 0
7 -23 -27 28 0
7 -23 27 -28 29 0
-7 -27 -28 0
-7 -28 -29 0
-7 23 0
-7 27 28 29 0
8 -24 6 0
8 -24 9 0
-8 24 0
-8 -6 -9 0
-9 27 29 0
-9 23 -27 -29 0
-9 -23 29 0
-9 23 -28 0
9 -23 -29 0
9 27 28 -29 0
9 23 -27 28 29 0
10 -25 11 13 0
10 -25 13 14 0
10 -25 -11 -13 -14 0
-10 -13 14 0
-10 11 -13 0
-10 25 0
-10 -11 13 -14 0
11 -12 3 0
-11 12 0
-11 -3 0
-12 24 29 0
-12 24 -28 0
-12 23 24 0
12 -24 0
12 -23 28 -29 0
-13 -24 6 -9 0
-13 24 -6 -9 0
-13 24 5 0
-13 -5 6 9 0
13 -24 5 9 0
13 -5 -6 9 0
13 -24 -6 0
13 24 -5 6 -9 0
14 -24 9 0
14 24 5 -9 0
14 24 -6 0
14 -5 9 0
-14 -24 -9 0
-14 -5 6 -9 0
-14 24 5 6 9 0
-32 0
-2 0

