c Result of efficient AIG-to-CNF conversion using package CNF
p cnf 93 320
-2 3 40 58 66 0
2 -66 0
2 -3 0
2 -58 0
2 -40 0
-3 4 10 17 20 0
-3 -4 -10 17 20 0
3 -17 0
3 4 -10 0
3 -20 0
3 -4 10 0
4 -5 0
-4 5 0
-5 80 -6 0
-5 80 7 0
5 -80 0
5 6 -7 0
6 88 89 -90 0
-6 90 0
-6 -89 0
-6 -88 0
7 -8 -9 0
-7 8 0
-7 9 0
-8 -89 0
-8 -88 -90 0
-8 88 90 0
8 -88 89 90 0
8 88 89 -90 0
-9 88 89 90 0
-9 84 -89 -90 0
-9 84 -88 0
-9 -88 89 -90 0
9 88 89 -90 0
9 -84 -88 90 0
9 -84 -89 0
9 88 -89 90 0
10 12 -15 0
10 -85 -15 0
10 11 -15 0
-10 15 0
-10 85 -11 -12 0
-11 -84 89 -90 0
-11 88 89 90 0
-11 84 -88 0
-11 84 -89 -90 0
11 -84 -88 90 0
11 88 -89 90 0
11 -84 -89 0
11 84 88 89 -90 0
12 -13 14 0
-12 13 0
-12 -14 0
13 88 89 -90 0
13 -84 88 -89 0
13 -84 -88 89 0
-13 84 -88 0
-13 -88 -89 0
-13 84 -89 0
-13 88 89 90 0
-14 88 90 0
-14 84 -88 -90 0
-14 -84 90 0
-14 84 -89 0
14 -84 -90 0
14 88 89 -90 0
14 84 -88 89 90 0
-15 80 -13 0
-15 80 16 0
15 -80 0
15 13 -16 0
16 -11 -14 0
-16 11 0
-16 14 0
17 -84 -89 18 -19 0
-17 -18 0
-17 19 0
-17 84 0
-17 89 0
-18 88 90 0
18 -88 0
18 -90 0
-19 79 89 0
-19 79 88 0
-19 79 90 0
19 -79 0
19 -88 -89 -90 0
-20 -21 -30 0
-20 21 30 0
20 21 -30 0
20 -21 30 0
21 -22 0
-21 22 0
-22 81 23 0
22 -81 0
22 -23 0
23 24 -26 0
-23 -24 0
-23 26 0
24 -25 0
-24 25 0
-25 8 9 6 0
25 -8 0
25 -9 0
25 -6 0
-26 27 28 0
26 -27 0
26 -28 0
27 -85 -9 0
-27 85 0
-27 9 0
-28 29 0
28 -29 0
29 -85 8 6 0
-29 85 0
-29 -8 0
-29 -6 0
30 32 -38 0
30 -86 -38 0
30 31 -38 0
-30 38 0
-30 86 -31 -32 0
-31 -85 11 -14 0
-31 85 -11 -14 0
-31 85 13 0
-31 -13 11 14 0
31 -85 13 14 0
31 -13 -11 14 0
31 -85 -11 0
31 85 -13 11 -14 0
32 -33 -37 0
-32 33 0
-32 37 0
33 -34 35 0
-33 34 0
-33 -35 0
-34 85 90 0
-34 85 -89 0
-34 84 85 0
34 -85 0
34 -84 89 -90 0
-35 36 0
35 -36 0
36 13 -11 0
-36 -13 0
-36 11 0
37 -85 14 0
37 85 13 -14 0
37 85 -11 0
37 -13 14 0
-37 -85 -14 0
-37 -13 11 -14 0
-37 85 13 11 14 0
-38 81 -33 0
-38 81 39 0
38 -81 0
38 33 -39 0
39 -31 37 0
-39 31 0
-39 -37 0
-40 -41 -43 44 48 0
-40 41 43 44 48 0
40 -48 0
40 41 -43 0
40 -44 0
40 -41 43 0
-41 85 9 42 0
-41 -85 -9 -6 42 0
41 -85 9 0
41 -9 6 0
41 -42 0
41 85 -9 0
42 -8 6 0
-42 8 0
-42 -6 0
-43 85 -13 11 -14 0
-43 -85 -13 -11 -14 0
-43 85 13 11 14 0
43 13 -14 0
43 -85 14 0
43 85 -11 0
43 -85 11 0
43 -13 14 0
-44 -45 -47 0
-44 45 47 0
44 45 -47 0
44 -45 47 0
45 86 26 -46 0
-45 -86 0
-45 -26 0
-45 46 0
-46 24 0
46 -24 0
47 86 -33 31 37 0
47 -86 -33 -31 37 0
47 86 33 31 -37 0
-47 33 37 0
-47 -86 -37 0
-47 86 -31 0
-47 -86 31 0
-47 -33 -37 0
-48 -49 -53 54 55 0
-48 49 53 54 55 0
48 -54 0
48 -49 53 0
48 -55 0
48 49 -53 0
-49 50 0
49 -50 0
-50 51 0
50 -51 0
51 -52 0
-51 52 0
52 -24 26 0
-52 24 0
-52 -26 0
-53 33 -31 -37 0
-53 86 33 37 0
-53 86 -31 0
-53 -33 31 -37 0
53 -86 -33 -31 0
53 33 31 -37 0
53 -86 37 0
53 -33 31 37 0
54 -84 -88 -90 0
-54 84 0
-54 88 0
-54 90 0
-55 -56 -57 0
-55 56 57 0
55 56 -57 0
55 -56 57 0
56 6 -24 0
56 -24 27 0
-56 24 0
-56 -6 -27 0
57 13 -11 14 0
57 85 13 -14 0
57 85 -11 0
57 -13 11 14 0
-57 -85 -13 -11 0
-57 13 11 14 0
-57 -85 -14 0
-57 -13 11 -14 0
-58 -59 62 -64 65 0
-58 59 -62 64 -65 0
-58 59 62 64 65 0
-58 -59 -62 -64 -65 0
58 -59 64 0
58 59 -64 0
58 62 -65 0
58 -62 65 0
59 -85 60 7 0
-59 85 0
-59 -60 0
-59 -7 0
-60 61 0
60 -61 0
61 -9 6 0
-61 9 0
-61 -6 0
62 -86 63 23 0
-62 86 0
-62 -23 0
-62 -63 0
63 -26 0
-63 26 0
64 -85 35 16 0
-64 85 0
-64 -35 0
-64 -16 0
65 -86 33 31 0
65 -86 31 37 0
65 -86 -33 -31 -37 0
-65 -31 37 0
-65 33 -31 0
-65 86 0
-65 -33 31 -37 0
-66 -67 -70 71 72 0
-66 67 70 71 72 0
66 -71 0
66 -67 70 0
66 -72 0
66 67 -70 0
-67 68 0
67 -68 0
68 24 -69 0
-68 -24 0
-68 69 0
69 -86 -26 0
-69 86 0
-69 26 0
-70 -86 31 0
-70 86 -31 0
-70 -37 0
-70 33 31 0
70 -86 -31 37 0
70 86 -33 31 37 0
71 -84 88 89 -90 0
-71 90 0
-71 -89 0
-71 84 0
-71 -88 0
-72 73 75 0
-72 -73 -75 0
72 -73 75 0
72 73 -75 0
-73 74 0
73 -74 0
74 -8 -27 0
-74 8 0
-74 27 0
-75 -85 11 0
-75 85 -11 0
-75 14 0
-75 13 11 0
75 -85 -11 -14 0
75 85 -13 11 -14 0
-93 0
2 0

