c Result of efficient AIG-to-CNF conversion using package CNF
p cnf 39 101
-2 3 6 12 0
2 -3 0
2 -12 0
2 -6 0
3 30 -35 4 -5 0
-3 -30 0
-3 5 0
-3 -4 0
-3 35 0
-4 34 36 0
4 -34 0
4 -36 0
-5 25 35 0
-5 25 34 0
-5 25 36 0
5 -25 0
5 -34 -35 -36 0
6 31 -7 -8 -11 0
-6 -31 0
-6 11 0
-6 8 0
-6 7 0
-7 -30 35 -36 0
-7 34 35 36 0
-7 30 -34 0
-7 30 -35 -36 0
7 -30 -34 36 0
7 34 -35 36 0
7 -30 -35 0
7 30 34 35 -36 0
8 -9 10 0
-8 9 0
-8 -10 0
9 34 35 -36 0
9 -30 34 -35 0
9 -30 -34 35 0
-9 30 -34 0
-9 -34 -35 0
-9 30 -35 0
-9 34 35 36 0
-10 34 36 0
-10 30 -34 -36 0
-10 -30 36 0
-10 30 -35 0
10 -30 -36 0
10 34 35 -36 0
10 30 -34 35 36 0
-11 26 10 0
-11 26 7 0
-11 26 -9 0
11 -26 0
11 9 -7 -10 0
12 -13 18 0
-12 13 0
-12 -18 0
-13 27 -14 0
-13 27 17 0
13 -27 0
13 14 -17 0
14 -15 16 0
-14 15 0
-14 -16 0
-15 31 36 0
-15 31 -35 0
-15 30 31 0
15 -31 0
15 -30 35 -36 0
16 9 -7 0
-16 -9 0
-16 7 0
17 -31 -7 -10 0
17 31 -9 7 -10 0
-17 -31 7 0
-17 31 -7 0
-17 10 0
-17 9 7 0
18 -13 20 0
18 14 -13 0
18 19 -13 0
-18 13 0
-18 -14 -19 -20 0
19 -31 10 0
19 31 9 -10 0
19 31 -7 0
19 -9 10 0
-19 -31 -10 0
-19 -9 7 -10 0
-19 31 9 7 10 0
20 32 -21 0
-20 -32 0
-20 21 0
-21 -31 7 -10 0
-21 31 -7 -10 0
-21 31 9 0
-21 -9 7 10 0
21 -31 9 10 0
21 -9 -7 10 0
21 -31 -7 0
21 31 -9 7 -10 0
-39 0
2 0

