c Result of efficient AIG-to-CNF conversion using package CNF
p cnf 78 308
-2 3 36 48 53 0
2 -53 0
2 -3 0
2 -48 0
2 -36 0
-3 -4 12 -22 26 0
-3 4 -12 22 -26 0
-3 4 12 22 26 0
-3 -4 -12 -22 -26 0
3 -4 22 0
3 4 -22 0
3 12 -26 0
3 -12 26 0
4 7 -10 0
4 -70 -10 0
4 5 -10 0
-4 10 0
-4 70 -5 -7 0
-5 74 6 0
-5 69 6 0
5 -6 0
5 -69 -74 0
-6 -75 0
-6 69 -73 0
-6 73 74 0
6 -69 -73 75 0
6 73 -74 75 0
7 -8 9 0
-7 8 0
-7 -9 0
8 73 74 -75 0
8 -69 73 -74 0
8 -69 -73 74 0
-8 69 -73 0
-8 -73 -74 0
-8 69 -74 0
-8 73 74 75 0
-9 73 75 0
-9 69 -73 -75 0
-9 -69 75 0
-9 69 -74 0
9 -69 -75 0
9 73 74 -75 0
9 69 -73 74 75 0
-10 65 -8 0
-10 65 11 0
10 -65 0
10 8 -11 0
11 -69 -74 -75 0
-11 69 0
-11 74 0
-11 75 0
12 14 -20 0
12 -71 -20 0
12 13 -20 0
-12 20 0
-12 71 -13 -14 0
-13 70 8 0
-13 5 -9 0
-13 -8 5 0
-13 70 -9 0
13 -70 -5 0
13 -70 8 9 0
13 -8 -5 9 0
14 -15 -19 0
-14 15 0
-14 19 0
15 -16 17 0
-15 16 0
-15 -17 0
-16 70 -5 0
-16 70 8 0
16 -70 0
16 -8 5 0
-17 18 0
17 -18 0
18 8 -5 0
-18 -8 0
-18 5 0
19 -70 9 0
19 70 8 -9 0
19 70 -5 0
19 -8 9 0
-19 -70 -9 0
-19 -8 5 -9 0
-19 70 8 5 9 0
-20 66 -15 0
-20 66 21 0
20 -66 0
20 15 -21 0
21 -70 -5 -9 0
-21 70 0
-21 9 0
-21 5 0
22 7 -24 0
22 -70 -24 0
22 23 -24 0
-22 24 0
-22 70 -7 -23 0
-23 -69 74 -75 0
-23 73 74 75 0
-23 69 -73 0
-23 69 -74 -75 0
23 -69 -73 75 0
23 73 -74 75 0
23 -69 -74 0
23 69 73 74 -75 0
-24 65 -8 0
-24 65 25 0
24 -65 0
24 8 -25 0
25 -9 -23 0
-25 9 0
-25 23 0
26 28 -34 0
26 -71 -34 0
26 27 -34 0
-26 34 0
-26 71 -27 -28 0
-27 -70 -9 23 0
-27 70 -9 -23 0
-27 70 8 0
-27 -8 9 23 0
27 -70 8 9 0
27 -8 9 -23 0
27 -70 -23 0
27 70 -8 -9 23 0
28 -29 -33 0
-28 29 0
-28 33 0
29 -30 31 0
-29 30 0
-29 -31 0
-30 70 75 0
-30 70 -74 0
-30 69 70 0
30 -70 0
30 -69 74 -75 0
-31 32 0
31 -32 0
32 8 -23 0
-32 -8 0
-32 23 0
33 -70 9 0
33 70 8 -9 0
33 -8 9 0
33 70 -23 0
-33 -70 -9 0
-33 -8 -9 23 0
-33 70 8 9 23 0
-34 66 -29 0
-34 66 35 0
34 -66 0
34 29 -35 0
35 -27 33 0
-35 27 0
-35 -33 0
-36 -37 -38 39 42 0
-36 37 38 39 42 0
36 -42 0
36 37 -38 0
36 -39 0
36 -37 38 0
-37 15 -13 -19 0
-37 71 15 19 0
-37 71 -13 0
-37 -15 13 -19 0
37 -71 -15 -13 0
37 15 13 -19 0
37 -71 19 0
37 -15 13 19 0
-38 29 -27 -33 0
-38 71 29 33 0
-38 71 -27 0
-38 -29 27 -33 0
38 -71 -29 -27 0
38 29 27 -33 0
38 -71 33 0
38 -29 27 33 0
-39 -40 -41 0
-39 40 41 0
39 40 -41 0
39 -40 41 0
40 8 -5 9 0
40 70 8 -9 0
40 70 -5 0
40 -8 5 9 0
-40 -70 -8 -5 0
-40 8 5 9 0
-40 -70 -9 0
-40 -8 5 -9 0
41 8 9 -23 0
41 70 8 -9 0
41 70 -23 0
41 -8 9 23 0
-41 -70 -8 -23 0
-41 -8 -9 23 0
-41 -70 -9 0
-41 8 9 23 0
-42 43 45 46 47 0
-42 -43 -45 -46 -47 0
-42 -43 45 -46 47 0
-42 43 -45 46 -47 0
42 43 -46 0
42 -43 46 0
42 45 -47 0
42 -45 47 0
-43 70 5 44 0
-43 -70 -8 -5 44 0
43 -70 5 0
43 70 -5 0
43 -44 0
43 -70 8 0
-44 8 9 0
-44 -8 -9 0
44 -8 9 0
44 8 -9 0
45 71 -15 13 19 0
45 -71 -15 -13 19 0
45 71 15 13 -19 0
-45 15 19 0
-45 -71 -19 0
-45 71 -13 0
-45 -71 13 0
-45 -15 -19 0
-46 70 44 23 0
-46 -70 -8 44 -23 0
46 8 -23 0
46 -70 23 0
46 -44 0
46 70 -23 0
47 71 -29 27 33 0
47 -71 -29 -27 33 0
47 71 29 27 -33 0
-47 29 33 0
-47 -71 -33 0
-47 71 -27 0
-47 -71 27 0
-47 -29 -33 0
-48 -49 50 -51 52 0
-48 49 -50 51 -52 0
-48 49 50 51 52 0
-48 -49 -50 -51 -52 0
48 -49 51 0
48 49 -51 0
48 50 -52 0
48 -50 52 0
49 -70 17 11 0
-49 70 0
-49 -17 0
-49 -11 0
50 -71 15 13 0
50 -71 13 19 0
50 -71 -15 -13 -19 0
-50 -13 19 0
-50 15 -13 0
-50 71 0
-50 -15 13 -19 0
51 -70 31 25 0
-51 70 0
-51 -31 0
-51 -25 0
52 -71 29 27 0
52 -71 27 33 0
52 -71 -29 -27 -33 0
-52 -27 33 0
-52 29 -27 0
-52 71 0
-52 -29 27 -33 0
-53 -54 -55 56 57 0
-53 54 55 56 57 0
53 -57 0
53 54 -55 0
53 -56 0
53 -54 55 0
54 -71 -13 19 0
-54 71 0
-54 -19 0
-54 13 0
-55 -71 27 0
-55 71 -27 0
-55 -33 0
-55 29 27 0
55 -71 -27 33 0
55 71 -29 27 33 0
56 69 73 74 -75 0
-56 75 0
-56 -74 0
-56 -69 0
-56 -73 0
-57 58 60 0
-57 -58 -60 0
57 -58 60 0
57 58 -60 0
58 -59 -9 0
-58 59 0
-58 9 0
59 -70 -5 0
-59 70 0
-59 5 0
-60 8 23 0
-60 70 -23 0
-60 9 0
-60 -70 23 0
60 -70 -9 -23 0
60 70 -8 -9 23 0
-78 0
2 0

