c Result of efficient AIG-to-CNF conversion using package CNF
p cnf 82 309
2 3 -20 52 -53 0
-2 53 0
-2 -3 0
-2 -52 0
-2 20 0
-3 4 -6 8 -11 0
-3 -4 -6 -8 -11 0
-3 -4 6 -8 11 0
-3 4 6 8 11 0
3 4 -8 0
3 -4 8 0
3 -6 11 0
3 6 -11 0
-4 68 5 0
4 -68 0
4 -5 0
5 -77 -78 0
-5 77 0
-5 78 0
-6 69 7 0
6 -69 0
6 -7 0
7 -73 -77 -78 0
-7 73 0
-7 77 0
-7 78 0
8 78 -10 0
8 -73 -10 0
8 -9 -10 0
-8 10 0
-8 73 -78 9 0
-9 77 79 0
9 -77 0
9 -79 0
-10 68 78 0
-10 68 77 0
-10 68 79 0
10 -68 0
10 -77 -78 -79 0
11 13 -18 0
11 -74 -18 0
11 12 -18 0
-11 18 0
-11 74 -12 -13 0
-12 -73 78 -79 0
-12 77 78 79 0
-12 73 -77 0
-12 73 -78 -79 0
12 -73 -77 79 0
12 77 -78 79 0
12 -73 -78 0
12 73 77 78 -79 0
13 -14 17 0
-13 14 0
-13 -17 0
14 15 -16 0
-14 -15 0
-14 16 0
15 73 -77 0
15 73 -78 0
-15 -73 0
-15 77 78 0
16 77 -78 0
16 78 -9 0
-16 -77 -78 0
-16 78 9 0
-17 77 79 0
-17 73 -77 -79 0
-17 -73 79 0
-17 73 -78 0
17 -73 -79 0
17 77 78 -79 0
17 73 -77 78 79 0
-18 69 -14 0
-18 69 19 0
18 -69 0
18 14 -19 0
19 -12 -17 0
-19 12 0
-19 17 0
20 21 -34 3 -35 0
-20 35 0
-20 -21 0
-20 -3 0
-20 34 0
-21 -22 -24 0
-21 22 24 0
21 22 -24 0
21 -22 24 0
-22 70 23 0
22 -70 0
22 -23 0
23 -73 -74 -77 -78 0
-23 78 0
-23 73 0
-23 77 0
-23 74 0
24 26 -32 0
24 -75 -32 0
24 25 -32 0
-24 32 0
-24 75 -25 -26 0
-25 -74 12 -17 0
-25 74 -12 -17 0
-25 74 14 0
-25 -14 12 17 0
25 -74 14 17 0
25 -14 -12 17 0
25 -74 -12 0
25 74 -14 12 -17 0
26 -27 -31 0
-26 27 0
-26 31 0
27 -28 29 0
-27 28 0
-27 -29 0
-28 74 79 0
-28 74 -78 0
-28 73 74 0
28 -74 0
28 -73 78 -79 0
-29 30 0
29 -30 0
30 14 -12 0
-30 -14 0
-30 12 0
31 -74 17 0
31 74 14 -17 0
31 74 -12 0
31 -14 17 0
-31 -74 -17 0
-31 -14 12 -17 0
-31 74 14 12 17 0
-32 70 -27 0
-32 70 33 0
32 -70 0
32 27 -33 0
33 -25 31 0
-33 25 0
-33 -31 0
34 -73 -77 0
34 73 -78 0
34 -79 0
34 -73 78 0
-34 73 78 79 0
-34 -73 77 -78 79 0
35 36 40 -41 -45 0
35 -36 -40 -41 -45 0
-35 45 0
-35 -36 40 0
-35 41 0
-35 36 -40 0
36 75 37 -39 0
36 -75 -37 -39 0
-36 39 0
-36 75 -37 0
-36 -75 37 0
-37 74 -78 0
-37 -74 -38 0
-37 73 74 0
37 -74 38 0
37 -73 74 78 0
38 -77 78 0
38 73 -78 0
38 -73 78 0
-38 -73 -78 0
-38 73 77 78 0
39 73 -74 0
39 -73 78 0
39 -74 77 0
-39 74 -78 0
-39 73 74 0
-39 -73 -77 -78 0
40 75 -27 25 31 0
40 -75 -27 -25 31 0
40 75 27 25 -31 0
-40 27 31 0
-40 -75 -31 0
-40 75 -25 0
-40 -75 25 0
-40 -27 -31 0
41 -42 44 0
41 42 -44 0
-41 42 44 0
-41 -42 -44 0
42 74 -38 43 0
42 -74 38 43 0
-42 -43 0
-42 74 38 0
-42 -74 -38 0
-43 15 5 0
43 -15 0
43 -5 0
-44 74 -14 12 -17 0
-44 -74 -14 -12 -17 0
-44 74 14 12 17 0
44 14 -17 0
44 -74 17 0
44 74 -12 0
44 -74 12 0
44 -14 17 0
45 -46 -47 -48 -49 0
45 46 47 -48 -49 0
-45 49 0
-45 46 -47 0
-45 48 0
-45 -46 47 0
-46 75 38 0
-46 74 75 0
46 -75 0
46 -74 -38 0
-47 27 -25 -31 0
-47 75 27 31 0
-47 75 -25 0
-47 -27 25 -31 0
47 -75 -27 -25 0
47 27 25 -31 0
47 -75 31 0
47 -27 25 31 0
48 73 -78 0
48 -73 -77 78 0
48 -79 0
48 77 -78 0
-48 73 78 79 0
-48 77 78 79 0
-48 -73 -77 -78 79 0
49 50 -51 0
49 -50 51 0
-49 -50 -51 0
-49 50 51 0
-50 74 -78 0
-50 73 74 0
50 -74 0
50 -73 78 0
51 14 -12 17 0
51 74 14 -17 0
51 74 -12 0
51 -14 12 17 0
-51 -74 -14 -12 0
-51 14 12 17 0
-51 -74 -17 0
-51 -14 12 -17 0
-52 73 21 0
-52 -77 21 0
-52 -79 21 0
52 -21 0
52 -73 77 79 0
53 54 55 56 -59 0
53 -54 -55 56 -59 0
-53 59 0
-53 -54 55 0
-53 -56 0
-53 54 -55 0
54 -74 -38 0
-54 74 0
-54 38 0
55 -74 29 19 0
-55 74 0
-55 -29 0
-55 -19 0
-56 -57 -58 0
-56 57 58 0
56 57 -58 0
56 -57 58 0
57 -75 37 0
-57 75 0
-57 -37 0
58 -75 27 25 0
58 -75 25 31 0
58 -75 -27 -25 -31 0
-58 -25 31 0
-58 27 -25 0
-58 75 0
-58 -27 25 -31 0
59 -37 -60 -61 62 0
59 37 60 -61 62 0
-59 61 0
-59 -37 60 0
-59 -62 0
-59 37 -60 0
-60 -74 12 0
-60 74 -12 0
-60 17 0
-60 14 12 0
60 -74 -12 -17 0
60 74 -14 12 -17 0
-61 -73 -78 79 0
-61 73 77 78 79 0
61 -77 78 0
61 73 -78 0
61 -79 0
61 -73 78 0
-62 63 64 0
-62 -63 -64 0
62 -63 64 0
62 63 -64 0
-63 75 38 0
-63 -75 37 0
-63 74 75 0
63 -75 -37 0
63 -74 75 -38 0
-64 -75 25 0
-64 75 -25 0
-64 -31 0
-64 27 25 0
64 -75 -25 31 0
64 75 -27 25 31 0
-82 0
-2 0

