c Result of efficient AIG-to-CNF conversion using package CNF
p cnf 61 214
2 3 -24 34 40 0
-2 -40 0
-2 -3 0
-2 -34 0
-2 24 0
-3 -4 8 -9 14 0
-3 4 -8 9 -14 0
-3 4 8 9 14 0
-3 -4 -8 -9 -14 0
3 -4 9 0
3 4 -9 0
3 8 -14 0
3 -8 14 0
4 -48 6 0
4 -48 -5 0
-4 48 0
-4 5 -6 0
-5 56 58 0
-5 52 -56 -58 0
-5 -52 58 0
-5 52 -57 0
5 -52 -58 0
5 56 57 -58 0
5 52 -56 57 58 0
6 53 -7 0
-6 -53 0
-6 7 0
-7 -52 57 -58 0
-7 56 57 58 0
-7 52 -56 0
-7 52 -57 -58 0
7 -52 -56 58 0
7 56 -57 58 0
7 -52 -57 0
7 52 56 57 -58 0
8 -49 -54 0
8 -49 -5 0
8 -49 7 0
-8 49 0
-8 54 5 -7 0
9 -48 12 0
9 -10 11 12 0
-9 -12 0
-9 48 10 0
-9 48 -11 0
10 -5 -7 0
-10 5 0
-10 7 0
11 56 57 -58 0
11 -52 56 -57 0
11 -52 -56 57 0
-11 52 -56 0
-11 -56 -57 0
-11 52 -57 0
-11 56 57 58 0
12 -6 -13 0
-12 6 0
-12 13 0
13 5 -11 0
-13 -5 0
-13 11 0
14 16 -22 0
14 -54 -22 0
14 15 -22 0
-14 22 0
-14 54 -15 -16 0
-15 -53 -5 7 0
-15 53 -5 -7 0
-15 53 11 0
-15 5 7 -11 0
15 -53 5 11 0
15 5 -7 -11 0
15 -53 -7 0
15 53 -5 7 -11 0
16 -17 -21 0
-16 17 0
-16 21 0
17 -18 19 0
-17 18 0
-17 -19 0
-18 53 58 0
-18 53 -57 0
-18 52 53 0
18 -53 0
18 -52 57 -58 0
-19 20 0
19 -20 0
20 -7 11 0
-20 7 0
-20 -11 0
21 -53 5 0
21 53 -5 11 0
21 53 -7 0
21 5 -11 0
-21 -53 -5 0
-21 -5 7 -11 0
-21 53 5 7 11 0
-22 49 -17 0
-22 49 23 0
22 -49 0
22 17 -23 0
23 -15 21 0
-23 15 0
-23 -21 0
24 -25 -28 -29 -30 0
24 25 28 -29 -30 0
-24 30 0
-24 25 -28 0
-24 29 0
-24 -25 28 0
-25 54 -27 0
-25 26 27 0
25 -26 27 0
25 -54 -27 0
26 -5 6 0
-26 5 0
-26 -6 0
-27 -53 7 0
-27 53 -5 -7 0
-27 5 7 0
27 5 -7 0
27 53 -5 7 0
27 -53 -7 0
-28 17 -15 -21 0
-28 54 17 21 0
-28 54 -15 0
-28 -17 15 -21 0
28 -54 -17 -15 0
28 17 15 -21 0
28 -54 21 0
28 -17 15 21 0
29 -11 0
29 -53 -5 0
29 53 -7 0
-29 -53 5 11 0
-29 53 7 11 0
30 -31 -32 -33 0
30 31 32 -33 0
-30 33 0
-30 -31 32 0
-30 31 -32 0
31 54 -26 27 0
31 -54 -26 -27 0
-31 26 0
-31 -54 27 0
-31 54 -27 0
32 54 -17 15 21 0
32 -54 -17 -15 21 0
32 54 17 15 -21 0
-32 17 21 0
-32 -54 -21 0
-32 54 -15 0
-32 -54 15 0
-32 -17 -21 0
33 5 -7 0
33 -53 7 0
33 -11 0
33 53 -7 0
-33 53 7 11 0
-33 -53 -5 -7 11 0
-34 -35 36 -37 39 0
-34 35 -36 37 -39 0
-34 35 36 37 39 0
-34 -35 -36 -37 -39 0
34 -35 37 0
34 35 -37 0
34 36 -39 0
34 -36 39 0
35 -53 -5 7 0
35 -53 5 -7 0
-35 53 0
-35 5 7 0
-35 -5 -7 0
36 -54 26 -27 0
36 -54 -26 27 0
-36 54 0
-36 -26 -27 0
-36 26 27 0
37 -38 19 0
-37 38 0
-37 -19 0
38 -53 10 0
-38 53 0
-38 -10 0
39 -54 17 15 0
39 -54 15 21 0
39 -54 -17 -15 -21 0
-39 -15 21 0
-39 17 -15 0
-39 54 0
-39 -17 15 -21 0
-40 41 42 43 0
-40 -41 -42 43 0
40 -43 0
40 41 -42 0
40 -41 42 0
-41 26 0
-41 -54 27 0
-41 54 -27 0
41 54 -26 27 0
41 -54 -26 -27 0
-42 -54 15 0
-42 54 -15 0
-42 -21 0
-42 17 15 0
42 -54 -15 21 0
42 54 -17 15 21 0
43 53 -5 7 11 0
-43 -53 0
-43 -11 0
-43 -7 0
-43 5 0
-61 0
-2 0

