c Result of efficient AIG-to-CNF conversion using package CNF
p cnf 73 301
-2 3 34 46 51 0
2 -51 0
2 -3 0
2 -46 0
2 -34 0
-3 -4 11 -20 24 0
-3 4 -11 20 -24 0
-3 4 11 20 24 0
-3 -4 -11 -20 -24 0
3 -4 20 0
3 4 -20 0
3 11 -24 0
3 -11 24 0
4 6 -9 0
4 -65 -9 0
4 5 -9 0
-4 9 0
-4 65 -5 -6 0
-5 69 70 0
-5 64 -69 -70 0
-5 64 -68 0
-5 -64 69 0
5 -64 -69 0
5 68 -69 70 0
5 64 68 69 -70 0
6 -7 8 0
-6 7 0
-6 -8 0
7 68 69 -70 0
7 -64 68 -69 0
7 -64 -68 69 0
-7 64 -68 0
-7 -68 -69 0
-7 64 -69 0
-7 68 69 70 0
-8 68 70 0
-8 64 -68 -70 0
-8 -64 70 0
-8 64 -69 0
8 -64 -70 0
8 68 69 -70 0
8 64 -68 69 70 0
-9 60 -7 0
-9 60 10 0
9 -60 0
9 7 -10 0
10 -5 -8 0
-10 5 0
-10 8 0
11 13 -18 0
11 -66 -18 0
11 12 -18 0
-11 18 0
-11 66 -12 -13 0
-12 -65 5 0
-12 65 -5 -8 0
-12 65 7 0
-12 5 8 0
12 -65 -5 0
12 65 -7 5 -8 0
12 -7 -5 8 0
13 -14 -17 0
-13 14 0
-13 17 0
14 -15 16 0
-14 15 0
-14 -16 0
-15 65 -5 0
-15 65 7 0
15 -65 0
15 -7 5 0
-16 5 6 0
-16 -7 -5 0
16 5 -6 0
16 7 -5 0
17 -65 8 0
17 65 7 -8 0
17 65 -5 0
17 -7 8 0
-17 -65 -8 0
-17 -7 5 -8 0
-17 65 7 5 8 0
-18 61 -14 0
-18 61 19 0
18 -61 0
18 14 -19 0
19 -12 17 0
-19 12 0
-19 -17 0
20 6 -22 0
20 -65 -22 0
20 21 -22 0
-20 22 0
-20 65 -6 -21 0
-21 -64 69 -70 0
-21 68 69 70 0
-21 64 -68 0
-21 64 -69 -70 0
21 -64 -68 70 0
21 68 -69 70 0
21 -64 -69 0
21 64 68 69 -70 0
-22 60 -7 0
-22 60 23 0
22 -60 0
22 7 -23 0
23 -8 -21 0
-23 8 0
-23 21 0
24 26 -32 0
24 -66 -32 0
24 25 -32 0
-24 32 0
-24 66 -25 -26 0
-25 -65 -8 21 0
-25 65 -8 -21 0
-25 65 7 0
-25 -7 8 21 0
25 -65 7 8 0
25 -7 8 -21 0
25 -65 -21 0
25 65 -7 -8 21 0
26 -27 -31 0
-26 27 0
-26 31 0
27 -28 29 0
-27 28 0
-27 -29 0
-28 65 70 0
-28 65 -69 0
-28 64 65 0
28 -65 0
28 -64 69 -70 0
-29 30 0
29 -30 0
30 7 -21 0
-30 -7 0
-30 21 0
31 -65 8 0
31 65 7 -8 0
31 -7 8 0
31 65 -21 0
-31 -65 -8 0
-31 -7 -8 21 0
-31 65 7 8 21 0
-32 61 -27 0
-32 61 33 0
32 -61 0
32 27 -33 0
33 -25 31 0
-33 25 0
-33 -31 0
-34 -35 -36 37 40 0
-34 35 36 37 40 0
34 -40 0
34 35 -36 0
34 -37 0
34 -35 36 0
-35 14 -12 -17 0
-35 66 14 17 0
-35 66 -12 0
-35 -14 12 -17 0
35 -66 -14 -12 0
35 14 12 -17 0
35 -66 17 0
35 -14 12 17 0
-36 27 -25 -31 0
-36 66 27 31 0
-36 66 -25 0
-36 -27 25 -31 0
36 -66 -27 -25 0
36 27 25 -31 0
36 -66 31 0
36 -27 25 31 0
-37 -38 -39 0
-37 38 39 0
37 38 -39 0
37 -38 39 0
38 7 -5 8 0
38 65 7 -8 0
38 65 -5 0
38 -7 5 8 0
-38 -65 -7 -5 0
-38 7 5 8 0
-38 -65 -8 0
-38 -7 5 -8 0
39 7 8 -21 0
39 65 7 -8 0
39 65 -21 0
39 -7 8 21 0
-39 -65 -7 -21 0
-39 -7 -8 21 0
-39 -65 -8 0
-39 7 8 21 0
-40 41 43 44 45 0
-40 -41 -43 -44 -45 0
-40 -41 43 -44 45 0
-40 41 -43 44 -45 0
40 41 -44 0
40 -41 44 0
40 43 -45 0
40 -43 45 0
-41 65 5 42 0
-41 -65 -7 -5 42 0
41 -65 5 0
41 65 -5 0
41 -42 0
41 -65 7 0
-42 7 8 0
-42 -7 -8 0
42 -7 8 0
42 7 -8 0
43 66 -14 12 17 0
43 -66 -14 -12 17 0
43 66 14 12 -17 0
-43 14 17 0
-43 -66 -17 0
-43 66 -12 0
-43 -66 12 0
-43 -14 -17 0
-44 65 42 21 0
-44 -65 -7 42 -21 0
44 7 -21 0
44 -65 21 0
44 -42 0
44 65 -21 0
45 66 -27 25 31 0
45 -66 -27 -25 31 0
45 66 27 25 -31 0
-45 27 31 0
-45 -66 -31 0
-45 66 -25 0
-45 -66 25 0
-45 -27 -31 0
-46 -47 48 -49 50 0
-46 47 -48 49 -50 0
-46 47 48 49 50 0
-46 -47 -48 -49 -50 0
46 -47 49 0
46 47 -49 0
46 48 -50 0
46 -48 50 0
47 -65 7 5 0
47 -65 5 -8 0
47 -65 -7 -5 8 0
-47 -5 -8 0
-47 7 -5 0
-47 65 0
-47 -7 5 8 0
48 -66 14 12 0
48 -66 12 17 0
48 -66 -14 -12 -17 0
-48 -12 17 0
-48 14 -12 0
-48 66 0
-48 -14 12 -17 0
49 -65 29 23 0
-49 65 0
-49 -29 0
-49 -23 0
50 -66 27 25 0
50 -66 25 31 0
50 -66 -27 -25 -31 0
-50 -25 31 0
-50 27 -25 0
-50 66 0
-50 -27 25 -31 0
-51 52 -53 54 -55 0
-51 -52 53 -54 55 0
-51 -52 -53 -54 -55 0
-51 52 53 54 55 0
51 52 -54 0
51 -52 54 0
51 -53 55 0
51 53 -55 0
-52 -65 5 0
-52 65 -5 0
-52 8 0
-52 7 5 0
52 -65 -5 -8 0
52 65 -7 5 -8 0
-53 -66 12 0
-53 66 -12 0
-53 -17 0
-53 14 12 0
53 -66 -12 17 0
53 66 -14 12 17 0
-54 7 21 0
-54 65 -21 0
-54 8 0
-54 -65 21 0
54 -65 -8 -21 0
54 65 -7 -8 21 0
-55 -66 25 0
-55 66 -25 0
-55 -31 0
-55 27 25 0
55 -66 -25 31 0
55 66 -27 25 31 0
-73 0
2 0

