c Result of efficient AIG-to-CNF conversion using package CNF
p cnf 78 319
2 -3 49 51 56 0
-2 -56 0
-2 3 0
-2 -51 0
-2 -49 0
3 4 -28 29 -38 0
-3 38 0
-3 -4 0
-3 -29 0
-3 28 0
-4 -5 -14 0
-4 5 14 0
4 5 -14 0
4 -5 14 0
-5 66 6 0
-5 66 10 0
5 -66 0
5 -6 -10 0
-6 -70 7 0
-6 7 9 0
-6 -70 9 0
6 70 -9 0
6 -7 -9 0
6 70 -7 0
-7 73 8 0
-7 74 8 0
7 -8 0
7 -73 -74 0
8 69 -73 0
8 69 -74 0
-8 -69 0
-8 73 74 0
-9 69 -74 0
-9 -69 73 74 0
-9 69 75 0
-9 -73 74 -75 0
9 -69 -74 0
9 -69 -73 75 0
9 69 73 74 -75 0
10 -11 -13 0
-10 11 0
-10 13 0
-11 70 -9 0
-11 -7 9 -12 0
-11 70 12 0
-11 -70 7 9 0
11 -70 -9 0
11 70 7 9 -12 0
11 -70 -7 12 0
-12 73 75 0
-12 69 -73 -75 0
-12 -69 75 0
-12 69 -74 0
12 -69 -75 0
12 73 74 -75 0
12 69 -73 74 75 0
-13 -70 12 0
-13 70 -7 -12 0
-13 70 -9 0
-13 7 12 0
13 -70 -12 0
13 7 9 -12 0
13 70 -7 9 12 0
14 20 -26 0
14 -71 -26 0
14 15 -26 0
-14 26 0
-14 71 -15 -20 0
-15 70 -12 -19 0
-15 -70 -12 19 0
-15 70 16 0
-15 12 -16 19 0
15 -70 12 16 0
15 12 -16 -19 0
15 -70 -19 0
15 70 -12 -16 19 0
16 8 -17 0
-16 -8 0
-16 17 0
17 73 -74 0
17 74 -18 0
-17 -73 -74 0
-17 74 18 0
-18 73 75 0
18 -73 0
18 -75 0
-19 -69 74 -75 0
-19 73 74 75 0
-19 69 -73 0
-19 69 -74 -75 0
19 -69 -73 75 0
19 73 -74 75 0
19 -69 -74 0
19 69 73 74 -75 0
20 -21 -25 0
-20 21 0
-20 25 0
21 -22 23 0
-21 22 0
-21 -23 0
-22 70 75 0
-22 70 -74 0
-22 69 70 0
22 -70 0
22 -69 74 -75 0
-23 24 0
23 -24 0
24 16 -19 0
-24 -16 0
-24 19 0
25 -70 12 0
25 70 -12 16 0
25 12 -16 0
25 70 -19 0
-25 -70 -12 0
-25 -12 -16 19 0
-25 70 12 16 19 0
-26 66 -21 0
-26 66 27 0
26 -66 0
26 21 -27 0
27 -15 25 0
-27 15 0
-27 -25 0
-28 69 73 74 75 0
-28 -69 73 -74 75 0
28 -73 0
28 -69 74 0
28 -75 0
28 69 -74 0
-29 -30 -32 36 0
-29 30 32 36 0
29 -36 0
29 -30 32 0
29 30 -32 0
-30 65 7 0
-30 65 31 0
30 -65 0
30 -7 -31 0
31 -9 -12 0
-31 9 0
-31 12 0
32 33 -34 0
32 -70 -34 0
32 19 -34 0
-32 34 0
-32 70 -19 -33 0
33 12 -16 0
-33 -12 0
-33 16 0
-34 65 -16 0
-34 65 35 0
34 -65 0
34 16 -35 0
35 -12 -19 0
-35 12 0
-35 19 0
36 69 -74 -37 18 0
-36 74 0
-36 37 0
-36 -69 0
-36 -18 0
-37 64 74 0
-37 64 73 0
-37 64 75 0
37 -64 0
37 -73 -74 -75 0
38 -39 -40 -41 -44 0
38 39 40 -41 -44 0
-38 44 0
-38 39 -40 0
-38 41 0
-38 -39 40 0
-39 -6 -11 13 0
-39 71 -6 -13 0
-39 71 -11 0
-39 6 11 13 0
39 -71 6 -11 0
39 -6 11 13 0
39 -71 -13 0
39 6 11 -13 0
-40 21 -15 -25 0
-40 71 21 25 0
-40 71 -15 0
-40 -21 15 -25 0
40 -71 -21 -15 0
40 21 15 -25 0
40 -71 25 0
40 -21 15 25 0
41 42 -43 0
41 -42 43 0
-41 -42 -43 0
-41 42 43 0
-42 -7 -9 12 0
-42 70 -7 -12 0
-42 70 -9 0
-42 7 9 12 0
42 -70 7 -9 0
42 -7 9 12 0
42 -70 -12 0
42 7 9 -12 0
43 70 -12 16 0
43 12 -16 19 0
43 70 -19 0
43 12 16 -19 0
-43 -70 -16 -19 0
-43 12 16 19 0
-43 -70 -12 0
-43 -12 -16 19 0
44 45 -46 47 48 0
44 -45 46 -47 -48 0
44 -45 -46 -47 48 0
44 45 46 47 -48 0
-44 45 -47 0
-44 -45 47 0
-44 -46 -48 0
-44 46 48 0
-45 70 7 9 0
-45 -70 7 -9 0
-45 70 9 12 0
45 -7 -12 0
45 -70 9 0
45 70 -9 0
45 -70 -7 0
-46 71 6 11 0
-46 -71 6 -11 0
-46 71 11 13 0
46 -6 -13 0
46 -71 11 0
46 71 -11 0
46 -71 -6 0
-47 -70 -12 -16 -19 0
-47 70 12 16 19 0
-47 70 -12 -16 19 0
47 12 -16 0
47 -70 16 0
47 70 -19 0
47 -70 19 0
47 -12 16 0
48 71 -21 15 25 0
48 -71 -21 -15 25 0
48 71 21 15 -25 0
-48 21 25 0
-48 -71 -25 0
-48 71 -15 0
-48 -71 15 0
-48 -21 -25 0
-49 4 50 29 0
49 -4 0
49 -50 0
49 -29 0
50 -69 73 74 75 0
-50 -75 0
-50 -74 0
-50 69 0
-50 -73 0
-51 -52 53 -54 55 0
-51 52 -53 54 -55 0
-51 52 53 54 55 0
-51 -52 -53 -54 -55 0
51 -52 54 0
51 52 -54 0
51 53 -55 0
51 -53 55 0
52 -70 9 0
52 -70 7 12 0
-52 70 0
-52 -9 -12 0
-52 -7 -9 0
53 -71 11 0
53 -71 6 13 0
-53 71 0
-53 -11 -13 0
-53 -6 -11 0
54 -70 23 35 0
-54 70 0
-54 -23 0
-54 -35 0
55 -71 21 15 0
55 -71 15 25 0
55 -71 -21 -15 -25 0
-55 -15 25 0
-55 21 -15 0
-55 71 0
-55 -21 15 -25 0
-56 57 -58 59 -60 0
-56 -57 58 -59 60 0
-56 -57 -58 -59 -60 0
-56 57 58 59 60 0
56 57 -59 0
56 -57 59 0
56 -58 60 0
56 58 -60 0
-57 -70 9 0
-57 70 -9 0
-57 12 0
-57 -7 9 0
57 -70 -9 -12 0
57 70 7 9 -12 0
-58 -71 11 0
-58 71 -11 0
-58 13 0
-58 -6 11 0
58 -71 -11 -13 0
58 71 6 11 -13 0
-59 16 19 0
-59 70 -19 0
-59 12 0
-59 -70 19 0
59 -70 -12 -19 0
59 70 -12 -16 19 0
-60 -71 15 0
-60 71 -15 0
-60 -25 0
-60 21 15 0
60 -71 -15 25 0
60 71 -21 15 25 0
-78 0
-2 0

