c Result of efficient AIG-to-CNF conversion using package CNF
p cnf 75 295
2 3 -34 48 53 0
-2 -53 0
-2 -3 0
-2 -48 0
-2 34 0
-3 -4 10 -20 26 0
-3 4 -10 20 -26 0
-3 4 10 20 26 0
-3 -4 -10 -20 -26 0
3 -4 20 0
3 4 -20 0
3 10 -26 0
3 -10 26 0
4 6 -9 0
4 -67 -9 0
4 5 -9 0
-4 9 0
-4 67 -5 -6 0
-5 -66 71 -72 0
-5 70 71 72 0
-5 66 -70 0
-5 66 -71 -72 0
5 -66 -70 72 0
5 70 -71 72 0
5 -66 -71 0
5 66 70 71 -72 0
6 7 -8 0
-6 -7 0
-6 8 0
7 -66 -72 0
7 70 71 -72 0
-7 72 0
-7 66 -70 0
-7 66 -71 0
8 70 71 -72 0
8 -66 70 -71 0
8 -66 -70 71 0
-8 66 -70 0
-8 -70 -71 0
-8 66 -71 0
-8 70 71 72 0
-9 62 -8 0
-9 62 7 0
-9 62 5 0
9 -62 0
9 -7 -5 8 0
10 12 -18 0
10 -68 -18 0
10 11 -18 0
-10 18 0
-10 68 -11 -12 0
-11 67 -7 -5 0
-11 7 5 -8 0
-11 67 8 0
-11 -67 -7 5 0
11 7 -5 -8 0
11 -67 7 8 0
11 -67 -5 0
11 67 -7 5 -8 0
12 13 -15 0
-12 -13 0
-12 15 0
13 -7 -14 0
-13 7 0
-13 14 0
-14 67 8 0
-14 67 -5 0
14 -67 0
14 5 -8 0
15 -14 16 0
-15 14 0
-15 -16 0
-16 17 0
16 -17 0
17 -5 8 0
-17 5 0
-17 -8 0
-18 63 -15 0
-18 63 19 0
18 -63 0
18 15 -19 0
19 -13 -11 0
-19 13 0
-19 11 0
20 21 -24 0
20 -67 -24 0
20 5 -24 0
-20 24 0
-20 67 -5 -21 0
21 -8 22 0
-21 8 0
-21 -22 0
-22 7 23 0
-22 -66 7 0
22 -7 0
22 66 -23 0
23 -70 71 72 0
-23 70 0
-23 -72 0
-23 -71 0
-24 62 -8 0
-24 62 25 0
24 -62 0
24 8 -25 0
25 -5 -22 0
-25 5 0
-25 22 0
26 28 -32 0
26 -68 -32 0
26 27 -32 0
-26 32 0
-26 68 -27 -28 0
-27 67 -5 -22 0
-27 -67 5 -22 0
-27 67 8 0
-27 5 -8 22 0
27 -67 8 22 0
27 -5 -8 22 0
27 -67 -5 0
27 67 5 -8 -22 0
28 -29 -31 0
-28 29 0
-28 31 0
29 -14 30 0
-29 14 0
-29 -30 0
-30 17 0
30 -17 0
31 -8 22 0
31 67 8 -22 0
31 -67 22 0
31 67 -5 0
-31 -67 -22 0
-31 5 -8 -22 0
-31 67 5 8 22 0
-32 63 -29 0
-32 63 33 0
32 -63 0
32 29 -33 0
33 -27 31 0
-33 27 0
-33 -31 0
34 35 -36 -41 0
-34 41 0
-34 36 0
-34 -35 0
35 -70 71 72 0
-35 70 0
-35 -72 0
-35 -71 0
36 37 -38 39 40 0
36 -37 38 -39 -40 0
36 -37 -38 -39 40 0
36 37 38 39 -40 0
-36 37 -39 0
-36 -37 39 0
-36 -38 -40 0
-36 38 40 0
-37 67 -7 5 -8 0
-37 67 7 5 8 0
-37 -67 -7 -5 -8 0
37 7 -8 0
37 -67 8 0
37 67 -5 0
37 -67 5 0
37 -7 8 0
-38 68 -13 11 -15 0
-38 68 13 11 15 0
-38 -68 -13 -11 -15 0
38 13 -15 0
38 -68 15 0
38 68 -11 0
38 -68 11 0
38 -13 15 0
-39 -67 -5 -8 -22 0
-39 67 5 8 22 0
-39 67 5 -8 -22 0
39 -67 8 0
39 67 -5 0
39 -8 22 0
39 -67 5 0
39 8 -22 0
40 68 -29 27 31 0
40 -68 -29 -27 31 0
40 68 29 27 -31 0
-40 29 31 0
-40 -68 -31 0
-40 68 -27 0
-40 -68 27 0
-40 -29 -31 0
41 42 -45 -46 -47 0
41 -42 45 46 47 0
41 -42 -45 46 -47 0
41 42 45 -46 47 0
-41 42 46 0
-41 -42 -46 0
-41 -45 47 0
-41 45 -47 0
-42 13 43 0
42 -13 0
42 -43 0
43 -8 -44 0
-43 8 0
-43 44 0
44 -67 -5 0
-44 67 0
-44 5 0
-45 13 11 0
-45 68 15 0
-45 13 15 0
-45 68 -11 0
45 -68 -13 0
45 -68 -11 -15 0
45 -13 11 -15 0
46 -5 8 22 0
46 67 8 -22 0
46 67 -5 0
46 5 -8 22 0
-46 -67 -5 -8 0
-46 5 8 22 0
-46 -67 -22 0
-46 5 -8 -22 0
-47 29 -27 -31 0
-47 68 29 31 0
-47 68 -27 0
-47 -29 27 -31 0
47 -68 -29 -27 0
47 29 27 -31 0
47 -68 31 0
47 -29 27 31 0
-48 -49 50 -51 52 0
-48 49 -50 51 -52 0
-48 49 50 51 52 0
-48 -49 -50 -51 -52 0
48 -49 51 0
48 49 -51 0
48 50 -52 0
48 -50 52 0
49 -67 7 16 0
49 -67 5 16 0
-49 -16 0
-49 67 0
-49 -7 -5 0
50 -68 11 15 0
50 -68 -13 11 0
50 -68 13 -11 -15 0
-50 -13 -11 0
-50 -11 15 0
-50 68 0
-50 13 11 -15 0
51 -67 30 25 0
-51 67 0
-51 -30 0
-51 -25 0
52 -68 29 27 0
52 -68 27 31 0
52 -68 -29 -27 -31 0
-52 -27 31 0
-52 29 -27 0
-52 68 0
-52 -29 27 -31 0
-53 54 -55 56 -57 0
-53 -54 55 -56 57 0
-53 -54 -55 -56 -57 0
-53 54 55 56 57 0
53 54 -56 0
53 -54 56 0
53 -55 57 0
53 55 -57 0
-54 -67 5 0
-54 67 -5 0
-54 7 0
-54 5 8 0
54 -67 -7 -5 0
54 67 -7 5 -8 0
-55 -68 11 0
-55 68 -11 0
-55 13 0
-55 11 15 0
55 -68 -13 -11 0
55 68 -13 11 -15 0
-56 5 8 0
-56 67 -5 0
-56 22 0
-56 -67 5 0
56 -67 -5 -22 0
56 67 5 -8 -22 0
-57 -68 27 0
-57 68 -27 0
-57 -31 0
-57 29 27 0
57 -68 -27 31 0
57 68 -29 27 31 0
-75 0
-2 0

