c Result of efficient AIG-to-CNF conversion using package CNF
p cnf 82 326
2 3 15 36 -52 0
-2 52 0
-2 -3 0
-2 -36 0
-2 -15 0
-3 -4 -11 0
-3 4 11 0
3 4 -11 0
3 -4 11 0
4 6 -9 0
4 -74 -9 0
4 5 -9 0
-4 9 0
-4 74 -5 -6 0
-5 73 -77 79 0
-5 77 78 79 0
-5 -73 78 -79 0
-5 73 -78 -79 0
5 73 78 -79 0
5 -73 -77 79 0
5 -73 -78 0
5 77 -78 79 0
6 7 -8 0
-6 -7 0
-6 8 0
-7 77 79 0
-7 73 -77 -79 0
-7 -73 79 0
-7 73 -78 0
7 -73 -79 0
7 77 78 -79 0
7 73 -77 78 79 0
8 77 78 -79 0
8 -73 77 -78 0
8 -73 -77 78 0
-8 73 -77 0
-8 -77 -78 0
-8 73 -78 0
-8 77 78 79 0
-9 69 -8 0
-9 69 10 0
9 -69 0
9 8 -10 0
10 -5 -7 0
-10 5 0
-10 7 0
11 6 -13 0
11 -74 -13 0
11 12 -13 0
-11 13 0
-11 74 -6 -12 0
-12 -73 78 -79 0
-12 77 78 79 0
-12 73 -77 0
-12 73 -78 -79 0
12 -73 -77 79 0
12 77 -78 79 0
12 -73 -78 0
12 73 77 78 -79 0
-13 69 -8 0
-13 69 14 0
13 -69 0
13 8 -14 0
14 -7 -12 0
-14 7 0
-14 12 0
-15 -16 -26 0
-15 16 26 0
15 16 -26 0
15 -16 26 0
16 18 -24 0
16 -75 -24 0
16 17 -24 0
-16 24 0
-16 75 -17 -18 0
-17 74 7 8 0
-17 74 -5 -7 0
-17 -74 5 -7 0
-17 5 7 -8 0
17 74 5 -7 0
17 -74 7 8 0
17 -74 -5 0
17 -5 7 -8 0
18 -19 -20 0
-18 19 0
-18 20 0
19 -74 7 0
19 74 -7 8 0
19 74 -5 0
19 7 -8 0
-19 -74 -7 0
-19 74 5 7 8 0
-19 5 -7 -8 0
20 -21 22 0
-20 21 0
-20 -22 0
-21 74 79 0
-21 74 -78 0
-21 73 74 0
21 -74 0
21 -73 78 -79 0
-22 23 0
22 -23 0
23 -5 8 0
-23 5 0
-23 -8 0
-24 70 -20 0
-24 70 25 0
24 -70 0
24 20 -25 0
25 -17 19 0
-25 17 0
-25 -19 0
26 28 -34 0
26 -75 -34 0
26 27 -34 0
-26 34 0
-26 75 -27 -28 0
-27 74 -7 -12 0
-27 -74 -7 12 0
-27 74 8 0
-27 7 -8 12 0
27 -74 7 8 0
27 7 -8 -12 0
27 -74 -12 0
27 74 -7 -8 12 0
28 -29 -33 0
-28 29 0
-28 33 0
29 -30 31 0
-29 30 0
-29 -31 0
-30 74 79 0
-30 74 -78 0
-30 73 74 0
30 -74 0
30 -73 78 -79 0
-31 32 0
31 -32 0
32 8 -12 0
-32 -8 0
-32 12 0
33 -74 7 0
33 74 -7 8 0
33 7 -8 0
33 74 -12 0
-33 -74 -7 0
-33 -7 -8 12 0
-33 74 7 8 12 0
-34 70 -29 0
-34 70 35 0
34 -70 0
34 29 -35 0
35 -27 33 0
-35 27 0
-35 -33 0
-36 3 37 39 45 0
36 -45 0
36 -3 0
36 -39 0
36 -37 0
-37 15 38 0
37 -15 0
37 -38 0
38 -73 -77 -78 79 0
-38 78 0
-38 -79 0
-38 73 0
-38 77 0
-39 40 42 43 44 0
-39 -40 -42 -43 -44 0
-39 -40 42 -43 44 0
-39 40 -42 43 -44 0
39 40 -43 0
39 -40 43 0
39 42 -44 0
39 -42 44 0
-40 74 5 41 0
-40 -74 -5 41 0
40 -41 0
40 74 -5 0
40 -74 5 0
-41 -7 -8 0
-41 7 8 0
41 7 -8 0
41 -7 8 0
42 -75 -17 -19 20 0
42 75 17 19 -20 0
42 -75 -17 19 -20 0
42 75 17 -19 20 0
-42 -75 17 0
-42 75 -17 0
-42 19 20 0
-42 -19 -20 0
-43 -74 -7 -8 -12 0
-43 74 7 8 12 0
-43 74 -7 -8 12 0
43 7 -8 0
43 -74 8 0
43 74 -12 0
43 -74 12 0
43 -7 8 0
44 75 -29 27 33 0
44 -75 -29 -27 33 0
44 75 29 27 -33 0
-44 29 33 0
-44 -75 -33 0
-44 75 -27 0
-44 -75 27 0
-44 -29 -33 0
-45 -46 -47 48 49 0
-45 46 47 48 49 0
45 -48 0
45 -46 47 0
45 -49 0
45 46 -47 0
-46 75 -17 0
-46 17 -19 -20 0
-46 75 19 20 0
46 -75 -17 0
46 17 -19 20 0
46 -75 20 0
46 17 19 -20 0
-47 29 -27 -33 0
-47 75 29 33 0
-47 75 -27 0
-47 -29 27 -33 0
47 -75 -29 -27 0
47 29 27 -33 0
47 -75 33 0
47 -29 27 33 0
48 -73 -77 -78 79 0
-48 78 0
-48 -79 0
-48 73 0
-48 77 0
-49 -50 -51 0
-49 50 51 0
49 50 -51 0
49 -50 51 0
50 74 -5 0
50 5 7 -8 0
50 74 -7 8 0
-50 -74 -5 0
-50 5 7 8 0
-50 -74 8 0
-50 5 -7 -8 0
51 74 -7 8 0
51 7 -8 12 0
51 74 -12 0
51 7 8 -12 0
-51 -74 -8 -12 0
-51 7 8 12 0
-51 -74 -7 0
-51 -7 -8 12 0
52 53 54 55 -58 0
52 -53 -54 55 -58 0
-52 58 0
-52 -53 54 0
-52 -55 0
-52 53 -54 0
53 -74 22 10 0
-53 74 0
-53 -22 0
-53 -10 0
54 -74 31 14 0
-54 74 0
-54 -31 0
-54 -14 0
-55 -56 -57 0
-55 56 57 0
55 56 -57 0
55 -56 57 0
56 -75 17 20 0
56 -75 17 19 0
56 -75 -17 -19 -20 0
-56 -17 20 0
-56 -17 19 0
-56 75 0
-56 17 -19 -20 0
57 -75 29 27 0
57 -75 27 33 0
57 -75 -29 -27 -33 0
-57 -27 33 0
-57 29 -27 0
-57 75 0
-57 -29 27 -33 0
58 59 -60 61 62 0
58 -59 60 61 62 0
-58 -61 0
-58 59 60 0
-58 -62 0
-58 -59 -60 0
59 -19 0
59 75 -17 0
59 -75 17 0
-59 75 17 19 0
-59 -75 -17 19 0
-60 -75 27 0
-60 75 -27 0
-60 -33 0
-60 29 27 0
60 -75 -27 33 0
60 75 -29 27 33 0
61 73 -77 78 -79 0
-61 77 0
-61 -78 0
-61 -73 0
-61 79 0
-62 63 64 0
-62 -63 -64 0
62 -63 64 0
62 63 -64 0
-63 7 0
-63 74 -5 0
-63 -74 5 0
63 74 5 -7 0
63 -74 -5 -7 0
-64 8 12 0
-64 74 -12 0
-64 7 0
-64 -74 12 0
64 -74 -7 -12 0
64 74 -7 -8 12 0
-82 0
-2 0

