c Result of efficient AIG-to-CNF conversion using package CNF
p cnf 91 342
2 3 -23 58 60 0
-2 -60 0
-2 -3 0
-2 -58 0
-2 23 0
-3 -4 -14 0
-3 4 14 0
3 4 -14 0
3 -4 14 0
4 -8 -12 0
4 -83 -12 0
4 5 -12 0
-4 12 0
-4 83 -5 8 0
-5 6 7 0
5 -6 0
5 -7 0
6 -82 -87 0
-6 82 0
-6 87 0
-7 -88 0
-7 82 -86 0
-7 86 87 0
7 -82 -86 88 0
7 86 -87 88 0
-8 9 11 0
8 -9 0
8 -11 0
9 -88 10 0
-9 88 0
-9 -10 0
10 82 -86 0
10 82 -87 0
-10 -82 0
-10 86 87 0
-11 86 10 0
-11 87 10 0
11 -10 0
11 -86 -87 0
-12 78 11 0
-12 78 13 0
12 -78 0
12 -11 -13 0
13 -82 -87 -88 0
-13 82 0
-13 87 0
-13 88 0
14 16 -21 0
14 -83 -21 0
14 15 -21 0
-14 21 0
-14 83 -15 -16 0
-15 -82 87 -88 0
-15 86 87 88 0
-15 82 -86 0
-15 82 -87 -88 0
15 -82 -86 88 0
15 86 -87 88 0
15 -82 -87 0
15 82 86 87 -88 0
16 -17 19 0
-16 17 0
-16 -19 0
17 10 -18 0
-17 -10 0
-17 18 0
18 86 -87 0
18 -86 87 0
18 87 -88 0
-18 -86 -87 0
-18 86 87 88 0
-19 9 20 0
-19 -82 9 0
19 -9 0
19 82 -20 0
20 -86 87 88 0
-20 86 0
-20 -88 0
-20 -87 0
-21 78 -17 0
-21 78 22 0
21 -78 0
21 17 -22 0
22 -15 -19 0
-22 15 0
-22 19 0
23 3 24 -45 -50 0
-23 50 0
-23 -3 0
-23 45 0
-23 -24 0
-24 25 44 0
24 -25 0
24 -44 0
-25 -26 -34 0
-25 26 34 0
25 26 -34 0
25 -26 34 0
26 -28 -32 0
26 -84 -32 0
26 27 -32 0
-26 32 0
-26 84 -27 28 0
-27 -9 5 0
-27 83 -11 0
-27 83 -9 0
-27 5 11 0
27 -83 -5 0
27 9 -5 11 0
27 -83 9 -11 0
-28 29 31 0
28 -29 0
28 -31 0
29 -9 30 0
-29 9 0
-29 -30 0
30 83 -11 0
30 83 -5 0
-30 -83 0
-30 5 11 0
-31 -83 5 0
-31 5 11 0
-31 -83 11 0
31 83 -11 0
31 -5 -11 0
31 83 -5 0
-32 79 31 0
-32 79 33 0
32 -79 0
32 -31 -33 0
33 -83 -9 -5 0
-33 83 0
-33 9 0
-33 5 0
34 36 -42 0
34 -84 -42 0
34 35 -42 0
-34 42 0
-34 84 -35 -36 0
-35 -83 15 -19 0
-35 83 -15 -19 0
-35 83 17 0
-35 -17 15 19 0
35 -83 17 19 0
35 -17 -15 19 0
35 -83 -15 0
35 83 -17 15 -19 0
36 -37 -41 0
-36 37 0
-36 41 0
37 -38 39 0
-37 38 0
-37 -39 0
-38 83 88 0
-38 83 -87 0
-38 82 83 0
38 -83 0
38 -82 87 -88 0
-39 40 0
39 -40 0
40 17 -15 0
-40 -17 0
-40 15 0
41 -83 19 0
41 83 17 -19 0
41 83 -15 0
41 -17 19 0
-41 -83 -19 0
-41 -17 15 -19 0
-41 83 17 15 19 0
-42 79 -37 0
-42 79 43 0
42 -79 0
42 37 -43 0
43 -35 41 0
-43 35 0
-43 -41 0
44 -82 86 87 -88 0
44 -82 -86 87 88 0
-44 -87 0
-44 -86 -88 0
-44 82 0
-44 86 88 0
45 -46 47 48 49 0
45 46 -47 -48 -49 0
45 46 47 -48 49 0
45 -46 -47 48 -49 0
-45 -46 -48 0
-45 46 48 0
-45 47 -49 0
-45 -47 49 0
46 -83 -9 11 0
46 9 5 -11 0
46 -9 5 11 0
-46 9 11 0
-46 83 -5 0
-46 9 -5 0
-46 -9 -11 0
47 -84 -29 31 0
47 29 27 -31 0
47 -29 27 31 0
-47 29 31 0
-47 84 -27 0
-47 29 -27 0
-47 -29 -31 0
-48 83 -17 15 -19 0
-48 -83 -17 -15 -19 0
-48 83 17 15 19 0
48 17 -19 0
48 -83 19 0
48 83 -15 0
48 -83 15 0
48 -17 19 0
49 84 -37 35 41 0
49 -84 -37 -35 41 0
49 84 37 35 -41 0
-49 37 41 0
-49 -84 -41 0
-49 84 -35 0
-49 -84 35 0
-49 -37 -41 0
50 -51 53 54 55 0
50 51 -53 54 55 0
-50 -54 0
-50 -51 -53 0
-50 -55 0
-50 51 53 0
-51 29 52 0
-51 -11 29 0
51 -29 0
51 11 -52 0
52 -83 -5 0
-52 83 0
-52 5 0
53 17 -15 19 0
53 83 17 -19 0
53 83 -15 0
53 -17 15 19 0
-53 -83 -17 -15 0
-53 17 15 19 0
-53 -83 -19 0
-53 -17 15 -19 0
54 -86 87 88 0
-54 86 0
-54 -88 0
-54 -87 0
-55 56 57 0
-55 -56 -57 0
55 -56 57 0
55 56 -57 0
-56 29 27 0
-56 84 -31 0
-56 29 -31 0
-56 84 -27 0
56 -84 -29 0
56 -84 -27 31 0
56 -29 27 31 0
-57 37 -35 -41 0
-57 84 37 41 0
-57 84 -35 0
-57 -37 35 -41 0
57 -84 -37 -35 0
57 37 35 -41 0
57 -84 41 0
57 -37 35 41 0
-58 25 59 0
58 -25 0
58 -59 0
59 -82 86 87 88 0
-59 -88 0
-59 -87 0
-59 82 0
-59 -86 0
-60 61 62 63 66 0
-60 -61 -62 63 66 0
60 -66 0
60 -61 62 0
60 -63 0
60 61 -62 0
61 -83 5 0
61 -83 9 11 0
-61 83 0
-61 -9 -5 0
-61 -5 -11 0
62 -83 39 22 0
-62 83 0
-62 -39 0
-62 -22 0
-63 -64 -65 0
-63 64 65 0
63 64 -65 0
63 -64 65 0
64 -84 27 0
64 -84 29 31 0
-64 84 0
-64 -29 -27 0
-64 -27 -31 0
65 -84 37 35 0
65 -84 35 41 0
65 -84 -37 -35 -41 0
-65 -35 41 0
-65 37 -35 0
-65 84 0
-65 -37 35 -41 0
-66 -67 -68 69 70 0
-66 67 68 69 70 0
66 -70 0
66 67 -68 0
66 -69 0
66 -67 68 0
67 -9 -52 0
-67 9 0
-67 52 0
-68 -83 15 0
-68 83 -15 0
-68 19 0
-68 17 15 0
68 -83 -15 -19 0
68 83 -17 15 -19 0
69 82 86 87 -88 0
-69 88 0
-69 -87 0
-69 -82 0
-69 -86 0
-70 71 73 0
-70 -71 -73 0
70 -71 73 0
70 71 -73 0
71 -29 -72 0
-71 29 0
-71 72 0
72 -84 -27 0
-72 84 0
-72 27 0
-73 -84 35 0
-73 84 -35 0
-73 -41 0
-73 37 35 0
73 -84 -35 41 0
73 84 -37 35 41 0
-91 0
-2 0

