c Result of efficient AIG-to-CNF conversion using package CNF
p cnf 76 290
-2 3 36 47 52 0
2 -52 0
2 -3 0
2 -47 0
2 -36 0
-3 -4 9 -21 27 0
-3 4 -9 21 -27 0
-3 4 9 21 27 0
-3 -4 -9 -21 -27 0
3 -4 21 0
3 4 -21 0
3 9 -27 0
3 -9 27 0
4 -63 -68 0
4 -63 6 0
4 -63 5 0
-4 63 0
-4 68 -5 -6 0
-5 -67 72 -73 0
-5 71 72 73 0
-5 67 -71 0
-5 67 -72 -73 0
5 -67 -71 73 0
5 71 -72 73 0
5 -67 -72 0
5 67 71 72 -73 0
6 -7 8 0
-6 7 0
-6 -8 0
7 71 72 -73 0
7 -67 71 -72 0
7 -67 -71 72 0
-7 67 -71 0
-7 -71 -72 0
-7 67 -72 0
-7 71 72 73 0
8 67 -71 72 73 0
-8 71 0
-8 -73 0
-8 -67 0
-8 -72 0
9 13 -19 0
9 -69 -19 0
9 10 -19 0
-9 19 0
-9 69 -10 -13 0
-10 11 12 0
10 -11 0
10 -12 0
11 -68 -5 0
-11 68 0
-11 5 0
-12 -8 0
-12 -7 5 0
-12 68 7 0
12 -68 7 8 0
12 -7 -5 8 0
13 -14 -17 0
-13 14 0
-13 17 0
14 -15 16 0
-14 15 0
-14 -16 0
-15 68 -5 0
-15 68 7 0
15 -68 0
15 -7 5 0
-16 5 6 0
-16 -7 -5 0
16 5 -6 0
16 7 -5 0
-17 68 18 0
17 -68 0
17 -18 0
-18 7 5 8 0
18 -7 0
18 -5 0
18 -8 0
-19 64 -14 0
-19 64 20 0
19 -64 0
19 14 -20 0
20 -10 17 0
-20 10 0
-20 -17 0
21 22 -25 0
21 -68 -25 0
21 5 -25 0
-21 25 0
-21 68 -5 -22 0
22 -7 23 0
-22 7 0
-22 -23 0
-23 -24 8 0
-23 73 8 0
23 -8 0
23 -73 24 0
24 67 -71 0
24 67 -72 0
-24 -67 0
-24 71 72 0
-25 63 -7 0
-25 63 26 0
25 -63 0
25 7 -26 0
26 -5 -23 0
-26 5 0
-26 23 0
27 29 -34 0
27 -69 -34 0
27 28 -34 0
-27 34 0
-27 69 -28 -29 0
-28 -68 5 -23 0
-28 68 -5 -23 0
-28 68 7 0
-28 -7 5 23 0
28 -68 7 23 0
28 -7 -5 23 0
28 -68 -5 0
28 68 -7 5 -23 0
29 -30 -33 0
-29 30 0
-29 33 0
30 -15 31 0
-30 15 0
-30 -31 0
-31 32 0
31 -32 0
32 7 -5 0
-32 -7 0
-32 5 0
33 -68 23 0
33 68 7 -23 0
33 68 -5 0
33 -7 23 0
-33 -68 -23 0
-33 -7 5 -23 0
-33 68 7 5 23 0
-34 64 -30 0
-34 64 35 0
34 -64 0
34 30 -35 0
35 -28 33 0
-35 28 0
-35 -33 0
-36 -37 -38 39 42 0
-36 37 38 39 42 0
36 -42 0
36 37 -38 0
36 -39 0
36 -37 38 0
-37 69 14 17 0
-37 14 -10 -17 0
-37 69 -10 0
-37 -14 10 -17 0
37 14 10 -17 0
37 -69 -14 -10 0
37 -69 17 0
37 -14 10 17 0
-38 30 -28 -33 0
-38 69 30 33 0
-38 69 -28 0
-38 -30 28 -33 0
38 -69 -30 -28 0
38 30 28 -33 0
38 -69 33 0
38 -30 28 33 0
-39 -40 -41 0
-39 40 41 0
39 40 -41 0
39 -40 41 0
40 68 7 -8 0
40 7 -5 8 0
40 68 -5 0
40 -7 5 8 0
-40 7 5 8 0
-40 -68 -7 -5 0
-40 -68 -8 0
-40 -7 5 -8 0
41 7 -5 23 0
41 68 7 -23 0
41 68 -5 0
41 -7 5 23 0
-41 -68 -7 -5 0
-41 7 5 23 0
-41 -68 -23 0
-41 -7 5 -23 0
-42 43 44 45 46 0
-42 -43 -44 -45 -46 0
-42 -43 44 -45 46 0
-42 43 -44 45 -46 0
42 43 -45 0
42 -43 45 0
42 44 -46 0
42 -44 46 0
-43 68 -7 5 -8 0
-43 68 7 5 8 0
-43 -68 -7 -5 -8 0
43 7 -8 0
43 -68 8 0
43 68 -5 0
43 -68 5 0
43 -7 8 0
44 69 -14 10 17 0
44 69 14 10 -17 0
44 -69 -14 -10 17 0
-44 14 17 0
-44 -69 -17 0
-44 69 -10 0
-44 -69 10 0
-44 -14 -17 0
-45 68 -7 5 -23 0
-45 -68 -7 -5 -23 0
-45 68 7 5 23 0
45 7 -23 0
45 -68 23 0
45 68 -5 0
45 -68 5 0
45 -7 23 0
46 69 -30 28 33 0
46 -69 -30 -28 33 0
46 69 30 28 -33 0
-46 30 33 0
-46 -69 -33 0
-46 69 -28 0
-46 -69 28 0
-46 -30 -33 0
-47 -48 49 -50 51 0
-47 48 -49 50 -51 0
-47 48 49 50 51 0
-47 -48 -49 -50 -51 0
47 -48 50 0
47 48 -50 0
47 49 -51 0
47 -49 51 0
48 -68 16 0
-48 68 0
-48 -16 0
49 -69 14 10 0
49 -69 10 17 0
49 -69 -14 -10 -17 0
-49 -10 17 0
-49 14 -10 0
-49 69 0
-49 -14 10 -17 0
50 -68 31 26 0
-50 68 0
-50 -31 0
-50 -26 0
51 -69 30 28 0
51 -69 28 33 0
51 -69 -30 -28 -33 0
-51 -28 33 0
-51 30 -28 0
-51 69 0
-51 -30 28 -33 0
-52 53 -55 57 -58 0
-52 -53 55 -57 58 0
-52 -53 -55 -57 -58 0
-52 53 55 57 58 0
52 53 -57 0
52 -53 57 0
52 -55 58 0
52 55 -58 0
-53 54 0
53 -54 0
54 -11 -8 0
-54 11 0
-54 8 0
-55 56 0
55 -56 0
56 -69 -10 17 0
-56 69 0
-56 10 0
-56 -17 0
-57 -68 5 0
-57 68 -5 0
-57 23 0
-57 7 5 0
57 -68 -5 -23 0
57 68 -7 5 -23 0
-58 -69 28 0
-58 69 -28 0
-58 -33 0
-58 30 28 0
58 -69 -28 33 0
58 69 -30 28 33 0
-76 0
2 0

