c Result of efficient AIG-to-CNF conversion using package CNF
p cnf 40 105
-2 3 6 13 0
2 -3 0
2 -13 0
2 -6 0
3 26 -35 -4 5 0
-3 -26 0
-3 -5 0
-3 4 0
-3 35 0
4 -36 -37 0
-4 36 0
-4 37 0
5 31 35 -36 37 0
-5 -31 0
-5 -37 0
-5 36 0
-5 -35 0
6 27 7 -12 0
-6 12 0
-6 -7 0
-6 -27 0
7 32 -8 -9 0
-7 9 0
-7 8 0
-7 -32 0
-8 -31 36 -37 0
-8 35 36 37 0
-8 31 -35 0
-8 31 -36 -37 0
8 -31 -35 37 0
8 35 -36 37 0
8 -31 -36 0
8 31 35 36 -37 0
9 -10 11 0
-9 10 0
-9 -11 0
10 35 36 -37 0
10 -31 35 -36 0
10 -31 -35 36 0
-10 31 -35 0
-10 -35 -36 0
-10 31 -36 0
-10 35 36 37 0
-11 35 37 0
-11 31 -35 -37 0
-11 -31 37 0
-11 31 -36 0
11 -31 -37 0
11 35 36 -37 0
11 31 -35 36 37 0
12 -31 -35 -36 -37 0
-12 37 0
-12 31 0
-12 36 0
-12 35 0
13 14 -21 0
-13 -14 0
-13 21 0
14 -28 15 0
-14 28 0
-14 -15 0
15 33 -16 -19 -20 0
-15 16 0
-15 19 0
-15 -33 0
-15 20 0
16 -17 18 0
-16 17 0
-16 -18 0
-17 32 37 0
-17 32 -36 0
-17 31 32 0
17 -32 0
17 -31 36 -37 0
18 10 -8 0
-18 -10 0
-18 8 0
-19 -32 8 -11 0
-19 32 -8 -11 0
-19 32 10 0
-19 -10 8 11 0
19 -32 10 11 0
19 -10 -8 11 0
19 -32 -8 0
19 32 -10 8 -11 0
20 -32 11 0
20 32 10 -11 0
20 32 -8 0
20 -10 11 0
-20 -32 -11 0
-20 -10 8 -11 0
-20 32 10 8 11 0
21 -28 15 0
21 16 -22 15 0
-21 -15 0
-21 28 -16 0
-21 28 22 0
22 -32 -8 -11 0
22 32 -10 8 -11 0
-22 -32 8 0
-22 32 -8 0
-22 11 0
-22 10 8 0
-40 0
2 0

