c Result of efficient AIG-to-CNF conversion using package CNF
p cnf 33 73
-2 3 4 8 0
2 -3 0
2 -8 0
2 -4 0
3 -24 -28 -30 0
3 28 29 -30 0
-3 30 0
-3 24 -28 0
-3 28 -29 0
4 -25 5 -6 0
4 -5 -6 7 0
-4 6 0
-4 -5 -7 0
-4 25 5 0
5 28 29 -30 0
5 -24 28 -29 0
5 -24 -28 29 0
-5 24 -28 0
-5 -28 -29 0
-5 24 -29 0
-5 28 29 30 0
-6 28 30 0
-6 24 -28 -30 0
-6 -24 30 0
-6 24 -29 0
6 -24 -30 0
6 28 29 -30 0
6 24 -28 29 30 0
-7 -24 29 -30 0
-7 28 29 30 0
-7 24 -28 0
-7 24 -29 -30 0
7 -24 -28 30 0
7 28 -29 30 0
7 -24 -29 0
7 24 28 29 -30 0
8 -26 9 12 0
8 -9 12 15 0
-8 -12 0
-8 -9 -15 0
-8 26 9 0
9 10 -11 0
-9 -10 0
-9 11 0
10 5 -7 0
-10 -5 0
-10 7 0
-11 25 30 0
-11 25 -29 0
-11 24 25 0
11 -25 0
11 -24 29 -30 0
12 -25 14 0
12 -13 14 0
-12 -14 0
-12 25 13 0
-13 5 6 7 0
13 -7 0
13 -6 0
13 -5 0
14 -6 -11 0
-14 6 0
-14 11 0
-15 -25 -6 7 0
-15 25 -6 -7 0
-15 25 5 0
-15 -5 6 7 0
15 -25 5 6 0
15 -5 6 -7 0
15 -25 -7 0
15 25 -5 -6 7 0
-33 0
2 0

