c Result of efficient AIG-to-CNF conversion using package CNF
p cnf 37 97
2 -27 3 6 12 0
-2 -12 0
-2 -6 0
-2 27 0
-2 -3 0
3 33 -5 0
3 -28 -5 0
3 -4 -5 0
-3 5 0
-3 28 -33 4 0
-4 32 34 0
4 -32 0
4 -34 0
-5 23 33 0
-5 23 32 0
-5 23 34 0
5 -23 0
5 -32 -33 -34 0
6 8 -11 0
6 -29 -11 0
6 7 -11 0
-6 11 0
-6 29 -7 -8 0
-7 -28 33 -34 0
-7 32 33 34 0
-7 28 -32 0
-7 28 -33 -34 0
7 -28 -32 34 0
7 32 -33 34 0
7 -28 -33 0
7 28 32 33 -34 0
8 -9 10 0
-8 9 0
-8 -10 0
9 32 33 -34 0
9 -28 32 -33 0
9 -28 -32 33 0
-9 28 -32 0
-9 -32 -33 0
-9 28 -33 0
-9 32 33 34 0
-10 32 34 0
-10 28 -32 -34 0
-10 -28 34 0
-10 28 -33 0
10 -28 -34 0
10 32 33 -34 0
10 28 -32 33 34 0
-11 24 10 0
-11 24 7 0
-11 24 -9 0
11 -24 0
11 9 -7 -10 0
12 -25 17 0
12 13 -16 17 0
-12 -17 0
-12 25 -13 0
-12 25 16 0
13 -14 15 0
-13 14 0
-13 -15 0
-14 29 34 0
-14 29 -33 0
-14 28 29 0
14 -29 0
14 -28 33 -34 0
15 9 -7 0
-15 -9 0
-15 7 0
16 -29 -7 -10 0
16 29 -9 7 -10 0
-16 -29 7 0
-16 29 -7 0
-16 10 0
-16 9 7 0
17 30 -13 -18 -19 0
-17 13 0
-17 18 0
-17 -30 0
-17 19 0
-18 -29 7 -10 0
-18 29 -7 -10 0
-18 29 9 0
-18 -9 7 10 0
18 -29 9 10 0
18 -9 -7 10 0
18 -29 -7 0
18 29 -9 7 -10 0
19 -29 10 0
19 29 9 -10 0
19 29 -7 0
19 -9 10 0
-19 -29 -10 0
-19 -9 7 -10 0
-19 29 9 7 10 0
-37 0
-2 0

