c Result of efficient AIG-to-CNF conversion using package CNF
p cnf 31 69
-2 3 4 8 0
2 -3 0
2 -8 0
2 -4 0
3 -22 26 -27 28 0
-3 27 0
-3 -28 0
-3 22 0
-3 -26 0
4 -23 5 -6 -7 0
-4 7 0
-4 23 0
-4 -5 0
-4 6 0
-5 26 28 0
-5 22 -26 -28 0
-5 -22 28 0
-5 22 -27 0
5 -22 -28 0
5 26 27 -28 0
5 22 -26 27 28 0
-6 -22 27 -28 0
-6 26 27 28 0
-6 22 -26 0
-6 22 -27 -28 0
6 -22 -26 28 0
6 26 -27 28 0
6 -22 -27 0
6 22 26 27 -28 0
7 26 27 -28 0
7 -22 26 -27 0
7 -22 -26 27 0
-7 22 -26 0
-7 -26 -27 0
-7 22 -27 0
-7 26 27 28 0
8 -24 -9 -10 -11 0
-8 11 0
-8 24 0
-8 9 0
-8 10 0
9 -23 5 0
9 23 -5 7 0
9 23 -6 0
9 5 -7 0
-9 -23 -5 0
-9 -5 6 -7 0
-9 23 5 6 7 0
-10 -23 -5 6 0
-10 23 -5 -6 0
-10 23 7 0
-10 5 6 -7 0
10 -23 5 7 0
10 5 -6 -7 0
10 -23 -6 0
10 23 -5 6 -7 0
11 -12 13 0
-11 12 0
-11 -13 0
-12 23 28 0
-12 23 -27 0
-12 22 23 0
12 -23 0
12 -22 27 -28 0
13 -6 7 0
-13 6 0
-13 -7 0
-31 0
2 0

