c Result of efficient AIG-to-CNF conversion using package CNF
p cnf 77 313
2 3 -37 50 55 0
-2 -55 0
-2 -3 0
-2 -50 0
-2 37 0
-3 -4 11 -21 27 0
-3 4 -11 21 -27 0
-3 4 11 21 27 0
-3 -4 -11 -21 -27 0
3 -4 21 0
3 4 -21 0
3 11 -27 0
3 -11 27 0
4 6 -9 0
4 -69 -9 0
4 5 -9 0
-4 9 0
-4 69 -5 -6 0
-5 -68 72 73 0
-5 68 73 74 0
-5 68 -72 0
-5 68 -73 -74 0
5 -68 -73 0
5 72 -73 74 0
5 -68 -72 0
5 68 72 73 -74 0
6 -7 8 0
-6 7 0
-6 -8 0
7 72 73 -74 0
7 -68 72 -73 0
7 -68 -72 73 0
-7 68 -72 0
-7 -72 -73 0
-7 68 -73 0
-7 72 73 74 0
-8 -68 74 0
-8 68 -73 0
-8 72 74 0
8 -68 -74 0
8 73 -74 0
8 68 -72 73 0
-9 64 -7 0
-9 64 10 0
9 -64 0
9 7 -10 0
10 -5 -8 0
-10 5 0
-10 8 0
11 13 -19 0
11 -70 -19 0
11 12 -19 0
-11 19 0
-11 70 -12 -13 0
-12 69 -5 -8 0
-12 69 5 8 0
-12 69 7 0
-12 -69 -7 5 0
12 -69 -5 0
12 69 -7 5 -8 0
12 -69 7 0
12 -7 -5 8 0
13 -14 -18 0
-13 14 0
-13 18 0
14 -15 16 0
-14 15 0
-14 -16 0
-15 69 -5 0
-15 69 7 0
15 -69 0
15 -7 5 0
-16 17 0
16 -17 0
17 7 -5 0
-17 -7 0
-17 5 0
18 -69 8 0
18 69 -5 0
18 -7 8 0
-18 -69 -8 0
-18 5 -8 0
-18 69 7 5 0
-19 65 -14 0
-19 65 20 0
19 -65 0
19 14 -20 0
20 -12 18 0
-20 12 0
-20 -18 0
21 23 -25 0
21 -69 -25 0
21 22 -25 0
-21 25 0
-21 69 -22 -23 0
-22 -68 73 -74 0
-22 72 73 74 0
-22 68 -72 0
-22 68 -73 -74 0
22 -68 -72 74 0
22 72 -73 74 0
22 -68 -73 0
22 68 72 73 -74 0
23 -7 24 0
-23 7 0
-23 -24 0
-24 72 74 0
-24 68 -72 -74 0
-24 -68 74 0
-24 68 -73 0
24 -68 -74 0
24 72 73 -74 0
24 68 -72 73 74 0
-25 64 -7 0
-25 64 26 0
25 -64 0
25 7 -26 0
26 -22 -24 0
-26 22 0
-26 24 0
27 29 -35 0
27 -70 -35 0
27 28 -35 0
-27 35 0
-27 70 -28 -29 0
-28 -69 22 -24 0
-28 69 -22 -24 0
-28 69 7 0
-28 -7 22 24 0
28 -69 7 24 0
28 -7 -22 24 0
28 -69 -22 0
28 69 -7 22 -24 0
29 -30 -34 0
-29 30 0
-29 34 0
30 -31 32 0
-30 31 0
-30 -32 0
-31 69 -22 0
-31 69 7 0
31 -69 0
31 -7 22 0
-32 33 0
32 -33 0
33 7 -22 0
-33 -7 0
-33 22 0
34 -69 24 0
34 69 7 -24 0
34 69 -22 0
34 -7 24 0
-34 -69 -24 0
-34 -7 22 -24 0
-34 69 7 22 24 0
-35 65 -30 0
-35 65 36 0
35 -65 0
35 30 -36 0
36 -28 34 0
-36 28 0
-36 -34 0
37 -38 -39 40 -43 0
37 38 39 40 -43 0
-37 43 0
-37 38 -39 0
-37 -40 0
-37 -38 39 0
-38 69 -7 5 -8 0
-38 -69 -7 -5 -8 0
-38 69 7 5 8 0
38 7 -8 0
38 -69 8 0
38 69 -5 0
38 -69 5 0
38 -7 8 0
-39 69 -7 22 -24 0
-39 -69 -7 -22 -24 0
-39 69 7 22 24 0
39 7 -24 0
39 -69 24 0
39 69 -22 0
39 -69 22 0
39 -7 24 0
-40 -41 -42 0
-40 41 42 0
40 41 -42 0
40 -41 42 0
41 70 -14 12 18 0
41 -70 -14 -12 18 0
41 70 14 12 -18 0
-41 14 18 0
-41 -70 -18 0
-41 70 -12 0
-41 -70 12 0
-41 -14 -18 0
42 70 -30 28 34 0
42 -70 -30 -28 34 0
42 70 30 28 -34 0
-42 30 34 0
-42 -70 -34 0
-42 70 -28 0
-42 -70 28 0
-42 -30 -34 0
43 44 -45 46 47 0
43 -44 45 46 47 0
-43 -46 0
-43 44 45 0
-43 -47 0
-43 -44 -45 0
44 70 -12 0
44 -14 12 -18 0
44 14 -12 -18 0
-44 14 12 0
-44 -70 -14 -12 0
-44 -70 18 0
-44 12 18 0
-45 30 -28 -34 0
-45 70 30 34 0
-45 70 -28 0
-45 -30 28 -34 0
45 -70 -30 -28 0
45 30 28 -34 0
45 -70 34 0
45 -30 28 34 0
46 68 -72 73 -74 0
-46 72 0
-46 -73 0
-46 -68 0
-46 74 0
-47 -48 -49 0
-47 48 49 0
47 48 -49 0
47 -48 49 0
48 69 -5 0
48 -7 5 8 0
48 7 -5 8 0
-48 7 5 0
-48 -69 -7 -5 0
-48 -69 -8 0
-48 5 -8 0
49 7 -22 24 0
49 69 7 -24 0
49 69 -22 0
49 -7 22 24 0
-49 -69 -7 -22 0
-49 7 22 24 0
-49 -69 -24 0
-49 -7 22 -24 0
-50 -51 52 -53 54 0
-50 51 -52 53 -54 0
-50 51 52 53 54 0
-50 -51 -52 -53 -54 0
50 -51 53 0
50 51 -53 0
50 52 -54 0
50 -52 54 0
51 -69 16 10 0
-51 69 0
-51 -16 0
-51 -10 0
52 -70 14 12 0
52 -70 12 18 0
52 -70 -14 -12 -18 0
-52 -12 18 0
-52 14 -12 0
-52 70 0
-52 -14 12 -18 0
53 -69 32 26 0
-53 69 0
-53 -32 0
-53 -26 0
54 -70 30 28 0
54 -70 28 34 0
54 -70 -30 -28 -34 0
-54 -28 34 0
-54 30 -28 0
-54 70 0
-54 -30 28 -34 0
-55 56 -57 58 -59 0
-55 -56 57 -58 59 0
-55 -56 -57 -58 -59 0
-55 56 57 58 59 0
55 56 -58 0
55 -56 58 0
55 -57 59 0
55 57 -59 0
-56 -69 5 0
-56 69 -5 0
-56 8 0
-56 7 5 0
56 -69 -5 -8 0
56 69 -7 5 -8 0
-57 -70 12 0
-57 70 -12 0
-57 -18 0
-57 14 12 0
57 -70 -12 18 0
57 70 -14 12 18 0
-58 -69 22 0
-58 69 -22 0
-58 24 0
-58 7 22 0
58 -69 -22 -24 0
58 69 -7 22 -24 0
-59 -70 28 0
-59 70 -28 0
-59 -34 0
-59 30 28 0
59 -70 -28 34 0
59 70 -30 28 34 0
-77 0
-2 0

