c Result of efficient AIG-to-CNF conversion using package CNF
p cnf 82 305
2 3 -16 51 52 0
-2 -52 0
-2 -3 0
-2 -51 0
-2 16 0
-3 -4 -5 12 0
-3 4 5 12 0
3 -12 0
3 -4 5 0
3 4 -5 0
-4 69 78 0
-4 69 73 0
-4 69 79 0
4 -69 0
4 -73 -78 -79 0
5 7 -10 0
5 -74 -10 0
5 6 -10 0
-5 10 0
-5 74 -6 -7 0
-6 -73 78 -79 0
-6 77 78 79 0
-6 73 -77 0
-6 73 -78 -79 0
6 -73 -77 79 0
6 77 -78 79 0
6 -73 -78 0
6 73 77 78 -79 0
7 -8 9 0
-7 8 0
-7 -9 0
8 77 78 -79 0
8 -73 77 -78 0
8 -73 -77 78 0
-8 73 -77 0
-8 -77 -78 0
-8 73 -78 0
-8 77 78 79 0
-9 77 79 0
-9 73 -77 -79 0
-9 -73 79 0
-9 73 -78 0
9 -73 -79 0
9 77 78 -79 0
9 73 -77 78 79 0
-10 69 -8 0
-10 69 11 0
10 -69 0
10 8 -11 0
11 -6 -9 0
-11 6 0
-11 9 0
12 -68 13 0
12 -78 -79 13 0
-12 -13 0
-12 68 79 0
-12 68 78 0
13 78 -15 0
13 -73 -15 0
13 -14 -15 0
-13 15 0
-13 73 -78 14 0
-14 77 79 0
14 -77 0
14 -79 0
-15 68 78 0
-15 68 77 0
-15 68 79 0
15 -68 0
15 -77 -78 -79 0
16 17 -30 3 -31 0
-16 31 0
-16 -17 0
-16 -3 0
-16 30 0
-17 -18 -20 0
-17 18 20 0
17 18 -20 0
17 -18 20 0
-18 70 19 0
18 -70 0
18 -19 0
19 -73 -74 -78 -79 0
-19 79 0
-19 73 0
-19 78 0
-19 74 0
20 22 -28 0
20 -75 -28 0
20 21 -28 0
-20 28 0
-20 75 -21 -22 0
-21 -74 6 -9 0
-21 74 -6 -9 0
-21 74 8 0
-21 -8 6 9 0
21 -74 8 9 0
21 -8 -6 9 0
21 -74 -6 0
21 74 -8 6 -9 0
22 -23 -27 0
-22 23 0
-22 27 0
23 -24 25 0
-23 24 0
-23 -25 0
-24 74 79 0
-24 74 -78 0
-24 73 74 0
24 -74 0
24 -73 78 -79 0
-25 26 0
25 -26 0
26 8 -6 0
-26 -8 0
-26 6 0
27 -74 9 0
27 74 8 -9 0
27 74 -6 0
27 -8 9 0
-27 -74 -9 0
-27 -8 6 -9 0
-27 74 8 6 9 0
-28 70 -23 0
-28 70 29 0
28 -70 0
28 23 -29 0
29 -21 27 0
-29 21 0
-29 -27 0
30 -73 79 0
30 73 -78 0
30 -77 0
30 -73 78 0
-30 73 77 78 0
-30 -73 77 -78 -79 0
31 -32 38 -39 -42 0
31 32 -38 -39 -42 0
-31 42 0
-31 32 38 0
-31 39 0
-31 -32 -38 0
-32 75 33 36 0
32 -36 0
32 -33 0
32 -75 0
-33 -73 74 0
-33 -74 -35 0
-33 74 34 0
33 -74 35 0
33 73 74 -34 0
-34 78 79 0
34 -78 0
34 -79 0
35 73 -34 0
35 -73 79 0
-35 -73 -79 0
-35 73 34 0
-36 74 0
-36 35 37 0
36 -74 -35 0
36 -74 -37 0
-37 73 0
-37 78 -79 0
37 -73 -78 0
37 -73 79 0
38 75 -23 21 27 0
38 -75 -23 -21 27 0
38 75 23 21 -27 0
-38 23 27 0
-38 -75 -27 0
-38 75 -21 0
-38 -75 21 0
-38 -23 -27 0
39 -40 41 0
39 40 -41 0
-39 40 41 0
-39 -40 -41 0
40 73 74 -79 0
40 73 74 -78 0
-40 -73 0
-40 -74 0
-40 78 79 0
-41 74 -8 6 -9 0
-41 -74 -8 -6 -9 0
-41 74 8 6 9 0
41 8 -9 0
41 -74 9 0
41 74 -6 0
41 -74 6 0
41 -8 9 0
42 -43 46 -47 -48 0
42 43 -46 -47 -48 0
-42 48 0
-42 43 46 0
-42 47 0
-42 -43 -46 0
-43 44 45 0
43 -44 0
43 -45 0
44 -74 35 0
-44 74 0
-44 -35 0
45 73 -34 0
-45 -73 0
-45 34 0
46 8 -6 9 0
46 74 8 -9 0
46 74 -6 0
46 -8 6 9 0
-46 -74 -8 -6 0
-46 8 6 9 0
-46 -74 -9 0
-46 -8 6 -9 0
47 -77 0
47 -73 -79 0
47 73 -78 0
-47 -73 77 79 0
-47 73 77 78 0
48 -49 50 0
48 49 -50 0
-48 49 50 0
-48 -49 -50 0
49 33 -36 0
49 75 -33 0
-49 33 36 0
-49 -75 -33 0
-50 23 -21 -27 0
-50 75 23 27 0
-50 75 -21 0
-50 -23 21 -27 0
50 -75 -23 -21 0
50 23 21 -27 0
50 -75 27 0
50 -23 21 27 0
-51 73 17 0
-51 -77 17 0
-51 -79 17 0
51 -17 0
51 -73 77 79 0
-52 53 54 55 58 0
-52 -53 -54 55 58 0
52 -58 0
52 -53 54 0
52 -55 0
52 53 -54 0
53 -74 37 0
-53 74 0
-53 -37 0
54 -74 25 11 0
-54 74 0
-54 -25 0
-54 -11 0
-55 -56 -57 0
-55 56 57 0
55 56 -57 0
55 -56 57 0
56 -75 36 0
-56 75 0
-56 -36 0
57 -75 23 21 0
57 -75 21 27 0
57 -75 -23 -21 -27 0
-57 -21 27 0
-57 23 -21 0
-57 75 0
-57 -23 21 -27 0
-58 -59 -60 61 62 0
-58 59 60 61 62 0
58 -62 0
58 59 -60 0
58 -61 0
58 -59 60 0
59 -73 -74 -78 -79 0
-59 79 0
-59 73 0
-59 78 0
-59 74 0
-60 -74 6 0
-60 74 -6 0
-60 9 0
-60 8 6 0
60 -74 -6 -9 0
60 74 -8 6 -9 0
61 73 77 78 -79 0
-61 79 0
-61 -78 0
-61 -73 0
-61 -77 0
-62 63 64 0
-62 -63 -64 0
62 -63 64 0
62 63 -64 0
63 -75 -33 -36 0
-63 75 0
-63 36 0
-63 33 0
-64 -75 21 0
-64 75 -21 0
-64 -27 0
-64 23 21 0
64 -75 -21 27 0
64 75 -23 21 27 0
-82 0
-2 0

