c Result of efficient AIG-to-CNF conversion using package CNF
p cnf 69 273
2 3 -33 42 47 0
-2 -47 0
-2 -3 0
-2 -42 0
-2 33 0
-3 -4 10 -20 25 0
-3 4 -10 20 -25 0
-3 4 10 20 25 0
-3 -4 -10 -20 -25 0
3 -4 20 0
3 4 -20 0
3 10 -25 0
3 -10 25 0
4 6 -9 0
4 -61 -9 0
4 5 -9 0
-4 9 0
-4 61 -5 -6 0
-5 -60 65 -66 0
-5 64 65 66 0
-5 60 -64 0
-5 60 -65 -66 0
5 -60 -64 66 0
5 64 -65 66 0
5 -60 -65 0
5 60 64 65 -66 0
6 -7 -8 0
-6 7 0
-6 8 0
7 64 65 -66 0
7 -60 64 -65 0
7 -60 -64 65 0
-7 60 -64 0
-7 -64 -65 0
-7 60 -65 0
-7 64 65 66 0
8 -60 66 0
-8 60 0
-8 -66 0
-9 56 -8 0
-9 56 -7 0
-9 56 5 0
9 -56 0
9 -5 7 8 0
10 12 -18 0
10 -62 -18 0
10 11 -18 0
-10 18 0
-10 62 -11 -12 0
-11 61 -5 8 0
-11 -61 5 8 0
-11 61 7 0
-11 5 -7 -8 0
11 -61 7 -8 0
11 -5 -7 -8 0
11 -61 -5 0
11 61 5 -7 8 0
12 -13 -17 0
-12 13 0
-12 17 0
13 14 -16 0
-13 -14 0
-13 16 0
-14 15 0
14 -15 0
15 -5 7 0
-15 5 0
-15 -7 0
-16 61 7 0
-16 61 -5 0
16 -61 0
16 5 -7 0
17 -61 -8 0
-17 61 0
-17 8 0
-18 57 -13 0
-18 57 19 0
18 -57 0
18 13 -19 0
19 -11 17 0
-19 11 0
-19 -17 0
20 21 -23 0
20 -61 -23 0
20 5 -23 0
-20 23 0
-20 61 -5 -21 0
21 -7 22 0
-21 7 0
-21 -22 0
-22 64 66 0
-22 60 -64 -66 0
-22 -60 66 0
-22 60 -65 0
22 -60 -66 0
22 64 65 -66 0
22 60 -64 65 66 0
-23 56 -7 0
-23 56 24 0
23 -56 0
23 7 -24 0
24 -5 -22 0
-24 5 0
-24 22 0
25 27 -31 0
25 -62 -31 0
25 26 -31 0
-25 31 0
-25 62 -26 -27 0
-26 61 -5 -22 0
-26 -61 5 -22 0
-26 61 7 0
-26 5 -7 22 0
26 -61 7 22 0
26 -5 -7 22 0
26 -61 -5 0
26 61 5 -7 -22 0
27 -28 -30 0
-27 28 0
-27 30 0
28 -16 29 0
-28 16 0
-28 -29 0
-29 15 0
29 -15 0
30 -7 22 0
30 61 7 -22 0
30 -61 22 0
30 61 -5 0
-30 -61 -22 0
-30 5 -7 -22 0
-30 61 5 7 22 0
-31 57 -28 0
-31 57 32 0
31 -57 0
31 28 -32 0
32 -26 30 0
-32 26 0
-32 -30 0
33 -34 35 -36 -37 0
-33 37 0
-33 36 0
-33 34 0
-33 -35 0
-34 60 -64 -66 0
-34 64 65 66 0
-34 60 -65 0
-34 -64 -65 66 0
34 64 65 -66 0
34 -60 64 -65 0
34 -60 -66 0
34 -64 65 66 0
35 -5 7 22 0
35 61 7 -22 0
35 61 -5 0
35 5 -7 22 0
-35 -61 -5 -7 0
-35 5 7 22 0
-35 -61 -22 0
-35 5 -7 -22 0
-36 28 -26 -30 0
-36 62 28 30 0
-36 62 -26 0
-36 -28 26 -30 0
36 -62 -28 -26 0
36 28 26 -30 0
36 -62 30 0
36 -28 26 30 0
37 -38 39 40 41 0
37 38 -39 -40 -41 0
37 38 39 -40 41 0
37 -38 -39 40 -41 0
-37 -38 -40 0
-37 38 40 0
-37 39 -41 0
-37 -39 41 0
38 -61 -5 -7 8 0
38 61 5 7 -8 0
38 61 5 -7 8 0
-38 -61 7 0
-38 61 -5 0
-38 -7 -8 0
-38 -61 5 0
-38 7 8 0
39 -62 -11 -13 17 0
39 62 11 13 -17 0
39 62 11 -13 17 0
-39 -62 13 0
-39 62 -11 0
-39 -13 -17 0
-39 -62 11 0
-39 13 17 0
-40 -61 -5 -7 -22 0
-40 61 5 7 22 0
-40 61 5 -7 -22 0
40 -61 7 0
40 61 -5 0
40 -7 22 0
40 -61 5 0
40 7 -22 0
41 62 -28 26 30 0
41 -62 -28 -26 30 0
41 62 28 26 -30 0
-41 28 30 0
-41 -62 -30 0
-41 62 -26 0
-41 -62 26 0
-41 -28 -30 0
-42 -43 44 -45 46 0
-42 43 -44 45 -46 0
-42 43 44 45 46 0
-42 -43 -44 -45 -46 0
42 -43 45 0
42 43 -45 0
42 44 -46 0
42 -44 46 0
43 -61 5 14 0
43 -61 -8 14 0
-43 -14 0
-43 61 0
-43 -5 8 0
44 -62 11 17 0
44 -62 11 13 0
44 -62 -11 -13 -17 0
-44 -11 17 0
-44 -11 13 0
-44 62 0
-44 11 -13 -17 0
45 -61 29 24 0
-45 61 0
-45 -29 0
-45 -24 0
46 -62 28 26 0
46 -62 26 30 0
46 -62 -28 -26 -30 0
-46 -26 30 0
-46 28 -26 0
-46 62 0
-46 -28 26 -30 0
-47 48 -49 50 -51 0
-47 -48 49 -50 51 0
-47 -48 -49 -50 -51 0
-47 48 49 50 51 0
47 48 -50 0
47 -48 50 0
47 -49 51 0
47 49 -51 0
-48 5 7 0
-48 61 -5 0
-48 -8 0
-48 -61 5 0
48 -61 -5 8 0
48 61 5 -7 8 0
-49 11 13 0
-49 62 -11 0
-49 -17 0
-49 -62 11 0
49 -62 -11 17 0
49 62 11 -13 17 0
-50 5 7 0
-50 61 -5 0
-50 22 0
-50 -61 5 0
50 -61 -5 -22 0
50 61 5 -7 -22 0
-51 -62 26 0
-51 62 -26 0
-51 -30 0
-51 28 26 0
51 -62 -26 30 0
51 62 -28 26 30 0
-69 0
-2 0

