c Result of efficient AIG-to-CNF conversion using package CNF
p cnf 59 212
2 3 -25 33 -38 0
-2 38 0
-2 -3 0
-2 -33 0
-2 25 0
-3 -4 7 -10 15 0
-3 4 -7 10 -15 0
-3 4 7 10 15 0
-3 -4 -7 -10 -15 0
3 -4 10 0
3 4 -10 0
3 7 -15 0
3 -7 15 0
4 -46 -51 0
4 -46 -5 0
4 -5 6 0
4 -46 6 0
-4 46 -6 0
-4 46 5 0
-4 51 5 -6 0
-5 54 56 0
-5 50 -54 -56 0
-5 -50 56 0
-5 50 -55 0
5 -50 -56 0
5 54 55 -56 0
5 50 -54 55 56 0
6 54 55 -56 0
6 -50 54 -55 0
6 -50 -54 55 0
-6 50 -54 0
-6 -54 -55 0
-6 50 -55 0
-6 54 55 56 0
7 -47 -8 0
7 -47 9 0
7 -47 -52 0
7 -8 9 0
-7 47 -9 0
-7 47 8 0
-7 52 8 -9 0
8 -51 -5 0
-8 51 0
-8 5 0
9 -51 -6 0
-9 51 0
-9 6 0
10 11 -13 0
10 -51 -13 0
10 12 -13 0
-10 13 0
-10 51 -11 -12 0
11 5 -6 0
-11 -5 0
-11 6 0
-12 -50 55 -56 0
-12 54 55 56 0
-12 50 -54 0
-12 50 -55 -56 0
12 -50 -54 56 0
12 54 -55 56 0
12 -50 -55 0
12 50 54 55 -56 0
-13 46 -6 0
-13 46 14 0
13 -46 0
13 6 -14 0
14 -5 -12 0
-14 5 0
-14 12 0
15 17 -23 0
15 -52 -23 0
15 16 -23 0
-15 23 0
-15 52 -16 -17 0
-16 51 -5 -12 0
-16 -51 -5 12 0
-16 51 6 0
-16 5 -6 12 0
16 -51 5 6 0
16 5 -6 -12 0
16 -51 -12 0
16 51 -5 -6 12 0
17 -18 -22 0
-17 18 0
-17 22 0
18 -19 20 0
-18 19 0
-18 -20 0
-19 51 56 0
-19 51 -55 0
-19 50 51 0
19 -51 0
19 -50 55 -56 0
-20 21 0
20 -21 0
21 6 -12 0
-21 -6 0
-21 12 0
22 -51 5 0
22 51 -5 6 0
22 5 -6 0
22 51 -12 0
-22 -51 -5 0
-22 -5 -6 12 0
-22 51 5 6 12 0
-23 47 -18 0
-23 47 24 0
23 -47 0
23 18 -24 0
24 -16 22 0
-24 16 0
-24 -22 0
25 -26 -27 -28 -29 0
25 26 27 -28 -29 0
-25 29 0
-25 26 -27 0
-25 28 0
-25 -26 27 0
-26 52 0
-26 8 9 0
26 -52 -8 0
26 -52 -9 0
-27 18 -16 -22 0
-27 52 18 22 0
-27 52 -16 0
-27 -18 16 -22 0
27 -52 -18 -16 0
27 18 16 -22 0
27 -52 22 0
27 -18 16 22 0
28 -5 6 0
28 -51 -5 0
28 -12 0
28 51 5 -6 0
-28 -51 5 12 0
-28 5 6 12 0
-28 51 -5 -6 12 0
29 -30 -31 -32 0
29 30 31 -32 0
-29 32 0
-29 -30 31 0
-29 30 -31 0
30 -52 -8 -9 0
-30 52 0
-30 8 0
-30 9 0
31 52 -18 16 22 0
31 -52 -18 -16 22 0
31 52 18 16 -22 0
-31 18 22 0
-31 -52 -22 0
-31 52 -16 0
-31 -52 16 0
-31 -18 -22 0
32 -51 5 0
32 -5 6 0
32 -12 0
32 5 -6 0
-32 -5 -6 12 0
-32 51 5 6 12 0
-33 -34 35 -36 37 0
-33 34 -35 36 -37 0
-33 34 35 36 37 0
-33 -34 -35 -36 -37 0
33 -34 36 0
33 34 -36 0
33 35 -37 0
33 -35 37 0
34 -51 5 -6 0
-34 51 0
-34 -5 0
-34 6 0
35 -52 8 -9 0
-35 52 0
-35 -8 0
-35 9 0
36 -51 20 14 0
-36 51 0
-36 -20 0
-36 -14 0
37 -52 18 16 0
37 -52 16 22 0
37 -52 -18 -16 -22 0
-37 -16 22 0
-37 18 -16 0
-37 52 0
-37 -18 16 -22 0
38 -39 -40 -41 0
-38 39 0
-38 41 0
-38 40 0
-39 -54 55 0
-39 50 -55 0
-39 56 0
-39 -50 55 0
39 -50 -55 -56 0
39 50 54 55 -56 0
-40 6 12 0
-40 51 -12 0
-40 5 0
-40 -51 12 0
40 -51 -5 -12 0
40 51 -5 -6 12 0
-41 -52 16 0
-41 52 -16 0
-41 -22 0
-41 18 16 0
41 -52 -16 22 0
41 52 -18 16 22 0
-59 0
-2 0

