c Result of efficient AIG-to-CNF conversion using package CNF
p cnf 79 316
-2 3 38 51 57 0
2 -57 0
2 -3 0
2 -51 0
2 -38 0
-3 -4 12 -22 28 0
-3 4 -12 22 -28 0
-3 4 12 22 28 0
-3 -4 -12 -22 -28 0
3 -4 22 0
3 4 -22 0
3 12 -28 0
3 -12 28 0
4 6 -11 0
4 -71 -11 0
4 5 -11 0
-4 11 0
-4 71 -5 -6 0
-5 -70 75 -76 0
-5 74 75 76 0
-5 70 -74 0
-5 70 -75 -76 0
5 -70 -74 76 0
5 74 -75 76 0
5 -70 -75 0
5 70 74 75 -76 0
6 -7 9 0
-6 7 0
-6 -9 0
7 -70 -8 0
-7 70 0
-7 8 0
8 74 -75 0
8 -74 75 0
8 75 -76 0
-8 -74 -75 0
-8 74 75 76 0
-9 70 10 0
-9 -70 76 0
9 -70 -76 0
9 70 -10 0
10 -74 75 76 0
-10 74 0
-10 -76 0
-10 -75 0
-11 66 9 0
-11 66 5 0
-11 66 -7 0
11 -66 0
11 7 -5 -9 0
12 14 -20 0
12 -72 -20 0
12 13 -20 0
-12 20 0
-12 72 -13 -14 0
-13 -71 5 -9 0
-13 71 -5 -9 0
-13 71 7 0
-13 -7 5 9 0
13 -71 7 9 0
13 -7 -5 9 0
13 -71 -5 0
13 71 -7 5 -9 0
14 -15 -18 0
-14 15 0
-14 18 0
15 -71 16 0
-15 71 0
-15 -16 0
-16 17 0
16 -17 0
17 7 -5 0
-17 -7 0
-17 5 0
18 -71 9 0
18 71 -19 0
-18 -71 -9 0
-18 71 19 0
-19 7 5 9 0
19 -9 0
19 -5 0
19 -7 0
-20 67 -15 0
-20 67 21 0
20 -67 0
20 15 -21 0
21 -71 -5 -9 0
-21 71 0
-21 9 0
-21 5 0
22 23 -26 0
22 -71 -26 0
22 5 -26 0
-22 26 0
-22 71 -5 -23 0
23 -24 25 0
-23 24 0
-23 -25 0
24 74 75 -76 0
24 -70 74 -75 0
24 -70 -74 75 0
-24 70 -74 0
-24 -74 -75 0
-24 70 -75 0
-24 74 75 76 0
-25 74 76 0
-25 70 -74 -76 0
-25 -70 76 0
-25 70 -75 0
25 -70 -76 0
25 74 75 -76 0
25 70 -74 75 76 0
-26 66 -24 0
-26 66 27 0
26 -66 0
26 24 -27 0
27 -5 -25 0
-27 5 0
-27 25 0
28 30 -36 0
28 -72 -36 0
28 29 -36 0
-28 36 0
-28 72 -29 -30 0
-29 71 -5 -25 0
-29 -71 5 -25 0
-29 71 24 0
-29 5 -24 25 0
29 -71 24 25 0
29 -5 -24 25 0
29 -71 -5 0
29 71 5 -24 -25 0
30 -31 -35 0
-30 31 0
-30 35 0
31 -32 33 0
-31 32 0
-31 -33 0
-32 71 76 0
-32 71 -75 0
-32 70 71 0
32 -71 0
32 -70 75 -76 0
-33 34 0
33 -34 0
34 -5 24 0
-34 5 0
-34 -24 0
35 -24 25 0
35 71 24 -25 0
35 -71 25 0
35 71 -5 0
-35 -71 -25 0
-35 5 -24 -25 0
-35 71 5 24 25 0
-36 67 -31 0
-36 67 37 0
36 -67 0
36 31 -37 0
37 -29 35 0
-37 29 0
-37 -35 0
-38 39 40 41 44 0
-38 -39 -40 41 44 0
38 -44 0
38 -39 40 0
38 -41 0
38 39 -40 0
39 72 -15 13 18 0
39 -72 -15 -13 18 0
39 72 15 13 -18 0
-39 15 18 0
-39 -72 -18 0
-39 72 -13 0
-39 -72 13 0
-39 -15 -18 0
40 72 -31 29 35 0
40 -72 -31 -29 35 0
40 72 31 29 -35 0
-40 31 35 0
-40 -72 -35 0
-40 72 -29 0
-40 -72 29 0
-40 -31 -35 0
-41 42 43 0
-41 -42 -43 0
41 -42 43 0
41 42 -43 0
-42 71 -7 5 -9 0
-42 -71 -7 -5 -9 0
-42 71 7 5 9 0
42 7 -9 0
42 -71 9 0
42 71 -5 0
42 -71 5 0
42 -7 9 0
-43 -71 -5 -24 -25 0
-43 71 5 24 25 0
-43 71 5 -24 -25 0
43 -71 24 0
43 71 -5 0
43 -24 25 0
43 -71 5 0
43 24 -25 0
-44 -45 -46 47 48 0
-44 45 46 47 48 0
44 -47 0
44 -45 46 0
44 -48 0
44 45 -46 0
-45 72 -15 0
-45 15 -13 -18 0
-45 72 18 0
-45 -15 13 -18 0
45 -72 18 0
45 15 13 -18 0
45 -72 -15 -13 0
-46 31 -29 -35 0
-46 72 31 35 0
-46 72 -29 0
-46 -31 29 -35 0
46 -72 -31 -29 0
46 31 29 -35 0
46 -72 35 0
46 -31 29 35 0
47 70 74 75 -76 0
-47 76 0
-47 -75 0
-47 -70 0
-47 -74 0
-48 -49 -50 0
-48 49 50 0
48 49 -50 0
48 -49 50 0
49 71 -7 0
49 7 -5 9 0
49 71 -9 0
49 -7 5 9 0
-49 -71 -9 0
-49 7 5 9 0
-49 -71 -7 -5 0
50 -5 24 25 0
50 71 24 -25 0
50 71 -5 0
50 5 -24 25 0
-50 -71 -5 -24 0
-50 5 24 25 0
-50 -71 -25 0
-50 5 -24 -25 0
-51 -52 53 -55 56 0
-51 52 -53 55 -56 0
-51 52 53 55 56 0
-51 -52 -53 -55 -56 0
51 -52 55 0
51 52 -55 0
51 53 -56 0
51 -53 56 0
52 -71 5 16 0
52 -71 9 16 0
-52 -16 0
-52 71 0
-52 -5 -9 0
53 -72 54 21 0
-53 72 0
-53 -54 0
-53 -21 0
-54 13 14 0
-54 -71 16 -13 0
54 71 -13 0
54 13 -14 0
54 -16 -13 0
55 -71 33 27 0
-55 71 0
-55 -33 0
-55 -27 0
56 -72 31 29 0
56 -72 29 35 0
56 -72 -31 -29 -35 0
-56 -29 35 0
-56 31 -29 0
-56 72 0
-56 -31 29 -35 0
-57 58 -59 60 -61 0
-57 -58 59 -60 61 0
-57 -58 -59 -60 -61 0
-57 58 59 60 61 0
57 58 -60 0
57 -58 60 0
57 -59 61 0
57 59 -61 0
-58 -71 5 0
-58 71 -5 0
-58 9 0
-58 7 5 0
58 -71 -5 -9 0
58 71 -7 5 -9 0
-59 -72 13 0
-59 72 -13 0
-59 -18 0
-59 15 13 0
59 -72 -13 18 0
59 72 -15 13 18 0
-60 5 24 0
-60 71 -5 0
-60 25 0
-60 -71 5 0
60 -71 -5 -25 0
60 71 5 -24 -25 0
-61 -72 29 0
-61 72 -29 0
-61 -35 0
-61 31 29 0
61 -72 -29 35 0
61 72 -31 29 35 0
-79 0
2 0

