c Result of efficient AIG-to-CNF conversion using package CNF
p cnf 79 308
2 3 -16 48 49 0
-2 -49 0
-2 -3 0
-2 -48 0
-2 16 0
-3 -4 5 -6 9 0
-3 4 -5 6 -9 0
-3 4 5 6 9 0
-3 -4 -5 -6 -9 0
3 -4 6 0
3 4 -6 0
3 5 -9 0
3 -5 9 0
4 -65 -70 0
4 -65 75 0
4 -65 -76 0
-4 65 0
-4 70 -75 76 0
5 -66 -71 0
5 -66 75 0
5 -66 -76 0
-5 66 0
-5 71 -75 76 0
6 75 -8 0
6 -70 -8 0
6 -7 -8 0
-6 8 0
-6 70 -75 7 0
-7 74 76 0
7 -74 0
7 -76 0
-8 65 75 0
-8 65 74 0
-8 65 76 0
8 -65 0
8 -74 -75 -76 0
9 11 -14 0
9 -71 -14 0
9 10 -14 0
-9 14 0
-9 71 -10 -11 0
-10 -70 75 -76 0
-10 74 75 76 0
-10 70 -74 0
-10 70 -75 -76 0
10 -70 -74 76 0
10 74 -75 76 0
10 -70 -75 0
10 70 74 75 -76 0
11 -12 13 0
-11 12 0
-11 -13 0
12 74 75 -76 0
12 -70 74 -75 0
12 -70 -74 75 0
-12 70 -74 0
-12 -74 -75 0
-12 70 -75 0
-12 74 75 76 0
-13 74 76 0
-13 70 -74 -76 0
-13 -70 76 0
-13 70 -75 0
13 -70 -76 0
13 74 75 -76 0
13 70 -74 75 76 0
-14 66 -12 0
-14 66 15 0
14 -66 0
14 12 -15 0
15 -10 -13 0
-15 10 0
-15 13 0
16 17 31 3 -32 0
-16 32 0
-16 -17 0
-16 -3 0
-16 -31 0
-17 -18 -21 0
-17 18 21 0
17 18 -21 0
17 -18 21 0
18 -67 -72 0
18 -67 20 0
18 -67 -19 0
-18 67 0
-18 72 19 -20 0
19 -70 -76 0
19 75 -76 0
-19 76 0
-19 70 -75 0
-20 75 76 0
-20 -70 75 0
-20 70 -75 -76 0
20 -75 76 0
20 70 75 -76 0
20 -70 -75 0
21 23 -29 0
21 -72 -29 0
21 22 -29 0
-21 29 0
-21 72 -22 -23 0
-22 -71 10 -13 0
-22 71 -10 -13 0
-22 71 12 0
-22 -12 10 13 0
22 -71 12 13 0
22 -12 -10 13 0
22 -71 -10 0
22 71 -12 10 -13 0
23 -24 -28 0
-23 24 0
-23 28 0
24 -25 26 0
-24 25 0
-24 -26 0
-25 71 76 0
-25 71 -75 0
-25 70 71 0
25 -71 0
25 -70 75 -76 0
-26 27 0
26 -27 0
27 12 -10 0
-27 -12 0
-27 10 0
28 -71 13 0
28 71 12 -13 0
28 71 -10 0
28 -12 13 0
-28 -71 -13 0
-28 -12 10 -13 0
-28 71 12 10 13 0
-29 67 -24 0
-29 67 30 0
29 -67 0
29 24 -30 0
30 -22 28 0
-30 22 0
-30 -28 0
-31 -70 76 0
-31 70 -75 0
-31 74 0
-31 -70 75 0
31 70 -74 75 0
31 -70 -74 -75 -76 0
32 33 -35 36 -40 0
32 -33 35 36 -40 0
-32 40 0
-32 -33 -35 0
-32 -36 0
-32 33 35 0
33 -20 -34 0
33 71 -34 0
-33 34 0
-33 -71 20 0
34 -71 -19 0
34 -19 20 0
-34 19 0
-34 71 -20 0
-35 71 -12 10 -13 0
-35 -71 -12 -10 -13 0
-35 71 12 10 13 0
35 12 -13 0
35 -71 13 0
35 71 -10 0
35 -71 10 0
35 -12 13 0
-36 -37 -39 0
-36 37 39 0
36 37 -39 0
36 -37 39 0
37 72 -34 38 0
37 -72 -34 -38 0
-37 34 0
-37 -72 38 0
-37 72 -38 0
-38 -71 20 0
-38 19 20 0
-38 71 -19 -20 0
38 19 -20 0
38 71 -19 20 0
38 -71 -20 0
39 72 -24 22 28 0
39 -72 -24 -22 28 0
39 72 24 22 -28 0
-39 24 28 0
-39 -72 -28 0
-39 72 -22 0
-39 -72 22 0
-39 -24 -28 0
40 -41 43 44 45 0
40 41 -43 44 45 0
-40 -45 0
-40 41 43 0
-40 -44 0
-40 -41 -43 0
-41 34 42 0
41 -34 0
41 -42 0
42 -71 -20 0
-42 71 0
-42 20 0
43 12 -10 13 0
43 71 12 -13 0
43 71 -10 0
43 -12 10 13 0
-43 -71 -12 -10 0
-43 12 10 13 0
-43 -71 -13 0
-43 -12 10 -13 0
-44 74 0
-44 -70 -76 0
-44 70 -75 0
44 70 -74 75 0
44 -70 -74 76 0
-45 46 47 0
-45 -46 -47 0
45 -46 47 0
45 46 -47 0
-46 72 -38 0
-46 34 38 0
46 -34 38 0
46 -72 -38 0
-47 24 -22 -28 0
-47 72 24 28 0
-47 72 -22 0
-47 -24 22 -28 0
47 -72 -24 -22 0
47 24 22 -28 0
47 -72 28 0
47 -24 22 28 0
-48 74 17 0
-48 70 17 0
-48 -76 17 0
48 -17 0
48 -70 -74 76 0
-49 50 51 52 55 0
-49 -50 -51 52 55 0
49 -55 0
49 -50 51 0
49 -52 0
49 50 -51 0
50 -71 -75 76 0
50 -70 -71 75 -76 0
-50 75 76 0
-50 70 -76 0
-50 71 0
-50 -75 -76 0
51 -71 26 15 0
-51 71 0
-51 -26 0
-51 -15 0
-52 -53 -54 0
-52 53 54 0
52 53 -54 0
52 -53 54 0
53 -72 34 -38 0
53 -72 -34 38 0
-53 72 0
-53 -34 -38 0
-53 34 38 0
54 -72 24 22 0
54 -72 22 28 0
54 -72 -24 -22 -28 0
-54 -22 28 0
-54 24 -22 0
-54 72 0
-54 -24 22 -28 0
-55 -56 -57 58 59 0
-55 56 57 58 59 0
55 -58 0
55 -56 57 0
55 -59 0
55 56 -57 0
-56 19 0
-56 -71 20 0
-56 71 -20 0
56 71 -19 20 0
56 -71 -19 -20 0
-57 -71 10 0
-57 71 -10 0
-57 13 0
-57 12 10 0
57 -71 -10 -13 0
57 71 -12 10 -13 0
58 70 -74 75 -76 0
-58 74 0
-58 -75 0
-58 -70 0
-58 76 0
-59 60 61 0
-59 -60 -61 0
59 -60 61 0
59 60 -61 0
-60 34 0
-60 -72 38 0
-60 72 -38 0
60 72 -34 38 0
60 -72 -34 -38 0
-61 -72 22 0
-61 72 -22 0
-61 -28 0
-61 24 22 0
61 -72 -22 28 0
61 72 -24 22 28 0
-79 0
-2 0

