c Result of efficient AIG-to-CNF conversion using package CNF
p cnf 33 74
-2 3 4 11 0
2 -3 0
2 -11 0
2 -4 0
3 -24 28 -29 -30 0
-3 30 0
-3 24 0
-3 29 0
-3 -28 0
4 -25 -5 -6 7 0
-4 -7 0
-4 6 0
-4 25 0
-4 5 0
-5 -24 29 -30 0
-5 28 29 30 0
-5 24 -28 0
-5 24 -29 -30 0
5 -24 -28 30 0
5 28 -29 30 0
5 -24 -29 0
5 24 28 29 -30 0
-6 28 30 0
-6 24 -28 -30 0
-6 -24 30 0
-6 24 -29 0
6 -24 -30 0
6 28 29 -30 0
6 24 -28 29 30 0
-7 8 0
7 -8 0
8 9 -5 0
-8 -9 0
-8 5 0
9 -24 -10 0
9 28 29 -10 0
-9 10 0
-9 24 -28 0
-9 24 -29 0
10 28 -29 0
10 -28 29 0
10 29 -30 0
-10 -28 -29 0
-10 28 29 30 0
11 -26 -12 -14 15 0
-11 12 0
-11 -15 0
-11 26 0
-11 14 0
12 -13 7 0
-12 13 0
-12 -7 0
-13 25 30 0
-13 25 -29 0
-13 24 25 0
13 -25 0
13 -24 29 -30 0
-14 -25 5 -6 0
-14 25 -5 -6 0
-14 25 9 0
-14 -9 5 6 0
14 -25 9 6 0
14 -9 -5 6 0
14 -25 -5 0
14 25 -9 5 -6 0
15 -25 6 0
15 25 9 -6 0
15 25 -5 0
15 -9 6 0
-15 -25 -6 0
-15 -9 5 -6 0
-15 25 9 5 6 0
-33 0
2 0

