c Result of efficient AIG-to-CNF conversion using package CNF
p cnf 60 204
-2 3 13 25 34 0
2 -34 0
2 -3 0
2 -25 0
2 -13 0
-3 4 0
3 -4 0
4 -5 9 0
-4 5 0
-4 -9 0
-5 47 6 0
5 -47 0
5 -6 0
6 -7 -8 0
-6 7 0
-6 8 0
-7 55 57 0
-7 51 -55 -57 0
-7 -51 57 0
-7 51 -56 0
7 -51 -57 0
7 55 56 -57 0
7 51 -55 56 57 0
-8 -51 56 -57 0
-8 55 56 57 0
-8 51 -55 0
-8 51 -56 -57 0
8 -51 -55 57 0
8 55 -56 57 0
8 -51 -56 0
8 51 55 56 -57 0
9 10 -12 0
9 -52 -12 0
9 8 -12 0
-9 12 0
-9 52 -8 -10 0
10 7 -11 0
-10 -7 0
-10 11 0
11 55 56 -57 0
11 -51 55 -56 0
11 -51 -55 56 0
-11 51 -55 0
-11 -55 -56 0
-11 51 -56 0
-11 55 56 57 0
-12 47 6 0
-12 47 -11 0
12 -47 0
12 -6 11 0
-13 -14 -15 0
-13 14 15 0
13 14 -15 0
13 -14 15 0
-14 48 8 0
-14 48 52 0
-14 48 7 0
14 -48 0
14 -52 -7 -8 0
15 17 -23 0
15 -53 -23 0
15 16 -23 0
-15 23 0
-15 53 -16 -17 0
-16 -52 -7 8 0
-16 52 -7 -8 0
-16 52 11 0
-16 7 8 -11 0
16 -52 7 11 0
16 7 -8 -11 0
16 -52 -8 0
16 52 -7 8 -11 0
17 -18 -22 0
-17 18 0
-17 22 0
18 -19 20 0
-18 19 0
-18 -20 0
-19 52 57 0
-19 52 -56 0
-19 51 52 0
19 -52 0
19 -51 56 -57 0
-20 21 0
20 -21 0
21 -8 11 0
-21 8 0
-21 -11 0
22 -52 7 0
22 52 -7 11 0
22 52 -8 0
22 7 -11 0
-22 -52 -7 0
-22 -7 8 -11 0
-22 52 7 8 11 0
-23 48 -18 0
-23 48 24 0
23 -48 0
23 18 -24 0
24 -16 22 0
-24 16 0
-24 -22 0
-25 -26 -28 29 30 0
-25 26 28 29 30 0
25 -30 0
25 26 -28 0
25 -29 0
25 -26 28 0
-26 53 27 0
-26 -52 7 0
-26 -52 53 0
26 -53 -7 0
26 52 -27 0
26 52 -53 0
-27 7 8 0
27 -7 0
27 -8 0
-28 18 -16 -22 0
-28 53 18 22 0
-28 53 -16 0
-28 -18 16 -22 0
28 -53 -18 -16 0
28 18 16 -22 0
28 -53 22 0
28 -18 16 22 0
-29 11 0
-29 -52 -7 0
-29 52 -8 0
29 -52 7 -11 0
29 52 8 -11 0
-30 -31 -32 33 0
-30 31 32 33 0
30 -33 0
30 -31 32 0
30 31 -32 0
31 52 53 -8 0
31 52 53 -7 0
-31 -52 0
-31 -53 0
-31 7 8 0
32 53 -18 16 22 0
32 -53 -18 -16 22 0
32 53 18 16 -22 0
-32 18 22 0
-32 -53 -22 0
-32 53 -16 0
-32 -53 16 0
-32 -18 -22 0
-33 7 -8 0
-33 -52 8 0
-33 11 0
-33 52 -8 0
33 52 8 -11 0
33 -52 -7 -8 -11 0
-34 35 3 13 36 0
34 -35 0
34 -36 0
34 -13 0
34 -3 0
35 -51 56 -57 0
35 -51 -55 56 0
35 -51 55 -56 57 0
-35 -55 -56 0
-35 -56 -57 0
-35 51 0
-35 55 56 57 0
-36 -37 -38 39 41 0
-36 37 38 39 41 0
36 -41 0
36 37 -38 0
36 -39 0
36 -37 38 0
37 -52 -53 -7 -8 0
-37 53 0
-37 8 0
-37 52 0
-37 7 0
-38 -53 16 0
-38 53 -16 0
-38 -22 0
-38 18 16 0
38 -53 -16 22 0
38 53 -18 16 22 0
39 52 -40 0
-39 -52 0
-39 40 0
40 -51 56 -57 0
-40 51 0
-40 -56 0
-40 57 0
-41 -20 42 0
-41 -6 42 0
-41 52 42 0
41 -42 0
41 -52 6 20 0
42 -53 18 16 0
42 -53 16 22 0
42 -53 -18 -16 -22 0
-42 -16 22 0
-42 18 -16 0
-42 53 0
-42 -18 16 -22 0
-60 0
2 0

