c Result of efficient AIG-to-CNF conversion using package CNF
p cnf 78 304
-2 3 34 47 52 0
2 -52 0
2 -3 0
2 -47 0
2 -34 0
-3 4 12 25 28 0
-3 -4 -12 25 28 0
3 -28 0
3 -4 12 0
3 -25 0
3 4 -12 0
-4 66 5 0
-4 66 6 0
4 -66 0
4 -5 -6 0
-5 74 -75 0
-5 69 -74 0
-5 73 0
-5 -69 74 0
5 -69 -73 -74 0
5 69 -73 74 75 0
6 -75 -7 0
-6 75 0
-6 7 0
-7 70 8 0
-7 -75 9 0
-7 70 -75 0
-7 -8 9 0
7 -70 -9 0
7 -70 75 8 0
7 75 -8 -9 0
8 73 -74 0
8 -73 74 0
8 74 -75 0
-8 -73 -74 0
-8 73 74 75 0
-9 10 11 0
9 -10 0
9 -11 0
10 -69 -74 0
-10 69 0
-10 74 0
-11 -75 0
-11 69 -73 0
-11 73 74 0
11 -69 -73 75 0
11 73 -74 75 0
12 17 -23 0
12 -71 -23 0
12 13 -23 0
-12 23 0
-12 71 -13 -17 0
-13 -70 15 -16 0
-13 70 -15 -16 0
-13 70 14 0
-13 -14 15 16 0
13 -70 14 16 0
13 -14 -15 16 0
13 -70 -15 0
13 70 -14 15 -16 0
14 -69 -8 0
14 73 74 -8 0
-14 8 0
-14 69 -73 0
-14 69 -74 0
-15 -69 74 -75 0
-15 73 74 75 0
-15 69 -73 0
-15 69 -74 -75 0
15 -69 -73 75 0
15 73 -74 75 0
15 -69 -74 0
15 69 73 74 -75 0
-16 73 75 0
-16 69 -73 -75 0
-16 -69 75 0
-16 69 -74 0
16 -69 -75 0
16 73 74 -75 0
16 69 -73 74 75 0
17 -18 -22 0
-17 18 0
-17 22 0
18 -19 20 0
-18 19 0
-18 -20 0
-19 70 75 0
-19 70 -74 0
-19 69 70 0
19 -70 0
19 -69 74 -75 0
-20 21 0
20 -21 0
21 14 -15 0
-21 -14 0
-21 15 0
22 -70 16 0
22 70 14 -16 0
22 70 -15 0
22 -14 16 0
-22 -70 -16 0
-22 -14 15 -16 0
-22 70 14 15 16 0
-23 66 -18 0
-23 66 24 0
23 -66 0
23 18 -24 0
24 -13 22 0
-24 13 0
-24 -22 0
25 69 -74 26 -27 0
-25 -69 0
-25 27 0
-25 -26 0
-25 74 0
-26 73 75 0
26 -73 0
26 -75 0
-27 64 74 0
-27 64 73 0
-27 64 75 0
27 -64 0
27 -73 -74 -75 0
-28 -29 -30 0
-28 29 30 0
28 29 -30 0
28 -29 30 0
-29 65 9 0
-29 65 75 0
-29 65 -8 0
29 -65 0
29 -75 8 -9 0
30 31 -32 0
30 -70 -32 0
30 15 -32 0
-30 32 0
-30 70 -15 -31 0
31 -14 16 0
-31 14 0
-31 -16 0
-32 65 -14 0
-32 65 33 0
32 -65 0
32 14 -33 0
33 -15 -16 0
-33 15 0
-33 16 0
-34 -35 -36 37 40 0
-34 35 36 37 40 0
34 -40 0
34 35 -36 0
34 -37 0
34 -35 36 0
-35 70 75 8 9 0
-35 70 -75 -8 9 0
-35 -70 -75 -8 -9 0
35 -70 75 0
35 70 -9 0
35 -75 8 0
35 -70 9 0
35 75 -8 0
-36 70 -14 15 -16 0
-36 -70 -14 -15 -16 0
-36 70 14 15 16 0
36 14 -16 0
36 -70 16 0
36 70 -15 0
36 -70 15 0
36 -14 16 0
-37 -38 -39 0
-37 38 39 0
37 38 -39 0
37 -38 39 0
38 71 75 -5 7 0
38 71 -75 5 7 0
38 -71 -75 5 -7 0
-38 -71 75 0
-38 71 -7 0
-38 -75 -5 0
-38 -71 7 0
-38 75 5 0
39 71 -18 13 22 0
39 -71 -18 -13 22 0
39 71 18 13 -22 0
-39 18 22 0
-39 -71 -22 0
-39 71 -13 0
-39 -71 13 0
-39 -18 -22 0
-40 -41 -42 43 44 0
-40 41 42 43 44 0
40 -43 0
40 -41 42 0
40 -44 0
40 41 -42 0
-41 71 75 -7 0
-41 75 5 7 0
-41 75 -5 -7 0
41 -75 0
41 -5 7 0
41 -71 5 -7 0
-42 18 -13 -22 0
-42 71 18 22 0
-42 71 -13 0
-42 -18 13 -22 0
42 -71 -18 -13 0
42 18 13 -22 0
42 -71 22 0
42 -18 13 22 0
43 69 -73 -75 0
43 69 -74 -75 0
-43 -69 0
-43 75 0
-43 73 74 0
-44 -45 -46 0
-44 45 46 0
44 45 -46 0
44 -45 46 0
45 70 75 -9 0
45 75 -8 9 0
45 75 8 -9 0
-45 -75 0
-45 8 9 0
-45 -70 -8 -9 0
46 14 -15 16 0
46 70 14 -16 0
46 70 -15 0
46 -14 15 16 0
-46 -70 -14 -15 0
-46 14 15 16 0
-46 -70 -16 0
-46 -14 15 -16 0
-47 -48 49 -50 51 0
-47 48 -49 50 -51 0
-47 48 49 50 51 0
-47 -48 -49 -50 -51 0
47 -48 50 0
47 48 -50 0
47 49 -51 0
47 -49 51 0
48 -70 75 5 0
48 -70 9 5 0
-48 -5 0
-48 70 0
-48 -75 -9 0
49 -71 -75 7 0
49 -71 -5 7 0
49 -71 75 5 -7 0
-49 -5 -7 0
-49 -75 -7 0
-49 71 0
-49 75 5 7 0
50 -70 20 33 0
-50 70 0
-50 -20 0
-50 -33 0
51 -71 18 13 0
51 -71 13 22 0
51 -71 -18 -13 -22 0
-51 -13 22 0
-51 18 -13 0
-51 71 0
-51 -18 13 -22 0
-52 -53 -55 56 57 0
-52 53 55 56 57 0
52 -57 0
52 53 -55 0
52 -56 0
52 -53 55 0
53 -75 -54 0
-53 75 0
-53 54 0
54 -70 -9 0
-54 70 0
-54 9 0
-55 -70 15 0
-55 70 -15 0
-55 16 0
-55 14 15 0
55 -70 -15 -16 0
55 70 -14 15 -16 0
56 69 73 74 -75 0
-56 75 0
-56 -74 0
-56 -69 0
-56 -73 0
-57 58 60 0
-57 -58 -60 0
57 -58 60 0
57 58 -60 0
58 -75 -59 0
-58 75 0
-58 59 0
59 -71 -7 0
-59 71 0
-59 7 0
-60 -71 13 0
-60 71 -13 0
-60 -22 0
-60 18 13 0
60 -71 -13 22 0
60 71 -18 13 22 0
-78 0
2 0

