c Result of efficient AIG-to-CNF conversion using package CNF
p cnf 84 324
-2 3 17 38 54 0
2 -54 0
2 -3 0
2 -38 0
2 -17 0
-3 -4 -13 0
-3 4 13 0
3 4 -13 0
3 -4 13 0
4 8 -11 0
4 -76 -11 0
4 5 -11 0
-4 11 0
-4 76 -5 -8 0
-5 6 7 0
5 -6 0
5 -7 0
6 -75 -80 0
-6 75 0
-6 80 0
-7 -81 0
-7 75 -79 0
-7 79 80 0
7 -75 -79 81 0
7 79 -80 81 0
8 9 -10 0
-8 -9 0
-8 10 0
-9 79 81 0
-9 75 -79 -81 0
-9 -75 81 0
-9 75 -80 0
9 -75 -81 0
9 79 80 -81 0
9 75 -79 80 81 0
10 79 80 -81 0
10 -75 79 -80 0
10 -75 -79 80 0
-10 75 -79 0
-10 -79 -80 0
-10 75 -80 0
-10 79 80 81 0
-11 71 -10 0
-11 71 12 0
11 -71 0
11 10 -12 0
12 -75 -80 -81 0
-12 75 0
-12 80 0
-12 81 0
13 8 -15 0
13 -76 -15 0
13 14 -15 0
-13 15 0
-13 76 -8 -14 0
-14 -75 80 -81 0
-14 79 80 81 0
-14 75 -79 0
-14 75 -80 -81 0
14 -75 -79 81 0
14 79 -80 81 0
14 -75 -80 0
14 75 79 80 -81 0
-15 71 -10 0
-15 71 16 0
15 -71 0
15 10 -16 0
16 -9 -14 0
-16 9 0
-16 14 0
-17 -18 -28 0
-17 18 28 0
17 18 -28 0
17 -18 28 0
18 20 -26 0
18 -77 -26 0
18 19 -26 0
-18 26 0
-18 77 -19 -20 0
-19 76 -9 0
-19 5 -10 0
-19 -9 5 0
-19 76 10 0
19 -76 -5 0
19 -76 9 10 0
19 9 -5 -10 0
20 -21 -22 0
-20 21 0
-20 22 0
21 -76 9 0
21 76 -9 10 0
21 76 -5 0
21 9 -10 0
-21 -76 -9 0
-21 -9 5 -10 0
-21 76 9 5 10 0
22 -23 24 0
-22 23 0
-22 -24 0
-23 76 10 0
-23 76 -5 0
23 -76 0
23 5 -10 0
-24 25 0
24 -25 0
25 -5 10 0
-25 5 0
-25 -10 0
-26 72 -22 0
-26 72 27 0
26 -72 0
26 22 -27 0
27 -76 -9 -5 0
-27 76 0
-27 5 0
-27 9 0
28 30 -36 0
28 -77 -36 0
28 29 -36 0
-28 36 0
-28 77 -29 -30 0
-29 76 -9 -14 0
-29 -76 -9 14 0
-29 76 10 0
-29 9 -10 14 0
29 -76 9 10 0
29 9 -10 -14 0
29 -76 -14 0
29 76 -9 -10 14 0
30 -31 -35 0
-30 31 0
-30 35 0
31 -32 33 0
-31 32 0
-31 -33 0
-32 76 81 0
-32 76 -80 0
-32 75 76 0
32 -76 0
32 -75 80 -81 0
-33 34 0
33 -34 0
34 10 -14 0
-34 -10 0
-34 14 0
35 -76 9 0
35 76 -9 10 0
35 9 -10 0
35 76 -14 0
-35 -76 -9 0
-35 -9 -10 14 0
-35 76 9 10 14 0
-36 72 -31 0
-36 72 37 0
36 -72 0
36 31 -37 0
37 -29 35 0
-37 29 0
-37 -35 0
-38 3 39 41 47 0
38 -47 0
38 -3 0
38 -41 0
38 -39 0
-39 17 40 0
39 -17 0
39 -40 0
40 -75 79 -80 -81 0
-40 81 0
-40 75 0
-40 80 0
-40 -79 0
-41 42 44 45 46 0
-41 -42 -44 -45 -46 0
-41 -42 44 -45 46 0
-41 42 -44 45 -46 0
41 42 -45 0
41 -42 45 0
41 44 -46 0
41 -44 46 0
-42 76 5 43 0
42 -43 0
42 -5 0
42 -76 0
-43 -9 -10 0
-43 9 10 0
43 9 -10 0
43 -9 10 0
44 77 21 19 -22 0
44 77 -21 19 22 0
-44 -77 0
-44 -21 -22 0
-44 -19 0
-44 21 22 0
-45 -76 -9 -10 -14 0
-45 76 9 10 14 0
-45 76 -9 -10 14 0
45 9 -10 0
45 -76 10 0
45 76 -14 0
45 -76 14 0
45 -9 10 0
46 77 -31 29 35 0
46 -77 -31 -29 35 0
46 77 31 29 -35 0
-46 31 35 0
-46 -77 -35 0
-46 77 -29 0
-46 -77 29 0
-46 -31 -35 0
-47 48 49 50 51 0
-47 -48 -49 50 51 0
47 -50 0
47 48 -49 0
47 -51 0
47 -48 49 0
48 9 -5 0
48 76 -9 10 0
48 76 -5 0
48 9 -10 0
-48 -76 -9 0
-48 9 5 10 0
-48 -9 5 -10 0
49 76 -9 10 0
49 9 -10 14 0
49 76 -14 0
49 9 10 -14 0
-49 -76 -10 -14 0
-49 9 10 14 0
-49 -76 -9 0
-49 -9 -10 14 0
50 -75 79 -80 81 0
-50 80 0
-50 -81 0
-50 75 0
-50 -79 0
-51 52 53 0
-51 -52 -53 0
51 -52 53 0
51 52 -53 0
-52 -21 -19 0
-52 77 21 22 0
-52 77 -19 0
-52 -21 -22 0
52 -77 21 0
52 -21 19 22 0
52 21 19 -22 0
-53 31 -29 -35 0
-53 77 31 35 0
-53 77 -29 0
-53 -31 29 -35 0
53 -77 -31 -29 0
53 31 29 -35 0
53 -77 35 0
53 -31 29 35 0
-54 55 56 57 60 0
-54 -55 -56 57 60 0
54 -60 0
54 -55 56 0
54 -57 0
54 55 -56 0
55 -76 24 12 0
-55 76 0
-55 -24 0
-55 -12 0
56 -76 33 16 0
-56 76 0
-56 -33 0
-56 -16 0
-57 -58 -59 0
-57 58 59 0
57 58 -59 0
57 -58 59 0
58 -77 21 19 0
58 -77 19 22 0
58 -77 -21 -19 -22 0
-58 -19 22 0
-58 21 -19 0
-58 77 0
-58 -21 19 -22 0
59 -77 31 29 0
59 -77 29 35 0
59 -77 -31 -29 -35 0
-59 -29 35 0
-59 31 -29 0
-59 77 0
-59 -31 29 -35 0
-60 -61 -62 63 64 0
-60 61 62 63 64 0
60 -64 0
60 61 -62 0
60 -63 0
60 -61 62 0
61 -77 21 -19 0
-61 77 0
-61 19 0
-61 -21 0
-62 -77 29 0
-62 77 -29 0
-62 -35 0
-62 31 29 0
62 -77 -29 35 0
62 77 -31 29 35 0
63 75 79 80 -81 0
-63 81 0
-63 -80 0
-63 -75 0
-63 -79 0
-64 65 66 0
-64 -65 -66 0
64 -65 66 0
64 65 -66 0
65 -76 -9 -5 0
-65 76 0
-65 5 0
-65 9 0
-66 10 14 0
-66 76 -14 0
-66 9 0
-66 -76 14 0
66 -76 -9 -14 0
66 76 -9 -10 14 0
-84 0
2 0

