c Result of efficient AIG-to-CNF conversion using package CNF
p cnf 77 310
2 3 17 -35 46 0
-2 -46 0
-2 -3 0
-2 35 0
-2 -17 0
-3 -4 -12 0
-3 4 12 0
3 4 -12 0
3 -4 12 0
4 -6 -10 0
4 -69 -10 0
4 5 -10 0
-4 10 0
-4 69 -5 6 0
-5 -68 73 -74 0
-5 72 73 74 0
-5 68 -72 0
-5 68 -73 -74 0
5 -68 -72 74 0
5 72 -73 74 0
5 -68 -73 0
5 68 72 73 -74 0
-6 7 9 0
6 -7 0
6 -9 0
-7 72 8 0
-7 73 8 0
7 -8 0
7 -72 -73 0
8 68 -72 0
8 68 -73 0
-8 -68 0
-8 72 73 0
-9 72 74 0
-9 68 -72 -74 0
-9 -68 74 0
-9 68 -73 0
9 -68 -74 0
9 72 73 -74 0
9 68 -72 73 74 0
-10 64 7 0
-10 64 11 0
10 -64 0
10 -7 -11 0
11 -5 -9 0
-11 5 0
-11 9 0
12 13 -16 0
12 -69 -16 0
12 5 -16 0
-12 16 0
-12 69 -5 -13 0
13 9 -14 0
-13 -9 0
-13 14 0
14 8 -15 0
-14 -8 0
-14 15 0
15 72 -73 0
15 -72 73 0
15 73 -74 0
-15 -72 -73 0
-15 72 73 74 0
-16 64 11 0
-16 64 -14 0
16 -64 0
16 -11 14 0
-17 -18 -25 0
-17 18 25 0
17 18 -25 0
17 -18 25 0
18 -20 -23 0
18 -70 -23 0
18 19 -23 0
-18 23 0
-18 70 -19 20 0
-19 -69 5 -9 0
-19 69 -5 -9 0
-19 69 -7 0
-19 7 5 9 0
19 -69 -7 9 0
19 7 -5 9 0
19 -69 -5 0
19 69 7 5 -9 0
-20 21 22 0
20 -21 0
20 -22 0
-21 -69 7 0
-21 7 5 0
-21 -69 5 0
21 69 -5 0
21 -7 -5 0
21 69 -7 0
-22 -69 9 0
-22 69 -7 -9 0
-22 69 -5 0
-22 7 9 0
22 -69 -9 0
22 7 5 -9 0
22 69 -7 5 9 0
-23 65 21 0
-23 65 24 0
23 -65 0
23 -21 -24 0
24 -19 -22 0
-24 19 0
-24 22 0
25 27 -33 0
25 -70 -33 0
25 26 -33 0
-25 33 0
-25 70 -26 -27 0
-26 -69 5 -9 0
-26 69 -5 -9 0
-26 69 14 0
-26 5 9 -14 0
26 -69 9 14 0
26 -5 9 -14 0
26 -69 -5 0
26 69 5 -9 -14 0
27 -28 -32 0
-27 28 0
-27 32 0
28 -29 30 0
-28 29 0
-28 -30 0
-29 69 74 0
-29 69 -73 0
-29 68 69 0
29 -69 0
29 -68 73 -74 0
-30 31 0
30 -31 0
31 -5 14 0
-31 5 0
-31 -14 0
32 -69 9 0
32 69 -9 14 0
32 69 -5 0
32 9 -14 0
-32 -69 -9 0
-32 69 5 9 14 0
-32 5 -9 -14 0
-33 65 -28 0
-33 65 34 0
33 -65 0
33 28 -34 0
34 -26 32 0
-34 26 0
-34 -32 0
35 -36 -37 -38 -41 0
35 36 37 -38 -41 0
-35 41 0
-35 36 -37 0
-35 38 0
-35 -36 37 0
-36 -21 -19 22 0
-36 70 -21 -22 0
-36 70 -19 0
-36 21 19 22 0
36 -70 21 -19 0
36 -21 19 22 0
36 -70 -22 0
36 21 19 -22 0
-37 28 -26 -32 0
-37 70 28 32 0
-37 70 -26 0
-37 -28 26 -32 0
37 -70 -28 -26 0
37 28 26 -32 0
37 -70 32 0
37 -28 26 32 0
38 39 -40 0
38 -39 40 0
-38 -39 -40 0
-38 39 40 0
-39 -7 -5 9 0
-39 69 -7 -9 0
-39 69 -5 0
-39 7 5 9 0
39 -69 7 -5 0
39 -7 5 9 0
39 -69 -9 0
39 7 5 -9 0
40 69 -9 14 0
40 -5 9 14 0
40 69 -5 0
40 5 9 -14 0
-40 -69 -5 -14 0
-40 5 -9 -14 0
-40 -69 -9 0
-40 5 9 14 0
41 -42 43 44 45 0
41 42 -43 -44 -45 0
41 42 43 -44 45 0
41 -42 -43 44 -45 0
-41 -42 -44 0
-41 42 44 0
-41 43 -45 0
-41 -43 45 0
42 69 7 5 -9 0
42 -69 7 -5 -9 0
42 69 -7 5 9 0
-42 -7 -9 0
-42 -69 9 0
-42 69 -5 0
-42 -69 5 0
-42 7 9 0
43 70 21 19 -22 0
43 -70 21 -19 -22 0
43 70 -21 19 22 0
-43 -21 -22 0
-43 -70 22 0
-43 70 -19 0
-43 -70 19 0
-43 21 22 0
-44 -69 -5 -9 -14 0
-44 69 5 -9 -14 0
-44 69 5 9 14 0
44 -5 14 0
44 9 -14 0
44 -69 5 0
44 -9 14 0
44 69 -5 0
45 70 -28 26 32 0
45 -70 -28 -26 32 0
45 70 28 26 -32 0
-45 28 32 0
-45 -70 -32 0
-45 70 -26 0
-45 -70 26 0
-45 -28 -32 0
-46 3 47 49 55 0
46 -55 0
46 -3 0
46 -49 0
46 -47 0
-47 17 48 0
47 -17 0
47 -48 0
48 -68 72 73 74 0
-48 -74 0
-48 -73 0
-48 68 0
-48 -72 0
-49 -50 51 -52 54 0
-49 50 -51 52 -54 0
-49 50 51 52 54 0
-49 -50 -51 -52 -54 0
49 -50 52 0
49 50 -52 0
49 51 -54 0
49 -51 54 0
50 -69 5 0
50 -69 7 9 0
-50 69 0
-50 -5 -9 0
-50 -7 -5 0
51 -70 19 0
51 -70 21 22 0
-51 70 0
-51 -19 -22 0
-51 -21 -19 0
52 -53 30 0
-52 53 0
-52 -30 0
53 -69 11 0
-53 69 0
-53 -11 0
54 -70 28 26 0
54 -70 26 32 0
54 -70 -28 -26 -32 0
-54 -26 32 0
-54 28 -26 0
-54 70 0
-54 -28 26 -32 0
-55 56 -57 58 -59 0
-55 -56 57 -58 59 0
-55 -56 -57 -58 -59 0
-55 56 57 58 59 0
55 56 -58 0
55 -56 58 0
55 -57 59 0
55 57 -59 0
-56 -69 5 0
-56 69 -5 0
-56 9 0
-56 -7 5 0
56 -69 -5 -9 0
56 69 7 5 -9 0
-57 -70 19 0
-57 70 -19 0
-57 22 0
-57 -21 19 0
57 -70 -19 -22 0
57 70 21 19 -22 0
-58 -69 5 0
-58 69 -5 0
-58 9 0
-58 5 14 0
58 -69 -5 -9 0
58 69 5 -9 -14 0
-59 -70 26 0
-59 70 -26 0
-59 -32 0
-59 28 26 0
59 -70 -26 32 0
59 70 -28 26 32 0
-77 0
-2 0

