c Result of efficient AIG-to-CNF conversion using package CNF
p cnf 62 209
-2 3 25 29 34 0
2 -34 0
2 -3 0
2 -29 0
2 -25 0
-3 -4 -8 19 0
-3 4 8 19 0
3 -19 0
3 -4 8 0
3 4 -8 0
-4 50 5 0
4 -50 0
4 -5 0
5 -54 -6 -7 0
-5 54 0
-5 7 0
-5 6 0
-6 57 59 0
-6 53 -57 -59 0
-6 -53 59 0
-6 53 -58 0
6 -53 -59 0
6 57 58 -59 0
6 53 -57 58 59 0
-7 -53 58 -59 0
-7 57 58 59 0
-7 53 -57 0
-7 53 -58 -59 0
7 -53 -57 59 0
7 57 -58 59 0
7 -53 -58 0
7 53 57 58 -59 0
8 11 -17 0
8 -55 -17 0
8 9 -17 0
-8 17 0
-8 55 -9 -11 0
-9 -54 -6 7 0
-9 54 -6 -7 0
-9 54 10 0
-9 6 7 -10 0
9 -54 6 10 0
9 6 -7 -10 0
9 -54 -7 0
9 54 -6 7 -10 0
10 57 58 -59 0
10 -53 57 -58 0
10 -53 -57 58 0
-10 53 -57 0
-10 -57 -58 0
-10 53 -58 0
-10 57 58 59 0
11 -12 -16 0
-11 12 0
-11 16 0
12 -13 14 0
-12 13 0
-12 -14 0
-13 54 59 0
-13 54 -58 0
-13 53 54 0
13 -54 0
13 -53 58 -59 0
-14 15 0
14 -15 0
15 -7 10 0
-15 7 0
-15 -10 0
16 -54 6 0
16 54 -6 10 0
16 54 -7 0
16 6 -10 0
-16 -54 -6 0
-16 -6 7 -10 0
-16 54 6 7 10 0
-17 50 -12 0
-17 50 18 0
17 -50 0
17 12 -18 0
18 -9 16 0
-18 9 0
-18 -16 0
19 -20 22 0
-19 20 0
-19 -22 0
-20 49 21 0
20 -49 0
20 -21 0
21 -6 -7 0
-21 6 0
-21 7 0
22 23 -24 0
22 -54 -24 0
22 7 -24 0
-22 24 0
-22 54 -7 -23 0
23 6 -10 0
-23 -6 0
-23 10 0
-24 49 21 0
-24 49 -10 0
24 -49 0
24 -21 10 0
-25 -26 -27 28 0
-25 26 27 28 0
25 -28 0
25 -26 27 0
25 26 -27 0
26 54 55 -7 0
26 54 55 -6 0
-26 -54 0
-26 -55 0
-26 6 7 0
27 55 -12 9 16 0
27 -55 -12 -9 16 0
27 55 12 9 -16 0
-27 12 16 0
-27 -55 -16 0
-27 55 -9 0
-27 -55 9 0
-27 -12 -16 0
-28 6 -7 0
-28 -54 7 0
-28 10 0
-28 54 -7 0
28 54 7 -10 0
28 -54 -6 -7 -10 0
-29 30 32 33 0
-29 -30 -32 33 0
29 -33 0
29 30 -32 0
29 -30 32 0
-30 55 31 0
-30 -54 6 0
-30 -54 55 0
30 -55 -6 0
30 54 -31 0
30 54 -55 0
-31 6 7 0
31 -6 0
31 -7 0
-32 12 -9 -16 0
-32 55 12 16 0
-32 55 -9 0
-32 -12 9 -16 0
32 -55 -12 -9 0
32 12 9 -16 0
32 -55 16 0
32 -12 9 16 0
-33 10 0
-33 -54 -6 0
-33 54 -7 0
33 -54 6 -10 0
33 54 7 -10 0
-34 -35 -36 37 38 0
-34 35 36 37 38 0
34 -38 0
34 35 -36 0
34 -37 0
34 -35 36 0
35 -54 -55 -6 -7 0
-35 55 0
-35 7 0
-35 54 0
-35 6 0
-36 -55 9 0
-36 55 -9 0
-36 -16 0
-36 12 9 0
36 -55 -9 16 0
36 55 -12 9 16 0
37 54 -6 7 -10 0
-37 -54 0
-37 10 0
-37 -7 0
-37 6 0
-38 -39 40 -42 44 0
-38 39 -40 42 -44 0
-38 39 40 42 44 0
-38 -39 -40 -42 -44 0
38 -39 42 0
38 39 -42 0
38 40 -44 0
38 -40 44 0
39 -54 7 0
-39 54 0
-39 -7 0
40 -55 41 0
-40 55 0
-40 -41 0
-41 54 0
-41 -6 7 0
41 -54 6 0
41 -54 -7 0
42 -43 14 0
-42 43 0
-42 -14 0
43 -54 21 0
-43 54 0
-43 -21 0
44 -55 12 9 0
44 -55 9 16 0
44 -55 -12 -9 -16 0
-44 -9 16 0
-44 12 -9 0
-44 55 0
-44 -12 9 -16 0
-62 0
2 0

