c Result of efficient AIG-to-CNF conversion using package CNF
p cnf 61 213
2 3 -25 33 40 0
-2 -40 0
-2 -3 0
-2 -33 0
-2 25 0
-3 -4 7 -10 15 0
-3 4 -7 10 -15 0
-3 4 7 10 15 0
-3 -4 -7 -10 -15 0
3 -4 10 0
3 4 -10 0
3 7 -15 0
3 -7 15 0
4 -48 -53 0
4 -48 6 0
4 -48 5 0
-4 48 0
-4 53 -5 -6 0
-5 -52 57 -58 0
-5 56 57 58 0
-5 52 -56 0
-5 52 -57 -58 0
5 -52 -56 58 0
5 56 -57 58 0
5 -52 -57 0
5 52 56 57 -58 0
6 56 57 -58 0
6 -52 56 -57 0
6 -52 -56 57 0
-6 52 -56 0
-6 -56 -57 0
-6 52 -57 0
-6 56 57 58 0
7 -49 -54 0
7 -49 9 0
7 -49 8 0
-7 49 0
-7 54 -8 -9 0
-8 5 -6 0
-8 53 6 0
8 -53 6 0
8 -5 -6 0
9 -53 -5 -6 0
9 -53 5 6 0
-9 53 0
-9 5 -6 0
-9 -5 6 0
10 11 -13 0
10 -53 -13 0
10 5 -13 0
-10 13 0
-10 53 -5 -11 0
11 -6 12 0
-11 6 0
-11 -12 0
-12 56 58 0
-12 52 -56 -58 0
-12 -52 58 0
-12 52 -57 0
12 -52 -58 0
12 56 57 -58 0
12 52 -56 57 58 0
-13 48 -6 0
-13 48 14 0
13 -48 0
13 6 -14 0
14 -5 -12 0
-14 5 0
-14 12 0
15 17 -23 0
15 -54 -23 0
15 16 -23 0
-15 23 0
-15 54 -16 -17 0
-16 53 -5 -12 0
-16 -53 5 -12 0
-16 53 6 0
-16 5 -6 12 0
16 -53 6 12 0
16 -5 -6 12 0
16 -53 -5 0
16 53 5 -6 -12 0
17 -18 -22 0
-17 18 0
-17 22 0
18 -19 20 0
-18 19 0
-18 -20 0
-19 53 6 0
-19 53 -5 0
19 -53 0
19 5 -6 0
-20 21 0
20 -21 0
21 -5 6 0
-21 5 0
-21 -6 0
22 -6 12 0
22 53 6 -12 0
22 -53 12 0
22 53 -5 0
-22 -53 -12 0
-22 5 -6 -12 0
-22 53 5 6 12 0
-23 49 -18 0
-23 49 24 0
23 -49 0
23 18 -24 0
24 -16 22 0
-24 16 0
-24 -22 0
25 26 -27 28 -29 0
25 -26 27 28 -29 0
-25 29 0
-25 -26 -27 0
-25 -28 0
-25 26 27 0
26 8 -9 0
26 -8 9 0
26 54 -8 0
-26 8 9 0
-26 -54 -8 -9 0
-27 18 -16 -22 0
-27 54 18 22 0
-27 54 -16 0
-27 -18 16 -22 0
27 -54 -18 -16 0
27 18 16 -22 0
27 -54 22 0
27 -18 16 22 0
-28 -5 -6 0
-28 53 -5 0
-28 12 0
-28 -53 5 6 0
28 53 5 -12 0
28 5 -6 -12 0
28 -53 -5 6 -12 0
29 30 -31 32 0
29 -30 31 32 0
-29 -32 0
-29 30 31 0
-29 -30 -31 0
-30 54 8 9 0
30 -54 0
30 -8 0
30 -9 0
31 54 -18 16 22 0
31 -54 -18 -16 22 0
31 54 18 16 -22 0
-31 18 22 0
-31 -54 -22 0
-31 54 -16 0
-31 -54 16 0
-31 -18 -22 0
-32 -53 5 0
-32 -5 6 0
-32 12 0
-32 53 -5 0
32 53 5 -12 0
32 -53 -5 -6 -12 0
-33 -34 36 -38 39 0
-33 34 -36 38 -39 0
-33 34 36 38 39 0
-33 -34 -36 -38 -39 0
33 -34 38 0
33 34 -38 0
33 36 -39 0
33 -36 39 0
34 -53 35 0
-34 53 0
-34 -35 0
-35 -5 -6 0
-35 5 6 0
35 5 -6 0
35 -5 6 0
36 -54 37 0
-36 54 0
-36 -37 0
37 -8 9 0
-37 8 0
-37 -9 0
38 -53 20 14 0
-38 53 0
-38 -20 0
-38 -14 0
39 -54 18 16 0
39 -54 16 22 0
39 -54 -18 -16 -22 0
-39 -16 22 0
-39 18 -16 0
-39 54 0
-39 -18 16 -22 0
-40 41 42 43 0
-40 12 42 43 0
40 -43 0
40 -42 0
40 -41 -12 0
41 -53 -5 0
-41 53 0
-41 5 0
42 -52 53 57 -58 0
-42 58 0
-42 -57 0
-42 52 0
-42 -53 0
-43 -54 16 0
-43 54 -16 0
-43 -22 0
-43 18 16 0
43 -54 -16 22 0
43 54 -18 16 22 0
-61 0
-2 0

