c Result of efficient AIG-to-CNF conversion using package CNF
p cnf 79 284
2 3 -17 47 -49 0
-2 49 0
-2 -3 0
-2 -47 0
-2 17 0
-3 -4 -5 14 0
-3 4 5 14 0
3 -14 0
3 -4 5 0
3 4 -5 0
-4 66 75 0
-4 66 74 0
-4 66 76 0
4 -66 0
4 -74 -75 -76 0
5 7 -12 0
5 -71 -12 0
5 6 -12 0
-5 12 0
-5 71 -6 -7 0
-6 -70 75 -76 0
-6 74 75 76 0
-6 70 -74 0
-6 70 -75 -76 0
6 -70 -74 76 0
6 74 -75 76 0
6 -70 -75 0
6 70 74 75 -76 0
7 -8 11 0
-7 8 0
-7 -11 0
8 -70 -9 0
8 74 75 -9 0
-8 9 0
-8 70 -74 0
-8 70 -75 0
9 74 -75 0
9 75 -10 0
-9 -74 -75 0
-9 75 10 0
-10 74 76 0
10 -74 0
10 -76 0
-11 74 76 0
-11 70 -74 -76 0
-11 -70 76 0
-11 70 -75 0
11 -70 -76 0
11 74 75 -76 0
11 70 -74 75 76 0
-12 66 -8 0
-12 66 13 0
12 -66 0
12 8 -13 0
13 -6 -11 0
-13 6 0
-13 11 0
14 70 -75 10 -15 0
-14 -70 0
-14 15 0
-14 -10 0
-14 75 0
-15 65 16 0
-15 65 74 0
15 -65 0
15 -74 -16 0
16 -75 -76 0
-16 75 0
-16 76 0
17 3 18 -35 -40 0
-17 40 0
-17 -3 0
-17 35 0
-17 -18 0
-18 19 34 0
18 -19 0
18 -34 0
-19 -20 -24 0
-19 20 24 0
19 20 -24 0
19 -20 24 0
-20 67 21 0
-20 67 23 0
20 -67 0
20 -21 -23 0
-21 22 0
21 -22 0
22 -74 -75 0
-22 74 0
-22 75 0
23 -75 -76 0
-23 75 0
-23 76 0
24 26 -32 0
24 -72 -32 0
24 25 -32 0
-24 32 0
-24 72 -25 -26 0
-25 -71 6 -11 0
-25 71 -6 -11 0
-25 71 8 0
-25 -8 6 11 0
25 -71 8 11 0
25 -8 -6 11 0
25 -71 -6 0
25 71 -8 6 -11 0
26 -27 -31 0
-26 27 0
-26 31 0
27 -28 29 0
-27 28 0
-27 -29 0
-28 71 76 0
-28 71 -75 0
-28 70 71 0
28 -71 0
28 -70 75 -76 0
-29 30 0
29 -30 0
30 8 -6 0
-30 -8 0
-30 6 0
31 -71 11 0
31 71 8 -11 0
31 71 -6 0
31 -8 11 0
-31 -71 -11 0
-31 -8 6 -11 0
-31 71 8 6 11 0
-32 67 -27 0
-32 67 33 0
32 -67 0
32 27 -33 0
33 -25 31 0
-33 25 0
-33 -31 0
-34 74 76 0
-34 -74 -75 0
-34 -70 0
-34 -74 -76 0
34 70 74 -76 0
34 70 -74 75 76 0
35 -36 37 38 39 0
35 36 -37 -38 -39 0
35 36 37 -38 39 0
35 -36 -37 38 -39 0
-35 -36 -38 0
-35 36 38 0
-35 37 -39 0
-35 -37 39 0
36 74 -75 -76 0
-36 76 0
-36 75 0
-36 -74 0
37 -75 -76 21 0
-37 75 0
-37 76 0
-37 -21 0
-38 71 -8 6 -11 0
-38 -71 -8 -6 -11 0
-38 71 8 6 11 0
38 8 -11 0
38 -71 11 0
38 71 -6 0
38 -71 6 0
38 -8 11 0
39 72 -27 25 31 0
39 -72 -27 -25 31 0
39 72 27 25 -31 0
-39 27 31 0
-39 -72 -31 0
-39 72 -25 0
-39 -72 25 0
-39 -27 -31 0
40 41 -42 0
-40 -41 0
-40 42 0
41 70 -74 -76 0
41 70 74 -75 0
-41 -70 0
-41 -74 76 0
-41 74 75 0
42 -43 44 -45 -46 0
42 43 -44 45 46 0
42 43 44 45 -46 0
42 -43 -44 -45 46 0
-42 -43 45 0
-42 43 -45 0
-42 44 46 0
-42 -44 -46 0
43 -74 -75 76 0
-43 74 0
-43 75 0
-43 -76 0
44 76 -21 0
-44 -76 0
-44 21 0
45 8 -6 11 0
45 71 8 -11 0
45 71 -6 0
45 -8 6 11 0
-45 -71 -8 -6 0
-45 8 6 11 0
-45 -71 -11 0
-45 -8 6 -11 0
-46 27 -25 -31 0
-46 72 27 31 0
-46 72 -25 0
-46 -27 25 -31 0
46 -72 -27 -25 0
46 27 25 -31 0
46 -72 31 0
46 -27 25 31 0
-47 19 48 0
47 -19 0
47 -48 0
48 70 16 -9 0
-48 9 0
-48 -16 0
-48 -70 0
49 50 -51 59 0
-49 -50 0
-49 51 0
-49 -59 0
-50 -70 0
-50 76 0
-50 -74 75 0
50 70 74 -76 0
50 70 -75 -76 0
51 52 -54 -57 58 0
51 -52 54 57 -58 0
51 -52 -54 57 58 0
51 52 54 -57 -58 0
-51 52 57 0
-51 -52 -57 0
-51 -54 -58 0
-51 54 58 0
-52 53 21 0
52 -53 0
52 -21 0
53 -75 -76 0
-53 75 0
-53 76 0
-54 55 23 0
54 -55 0
54 -23 0
55 -21 56 0
-55 21 0
-55 -56 0
56 75 -76 0
-56 -75 0
-56 76 0
57 -71 29 13 0
-57 71 0
-57 -29 0
-57 -13 0
58 -72 27 25 0
58 -72 25 31 0
58 -72 -27 -25 -31 0
-58 -25 31 0
-58 27 -25 0
-58 72 0
-58 -27 25 -31 0
-59 75 60 61 0
-59 76 60 61 0
-59 -75 -76 -60 -61 0
59 75 -61 0
59 -75 -76 60 0
59 76 -61 0
59 -60 61 0
-60 -71 6 0
-60 71 -6 0
-60 11 0
-60 8 6 0
60 -71 -6 -11 0
60 71 -8 6 -11 0
-61 -72 25 0
-61 72 -25 0
-61 -31 0
-61 27 25 0
61 -72 -25 31 0
61 72 -27 25 31 0
-79 0
-2 0

