c Result of efficient AIG-to-CNF conversion using package CNF
p cnf 41 108
2 -3 -7 -15 0
-2 3 0
-2 15 0
-2 7 0
-3 4 5 0
3 -4 0
3 -5 0
4 32 36 -37 38 0
-4 -32 0
-4 -38 0
-4 37 0
-4 -36 0
5 -27 4 0
5 -36 -6 4 0
-5 -4 0
-5 27 6 0
-5 27 36 0
6 -37 -38 0
-6 37 0
-6 38 0
-7 8 13 0
7 -8 0
7 -13 0
8 33 -9 -10 0
-8 10 0
-8 9 0
-8 -33 0
-9 -32 37 -38 0
-9 36 37 38 0
-9 32 -36 0
-9 32 -37 -38 0
9 -32 -36 38 0
9 36 -37 38 0
9 -32 -37 0
9 32 36 37 -38 0
10 -11 12 0
-10 11 0
-10 -12 0
11 36 37 -38 0
11 -32 36 -37 0
11 -32 -36 37 0
-11 32 -36 0
-11 -36 -37 0
-11 32 -37 0
-11 36 37 38 0
-12 36 38 0
-12 32 -36 -38 0
-12 -32 38 0
-12 32 -37 0
12 -32 -38 0
12 36 37 -38 0
12 32 -36 37 38 0
13 -28 8 0
13 8 -14 0
-13 -8 0
-13 28 14 0
14 -32 -36 -37 -38 0
-14 38 0
-14 32 0
-14 37 0
-14 36 0
-15 16 22 0
15 -16 0
15 -22 0
16 34 -17 -20 -21 0
-16 17 0
-16 20 0
-16 -34 0
-16 21 0
17 -18 19 0
-17 18 0
-17 -19 0
-18 33 38 0
-18 33 -37 0
-18 32 33 0
18 -33 0
18 -32 37 -38 0
19 11 -9 0
-19 -11 0
-19 9 0
-20 -33 9 -12 0
-20 33 -9 -12 0
-20 33 11 0
-20 -11 9 12 0
20 -33 11 12 0
20 -11 -9 12 0
20 -33 -9 0
20 33 -11 9 -12 0
21 -33 12 0
21 33 11 -12 0
21 33 -9 0
21 -11 12 0
-21 -33 -12 0
-21 -11 9 -12 0
-21 33 11 9 12 0
22 -29 16 0
22 17 -23 16 0
-22 -16 0
-22 29 -17 0
-22 29 23 0
23 -33 -9 -12 0
23 33 -11 9 -12 0
-23 -33 9 0
-23 33 -9 0
-23 12 0
-23 11 9 0
-41 0
-2 0

