INPUT(EQL)
INPUT(CONT_EQL)
OUTPUT(CC_MUX_REG_2__WFCIRCUIT)
OUTPUT(CC_MUX_REG_1__WFCIRCUIT)
OUTPUT(USCITE_REG_2__WFCIRCUIT)
OUTPUT(USCITE_REG_1__WFCIRCUIT)
OUTPUT(ENABLE_COUNT_REG_WFCIRCUIT)
OUTPUT(ACKOUT_REG_WFCIRCUIT)
ACKOUT_REG_WFCIRCUIT = DFF(U62_WFCIRCUIT)
STATE_REG_2__WFCIRCUIT = DFF(U57_WFCIRCUIT)
STATE_REG_1__WFCIRCUIT = DFF(U56_WFCIRCUIT)
STATE_REG_0__WFCIRCUIT = DFF(U55_WFCIRCUIT)
CC_MUX_REG_2__WFCIRCUIT = DFF(U59_WFCIRCUIT)
CC_MUX_REG_1__WFCIRCUIT = DFF(U58_WFCIRCUIT)
USCITE_REG_2__WFCIRCUIT = DFF(U61_WFCIRCUIT)
USCITE_REG_1__WFCIRCUIT = DFF(U60_WFCIRCUIT)
ENABLE_COUNT_REG_WFCIRCUIT = DFF(U62_WFCIRCUIT)
U54_WFCIRCUIT = AND(U90_WFCIRCUIT, U89_WFCIRCUIT)
U55_WFCIRCUIT = NAND(U54_WFCIRCUIT, U78_WFCIRCUIT)
U56_WFCIRCUIT = NAND(U82_WFCIRCUIT, U81_WFCIRCUIT, U72_WFCIRCUIT, U66_FSA_WFCIRCUIT)
U57_WFCIRCUIT = NAND(U80_WFCIRCUIT, U79_WFCIRCUIT)
U58_WFCIRCUIT = NAND(U88_WFCIRCUIT, U69_WFCIRCUIT, U92_WFCIRCUIT, U91_WFCIRCUIT)
U59_WFCIRCUIT = NAND(U86_WFCIRCUIT, U70_WFCIRCUIT, U85_WFCIRCUIT)
U60_WFCIRCUIT = NAND(EQL_WFCIRCUIT, U76_WFCIRCUIT, U54_WFCIRCUIT)
U61_WFCIRCUIT = NAND(U72_WFCIRCUIT, U75_WFCIRCUIT)
U62_WFCIRCUIT = NAND(U84_WFCIRCUIT, U83_WFCIRCUIT)
U63_WFCIRCUIT = AND(STATE_REG_2__WFCIRCUIT, STATE_REG_1__WFCIRCUIT, STATE_REG_0__WFCIRCUIT)
U64_WFCIRCUIT = NOT(STATE_REG_1__WFCIRCUIT)
U65_WFCIRCUIT = NOT(EQL_WFCIRCUIT)
U66_WFCIRCUIT = NAND(EQL_WFCIRCUIT, STATE_REG_1__WFCIRCUIT)
U67_WFCIRCUIT = NOT(STATE_REG_2__WFCIRCUIT)
U68_WFCIRCUIT = NOT(STATE_REG_0__WFCIRCUIT)
U69_WFCIRCUIT = OR(STATE_REG_2__WFCIRCUIT, STATE_REG_0__WFCIRCUIT)
U70_WFCIRCUIT = NAND(U64_WFCIRCUIT, U67_WFCIRCUIT, STATE_REG_0__WFCIRCUIT)
U71_WFCIRCUIT = NOT(U66_FSA_WFCIRCUIT)
U72_WFCIRCUIT = NAND(STATE_REG_2__WFCIRCUIT, U68_WFCIRCUIT, U64_WFCIRCUIT, U65_WFCIRCUIT)
U73_WFCIRCUIT = NOT(U69_WFCIRCUIT)
U74_WFCIRCUIT = NOT(U70_WFCIRCUIT)
U75_WFCIRCUIT = NAND(STATE_REG_2__WFCIRCUIT, U71_WFCIRCUIT)
U76_WFCIRCUIT = NAND(STATE_REG_2__WFCIRCUIT, STATE_REG_1__WFCIRCUIT)
U77_WFCIRCUIT = OR(STATE_REG_1__WFCIRCUIT, STATE_REG_0__WFCIRCUIT)
U78_WFCIRCUIT = NAND(U65_WFCIRCUIT, U77_WFCIRCUIT)
U79_WFCIRCUIT = NAND(U74_WFCIRCUIT, U65_WFCIRCUIT)
U80_WFCIRCUIT = NAND(STATE_REG_2__WFCIRCUIT, U78_WFCIRCUIT)
U81_WFCIRCUIT = NAND(EQL_WFCIRCUIT, U67_WFCIRCUIT, STATE_REG_0__WFCIRCUIT)
U82_WFCIRCUIT = NAND(U73_WFCIRCUIT, STATE_REG_1__WFCIRCUIT)
U83_WFCIRCUIT = NAND(STATE_REG_1__WFCIRCUIT, U65_WFCIRCUIT, U73_WFCIRCUIT)
U84_WFCIRCUIT = OR(CONT_EQL_WFCIRCUIT, U63_WFCIRCUIT)
U85_WFCIRCUIT = NAND(U71_WFCIRCUIT, U68_WFCIRCUIT)
U86_WFCIRCUIT = NAND(STATE_REG_2__WFCIRCUIT, U78_WFCIRCUIT)
U87_WFCIRCUIT = NAND(EQL_WFCIRCUIT, U68_WFCIRCUIT)
U88_WFCIRCUIT = NAND(STATE_REG_0__WFCIRCUIT, STATE_REG_2__WFCIRCUIT)
U89_WFCIRCUIT = NAND(U73_WFCIRCUIT, U64_WFCIRCUIT)
U90_WFCIRCUIT = NAND(STATE_REG_0__WFCIRCUIT, STATE_REG_1__WFCIRCUIT)
U91_WFCIRCUIT = NAND(EQL_WFCIRCUIT, U64_WFCIRCUIT)
U92_WFCIRCUIT = NAND(STATE_REG_1__WFCIRCUIT, U87_WFCIRCUIT)
EQL_WFCIRCUIT = BUF(EQL)
CONT_EQL_WFCIRCUIT = BUF(CONT_EQL)
U66_NOTF_WFCIRCUIT = NOT(U66_WFCIRCUIT)
U66_FSA_WFCIRCUIT = OR(U66_WFCIRCUIT, U66_NOTF_WFCIRCUIT)
