# Benchmark "faults\fault_U57__true_8_frames" written by ABC on Tue Dec 06 01:10:56 2011
INPUT(ACKOUT_REG_WFCIRCUIT)
INPUT(STATE_REG_2__WFCIRCUIT)
INPUT(STATE_REG_1__WFCIRCUIT)
INPUT(STATE_REG_0__WFCIRCUIT)
INPUT(CC_MUX_REG_2__WFCIRCUIT)
INPUT(CC_MUX_REG_1__WFCIRCUIT)
INPUT(USCITE_REG_2__WFCIRCUIT)
INPUT(USCITE_REG_1__WFCIRCUIT)
INPUT(ENABLE_COUNT_REG_WFCIRCUIT)
INPUT(EQL_00)
INPUT(CONT_EQL_00)
INPUT(EQL_01)
INPUT(CONT_EQL_01)
INPUT(EQL_02)
INPUT(CONT_EQL_02)
INPUT(EQL_03)
INPUT(CONT_EQL_03)
INPUT(EQL_04)
INPUT(CONT_EQL_04)
INPUT(EQL_05)
INPUT(CONT_EQL_05)
INPUT(EQL_06)
INPUT(CONT_EQL_06)
INPUT(EQL_07)
INPUT(CONT_EQL_07)
OUTPUT(CC_MUX_REG_2__WFCIRCUIT_00)
OUTPUT(CC_MUX_REG_1__WFCIRCUIT_00)
OUTPUT(USCITE_REG_2__WFCIRCUIT_00)
OUTPUT(USCITE_REG_1__WFCIRCUIT_00)
OUTPUT(ENABLE_COUNT_REG_WFCIRCUIT_00)
OUTPUT(ACKOUT_REG_WFCIRCUIT_00)
OUTPUT(CC_MUX_REG_2__WFCIRCUIT_01)
OUTPUT(CC_MUX_REG_1__WFCIRCUIT_01)
OUTPUT(USCITE_REG_2__WFCIRCUIT_01)
OUTPUT(USCITE_REG_1__WFCIRCUIT_01)
OUTPUT(ENABLE_COUNT_REG_WFCIRCUIT_01)
OUTPUT(ACKOUT_REG_WFCIRCUIT_01)
OUTPUT(CC_MUX_REG_2__WFCIRCUIT_02)
OUTPUT(CC_MUX_REG_1__WFCIRCUIT_02)
OUTPUT(USCITE_REG_2__WFCIRCUIT_02)
OUTPUT(USCITE_REG_1__WFCIRCUIT_02)
OUTPUT(ENABLE_COUNT_REG_WFCIRCUIT_02)
OUTPUT(ACKOUT_REG_WFCIRCUIT_02)
OUTPUT(CC_MUX_REG_2__WFCIRCUIT_03)
OUTPUT(CC_MUX_REG_1__WFCIRCUIT_03)
OUTPUT(USCITE_REG_2__WFCIRCUIT_03)
OUTPUT(USCITE_REG_1__WFCIRCUIT_03)
OUTPUT(ENABLE_COUNT_REG_WFCIRCUIT_03)
OUTPUT(ACKOUT_REG_WFCIRCUIT_03)
OUTPUT(CC_MUX_REG_2__WFCIRCUIT_04)
OUTPUT(CC_MUX_REG_1__WFCIRCUIT_04)
OUTPUT(USCITE_REG_2__WFCIRCUIT_04)
OUTPUT(USCITE_REG_1__WFCIRCUIT_04)
OUTPUT(ENABLE_COUNT_REG_WFCIRCUIT_04)
OUTPUT(ACKOUT_REG_WFCIRCUIT_04)
OUTPUT(CC_MUX_REG_2__WFCIRCUIT_05)
OUTPUT(CC_MUX_REG_1__WFCIRCUIT_05)
OUTPUT(USCITE_REG_2__WFCIRCUIT_05)
OUTPUT(USCITE_REG_1__WFCIRCUIT_05)
OUTPUT(ENABLE_COUNT_REG_WFCIRCUIT_05)
OUTPUT(ACKOUT_REG_WFCIRCUIT_05)
OUTPUT(CC_MUX_REG_2__WFCIRCUIT_06)
OUTPUT(CC_MUX_REG_1__WFCIRCUIT_06)
OUTPUT(USCITE_REG_2__WFCIRCUIT_06)
OUTPUT(USCITE_REG_1__WFCIRCUIT_06)
OUTPUT(ENABLE_COUNT_REG_WFCIRCUIT_06)
OUTPUT(ACKOUT_REG_WFCIRCUIT_06)
OUTPUT(CC_MUX_REG_2__WFCIRCUIT_07)
OUTPUT(CC_MUX_REG_1__WFCIRCUIT_07)
OUTPUT(USCITE_REG_2__WFCIRCUIT_07)
OUTPUT(USCITE_REG_1__WFCIRCUIT_07)
OUTPUT(ENABLE_COUNT_REG_WFCIRCUIT_07)
OUTPUT(ACKOUT_REG_WFCIRCUIT_07)
n73         = vdd
n74         = LUT 0x8 ( STATE_REG_2__WFCIRCUIT, STATE_REG_1__WFCIRCUIT )
n75         = LUT 0x8 ( STATE_REG_0__WFCIRCUIT, n74 )
n76         = LUT 0x1 ( CONT_EQL_00, n75 )
n77         = LUT 0x1 ( STATE_REG_2__WFCIRCUIT, STATE_REG_0__WFCIRCUIT )
n78         = LUT 0x2 ( STATE_REG_1__WFCIRCUIT, EQL_00 )
n79         = LUT 0x8 ( n77, n78 )
n80         = LUT 0x1 ( n76, n79 )
n81         = LUT 0x1 ( STATE_REG_1__WFCIRCUIT, STATE_REG_0__WFCIRCUIT )
n82         = LUT 0x1 ( EQL_00, n81 )
n83         = LUT 0x2 ( STATE_REG_2__WFCIRCUIT, n82 )
n84         = LUT 0x1 ( STATE_REG_2__WFCIRCUIT, STATE_REG_1__WFCIRCUIT )
n85         = LUT 0x8 ( STATE_REG_0__WFCIRCUIT, n84 )
n86         = LUT 0x8 ( STATE_REG_1__WFCIRCUIT, n77 )
n87         = LUT 0x4 ( STATE_REG_2__WFCIRCUIT, EQL_00 )
n88         = LUT 0x8 ( STATE_REG_0__WFCIRCUIT, n87 )
n89         = LUT 0x2 ( STATE_REG_2__WFCIRCUIT, STATE_REG_0__WFCIRCUIT )
n90         = LUT 0x4 ( STATE_REG_1__WFCIRCUIT, n89 )
n91         = LUT 0x4 ( EQL_00, n90 )
n92         = LUT 0x8 ( STATE_REG_1__WFCIRCUIT, EQL_00 )
n93         = LUT 0x1 ( n86, n88 )
n94         = LUT 0x4 ( n91, n93 )
n95         = LUT 0x4 ( n92, n94 )
n96         = LUT 0x8 ( STATE_REG_1__WFCIRCUIT, STATE_REG_0__WFCIRCUIT )
n97         = LUT 0x4 ( STATE_REG_1__WFCIRCUIT, n77 )
n98         = LUT 0x1 ( n96, n97 )
n99         = LUT 0x4 ( n82, n98 )
n100        = LUT 0x4 ( STATE_REG_0__WFCIRCUIT, n92 )
n101        = LUT 0x1 ( n83, n85 )
n102        = LUT 0x4 ( n100, n101 )
n103        = LUT 0x8 ( STATE_REG_2__WFCIRCUIT, STATE_REG_0__WFCIRCUIT )
n104        = LUT 0x4 ( STATE_REG_0__WFCIRCUIT, EQL_00 )
n105        = LUT 0x2 ( STATE_REG_1__WFCIRCUIT, n104 )
n106        = LUT 0x4 ( STATE_REG_1__WFCIRCUIT, EQL_00 )
n107        = LUT 0x1 ( n77, n103 )
n108        = LUT 0x4 ( n105, n107 )
n109        = LUT 0x4 ( n106, n108 )
n110        = LUT 0x8 ( STATE_REG_2__WFCIRCUIT, n92 )
n111        = LUT 0x1 ( n91, n110 )
n112        = LUT 0x2 ( EQL_00, n74 )
n113        = LUT 0x8 ( n98, n112 )
n114        = LUT 0x1 ( n95, EQL_01 )
n115        = LUT 0x8 ( n99, n114 )
n116        = LUT 0x2 ( CONT_EQL_01, n115 )
n117        = LUT 0x8 ( n95, n99 )
n118        = LUT 0x1 ( EQL_01, n117 )
n119        = LUT 0x2 ( n95, n99 )
n120        = LUT 0x4 ( n95, n99 )
n121        = LUT 0x4 ( n99, EQL_01 )
n122        = LUT 0x4 ( n95, EQL_01 )
n123        = LUT 0x1 ( n120, n121 )
n124        = LUT 0x4 ( n122, n123 )
n125        = LUT 0x1 ( n95, n99 )
n126        = LUT 0x1 ( n117, n125 )
n127        = LUT 0x4 ( n118, n126 )
n128        = LUT 0x8 ( n99, n122 )
n129        = LUT 0x1 ( n119, n128 )
n130        = LUT 0x8 ( n99, EQL_01 )
n131        = LUT 0x1 ( n95, n130 )
n132        = LUT 0x8 ( n95, EQL_01 )
n133        = LUT 0x1 ( n99, n131 )
n134        = LUT 0x4 ( n132, n133 )
n135        = LUT 0x8 ( EQL_01, n126 )
n136        = LUT 0x1 ( n124, EQL_02 )
n137        = LUT 0x8 ( n127, n136 )
n138        = LUT 0x2 ( CONT_EQL_02, n137 )
n139        = LUT 0x8 ( n124, n127 )
n140        = LUT 0x1 ( EQL_02, n139 )
n141        = LUT 0x2 ( n124, n127 )
n142        = LUT 0x4 ( n124, n127 )
n143        = LUT 0x4 ( n127, EQL_02 )
n144        = LUT 0x4 ( n124, EQL_02 )
n145        = LUT 0x1 ( n142, n143 )
n146        = LUT 0x4 ( n144, n145 )
n147        = LUT 0x1 ( n124, n127 )
n148        = LUT 0x1 ( n139, n147 )
n149        = LUT 0x4 ( n140, n148 )
n150        = LUT 0x8 ( n127, n144 )
n151        = LUT 0x1 ( n141, n150 )
n152        = LUT 0x8 ( n127, EQL_02 )
n153        = LUT 0x1 ( n124, n152 )
n154        = LUT 0x8 ( n124, EQL_02 )
n155        = LUT 0x1 ( n127, n153 )
n156        = LUT 0x4 ( n154, n155 )
n157        = LUT 0x8 ( EQL_02, n148 )
n158        = LUT 0x1 ( n146, EQL_03 )
n159        = LUT 0x8 ( n149, n158 )
n160        = LUT 0x2 ( CONT_EQL_03, n159 )
n161        = LUT 0x8 ( n146, n149 )
n162        = LUT 0x1 ( EQL_03, n161 )
n163        = LUT 0x2 ( n146, n149 )
n164        = LUT 0x4 ( n146, n149 )
n165        = LUT 0x4 ( n149, EQL_03 )
n166        = LUT 0x4 ( n146, EQL_03 )
n167        = LUT 0x1 ( n164, n165 )
n168        = LUT 0x4 ( n166, n167 )
n169        = LUT 0x1 ( n146, n149 )
n170        = LUT 0x1 ( n161, n169 )
n171        = LUT 0x4 ( n162, n170 )
n172        = LUT 0x8 ( n149, n166 )
n173        = LUT 0x1 ( n163, n172 )
n174        = LUT 0x8 ( n149, EQL_03 )
n175        = LUT 0x1 ( n146, n174 )
n176        = LUT 0x8 ( n146, EQL_03 )
n177        = LUT 0x1 ( n149, n175 )
n178        = LUT 0x4 ( n176, n177 )
n179        = LUT 0x8 ( EQL_03, n170 )
n180        = LUT 0x1 ( n168, EQL_04 )
n181        = LUT 0x8 ( n171, n180 )
n182        = LUT 0x2 ( CONT_EQL_04, n181 )
n183        = LUT 0x8 ( n168, n171 )
n184        = LUT 0x1 ( EQL_04, n183 )
n185        = LUT 0x2 ( n168, n171 )
n186        = LUT 0x4 ( n168, n171 )
n187        = LUT 0x4 ( n171, EQL_04 )
n188        = LUT 0x4 ( n168, EQL_04 )
n189        = LUT 0x1 ( n186, n187 )
n190        = LUT 0x4 ( n188, n189 )
n191        = LUT 0x1 ( n168, n171 )
n192        = LUT 0x1 ( n183, n191 )
n193        = LUT 0x4 ( n184, n192 )
n194        = LUT 0x8 ( n171, n188 )
n195        = LUT 0x1 ( n185, n194 )
n196        = LUT 0x8 ( n171, EQL_04 )
n197        = LUT 0x1 ( n168, n196 )
n198        = LUT 0x8 ( n168, EQL_04 )
n199        = LUT 0x1 ( n171, n197 )
n200        = LUT 0x4 ( n198, n199 )
n201        = LUT 0x8 ( EQL_04, n192 )
n202        = LUT 0x1 ( n190, EQL_05 )
n203        = LUT 0x8 ( n193, n202 )
n204        = LUT 0x2 ( CONT_EQL_05, n203 )
n205        = LUT 0x8 ( n190, n193 )
n206        = LUT 0x1 ( EQL_05, n205 )
n207        = LUT 0x2 ( n190, n193 )
n208        = LUT 0x4 ( n190, n193 )
n209        = LUT 0x4 ( n193, EQL_05 )
n210        = LUT 0x4 ( n190, EQL_05 )
n211        = LUT 0x1 ( n208, n209 )
n212        = LUT 0x4 ( n210, n211 )
n213        = LUT 0x1 ( n190, n193 )
n214        = LUT 0x1 ( n205, n213 )
n215        = LUT 0x4 ( n206, n214 )
n216        = LUT 0x8 ( n193, n210 )
n217        = LUT 0x1 ( n207, n216 )
n218        = LUT 0x8 ( n193, EQL_05 )
n219        = LUT 0x1 ( n190, n218 )
n220        = LUT 0x8 ( n190, EQL_05 )
n221        = LUT 0x1 ( n193, n219 )
n222        = LUT 0x4 ( n220, n221 )
n223        = LUT 0x8 ( EQL_05, n214 )
n224        = LUT 0x1 ( n212, EQL_06 )
n225        = LUT 0x8 ( n215, n224 )
n226        = LUT 0x2 ( CONT_EQL_06, n225 )
n227        = LUT 0x8 ( n212, n215 )
n228        = LUT 0x2 ( n212, n215 )
n229        = LUT 0x4 ( n212, EQL_06 )
n230        = LUT 0x1 ( n212, n215 )
n231        = LUT 0x1 ( n227, n230 )
n232        = LUT 0x8 ( n215, n229 )
n233        = LUT 0x1 ( n228, n232 )
n234        = LUT 0x8 ( n215, EQL_06 )
n235        = LUT 0x1 ( n212, n234 )
n236        = LUT 0x8 ( n212, EQL_06 )
n237        = LUT 0x1 ( n215, n235 )
n238        = LUT 0x4 ( n236, n237 )
n239        = LUT 0x8 ( EQL_06, n231 )
CC_MUX_REG_2__WFCIRCUIT_00 = LUT 0x2 ( CC_MUX_REG_2__WFCIRCUIT )
CC_MUX_REG_1__WFCIRCUIT_00 = LUT 0x2 ( CC_MUX_REG_1__WFCIRCUIT )
USCITE_REG_2__WFCIRCUIT_00 = LUT 0x2 ( USCITE_REG_2__WFCIRCUIT )
USCITE_REG_1__WFCIRCUIT_00 = LUT 0x2 ( USCITE_REG_1__WFCIRCUIT )
ENABLE_COUNT_REG_WFCIRCUIT_00 = LUT 0x2 ( ENABLE_COUNT_REG_WFCIRCUIT )
ACKOUT_REG_WFCIRCUIT_00 = LUT 0x2 ( ACKOUT_REG_WFCIRCUIT )
CC_MUX_REG_2__WFCIRCUIT_01 = LUT 0x1 ( n102 )
CC_MUX_REG_1__WFCIRCUIT_01 = LUT 0x1 ( n109 )
USCITE_REG_2__WFCIRCUIT_01 = LUT 0x1 ( n111 )
USCITE_REG_1__WFCIRCUIT_01 = LUT 0x1 ( n113 )
ENABLE_COUNT_REG_WFCIRCUIT_01 = LUT 0x1 ( n80 )
ACKOUT_REG_WFCIRCUIT_01 = LUT 0x1 ( n80 )
CC_MUX_REG_2__WFCIRCUIT_02 = LUT 0x1 ( n129 )
CC_MUX_REG_1__WFCIRCUIT_02 = LUT 0x1 ( n134 )
USCITE_REG_2__WFCIRCUIT_02 = LUT 0x1 ( n73 )
USCITE_REG_1__WFCIRCUIT_02 = LUT 0x1 ( n135 )
ENABLE_COUNT_REG_WFCIRCUIT_02 = LUT 0x1 ( n116 )
ACKOUT_REG_WFCIRCUIT_02 = LUT 0x1 ( n116 )
CC_MUX_REG_2__WFCIRCUIT_03 = LUT 0x1 ( n151 )
CC_MUX_REG_1__WFCIRCUIT_03 = LUT 0x1 ( n156 )
USCITE_REG_2__WFCIRCUIT_03 = LUT 0x1 ( n73 )
USCITE_REG_1__WFCIRCUIT_03 = LUT 0x1 ( n157 )
ENABLE_COUNT_REG_WFCIRCUIT_03 = LUT 0x1 ( n138 )
ACKOUT_REG_WFCIRCUIT_03 = LUT 0x1 ( n138 )
CC_MUX_REG_2__WFCIRCUIT_04 = LUT 0x1 ( n173 )
CC_MUX_REG_1__WFCIRCUIT_04 = LUT 0x1 ( n178 )
USCITE_REG_2__WFCIRCUIT_04 = LUT 0x1 ( n73 )
USCITE_REG_1__WFCIRCUIT_04 = LUT 0x1 ( n179 )
ENABLE_COUNT_REG_WFCIRCUIT_04 = LUT 0x1 ( n160 )
ACKOUT_REG_WFCIRCUIT_04 = LUT 0x1 ( n160 )
CC_MUX_REG_2__WFCIRCUIT_05 = LUT 0x1 ( n195 )
CC_MUX_REG_1__WFCIRCUIT_05 = LUT 0x1 ( n200 )
USCITE_REG_2__WFCIRCUIT_05 = LUT 0x1 ( n73 )
USCITE_REG_1__WFCIRCUIT_05 = LUT 0x1 ( n201 )
ENABLE_COUNT_REG_WFCIRCUIT_05 = LUT 0x1 ( n182 )
ACKOUT_REG_WFCIRCUIT_05 = LUT 0x1 ( n182 )
CC_MUX_REG_2__WFCIRCUIT_06 = LUT 0x1 ( n217 )
CC_MUX_REG_1__WFCIRCUIT_06 = LUT 0x1 ( n222 )
USCITE_REG_2__WFCIRCUIT_06 = LUT 0x1 ( n73 )
USCITE_REG_1__WFCIRCUIT_06 = LUT 0x1 ( n223 )
ENABLE_COUNT_REG_WFCIRCUIT_06 = LUT 0x1 ( n204 )
ACKOUT_REG_WFCIRCUIT_06 = LUT 0x1 ( n204 )
CC_MUX_REG_2__WFCIRCUIT_07 = LUT 0x1 ( n233 )
CC_MUX_REG_1__WFCIRCUIT_07 = LUT 0x1 ( n238 )
USCITE_REG_2__WFCIRCUIT_07 = LUT 0x1 ( n73 )
USCITE_REG_1__WFCIRCUIT_07 = LUT 0x1 ( n239 )
ENABLE_COUNT_REG_WFCIRCUIT_07 = LUT 0x1 ( n226 )
ACKOUT_REG_WFCIRCUIT_07 = LUT 0x1 ( n226 )
