# Benchmark "faults\fault_U66__true_8_frames" written by ABC on Tue Dec 06 01:11:23 2011
INPUT(ACKOUT_REG_WFCIRCUIT)
INPUT(STATE_REG_2__WFCIRCUIT)
INPUT(STATE_REG_1__WFCIRCUIT)
INPUT(STATE_REG_0__WFCIRCUIT)
INPUT(CC_MUX_REG_2__WFCIRCUIT)
INPUT(CC_MUX_REG_1__WFCIRCUIT)
INPUT(USCITE_REG_2__WFCIRCUIT)
INPUT(USCITE_REG_1__WFCIRCUIT)
INPUT(ENABLE_COUNT_REG_WFCIRCUIT)
INPUT(EQL_00)
INPUT(CONT_EQL_00)
INPUT(EQL_01)
INPUT(CONT_EQL_01)
INPUT(EQL_02)
INPUT(CONT_EQL_02)
INPUT(EQL_03)
INPUT(CONT_EQL_03)
INPUT(EQL_04)
INPUT(CONT_EQL_04)
INPUT(EQL_05)
INPUT(CONT_EQL_05)
INPUT(EQL_06)
INPUT(CONT_EQL_06)
INPUT(EQL_07)
INPUT(CONT_EQL_07)
OUTPUT(CC_MUX_REG_2__WFCIRCUIT_00)
OUTPUT(CC_MUX_REG_1__WFCIRCUIT_00)
OUTPUT(USCITE_REG_2__WFCIRCUIT_00)
OUTPUT(USCITE_REG_1__WFCIRCUIT_00)
OUTPUT(ENABLE_COUNT_REG_WFCIRCUIT_00)
OUTPUT(ACKOUT_REG_WFCIRCUIT_00)
OUTPUT(CC_MUX_REG_2__WFCIRCUIT_01)
OUTPUT(CC_MUX_REG_1__WFCIRCUIT_01)
OUTPUT(USCITE_REG_2__WFCIRCUIT_01)
OUTPUT(USCITE_REG_1__WFCIRCUIT_01)
OUTPUT(ENABLE_COUNT_REG_WFCIRCUIT_01)
OUTPUT(ACKOUT_REG_WFCIRCUIT_01)
OUTPUT(CC_MUX_REG_2__WFCIRCUIT_02)
OUTPUT(CC_MUX_REG_1__WFCIRCUIT_02)
OUTPUT(USCITE_REG_2__WFCIRCUIT_02)
OUTPUT(USCITE_REG_1__WFCIRCUIT_02)
OUTPUT(ENABLE_COUNT_REG_WFCIRCUIT_02)
OUTPUT(ACKOUT_REG_WFCIRCUIT_02)
OUTPUT(CC_MUX_REG_2__WFCIRCUIT_03)
OUTPUT(CC_MUX_REG_1__WFCIRCUIT_03)
OUTPUT(USCITE_REG_2__WFCIRCUIT_03)
OUTPUT(USCITE_REG_1__WFCIRCUIT_03)
OUTPUT(ENABLE_COUNT_REG_WFCIRCUIT_03)
OUTPUT(ACKOUT_REG_WFCIRCUIT_03)
OUTPUT(CC_MUX_REG_2__WFCIRCUIT_04)
OUTPUT(CC_MUX_REG_1__WFCIRCUIT_04)
OUTPUT(USCITE_REG_2__WFCIRCUIT_04)
OUTPUT(USCITE_REG_1__WFCIRCUIT_04)
OUTPUT(ENABLE_COUNT_REG_WFCIRCUIT_04)
OUTPUT(ACKOUT_REG_WFCIRCUIT_04)
OUTPUT(CC_MUX_REG_2__WFCIRCUIT_05)
OUTPUT(CC_MUX_REG_1__WFCIRCUIT_05)
OUTPUT(USCITE_REG_2__WFCIRCUIT_05)
OUTPUT(USCITE_REG_1__WFCIRCUIT_05)
OUTPUT(ENABLE_COUNT_REG_WFCIRCUIT_05)
OUTPUT(ACKOUT_REG_WFCIRCUIT_05)
OUTPUT(CC_MUX_REG_2__WFCIRCUIT_06)
OUTPUT(CC_MUX_REG_1__WFCIRCUIT_06)
OUTPUT(USCITE_REG_2__WFCIRCUIT_06)
OUTPUT(USCITE_REG_1__WFCIRCUIT_06)
OUTPUT(ENABLE_COUNT_REG_WFCIRCUIT_06)
OUTPUT(ACKOUT_REG_WFCIRCUIT_06)
OUTPUT(CC_MUX_REG_2__WFCIRCUIT_07)
OUTPUT(CC_MUX_REG_1__WFCIRCUIT_07)
OUTPUT(USCITE_REG_2__WFCIRCUIT_07)
OUTPUT(USCITE_REG_1__WFCIRCUIT_07)
OUTPUT(ENABLE_COUNT_REG_WFCIRCUIT_07)
OUTPUT(ACKOUT_REG_WFCIRCUIT_07)
n73         = LUT 0x8 ( STATE_REG_2__WFCIRCUIT, STATE_REG_1__WFCIRCUIT )
n74         = LUT 0x8 ( STATE_REG_0__WFCIRCUIT, n73 )
n75         = LUT 0x1 ( CONT_EQL_00, n74 )
n76         = LUT 0x1 ( STATE_REG_2__WFCIRCUIT, STATE_REG_0__WFCIRCUIT )
n77         = LUT 0x2 ( STATE_REG_1__WFCIRCUIT, EQL_00 )
n78         = LUT 0x8 ( n76, n77 )
n79         = LUT 0x1 ( n75, n78 )
n80         = LUT 0x1 ( STATE_REG_1__WFCIRCUIT, STATE_REG_0__WFCIRCUIT )
n81         = LUT 0x1 ( EQL_00, n80 )
n82         = LUT 0x2 ( STATE_REG_2__WFCIRCUIT, n81 )
n83         = LUT 0x1 ( STATE_REG_2__WFCIRCUIT, STATE_REG_1__WFCIRCUIT )
n84         = LUT 0x8 ( STATE_REG_0__WFCIRCUIT, n83 )
n85         = LUT 0x4 ( EQL_00, n84 )
n86         = LUT 0x1 ( n82, n85 )
n87         = LUT 0x2 ( STATE_REG_2__WFCIRCUIT, STATE_REG_0__WFCIRCUIT )
n88         = LUT 0x4 ( STATE_REG_1__WFCIRCUIT, n87 )
n89         = LUT 0x4 ( EQL_00, n88 )
n90         = LUT 0x8 ( STATE_REG_1__WFCIRCUIT, STATE_REG_0__WFCIRCUIT )
n91         = LUT 0x4 ( STATE_REG_1__WFCIRCUIT, n76 )
n92         = LUT 0x1 ( n90, n91 )
n93         = LUT 0x4 ( n81, n92 )
n94         = LUT 0x1 ( n82, n84 )
n95         = LUT 0x8 ( STATE_REG_0__WFCIRCUIT, n94 )
n96         = LUT 0x8 ( STATE_REG_2__WFCIRCUIT, STATE_REG_0__WFCIRCUIT )
n97         = LUT 0x4 ( STATE_REG_0__WFCIRCUIT, EQL_00 )
n98         = LUT 0x2 ( STATE_REG_1__WFCIRCUIT, n97 )
n99         = LUT 0x4 ( STATE_REG_1__WFCIRCUIT, EQL_00 )
n100        = LUT 0x1 ( n76, n96 )
n101        = LUT 0x4 ( n98, n100 )
n102        = LUT 0x4 ( n99, n101 )
n103        = LUT 0x1 ( STATE_REG_2__WFCIRCUIT, n89 )
n104        = LUT 0x2 ( EQL_00, n73 )
n105        = LUT 0x8 ( n92, n104 )
n106        = LUT 0x1 ( n86, n93 )
n107        = LUT 0x1 ( CONT_EQL_01, n106 )
n108        = LUT 0x8 ( n86, n93 )
n109        = LUT 0x4 ( EQL_01, n108 )
n110        = LUT 0x1 ( n107, n109 )
USCITE_REG_2__WFCIRCUIT_03 = LUT 0x4 ( n86, EQL_01 )
n112        = LUT 0x8 ( n86, EQL_01 )
n113        = LUT 0x8 ( n93, EQL_01 )
n114        = LUT 0x1 ( n93, USCITE_REG_2__WFCIRCUIT_03 )
n115        = LUT 0x1 ( n106, n108 )
n116        = LUT 0x8 ( n113, n115 )
n117        = LUT 0x8 ( n93, n112 )
n118        = LUT 0x2 ( USCITE_REG_2__WFCIRCUIT_03, n113 )
n119        = LUT 0x1 ( CONT_EQL_02, n118 )
n120        = LUT 0x4 ( USCITE_REG_2__WFCIRCUIT_03, n113 )
n121        = LUT 0x4 ( EQL_02, n120 )
n122        = LUT 0x1 ( n119, n121 )
USCITE_REG_2__WFCIRCUIT_04 = LUT 0x8 ( USCITE_REG_2__WFCIRCUIT_03, EQL_02 )
n124        = LUT 0x4 ( USCITE_REG_2__WFCIRCUIT_03, EQL_02 )
n125        = LUT 0x8 ( n113, EQL_02 )
n126        = LUT 0x1 ( n113, USCITE_REG_2__WFCIRCUIT_04 )
n127        = LUT 0x1 ( n118, n120 )
n128        = LUT 0x8 ( n125, n127 )
n129        = LUT 0x8 ( n113, n124 )
n130        = LUT 0x2 ( USCITE_REG_2__WFCIRCUIT_04, n125 )
n131        = LUT 0x1 ( CONT_EQL_03, n130 )
n132        = LUT 0x4 ( USCITE_REG_2__WFCIRCUIT_04, n125 )
n133        = LUT 0x4 ( EQL_03, n132 )
n134        = LUT 0x1 ( n131, n133 )
USCITE_REG_2__WFCIRCUIT_05 = LUT 0x8 ( USCITE_REG_2__WFCIRCUIT_04, EQL_03 )
n136        = LUT 0x4 ( USCITE_REG_2__WFCIRCUIT_04, EQL_03 )
n137        = LUT 0x8 ( n125, EQL_03 )
n138        = LUT 0x1 ( n125, USCITE_REG_2__WFCIRCUIT_05 )
n139        = LUT 0x1 ( n130, n132 )
n140        = LUT 0x8 ( n137, n139 )
n141        = LUT 0x8 ( n125, n136 )
n142        = LUT 0x2 ( USCITE_REG_2__WFCIRCUIT_05, n137 )
n143        = LUT 0x1 ( CONT_EQL_04, n142 )
n144        = LUT 0x4 ( USCITE_REG_2__WFCIRCUIT_05, n137 )
n145        = LUT 0x4 ( EQL_04, n144 )
n146        = LUT 0x1 ( n143, n145 )
USCITE_REG_2__WFCIRCUIT_06 = LUT 0x8 ( USCITE_REG_2__WFCIRCUIT_05, EQL_04 )
n148        = LUT 0x4 ( USCITE_REG_2__WFCIRCUIT_05, EQL_04 )
n149        = LUT 0x8 ( n137, EQL_04 )
n150        = LUT 0x1 ( n137, USCITE_REG_2__WFCIRCUIT_06 )
n151        = LUT 0x1 ( n142, n144 )
n152        = LUT 0x8 ( n149, n151 )
n153        = LUT 0x8 ( n137, n148 )
n154        = LUT 0x2 ( USCITE_REG_2__WFCIRCUIT_06, n149 )
n155        = LUT 0x1 ( CONT_EQL_05, n154 )
n156        = LUT 0x4 ( USCITE_REG_2__WFCIRCUIT_06, n149 )
n157        = LUT 0x4 ( EQL_05, n156 )
n158        = LUT 0x1 ( n155, n157 )
USCITE_REG_2__WFCIRCUIT_07 = LUT 0x8 ( USCITE_REG_2__WFCIRCUIT_06, EQL_05 )
n160        = LUT 0x4 ( USCITE_REG_2__WFCIRCUIT_06, EQL_05 )
n161        = LUT 0x8 ( n149, EQL_05 )
n162        = LUT 0x1 ( n149, USCITE_REG_2__WFCIRCUIT_07 )
n163        = LUT 0x1 ( n154, n156 )
n164        = LUT 0x8 ( n161, n163 )
n165        = LUT 0x8 ( n149, n160 )
n166        = LUT 0x2 ( USCITE_REG_2__WFCIRCUIT_07, n161 )
n167        = LUT 0x1 ( CONT_EQL_06, n166 )
n168        = LUT 0x4 ( USCITE_REG_2__WFCIRCUIT_07, n161 )
n169        = LUT 0x4 ( EQL_06, n168 )
n170        = LUT 0x1 ( n167, n169 )
n171        = LUT 0x8 ( USCITE_REG_2__WFCIRCUIT_07, EQL_06 )
n172        = LUT 0x4 ( USCITE_REG_2__WFCIRCUIT_07, EQL_06 )
n173        = LUT 0x8 ( n161, EQL_06 )
n174        = LUT 0x1 ( n161, n171 )
n175        = LUT 0x1 ( n166, n168 )
n176        = LUT 0x8 ( n173, n175 )
n177        = LUT 0x8 ( n161, n172 )
CC_MUX_REG_2__WFCIRCUIT_00 = LUT 0x2 ( CC_MUX_REG_2__WFCIRCUIT )
CC_MUX_REG_1__WFCIRCUIT_00 = LUT 0x2 ( CC_MUX_REG_1__WFCIRCUIT )
USCITE_REG_2__WFCIRCUIT_00 = LUT 0x2 ( USCITE_REG_2__WFCIRCUIT )
USCITE_REG_1__WFCIRCUIT_00 = LUT 0x2 ( USCITE_REG_1__WFCIRCUIT )
ENABLE_COUNT_REG_WFCIRCUIT_00 = LUT 0x2 ( ENABLE_COUNT_REG_WFCIRCUIT )
ACKOUT_REG_WFCIRCUIT_00 = LUT 0x2 ( ACKOUT_REG_WFCIRCUIT )
CC_MUX_REG_2__WFCIRCUIT_01 = LUT 0x1 ( n95 )
CC_MUX_REG_1__WFCIRCUIT_01 = LUT 0x1 ( n102 )
USCITE_REG_2__WFCIRCUIT_01 = LUT 0x1 ( n103 )
USCITE_REG_1__WFCIRCUIT_01 = LUT 0x1 ( n105 )
ENABLE_COUNT_REG_WFCIRCUIT_01 = LUT 0x1 ( n79 )
ACKOUT_REG_WFCIRCUIT_01 = LUT 0x1 ( n79 )
CC_MUX_REG_2__WFCIRCUIT_02 = LUT 0x1 ( n114 )
CC_MUX_REG_1__WFCIRCUIT_02 = LUT 0x1 ( n116 )
USCITE_REG_2__WFCIRCUIT_02 = LUT 0x1 ( n86 )
USCITE_REG_1__WFCIRCUIT_02 = LUT 0x1 ( n117 )
ENABLE_COUNT_REG_WFCIRCUIT_02 = LUT 0x1 ( n110 )
ACKOUT_REG_WFCIRCUIT_02 = LUT 0x1 ( n110 )
CC_MUX_REG_2__WFCIRCUIT_03 = LUT 0x1 ( n126 )
CC_MUX_REG_1__WFCIRCUIT_03 = LUT 0x1 ( n128 )
USCITE_REG_1__WFCIRCUIT_03 = LUT 0x1 ( n129 )
ENABLE_COUNT_REG_WFCIRCUIT_03 = LUT 0x1 ( n122 )
ACKOUT_REG_WFCIRCUIT_03 = LUT 0x1 ( n122 )
CC_MUX_REG_2__WFCIRCUIT_04 = LUT 0x1 ( n138 )
CC_MUX_REG_1__WFCIRCUIT_04 = LUT 0x1 ( n140 )
USCITE_REG_1__WFCIRCUIT_04 = LUT 0x1 ( n141 )
ENABLE_COUNT_REG_WFCIRCUIT_04 = LUT 0x1 ( n134 )
ACKOUT_REG_WFCIRCUIT_04 = LUT 0x1 ( n134 )
CC_MUX_REG_2__WFCIRCUIT_05 = LUT 0x1 ( n150 )
CC_MUX_REG_1__WFCIRCUIT_05 = LUT 0x1 ( n152 )
USCITE_REG_1__WFCIRCUIT_05 = LUT 0x1 ( n153 )
ENABLE_COUNT_REG_WFCIRCUIT_05 = LUT 0x1 ( n146 )
ACKOUT_REG_WFCIRCUIT_05 = LUT 0x1 ( n146 )
CC_MUX_REG_2__WFCIRCUIT_06 = LUT 0x1 ( n162 )
CC_MUX_REG_1__WFCIRCUIT_06 = LUT 0x1 ( n164 )
USCITE_REG_1__WFCIRCUIT_06 = LUT 0x1 ( n165 )
ENABLE_COUNT_REG_WFCIRCUIT_06 = LUT 0x1 ( n158 )
ACKOUT_REG_WFCIRCUIT_06 = LUT 0x1 ( n158 )
CC_MUX_REG_2__WFCIRCUIT_07 = LUT 0x1 ( n174 )
CC_MUX_REG_1__WFCIRCUIT_07 = LUT 0x1 ( n176 )
USCITE_REG_1__WFCIRCUIT_07 = LUT 0x1 ( n177 )
ENABLE_COUNT_REG_WFCIRCUIT_07 = LUT 0x1 ( n170 )
ACKOUT_REG_WFCIRCUIT_07 = LUT 0x1 ( n170 )
