# Benchmark "faults\fault_U68__true_8_frames" written by ABC on Tue Dec 06 01:11:21 2011
INPUT(ACKOUT_REG_WFCIRCUIT)
INPUT(STATE_REG_2__WFCIRCUIT)
INPUT(STATE_REG_1__WFCIRCUIT)
INPUT(STATE_REG_0__WFCIRCUIT)
INPUT(CC_MUX_REG_2__WFCIRCUIT)
INPUT(CC_MUX_REG_1__WFCIRCUIT)
INPUT(USCITE_REG_2__WFCIRCUIT)
INPUT(USCITE_REG_1__WFCIRCUIT)
INPUT(ENABLE_COUNT_REG_WFCIRCUIT)
INPUT(EQL_00)
INPUT(CONT_EQL_00)
INPUT(EQL_01)
INPUT(CONT_EQL_01)
INPUT(EQL_02)
INPUT(CONT_EQL_02)
INPUT(EQL_03)
INPUT(CONT_EQL_03)
INPUT(EQL_04)
INPUT(CONT_EQL_04)
INPUT(EQL_05)
INPUT(CONT_EQL_05)
INPUT(EQL_06)
INPUT(CONT_EQL_06)
INPUT(EQL_07)
INPUT(CONT_EQL_07)
OUTPUT(CC_MUX_REG_2__WFCIRCUIT_00)
OUTPUT(CC_MUX_REG_1__WFCIRCUIT_00)
OUTPUT(USCITE_REG_2__WFCIRCUIT_00)
OUTPUT(USCITE_REG_1__WFCIRCUIT_00)
OUTPUT(ENABLE_COUNT_REG_WFCIRCUIT_00)
OUTPUT(ACKOUT_REG_WFCIRCUIT_00)
OUTPUT(CC_MUX_REG_2__WFCIRCUIT_01)
OUTPUT(CC_MUX_REG_1__WFCIRCUIT_01)
OUTPUT(USCITE_REG_2__WFCIRCUIT_01)
OUTPUT(USCITE_REG_1__WFCIRCUIT_01)
OUTPUT(ENABLE_COUNT_REG_WFCIRCUIT_01)
OUTPUT(ACKOUT_REG_WFCIRCUIT_01)
OUTPUT(CC_MUX_REG_2__WFCIRCUIT_02)
OUTPUT(CC_MUX_REG_1__WFCIRCUIT_02)
OUTPUT(USCITE_REG_2__WFCIRCUIT_02)
OUTPUT(USCITE_REG_1__WFCIRCUIT_02)
OUTPUT(ENABLE_COUNT_REG_WFCIRCUIT_02)
OUTPUT(ACKOUT_REG_WFCIRCUIT_02)
OUTPUT(CC_MUX_REG_2__WFCIRCUIT_03)
OUTPUT(CC_MUX_REG_1__WFCIRCUIT_03)
OUTPUT(USCITE_REG_2__WFCIRCUIT_03)
OUTPUT(USCITE_REG_1__WFCIRCUIT_03)
OUTPUT(ENABLE_COUNT_REG_WFCIRCUIT_03)
OUTPUT(ACKOUT_REG_WFCIRCUIT_03)
OUTPUT(CC_MUX_REG_2__WFCIRCUIT_04)
OUTPUT(CC_MUX_REG_1__WFCIRCUIT_04)
OUTPUT(USCITE_REG_2__WFCIRCUIT_04)
OUTPUT(USCITE_REG_1__WFCIRCUIT_04)
OUTPUT(ENABLE_COUNT_REG_WFCIRCUIT_04)
OUTPUT(ACKOUT_REG_WFCIRCUIT_04)
OUTPUT(CC_MUX_REG_2__WFCIRCUIT_05)
OUTPUT(CC_MUX_REG_1__WFCIRCUIT_05)
OUTPUT(USCITE_REG_2__WFCIRCUIT_05)
OUTPUT(USCITE_REG_1__WFCIRCUIT_05)
OUTPUT(ENABLE_COUNT_REG_WFCIRCUIT_05)
OUTPUT(ACKOUT_REG_WFCIRCUIT_05)
OUTPUT(CC_MUX_REG_2__WFCIRCUIT_06)
OUTPUT(CC_MUX_REG_1__WFCIRCUIT_06)
OUTPUT(USCITE_REG_2__WFCIRCUIT_06)
OUTPUT(USCITE_REG_1__WFCIRCUIT_06)
OUTPUT(ENABLE_COUNT_REG_WFCIRCUIT_06)
OUTPUT(ACKOUT_REG_WFCIRCUIT_06)
OUTPUT(CC_MUX_REG_2__WFCIRCUIT_07)
OUTPUT(CC_MUX_REG_1__WFCIRCUIT_07)
OUTPUT(USCITE_REG_2__WFCIRCUIT_07)
OUTPUT(USCITE_REG_1__WFCIRCUIT_07)
OUTPUT(ENABLE_COUNT_REG_WFCIRCUIT_07)
OUTPUT(ACKOUT_REG_WFCIRCUIT_07)
n73         = LUT 0x8 ( STATE_REG_2__WFCIRCUIT, STATE_REG_1__WFCIRCUIT )
n74         = LUT 0x8 ( STATE_REG_0__WFCIRCUIT, n73 )
n75         = LUT 0x1 ( CONT_EQL_00, n74 )
n76         = LUT 0x1 ( STATE_REG_2__WFCIRCUIT, STATE_REG_0__WFCIRCUIT )
n77         = LUT 0x2 ( STATE_REG_1__WFCIRCUIT, EQL_00 )
n78         = LUT 0x8 ( n76, n77 )
n79         = LUT 0x1 ( n75, n78 )
n80         = LUT 0x1 ( STATE_REG_1__WFCIRCUIT, STATE_REG_0__WFCIRCUIT )
n81         = LUT 0x1 ( EQL_00, n80 )
n82         = LUT 0x2 ( STATE_REG_2__WFCIRCUIT, n81 )
n83         = LUT 0x1 ( STATE_REG_2__WFCIRCUIT, STATE_REG_1__WFCIRCUIT )
n84         = LUT 0x8 ( STATE_REG_0__WFCIRCUIT, n83 )
n85         = LUT 0x4 ( EQL_00, n84 )
n86         = LUT 0x1 ( n82, n85 )
n87         = LUT 0x8 ( STATE_REG_1__WFCIRCUIT, n76 )
n88         = LUT 0x4 ( STATE_REG_2__WFCIRCUIT, EQL_00 )
n89         = LUT 0x8 ( STATE_REG_0__WFCIRCUIT, n88 )
n90         = LUT 0x8 ( STATE_REG_1__WFCIRCUIT, EQL_00 )
n91         = LUT 0x1 ( n87, n89 )
n92         = LUT 0x4 ( n90, n91 )
n93         = LUT 0x8 ( STATE_REG_1__WFCIRCUIT, STATE_REG_0__WFCIRCUIT )
n94         = LUT 0x4 ( STATE_REG_1__WFCIRCUIT, n76 )
n95         = LUT 0x1 ( n93, n94 )
n96         = LUT 0x4 ( n81, n95 )
n97         = LUT 0x1 ( n82, n84 )
n98         = LUT 0x8 ( STATE_REG_2__WFCIRCUIT, STATE_REG_0__WFCIRCUIT )
n99         = LUT 0x4 ( STATE_REG_1__WFCIRCUIT, EQL_00 )
n100        = LUT 0x1 ( n76, n98 )
n101        = LUT 0x4 ( STATE_REG_1__WFCIRCUIT, n100 )
n102        = LUT 0x4 ( n99, n101 )
USCITE_REG_2__WFCIRCUIT_01 = LUT 0x8 ( STATE_REG_2__WFCIRCUIT, n90 )
n104        = LUT 0x2 ( EQL_00, n73 )
n105        = LUT 0x8 ( n95, n104 )
n106        = LUT 0x1 ( n86, n92 )
n107        = LUT 0x4 ( n96, n106 )
n108        = LUT 0x1 ( CONT_EQL_01, n107 )
n109        = LUT 0x8 ( n86, n96 )
n110        = LUT 0x1 ( n92, EQL_01 )
n111        = LUT 0x8 ( n109, n110 )
n112        = LUT 0x1 ( n108, n111 )
n113        = LUT 0x8 ( n92, n96 )
n114        = LUT 0x1 ( EQL_01, n113 )
n115        = LUT 0x1 ( n86, n114 )
n116        = LUT 0x8 ( n86, n92 )
n117        = LUT 0x4 ( n96, n116 )
n118        = LUT 0x4 ( EQL_01, n117 )
n119        = LUT 0x1 ( n115, n118 )
n120        = LUT 0x4 ( n92, n109 )
n121        = LUT 0x8 ( n86, EQL_01 )
n122        = LUT 0x4 ( n96, n121 )
n123        = LUT 0x4 ( n92, EQL_01 )
n124        = LUT 0x1 ( n120, n122 )
n125        = LUT 0x4 ( n123, n124 )
n126        = LUT 0x1 ( n92, n96 )
n127        = LUT 0x8 ( n92, n109 )
n128        = LUT 0x1 ( n126, n127 )
n129        = LUT 0x4 ( n114, n128 )
n130        = LUT 0x1 ( n115, n117 )
n131        = LUT 0x1 ( n86, n96 )
n132        = LUT 0x8 ( n92, EQL_01 )
n133        = LUT 0x1 ( n109, n131 )
n134        = LUT 0x8 ( n92, n133 )
n135        = LUT 0x4 ( n132, n134 )
USCITE_REG_2__WFCIRCUIT_02 = LUT 0x4 ( n86, n123 )
n137        = LUT 0x2 ( EQL_01, n106 )
n138        = LUT 0x8 ( n128, n137 )
n139        = LUT 0x1 ( n119, n125 )
n140        = LUT 0x4 ( n129, n139 )
n141        = LUT 0x1 ( CONT_EQL_02, n140 )
n142        = LUT 0x8 ( n119, n129 )
n143        = LUT 0x1 ( n125, EQL_02 )
n144        = LUT 0x8 ( n142, n143 )
n145        = LUT 0x1 ( n141, n144 )
n146        = LUT 0x8 ( n125, n129 )
n147        = LUT 0x1 ( EQL_02, n146 )
n148        = LUT 0x1 ( n119, n147 )
n149        = LUT 0x8 ( n119, n125 )
n150        = LUT 0x4 ( n129, n149 )
n151        = LUT 0x4 ( EQL_02, n150 )
n152        = LUT 0x1 ( n148, n151 )
n153        = LUT 0x4 ( n125, n142 )
n154        = LUT 0x8 ( n119, EQL_02 )
n155        = LUT 0x4 ( n129, n154 )
n156        = LUT 0x4 ( n125, EQL_02 )
n157        = LUT 0x1 ( n153, n155 )
n158        = LUT 0x4 ( n156, n157 )
n159        = LUT 0x1 ( n125, n129 )
n160        = LUT 0x8 ( n125, n142 )
n161        = LUT 0x1 ( n159, n160 )
n162        = LUT 0x4 ( n147, n161 )
n163        = LUT 0x1 ( n148, n150 )
n164        = LUT 0x1 ( n119, n129 )
n165        = LUT 0x8 ( n125, EQL_02 )
n166        = LUT 0x1 ( n142, n164 )
n167        = LUT 0x8 ( n125, n166 )
n168        = LUT 0x4 ( n165, n167 )
USCITE_REG_2__WFCIRCUIT_03 = LUT 0x4 ( n119, n156 )
n170        = LUT 0x2 ( EQL_02, n139 )
n171        = LUT 0x8 ( n161, n170 )
n172        = LUT 0x1 ( n152, n158 )
n173        = LUT 0x4 ( n162, n172 )
n174        = LUT 0x1 ( CONT_EQL_03, n173 )
n175        = LUT 0x8 ( n152, n162 )
n176        = LUT 0x1 ( n158, EQL_03 )
n177        = LUT 0x8 ( n175, n176 )
n178        = LUT 0x1 ( n174, n177 )
n179        = LUT 0x8 ( n158, n162 )
n180        = LUT 0x1 ( EQL_03, n179 )
n181        = LUT 0x1 ( n152, n180 )
n182        = LUT 0x8 ( n152, n158 )
n183        = LUT 0x4 ( n162, n182 )
n184        = LUT 0x4 ( EQL_03, n183 )
n185        = LUT 0x1 ( n181, n184 )
n186        = LUT 0x4 ( n158, n175 )
n187        = LUT 0x8 ( n152, EQL_03 )
n188        = LUT 0x4 ( n162, n187 )
n189        = LUT 0x4 ( n158, EQL_03 )
n190        = LUT 0x1 ( n186, n188 )
n191        = LUT 0x4 ( n189, n190 )
n192        = LUT 0x1 ( n158, n162 )
n193        = LUT 0x8 ( n158, n175 )
n194        = LUT 0x1 ( n192, n193 )
n195        = LUT 0x4 ( n180, n194 )
n196        = LUT 0x1 ( n181, n183 )
n197        = LUT 0x1 ( n152, n162 )
n198        = LUT 0x8 ( n158, EQL_03 )
n199        = LUT 0x1 ( n175, n197 )
n200        = LUT 0x8 ( n158, n199 )
n201        = LUT 0x4 ( n198, n200 )
USCITE_REG_2__WFCIRCUIT_04 = LUT 0x4 ( n152, n189 )
n203        = LUT 0x2 ( EQL_03, n172 )
n204        = LUT 0x8 ( n194, n203 )
n205        = LUT 0x1 ( n185, n191 )
n206        = LUT 0x4 ( n195, n205 )
n207        = LUT 0x1 ( CONT_EQL_04, n206 )
n208        = LUT 0x8 ( n185, n195 )
n209        = LUT 0x1 ( n191, EQL_04 )
n210        = LUT 0x8 ( n208, n209 )
n211        = LUT 0x1 ( n207, n210 )
n212        = LUT 0x8 ( n191, n195 )
n213        = LUT 0x1 ( EQL_04, n212 )
n214        = LUT 0x1 ( n185, n213 )
n215        = LUT 0x8 ( n185, n191 )
n216        = LUT 0x4 ( n195, n215 )
n217        = LUT 0x4 ( EQL_04, n216 )
n218        = LUT 0x1 ( n214, n217 )
n219        = LUT 0x4 ( n191, n208 )
n220        = LUT 0x8 ( n185, EQL_04 )
n221        = LUT 0x4 ( n195, n220 )
n222        = LUT 0x4 ( n191, EQL_04 )
n223        = LUT 0x1 ( n219, n221 )
n224        = LUT 0x4 ( n222, n223 )
n225        = LUT 0x1 ( n191, n195 )
n226        = LUT 0x8 ( n191, n208 )
n227        = LUT 0x1 ( n225, n226 )
n228        = LUT 0x4 ( n213, n227 )
n229        = LUT 0x1 ( n214, n216 )
n230        = LUT 0x1 ( n185, n195 )
n231        = LUT 0x8 ( n191, EQL_04 )
n232        = LUT 0x1 ( n208, n230 )
n233        = LUT 0x8 ( n191, n232 )
n234        = LUT 0x4 ( n231, n233 )
USCITE_REG_2__WFCIRCUIT_05 = LUT 0x4 ( n185, n222 )
n236        = LUT 0x2 ( EQL_04, n205 )
n237        = LUT 0x8 ( n227, n236 )
n238        = LUT 0x1 ( n218, n224 )
n239        = LUT 0x4 ( n228, n238 )
n240        = LUT 0x1 ( CONT_EQL_05, n239 )
n241        = LUT 0x8 ( n218, n228 )
n242        = LUT 0x1 ( n224, EQL_05 )
n243        = LUT 0x8 ( n241, n242 )
n244        = LUT 0x1 ( n240, n243 )
n245        = LUT 0x8 ( n224, n228 )
n246        = LUT 0x1 ( EQL_05, n245 )
n247        = LUT 0x1 ( n218, n246 )
n248        = LUT 0x8 ( n218, n224 )
n249        = LUT 0x4 ( n228, n248 )
n250        = LUT 0x4 ( EQL_05, n249 )
n251        = LUT 0x1 ( n247, n250 )
n252        = LUT 0x4 ( n224, n241 )
n253        = LUT 0x8 ( n218, EQL_05 )
n254        = LUT 0x4 ( n228, n253 )
n255        = LUT 0x4 ( n224, EQL_05 )
n256        = LUT 0x1 ( n252, n254 )
n257        = LUT 0x4 ( n255, n256 )
n258        = LUT 0x1 ( n224, n228 )
n259        = LUT 0x8 ( n224, n241 )
n260        = LUT 0x1 ( n258, n259 )
n261        = LUT 0x4 ( n246, n260 )
n262        = LUT 0x1 ( n247, n249 )
n263        = LUT 0x1 ( n218, n228 )
n264        = LUT 0x8 ( n224, EQL_05 )
n265        = LUT 0x1 ( n241, n263 )
n266        = LUT 0x8 ( n224, n265 )
n267        = LUT 0x4 ( n264, n266 )
USCITE_REG_2__WFCIRCUIT_06 = LUT 0x4 ( n218, n255 )
n269        = LUT 0x2 ( EQL_05, n238 )
n270        = LUT 0x8 ( n260, n269 )
n271        = LUT 0x1 ( n251, n257 )
n272        = LUT 0x4 ( n261, n271 )
n273        = LUT 0x1 ( CONT_EQL_06, n272 )
n274        = LUT 0x8 ( n251, n261 )
n275        = LUT 0x1 ( n257, EQL_06 )
n276        = LUT 0x8 ( n274, n275 )
n277        = LUT 0x1 ( n273, n276 )
n278        = LUT 0x8 ( n257, n261 )
n279        = LUT 0x1 ( EQL_06, n278 )
n280        = LUT 0x1 ( n251, n279 )
n281        = LUT 0x8 ( n251, n257 )
n282        = LUT 0x4 ( n261, n281 )
n283        = LUT 0x4 ( n257, EQL_06 )
n284        = LUT 0x1 ( n257, n261 )
n285        = LUT 0x8 ( n257, n274 )
n286        = LUT 0x1 ( n284, n285 )
n287        = LUT 0x1 ( n280, n282 )
n288        = LUT 0x1 ( n251, n261 )
n289        = LUT 0x8 ( n257, EQL_06 )
n290        = LUT 0x1 ( n274, n288 )
n291        = LUT 0x8 ( n257, n290 )
n292        = LUT 0x4 ( n289, n291 )
USCITE_REG_2__WFCIRCUIT_07 = LUT 0x4 ( n251, n283 )
n294        = LUT 0x2 ( EQL_06, n271 )
n295        = LUT 0x8 ( n286, n294 )
CC_MUX_REG_2__WFCIRCUIT_00 = LUT 0x2 ( CC_MUX_REG_2__WFCIRCUIT )
CC_MUX_REG_1__WFCIRCUIT_00 = LUT 0x2 ( CC_MUX_REG_1__WFCIRCUIT )
USCITE_REG_2__WFCIRCUIT_00 = LUT 0x2 ( USCITE_REG_2__WFCIRCUIT )
USCITE_REG_1__WFCIRCUIT_00 = LUT 0x2 ( USCITE_REG_1__WFCIRCUIT )
ENABLE_COUNT_REG_WFCIRCUIT_00 = LUT 0x2 ( ENABLE_COUNT_REG_WFCIRCUIT )
ACKOUT_REG_WFCIRCUIT_00 = LUT 0x2 ( ACKOUT_REG_WFCIRCUIT )
CC_MUX_REG_2__WFCIRCUIT_01 = LUT 0x1 ( n97 )
CC_MUX_REG_1__WFCIRCUIT_01 = LUT 0x1 ( n102 )
USCITE_REG_1__WFCIRCUIT_01 = LUT 0x1 ( n105 )
ENABLE_COUNT_REG_WFCIRCUIT_01 = LUT 0x1 ( n79 )
ACKOUT_REG_WFCIRCUIT_01 = LUT 0x1 ( n79 )
CC_MUX_REG_2__WFCIRCUIT_02 = LUT 0x1 ( n130 )
CC_MUX_REG_1__WFCIRCUIT_02 = LUT 0x1 ( n135 )
USCITE_REG_1__WFCIRCUIT_02 = LUT 0x1 ( n138 )
ENABLE_COUNT_REG_WFCIRCUIT_02 = LUT 0x1 ( n112 )
ACKOUT_REG_WFCIRCUIT_02 = LUT 0x1 ( n112 )
CC_MUX_REG_2__WFCIRCUIT_03 = LUT 0x1 ( n163 )
CC_MUX_REG_1__WFCIRCUIT_03 = LUT 0x1 ( n168 )
USCITE_REG_1__WFCIRCUIT_03 = LUT 0x1 ( n171 )
ENABLE_COUNT_REG_WFCIRCUIT_03 = LUT 0x1 ( n145 )
ACKOUT_REG_WFCIRCUIT_03 = LUT 0x1 ( n145 )
CC_MUX_REG_2__WFCIRCUIT_04 = LUT 0x1 ( n196 )
CC_MUX_REG_1__WFCIRCUIT_04 = LUT 0x1 ( n201 )
USCITE_REG_1__WFCIRCUIT_04 = LUT 0x1 ( n204 )
ENABLE_COUNT_REG_WFCIRCUIT_04 = LUT 0x1 ( n178 )
ACKOUT_REG_WFCIRCUIT_04 = LUT 0x1 ( n178 )
CC_MUX_REG_2__WFCIRCUIT_05 = LUT 0x1 ( n229 )
CC_MUX_REG_1__WFCIRCUIT_05 = LUT 0x1 ( n234 )
USCITE_REG_1__WFCIRCUIT_05 = LUT 0x1 ( n237 )
ENABLE_COUNT_REG_WFCIRCUIT_05 = LUT 0x1 ( n211 )
ACKOUT_REG_WFCIRCUIT_05 = LUT 0x1 ( n211 )
CC_MUX_REG_2__WFCIRCUIT_06 = LUT 0x1 ( n262 )
CC_MUX_REG_1__WFCIRCUIT_06 = LUT 0x1 ( n267 )
USCITE_REG_1__WFCIRCUIT_06 = LUT 0x1 ( n270 )
ENABLE_COUNT_REG_WFCIRCUIT_06 = LUT 0x1 ( n244 )
ACKOUT_REG_WFCIRCUIT_06 = LUT 0x1 ( n244 )
CC_MUX_REG_2__WFCIRCUIT_07 = LUT 0x1 ( n287 )
CC_MUX_REG_1__WFCIRCUIT_07 = LUT 0x1 ( n292 )
USCITE_REG_1__WFCIRCUIT_07 = LUT 0x1 ( n295 )
ENABLE_COUNT_REG_WFCIRCUIT_07 = LUT 0x1 ( n277 )
ACKOUT_REG_WFCIRCUIT_07 = LUT 0x1 ( n277 )
