# Benchmark "faults\fault_EQL__true_8_frames" written by ABC on Tue Dec 06 01:11:02 2011
INPUT(ACKOUT_REG_WFCIRCUIT)
INPUT(STATE_REG_2__WFCIRCUIT)
INPUT(STATE_REG_1__WFCIRCUIT)
INPUT(STATE_REG_0__WFCIRCUIT)
INPUT(CC_MUX_REG_2__WFCIRCUIT)
INPUT(CC_MUX_REG_1__WFCIRCUIT)
INPUT(USCITE_REG_2__WFCIRCUIT)
INPUT(USCITE_REG_1__WFCIRCUIT)
INPUT(ENABLE_COUNT_REG_WFCIRCUIT)
INPUT(EQL_00)
INPUT(CONT_EQL_00)
INPUT(EQL_01)
INPUT(CONT_EQL_01)
INPUT(EQL_02)
INPUT(CONT_EQL_02)
INPUT(EQL_03)
INPUT(CONT_EQL_03)
INPUT(EQL_04)
INPUT(CONT_EQL_04)
INPUT(EQL_05)
INPUT(CONT_EQL_05)
INPUT(EQL_06)
INPUT(CONT_EQL_06)
INPUT(EQL_07)
INPUT(CONT_EQL_07)
OUTPUT(CC_MUX_REG_2__WFCIRCUIT_00)
OUTPUT(CC_MUX_REG_1__WFCIRCUIT_00)
OUTPUT(USCITE_REG_2__WFCIRCUIT_00)
OUTPUT(USCITE_REG_1__WFCIRCUIT_00)
OUTPUT(ENABLE_COUNT_REG_WFCIRCUIT_00)
OUTPUT(ACKOUT_REG_WFCIRCUIT_00)
OUTPUT(CC_MUX_REG_2__WFCIRCUIT_01)
OUTPUT(CC_MUX_REG_1__WFCIRCUIT_01)
OUTPUT(USCITE_REG_2__WFCIRCUIT_01)
OUTPUT(USCITE_REG_1__WFCIRCUIT_01)
OUTPUT(ENABLE_COUNT_REG_WFCIRCUIT_01)
OUTPUT(ACKOUT_REG_WFCIRCUIT_01)
OUTPUT(CC_MUX_REG_2__WFCIRCUIT_02)
OUTPUT(CC_MUX_REG_1__WFCIRCUIT_02)
OUTPUT(USCITE_REG_2__WFCIRCUIT_02)
OUTPUT(USCITE_REG_1__WFCIRCUIT_02)
OUTPUT(ENABLE_COUNT_REG_WFCIRCUIT_02)
OUTPUT(ACKOUT_REG_WFCIRCUIT_02)
OUTPUT(CC_MUX_REG_2__WFCIRCUIT_03)
OUTPUT(CC_MUX_REG_1__WFCIRCUIT_03)
OUTPUT(USCITE_REG_2__WFCIRCUIT_03)
OUTPUT(USCITE_REG_1__WFCIRCUIT_03)
OUTPUT(ENABLE_COUNT_REG_WFCIRCUIT_03)
OUTPUT(ACKOUT_REG_WFCIRCUIT_03)
OUTPUT(CC_MUX_REG_2__WFCIRCUIT_04)
OUTPUT(CC_MUX_REG_1__WFCIRCUIT_04)
OUTPUT(USCITE_REG_2__WFCIRCUIT_04)
OUTPUT(USCITE_REG_1__WFCIRCUIT_04)
OUTPUT(ENABLE_COUNT_REG_WFCIRCUIT_04)
OUTPUT(ACKOUT_REG_WFCIRCUIT_04)
OUTPUT(CC_MUX_REG_2__WFCIRCUIT_05)
OUTPUT(CC_MUX_REG_1__WFCIRCUIT_05)
OUTPUT(USCITE_REG_2__WFCIRCUIT_05)
OUTPUT(USCITE_REG_1__WFCIRCUIT_05)
OUTPUT(ENABLE_COUNT_REG_WFCIRCUIT_05)
OUTPUT(ACKOUT_REG_WFCIRCUIT_05)
OUTPUT(CC_MUX_REG_2__WFCIRCUIT_06)
OUTPUT(CC_MUX_REG_1__WFCIRCUIT_06)
OUTPUT(USCITE_REG_2__WFCIRCUIT_06)
OUTPUT(USCITE_REG_1__WFCIRCUIT_06)
OUTPUT(ENABLE_COUNT_REG_WFCIRCUIT_06)
OUTPUT(ACKOUT_REG_WFCIRCUIT_06)
OUTPUT(CC_MUX_REG_2__WFCIRCUIT_07)
OUTPUT(CC_MUX_REG_1__WFCIRCUIT_07)
OUTPUT(USCITE_REG_2__WFCIRCUIT_07)
OUTPUT(USCITE_REG_1__WFCIRCUIT_07)
OUTPUT(ENABLE_COUNT_REG_WFCIRCUIT_07)
OUTPUT(ACKOUT_REG_WFCIRCUIT_07)
USCITE_REG_1__WFCIRCUIT_01 = vdd
n74         = LUT 0x8 ( STATE_REG_2__WFCIRCUIT, STATE_REG_1__WFCIRCUIT )
n75         = LUT 0x8 ( STATE_REG_0__WFCIRCUIT, n74 )
n76         = LUT 0x1 ( CONT_EQL_00, n75 )
n77         = LUT 0x1 ( STATE_REG_2__WFCIRCUIT, STATE_REG_0__WFCIRCUIT )
n78         = LUT 0x8 ( STATE_REG_1__WFCIRCUIT, n77 )
n79         = LUT 0x1 ( n76, n78 )
n80         = LUT 0x1 ( STATE_REG_1__WFCIRCUIT, STATE_REG_0__WFCIRCUIT )
n81         = LUT 0x8 ( STATE_REG_2__WFCIRCUIT, n80 )
n82         = LUT 0x1 ( STATE_REG_2__WFCIRCUIT, STATE_REG_1__WFCIRCUIT )
n83         = LUT 0x8 ( STATE_REG_0__WFCIRCUIT, n82 )
n84         = LUT 0x1 ( n81, n83 )
n85         = LUT 0x2 ( STATE_REG_2__WFCIRCUIT, STATE_REG_0__WFCIRCUIT )
USCITE_REG_2__WFCIRCUIT_01 = LUT 0x4 ( STATE_REG_1__WFCIRCUIT, n85 )
n87         = LUT 0x1 ( n78, USCITE_REG_2__WFCIRCUIT_01 )
n88         = LUT 0x8 ( STATE_REG_1__WFCIRCUIT, STATE_REG_0__WFCIRCUIT )
n89         = LUT 0x4 ( STATE_REG_1__WFCIRCUIT, n77 )
n90         = LUT 0x1 ( n88, n89 )
n91         = LUT 0x8 ( n80, n90 )
n92         = LUT 0x8 ( STATE_REG_2__WFCIRCUIT, STATE_REG_0__WFCIRCUIT )
n93         = LUT 0x1 ( n77, n92 )
n94         = LUT 0x4 ( STATE_REG_1__WFCIRCUIT, n93 )
n95         = LUT 0x1 ( n84, n87 )
n96         = LUT 0x4 ( n91, n95 )
n97         = LUT 0x1 ( CONT_EQL_01, n96 )
n98         = LUT 0x8 ( n84, n91 )
n99         = LUT 0x4 ( n87, n98 )
n100        = LUT 0x1 ( n97, n99 )
n101        = LUT 0x8 ( n87, n91 )
n102        = LUT 0x4 ( n84, n101 )
n103        = LUT 0x8 ( n84, n87 )
n104        = LUT 0x4 ( n91, n103 )
n105        = LUT 0x1 ( n102, n104 )
n106        = LUT 0x4 ( n84, n91 )
USCITE_REG_2__WFCIRCUIT_02 = LUT 0x8 ( n87, n106 )
n108        = LUT 0x1 ( n99, USCITE_REG_2__WFCIRCUIT_02 )
n109        = LUT 0x1 ( n87, n91 )
n110        = LUT 0x8 ( n87, n98 )
n111        = LUT 0x1 ( n109, n110 )
n112        = LUT 0x8 ( n101, n111 )
n113        = LUT 0x1 ( n84, n91 )
n114        = LUT 0x1 ( n98, n113 )
n115        = LUT 0x8 ( n87, n114 )
n116        = LUT 0x1 ( n105, n108 )
n117        = LUT 0x4 ( n112, n116 )
n118        = LUT 0x1 ( CONT_EQL_02, n117 )
n119        = LUT 0x8 ( n105, n112 )
n120        = LUT 0x4 ( n108, n119 )
n121        = LUT 0x1 ( n118, n120 )
n122        = LUT 0x8 ( n108, n112 )
n123        = LUT 0x4 ( n105, n122 )
n124        = LUT 0x8 ( n105, n108 )
n125        = LUT 0x4 ( n112, n124 )
n126        = LUT 0x1 ( n123, n125 )
n127        = LUT 0x4 ( n105, n112 )
USCITE_REG_2__WFCIRCUIT_03 = LUT 0x8 ( n108, n127 )
n129        = LUT 0x1 ( n120, USCITE_REG_2__WFCIRCUIT_03 )
n130        = LUT 0x1 ( n108, n112 )
n131        = LUT 0x8 ( n108, n119 )
n132        = LUT 0x1 ( n130, n131 )
n133        = LUT 0x8 ( n122, n132 )
n134        = LUT 0x1 ( n105, n112 )
n135        = LUT 0x1 ( n119, n134 )
n136        = LUT 0x8 ( n108, n135 )
n137        = LUT 0x1 ( n126, n129 )
n138        = LUT 0x4 ( n133, n137 )
n139        = LUT 0x1 ( CONT_EQL_03, n138 )
n140        = LUT 0x8 ( n126, n133 )
n141        = LUT 0x4 ( n129, n140 )
n142        = LUT 0x1 ( n139, n141 )
n143        = LUT 0x8 ( n129, n133 )
n144        = LUT 0x4 ( n126, n143 )
n145        = LUT 0x8 ( n126, n129 )
n146        = LUT 0x4 ( n133, n145 )
n147        = LUT 0x1 ( n144, n146 )
n148        = LUT 0x4 ( n126, n133 )
USCITE_REG_2__WFCIRCUIT_04 = LUT 0x8 ( n129, n148 )
n150        = LUT 0x1 ( n141, USCITE_REG_2__WFCIRCUIT_04 )
n151        = LUT 0x1 ( n129, n133 )
n152        = LUT 0x8 ( n129, n140 )
n153        = LUT 0x1 ( n151, n152 )
n154        = LUT 0x8 ( n143, n153 )
n155        = LUT 0x1 ( n126, n133 )
n156        = LUT 0x1 ( n140, n155 )
n157        = LUT 0x8 ( n129, n156 )
n158        = LUT 0x1 ( n147, n150 )
n159        = LUT 0x4 ( n154, n158 )
n160        = LUT 0x1 ( CONT_EQL_04, n159 )
n161        = LUT 0x8 ( n147, n154 )
n162        = LUT 0x4 ( n150, n161 )
n163        = LUT 0x1 ( n160, n162 )
n164        = LUT 0x8 ( n150, n154 )
n165        = LUT 0x4 ( n147, n164 )
n166        = LUT 0x8 ( n147, n150 )
n167        = LUT 0x4 ( n154, n166 )
n168        = LUT 0x1 ( n165, n167 )
n169        = LUT 0x4 ( n147, n154 )
USCITE_REG_2__WFCIRCUIT_05 = LUT 0x8 ( n150, n169 )
n171        = LUT 0x1 ( n162, USCITE_REG_2__WFCIRCUIT_05 )
n172        = LUT 0x1 ( n150, n154 )
n173        = LUT 0x8 ( n150, n161 )
n174        = LUT 0x1 ( n172, n173 )
n175        = LUT 0x8 ( n164, n174 )
n176        = LUT 0x1 ( n147, n154 )
n177        = LUT 0x1 ( n161, n176 )
n178        = LUT 0x8 ( n150, n177 )
n179        = LUT 0x1 ( n168, n171 )
n180        = LUT 0x4 ( n175, n179 )
n181        = LUT 0x1 ( CONT_EQL_05, n180 )
n182        = LUT 0x8 ( n168, n175 )
n183        = LUT 0x4 ( n171, n182 )
n184        = LUT 0x1 ( n181, n183 )
n185        = LUT 0x8 ( n171, n175 )
n186        = LUT 0x4 ( n168, n185 )
n187        = LUT 0x8 ( n168, n171 )
n188        = LUT 0x4 ( n175, n187 )
n189        = LUT 0x1 ( n186, n188 )
n190        = LUT 0x4 ( n168, n175 )
USCITE_REG_2__WFCIRCUIT_06 = LUT 0x8 ( n171, n190 )
n192        = LUT 0x1 ( n183, USCITE_REG_2__WFCIRCUIT_06 )
n193        = LUT 0x1 ( n171, n175 )
n194        = LUT 0x8 ( n171, n182 )
n195        = LUT 0x1 ( n193, n194 )
n196        = LUT 0x8 ( n185, n195 )
n197        = LUT 0x1 ( n168, n175 )
n198        = LUT 0x1 ( n182, n197 )
n199        = LUT 0x8 ( n171, n198 )
n200        = LUT 0x1 ( n189, n192 )
n201        = LUT 0x4 ( n196, n200 )
n202        = LUT 0x1 ( CONT_EQL_06, n201 )
n203        = LUT 0x8 ( n189, n196 )
n204        = LUT 0x4 ( n192, n203 )
n205        = LUT 0x1 ( n202, n204 )
n206        = LUT 0x8 ( n192, n196 )
n207        = LUT 0x4 ( n189, n206 )
n208        = LUT 0x8 ( n189, n192 )
n209        = LUT 0x4 ( n196, n208 )
n210        = LUT 0x1 ( n207, n209 )
n211        = LUT 0x4 ( n189, n196 )
USCITE_REG_2__WFCIRCUIT_07 = LUT 0x8 ( n192, n211 )
n213        = LUT 0x1 ( n189, n196 )
n214        = LUT 0x1 ( n203, n213 )
n215        = LUT 0x8 ( n192, n214 )
CC_MUX_REG_2__WFCIRCUIT_00 = LUT 0x2 ( CC_MUX_REG_2__WFCIRCUIT )
CC_MUX_REG_1__WFCIRCUIT_00 = LUT 0x2 ( CC_MUX_REG_1__WFCIRCUIT )
USCITE_REG_2__WFCIRCUIT_00 = LUT 0x2 ( USCITE_REG_2__WFCIRCUIT )
USCITE_REG_1__WFCIRCUIT_00 = LUT 0x2 ( USCITE_REG_1__WFCIRCUIT )
ENABLE_COUNT_REG_WFCIRCUIT_00 = LUT 0x2 ( ENABLE_COUNT_REG_WFCIRCUIT )
ACKOUT_REG_WFCIRCUIT_00 = LUT 0x2 ( ACKOUT_REG_WFCIRCUIT )
CC_MUX_REG_2__WFCIRCUIT_01 = LUT 0x1 ( n84 )
CC_MUX_REG_1__WFCIRCUIT_01 = LUT 0x1 ( n94 )
ENABLE_COUNT_REG_WFCIRCUIT_01 = LUT 0x1 ( n79 )
ACKOUT_REG_WFCIRCUIT_01 = LUT 0x1 ( n79 )
CC_MUX_REG_2__WFCIRCUIT_02 = LUT 0x1 ( n105 )
CC_MUX_REG_1__WFCIRCUIT_02 = LUT 0x1 ( n115 )
USCITE_REG_1__WFCIRCUIT_02 = LUT 0x2 ( USCITE_REG_1__WFCIRCUIT_01 )
ENABLE_COUNT_REG_WFCIRCUIT_02 = LUT 0x1 ( n100 )
ACKOUT_REG_WFCIRCUIT_02 = LUT 0x1 ( n100 )
CC_MUX_REG_2__WFCIRCUIT_03 = LUT 0x1 ( n126 )
CC_MUX_REG_1__WFCIRCUIT_03 = LUT 0x1 ( n136 )
USCITE_REG_1__WFCIRCUIT_03 = LUT 0x2 ( USCITE_REG_1__WFCIRCUIT_01 )
ENABLE_COUNT_REG_WFCIRCUIT_03 = LUT 0x1 ( n121 )
ACKOUT_REG_WFCIRCUIT_03 = LUT 0x1 ( n121 )
CC_MUX_REG_2__WFCIRCUIT_04 = LUT 0x1 ( n147 )
CC_MUX_REG_1__WFCIRCUIT_04 = LUT 0x1 ( n157 )
USCITE_REG_1__WFCIRCUIT_04 = LUT 0x2 ( USCITE_REG_1__WFCIRCUIT_01 )
ENABLE_COUNT_REG_WFCIRCUIT_04 = LUT 0x1 ( n142 )
ACKOUT_REG_WFCIRCUIT_04 = LUT 0x1 ( n142 )
CC_MUX_REG_2__WFCIRCUIT_05 = LUT 0x1 ( n168 )
CC_MUX_REG_1__WFCIRCUIT_05 = LUT 0x1 ( n178 )
USCITE_REG_1__WFCIRCUIT_05 = LUT 0x2 ( USCITE_REG_1__WFCIRCUIT_01 )
ENABLE_COUNT_REG_WFCIRCUIT_05 = LUT 0x1 ( n163 )
ACKOUT_REG_WFCIRCUIT_05 = LUT 0x1 ( n163 )
CC_MUX_REG_2__WFCIRCUIT_06 = LUT 0x1 ( n189 )
CC_MUX_REG_1__WFCIRCUIT_06 = LUT 0x1 ( n199 )
USCITE_REG_1__WFCIRCUIT_06 = LUT 0x2 ( USCITE_REG_1__WFCIRCUIT_01 )
ENABLE_COUNT_REG_WFCIRCUIT_06 = LUT 0x1 ( n184 )
ACKOUT_REG_WFCIRCUIT_06 = LUT 0x1 ( n184 )
CC_MUX_REG_2__WFCIRCUIT_07 = LUT 0x1 ( n210 )
CC_MUX_REG_1__WFCIRCUIT_07 = LUT 0x1 ( n215 )
USCITE_REG_1__WFCIRCUIT_07 = LUT 0x2 ( USCITE_REG_1__WFCIRCUIT_01 )
ENABLE_COUNT_REG_WFCIRCUIT_07 = LUT 0x1 ( n205 )
ACKOUT_REG_WFCIRCUIT_07 = LUT 0x1 ( n205 )
