# Benchmark "faults\fault_U54_U60_true_8_frames" written by ABC on Tue Dec 06 01:11:38 2011
INPUT(ACKOUT_REG_WFCIRCUIT)
INPUT(STATE_REG_2__WFCIRCUIT)
INPUT(STATE_REG_1__WFCIRCUIT)
INPUT(STATE_REG_0__WFCIRCUIT)
INPUT(CC_MUX_REG_2__WFCIRCUIT)
INPUT(CC_MUX_REG_1__WFCIRCUIT)
INPUT(USCITE_REG_2__WFCIRCUIT)
INPUT(USCITE_REG_1__WFCIRCUIT)
INPUT(ENABLE_COUNT_REG_WFCIRCUIT)
INPUT(EQL_00)
INPUT(CONT_EQL_00)
INPUT(EQL_01)
INPUT(CONT_EQL_01)
INPUT(EQL_02)
INPUT(CONT_EQL_02)
INPUT(EQL_03)
INPUT(CONT_EQL_03)
INPUT(EQL_04)
INPUT(CONT_EQL_04)
INPUT(EQL_05)
INPUT(CONT_EQL_05)
INPUT(EQL_06)
INPUT(CONT_EQL_06)
INPUT(EQL_07)
INPUT(CONT_EQL_07)
OUTPUT(CC_MUX_REG_2__WFCIRCUIT_00)
OUTPUT(CC_MUX_REG_1__WFCIRCUIT_00)
OUTPUT(USCITE_REG_2__WFCIRCUIT_00)
OUTPUT(USCITE_REG_1__WFCIRCUIT_00)
OUTPUT(ENABLE_COUNT_REG_WFCIRCUIT_00)
OUTPUT(ACKOUT_REG_WFCIRCUIT_00)
OUTPUT(CC_MUX_REG_2__WFCIRCUIT_01)
OUTPUT(CC_MUX_REG_1__WFCIRCUIT_01)
OUTPUT(USCITE_REG_2__WFCIRCUIT_01)
OUTPUT(USCITE_REG_1__WFCIRCUIT_01)
OUTPUT(ENABLE_COUNT_REG_WFCIRCUIT_01)
OUTPUT(ACKOUT_REG_WFCIRCUIT_01)
OUTPUT(CC_MUX_REG_2__WFCIRCUIT_02)
OUTPUT(CC_MUX_REG_1__WFCIRCUIT_02)
OUTPUT(USCITE_REG_2__WFCIRCUIT_02)
OUTPUT(USCITE_REG_1__WFCIRCUIT_02)
OUTPUT(ENABLE_COUNT_REG_WFCIRCUIT_02)
OUTPUT(ACKOUT_REG_WFCIRCUIT_02)
OUTPUT(CC_MUX_REG_2__WFCIRCUIT_03)
OUTPUT(CC_MUX_REG_1__WFCIRCUIT_03)
OUTPUT(USCITE_REG_2__WFCIRCUIT_03)
OUTPUT(USCITE_REG_1__WFCIRCUIT_03)
OUTPUT(ENABLE_COUNT_REG_WFCIRCUIT_03)
OUTPUT(ACKOUT_REG_WFCIRCUIT_03)
OUTPUT(CC_MUX_REG_2__WFCIRCUIT_04)
OUTPUT(CC_MUX_REG_1__WFCIRCUIT_04)
OUTPUT(USCITE_REG_2__WFCIRCUIT_04)
OUTPUT(USCITE_REG_1__WFCIRCUIT_04)
OUTPUT(ENABLE_COUNT_REG_WFCIRCUIT_04)
OUTPUT(ACKOUT_REG_WFCIRCUIT_04)
OUTPUT(CC_MUX_REG_2__WFCIRCUIT_05)
OUTPUT(CC_MUX_REG_1__WFCIRCUIT_05)
OUTPUT(USCITE_REG_2__WFCIRCUIT_05)
OUTPUT(USCITE_REG_1__WFCIRCUIT_05)
OUTPUT(ENABLE_COUNT_REG_WFCIRCUIT_05)
OUTPUT(ACKOUT_REG_WFCIRCUIT_05)
OUTPUT(CC_MUX_REG_2__WFCIRCUIT_06)
OUTPUT(CC_MUX_REG_1__WFCIRCUIT_06)
OUTPUT(USCITE_REG_2__WFCIRCUIT_06)
OUTPUT(USCITE_REG_1__WFCIRCUIT_06)
OUTPUT(ENABLE_COUNT_REG_WFCIRCUIT_06)
OUTPUT(ACKOUT_REG_WFCIRCUIT_06)
OUTPUT(CC_MUX_REG_2__WFCIRCUIT_07)
OUTPUT(CC_MUX_REG_1__WFCIRCUIT_07)
OUTPUT(USCITE_REG_2__WFCIRCUIT_07)
OUTPUT(USCITE_REG_1__WFCIRCUIT_07)
OUTPUT(ENABLE_COUNT_REG_WFCIRCUIT_07)
OUTPUT(ACKOUT_REG_WFCIRCUIT_07)
USCITE_REG_1__WFCIRCUIT_01 = vdd
n74         = LUT 0x8 ( STATE_REG_2__WFCIRCUIT, STATE_REG_1__WFCIRCUIT )
n75         = LUT 0x8 ( STATE_REG_0__WFCIRCUIT, n74 )
n76         = LUT 0x1 ( CONT_EQL_00, n75 )
n77         = LUT 0x1 ( STATE_REG_2__WFCIRCUIT, STATE_REG_0__WFCIRCUIT )
n78         = LUT 0x2 ( STATE_REG_1__WFCIRCUIT, EQL_00 )
n79         = LUT 0x8 ( n77, n78 )
n80         = LUT 0x1 ( n76, n79 )
n81         = LUT 0x1 ( STATE_REG_1__WFCIRCUIT, STATE_REG_0__WFCIRCUIT )
n82         = LUT 0x1 ( EQL_00, n81 )
n83         = LUT 0x2 ( STATE_REG_2__WFCIRCUIT, n82 )
n84         = LUT 0x1 ( STATE_REG_2__WFCIRCUIT, STATE_REG_1__WFCIRCUIT )
n85         = LUT 0x8 ( STATE_REG_0__WFCIRCUIT, n84 )
n86         = LUT 0x4 ( EQL_00, n85 )
n87         = LUT 0x1 ( n83, n86 )
n88         = LUT 0x8 ( STATE_REG_1__WFCIRCUIT, n77 )
n89         = LUT 0x4 ( STATE_REG_2__WFCIRCUIT, EQL_00 )
n90         = LUT 0x8 ( STATE_REG_0__WFCIRCUIT, n89 )
n91         = LUT 0x2 ( STATE_REG_2__WFCIRCUIT, STATE_REG_0__WFCIRCUIT )
n92         = LUT 0x4 ( STATE_REG_1__WFCIRCUIT, n91 )
n93         = LUT 0x4 ( EQL_00, n92 )
n94         = LUT 0x8 ( STATE_REG_1__WFCIRCUIT, EQL_00 )
n95         = LUT 0x1 ( n88, n90 )
n96         = LUT 0x4 ( n93, n95 )
n97         = LUT 0x4 ( n94, n96 )
n98         = LUT 0x8 ( STATE_REG_1__WFCIRCUIT, STATE_REG_0__WFCIRCUIT )
n99         = LUT 0x4 ( STATE_REG_1__WFCIRCUIT, n77 )
n100        = LUT 0x1 ( n98, n99 )
n101        = LUT 0x4 ( n82, n100 )
n102        = LUT 0x4 ( STATE_REG_0__WFCIRCUIT, n94 )
n103        = LUT 0x1 ( n83, n85 )
n104        = LUT 0x4 ( n102, n103 )
n105        = LUT 0x8 ( STATE_REG_2__WFCIRCUIT, STATE_REG_0__WFCIRCUIT )
n106        = LUT 0x4 ( STATE_REG_0__WFCIRCUIT, EQL_00 )
n107        = LUT 0x2 ( STATE_REG_1__WFCIRCUIT, n106 )
n108        = LUT 0x4 ( STATE_REG_1__WFCIRCUIT, EQL_00 )
n109        = LUT 0x1 ( n77, n105 )
n110        = LUT 0x4 ( n107, n109 )
n111        = LUT 0x4 ( n108, n110 )
n112        = LUT 0x8 ( STATE_REG_2__WFCIRCUIT, n94 )
n113        = LUT 0x1 ( n93, n112 )
n114        = LUT 0x1 ( n87, n97 )
n115        = LUT 0x4 ( n101, n114 )
n116        = LUT 0x1 ( CONT_EQL_01, n115 )
n117        = LUT 0x8 ( n87, n101 )
n118        = LUT 0x1 ( n97, EQL_01 )
n119        = LUT 0x8 ( n117, n118 )
n120        = LUT 0x1 ( n116, n119 )
n121        = LUT 0x8 ( n97, n101 )
n122        = LUT 0x1 ( EQL_01, n121 )
n123        = LUT 0x1 ( n87, n122 )
n124        = LUT 0x8 ( n87, n97 )
n125        = LUT 0x4 ( n101, n124 )
n126        = LUT 0x4 ( EQL_01, n125 )
n127        = LUT 0x1 ( n123, n126 )
n128        = LUT 0x4 ( n97, n117 )
n129        = LUT 0x8 ( n87, EQL_01 )
n130        = LUT 0x4 ( n101, n129 )
n131        = LUT 0x4 ( n87, n101 )
n132        = LUT 0x8 ( n97, n131 )
n133        = LUT 0x4 ( EQL_01, n132 )
n134        = LUT 0x4 ( n97, EQL_01 )
n135        = LUT 0x1 ( n128, n130 )
n136        = LUT 0x4 ( n133, n135 )
n137        = LUT 0x4 ( n134, n136 )
n138        = LUT 0x1 ( n97, n101 )
n139        = LUT 0x8 ( n97, n117 )
n140        = LUT 0x1 ( n138, n139 )
n141        = LUT 0x4 ( n122, n140 )
n142        = LUT 0x8 ( n101, n134 )
n143        = LUT 0x1 ( n123, n125 )
n144        = LUT 0x4 ( n142, n143 )
n145        = LUT 0x1 ( n87, n101 )
n146        = LUT 0x8 ( n101, EQL_01 )
n147        = LUT 0x1 ( n97, n146 )
n148        = LUT 0x8 ( n97, EQL_01 )
n149        = LUT 0x1 ( n117, n145 )
n150        = LUT 0x4 ( n147, n149 )
n151        = LUT 0x4 ( n148, n150 )
n152        = LUT 0x4 ( n87, n134 )
n153        = LUT 0x1 ( n133, n152 )
n154        = LUT 0x1 ( n127, n137 )
n155        = LUT 0x4 ( n141, n154 )
n156        = LUT 0x1 ( CONT_EQL_02, n155 )
n157        = LUT 0x8 ( n127, n141 )
n158        = LUT 0x1 ( n137, EQL_02 )
n159        = LUT 0x8 ( n157, n158 )
n160        = LUT 0x1 ( n156, n159 )
n161        = LUT 0x8 ( n137, n141 )
n162        = LUT 0x1 ( EQL_02, n161 )
n163        = LUT 0x1 ( n127, n162 )
n164        = LUT 0x8 ( n127, n137 )
n165        = LUT 0x4 ( n141, n164 )
n166        = LUT 0x4 ( EQL_02, n165 )
n167        = LUT 0x1 ( n163, n166 )
n168        = LUT 0x4 ( n137, n157 )
n169        = LUT 0x8 ( n127, EQL_02 )
n170        = LUT 0x4 ( n141, n169 )
n171        = LUT 0x4 ( n127, n141 )
n172        = LUT 0x8 ( n137, n171 )
n173        = LUT 0x4 ( EQL_02, n172 )
n174        = LUT 0x4 ( n137, EQL_02 )
n175        = LUT 0x1 ( n168, n170 )
n176        = LUT 0x4 ( n173, n175 )
n177        = LUT 0x4 ( n174, n176 )
n178        = LUT 0x1 ( n137, n141 )
n179        = LUT 0x8 ( n137, n157 )
n180        = LUT 0x1 ( n178, n179 )
n181        = LUT 0x4 ( n162, n180 )
n182        = LUT 0x8 ( n141, n174 )
n183        = LUT 0x1 ( n163, n165 )
n184        = LUT 0x4 ( n182, n183 )
n185        = LUT 0x1 ( n127, n141 )
n186        = LUT 0x8 ( n141, EQL_02 )
n187        = LUT 0x1 ( n137, n186 )
n188        = LUT 0x8 ( n137, EQL_02 )
n189        = LUT 0x1 ( n157, n185 )
n190        = LUT 0x4 ( n187, n189 )
n191        = LUT 0x4 ( n188, n190 )
n192        = LUT 0x4 ( n127, n174 )
n193        = LUT 0x1 ( n173, n192 )
n194        = LUT 0x1 ( n167, n177 )
n195        = LUT 0x4 ( n181, n194 )
n196        = LUT 0x1 ( CONT_EQL_03, n195 )
n197        = LUT 0x8 ( n167, n181 )
n198        = LUT 0x1 ( n177, EQL_03 )
n199        = LUT 0x8 ( n197, n198 )
n200        = LUT 0x1 ( n196, n199 )
n201        = LUT 0x8 ( n177, n181 )
n202        = LUT 0x1 ( EQL_03, n201 )
n203        = LUT 0x1 ( n167, n202 )
n204        = LUT 0x8 ( n167, n177 )
n205        = LUT 0x4 ( n181, n204 )
n206        = LUT 0x4 ( EQL_03, n205 )
n207        = LUT 0x1 ( n203, n206 )
n208        = LUT 0x4 ( n177, n197 )
n209        = LUT 0x8 ( n167, EQL_03 )
n210        = LUT 0x4 ( n181, n209 )
n211        = LUT 0x4 ( n167, n181 )
n212        = LUT 0x8 ( n177, n211 )
n213        = LUT 0x4 ( EQL_03, n212 )
n214        = LUT 0x4 ( n177, EQL_03 )
n215        = LUT 0x1 ( n208, n210 )
n216        = LUT 0x4 ( n213, n215 )
n217        = LUT 0x4 ( n214, n216 )
n218        = LUT 0x1 ( n177, n181 )
n219        = LUT 0x8 ( n177, n197 )
n220        = LUT 0x1 ( n218, n219 )
n221        = LUT 0x4 ( n202, n220 )
n222        = LUT 0x8 ( n181, n214 )
n223        = LUT 0x1 ( n203, n205 )
n224        = LUT 0x4 ( n222, n223 )
n225        = LUT 0x1 ( n167, n181 )
n226        = LUT 0x8 ( n181, EQL_03 )
n227        = LUT 0x1 ( n177, n226 )
n228        = LUT 0x8 ( n177, EQL_03 )
n229        = LUT 0x1 ( n197, n225 )
n230        = LUT 0x4 ( n227, n229 )
n231        = LUT 0x4 ( n228, n230 )
n232        = LUT 0x4 ( n167, n214 )
n233        = LUT 0x1 ( n213, n232 )
n234        = LUT 0x1 ( n207, n217 )
n235        = LUT 0x4 ( n221, n234 )
n236        = LUT 0x1 ( CONT_EQL_04, n235 )
n237        = LUT 0x8 ( n207, n221 )
n238        = LUT 0x1 ( n217, EQL_04 )
n239        = LUT 0x8 ( n237, n238 )
n240        = LUT 0x1 ( n236, n239 )
n241        = LUT 0x8 ( n217, n221 )
n242        = LUT 0x1 ( EQL_04, n241 )
n243        = LUT 0x1 ( n207, n242 )
n244        = LUT 0x8 ( n207, n217 )
n245        = LUT 0x4 ( n221, n244 )
n246        = LUT 0x4 ( EQL_04, n245 )
n247        = LUT 0x1 ( n243, n246 )
n248        = LUT 0x4 ( n217, n237 )
n249        = LUT 0x8 ( n207, EQL_04 )
n250        = LUT 0x4 ( n221, n249 )
n251        = LUT 0x4 ( n207, n221 )
n252        = LUT 0x8 ( n217, n251 )
n253        = LUT 0x4 ( EQL_04, n252 )
n254        = LUT 0x4 ( n217, EQL_04 )
n255        = LUT 0x1 ( n248, n250 )
n256        = LUT 0x4 ( n253, n255 )
n257        = LUT 0x4 ( n254, n256 )
n258        = LUT 0x1 ( n217, n221 )
n259        = LUT 0x8 ( n217, n237 )
n260        = LUT 0x1 ( n258, n259 )
n261        = LUT 0x4 ( n242, n260 )
n262        = LUT 0x8 ( n221, n254 )
n263        = LUT 0x1 ( n243, n245 )
n264        = LUT 0x4 ( n262, n263 )
n265        = LUT 0x1 ( n207, n221 )
n266        = LUT 0x8 ( n221, EQL_04 )
n267        = LUT 0x1 ( n217, n266 )
n268        = LUT 0x8 ( n217, EQL_04 )
n269        = LUT 0x1 ( n237, n265 )
n270        = LUT 0x4 ( n267, n269 )
n271        = LUT 0x4 ( n268, n270 )
n272        = LUT 0x4 ( n207, n254 )
n273        = LUT 0x1 ( n253, n272 )
n274        = LUT 0x1 ( n247, n257 )
n275        = LUT 0x4 ( n261, n274 )
n276        = LUT 0x1 ( CONT_EQL_05, n275 )
n277        = LUT 0x8 ( n247, n261 )
n278        = LUT 0x1 ( n257, EQL_05 )
n279        = LUT 0x8 ( n277, n278 )
n280        = LUT 0x1 ( n276, n279 )
n281        = LUT 0x8 ( n257, n261 )
n282        = LUT 0x1 ( EQL_05, n281 )
n283        = LUT 0x1 ( n247, n282 )
n284        = LUT 0x8 ( n247, n257 )
n285        = LUT 0x4 ( n261, n284 )
n286        = LUT 0x4 ( EQL_05, n285 )
n287        = LUT 0x1 ( n283, n286 )
n288        = LUT 0x4 ( n257, n277 )
n289        = LUT 0x8 ( n247, EQL_05 )
n290        = LUT 0x4 ( n261, n289 )
n291        = LUT 0x4 ( n247, n261 )
n292        = LUT 0x8 ( n257, n291 )
n293        = LUT 0x4 ( EQL_05, n292 )
n294        = LUT 0x4 ( n257, EQL_05 )
n295        = LUT 0x1 ( n288, n290 )
n296        = LUT 0x4 ( n293, n295 )
n297        = LUT 0x4 ( n294, n296 )
n298        = LUT 0x1 ( n257, n261 )
n299        = LUT 0x8 ( n257, n277 )
n300        = LUT 0x1 ( n298, n299 )
n301        = LUT 0x4 ( n282, n300 )
n302        = LUT 0x8 ( n261, n294 )
n303        = LUT 0x1 ( n283, n285 )
n304        = LUT 0x4 ( n302, n303 )
n305        = LUT 0x1 ( n247, n261 )
n306        = LUT 0x8 ( n261, EQL_05 )
n307        = LUT 0x1 ( n257, n306 )
n308        = LUT 0x8 ( n257, EQL_05 )
n309        = LUT 0x1 ( n277, n305 )
n310        = LUT 0x4 ( n307, n309 )
n311        = LUT 0x4 ( n308, n310 )
n312        = LUT 0x4 ( n247, n294 )
n313        = LUT 0x1 ( n293, n312 )
n314        = LUT 0x1 ( n287, n297 )
n315        = LUT 0x4 ( n301, n314 )
n316        = LUT 0x1 ( CONT_EQL_06, n315 )
n317        = LUT 0x8 ( n287, n301 )
n318        = LUT 0x1 ( n297, EQL_06 )
n319        = LUT 0x8 ( n317, n318 )
n320        = LUT 0x1 ( n316, n319 )
n321        = LUT 0x8 ( n297, n301 )
n322        = LUT 0x1 ( EQL_06, n321 )
n323        = LUT 0x1 ( n287, n322 )
n324        = LUT 0x8 ( n287, n297 )
n325        = LUT 0x4 ( n301, n324 )
n326        = LUT 0x4 ( n287, n301 )
n327        = LUT 0x8 ( n297, n326 )
n328        = LUT 0x4 ( EQL_06, n327 )
n329        = LUT 0x4 ( n297, EQL_06 )
n330        = LUT 0x8 ( n301, n329 )
n331        = LUT 0x1 ( n323, n325 )
n332        = LUT 0x4 ( n330, n331 )
n333        = LUT 0x1 ( n287, n301 )
n334        = LUT 0x8 ( n301, EQL_06 )
n335        = LUT 0x1 ( n297, n334 )
n336        = LUT 0x8 ( n297, EQL_06 )
n337        = LUT 0x1 ( n317, n333 )
n338        = LUT 0x4 ( n335, n337 )
n339        = LUT 0x4 ( n336, n338 )
n340        = LUT 0x4 ( n287, n329 )
n341        = LUT 0x1 ( n328, n340 )
CC_MUX_REG_2__WFCIRCUIT_00 = LUT 0x2 ( CC_MUX_REG_2__WFCIRCUIT )
CC_MUX_REG_1__WFCIRCUIT_00 = LUT 0x2 ( CC_MUX_REG_1__WFCIRCUIT )
USCITE_REG_2__WFCIRCUIT_00 = LUT 0x2 ( USCITE_REG_2__WFCIRCUIT )
USCITE_REG_1__WFCIRCUIT_00 = LUT 0x2 ( USCITE_REG_1__WFCIRCUIT )
ENABLE_COUNT_REG_WFCIRCUIT_00 = LUT 0x2 ( ENABLE_COUNT_REG_WFCIRCUIT )
ACKOUT_REG_WFCIRCUIT_00 = LUT 0x2 ( ACKOUT_REG_WFCIRCUIT )
CC_MUX_REG_2__WFCIRCUIT_01 = LUT 0x1 ( n104 )
CC_MUX_REG_1__WFCIRCUIT_01 = LUT 0x1 ( n111 )
USCITE_REG_2__WFCIRCUIT_01 = LUT 0x1 ( n113 )
ENABLE_COUNT_REG_WFCIRCUIT_01 = LUT 0x1 ( n80 )
ACKOUT_REG_WFCIRCUIT_01 = LUT 0x1 ( n80 )
CC_MUX_REG_2__WFCIRCUIT_02 = LUT 0x1 ( n144 )
CC_MUX_REG_1__WFCIRCUIT_02 = LUT 0x1 ( n151 )
USCITE_REG_2__WFCIRCUIT_02 = LUT 0x1 ( n153 )
USCITE_REG_1__WFCIRCUIT_02 = LUT 0x2 ( USCITE_REG_1__WFCIRCUIT_01 )
ENABLE_COUNT_REG_WFCIRCUIT_02 = LUT 0x1 ( n120 )
ACKOUT_REG_WFCIRCUIT_02 = LUT 0x1 ( n120 )
CC_MUX_REG_2__WFCIRCUIT_03 = LUT 0x1 ( n184 )
CC_MUX_REG_1__WFCIRCUIT_03 = LUT 0x1 ( n191 )
USCITE_REG_2__WFCIRCUIT_03 = LUT 0x1 ( n193 )
USCITE_REG_1__WFCIRCUIT_03 = LUT 0x2 ( USCITE_REG_1__WFCIRCUIT_01 )
ENABLE_COUNT_REG_WFCIRCUIT_03 = LUT 0x1 ( n160 )
ACKOUT_REG_WFCIRCUIT_03 = LUT 0x1 ( n160 )
CC_MUX_REG_2__WFCIRCUIT_04 = LUT 0x1 ( n224 )
CC_MUX_REG_1__WFCIRCUIT_04 = LUT 0x1 ( n231 )
USCITE_REG_2__WFCIRCUIT_04 = LUT 0x1 ( n233 )
USCITE_REG_1__WFCIRCUIT_04 = LUT 0x2 ( USCITE_REG_1__WFCIRCUIT_01 )
ENABLE_COUNT_REG_WFCIRCUIT_04 = LUT 0x1 ( n200 )
ACKOUT_REG_WFCIRCUIT_04 = LUT 0x1 ( n200 )
CC_MUX_REG_2__WFCIRCUIT_05 = LUT 0x1 ( n264 )
CC_MUX_REG_1__WFCIRCUIT_05 = LUT 0x1 ( n271 )
USCITE_REG_2__WFCIRCUIT_05 = LUT 0x1 ( n273 )
USCITE_REG_1__WFCIRCUIT_05 = LUT 0x2 ( USCITE_REG_1__WFCIRCUIT_01 )
ENABLE_COUNT_REG_WFCIRCUIT_05 = LUT 0x1 ( n240 )
ACKOUT_REG_WFCIRCUIT_05 = LUT 0x1 ( n240 )
CC_MUX_REG_2__WFCIRCUIT_06 = LUT 0x1 ( n304 )
CC_MUX_REG_1__WFCIRCUIT_06 = LUT 0x1 ( n311 )
USCITE_REG_2__WFCIRCUIT_06 = LUT 0x1 ( n313 )
USCITE_REG_1__WFCIRCUIT_06 = LUT 0x2 ( USCITE_REG_1__WFCIRCUIT_01 )
ENABLE_COUNT_REG_WFCIRCUIT_06 = LUT 0x1 ( n280 )
ACKOUT_REG_WFCIRCUIT_06 = LUT 0x1 ( n280 )
CC_MUX_REG_2__WFCIRCUIT_07 = LUT 0x1 ( n332 )
CC_MUX_REG_1__WFCIRCUIT_07 = LUT 0x1 ( n339 )
USCITE_REG_2__WFCIRCUIT_07 = LUT 0x1 ( n341 )
USCITE_REG_1__WFCIRCUIT_07 = LUT 0x2 ( USCITE_REG_1__WFCIRCUIT_01 )
ENABLE_COUNT_REG_WFCIRCUIT_07 = LUT 0x1 ( n320 )
ACKOUT_REG_WFCIRCUIT_07 = LUT 0x1 ( n320 )
