# Benchmark "faults\fault_U90__true_8_frames" written by ABC on Tue Dec 06 01:11:14 2011
INPUT(ACKOUT_REG_WFCIRCUIT)
INPUT(STATE_REG_2__WFCIRCUIT)
INPUT(STATE_REG_1__WFCIRCUIT)
INPUT(STATE_REG_0__WFCIRCUIT)
INPUT(CC_MUX_REG_2__WFCIRCUIT)
INPUT(CC_MUX_REG_1__WFCIRCUIT)
INPUT(USCITE_REG_2__WFCIRCUIT)
INPUT(USCITE_REG_1__WFCIRCUIT)
INPUT(ENABLE_COUNT_REG_WFCIRCUIT)
INPUT(EQL_00)
INPUT(CONT_EQL_00)
INPUT(EQL_01)
INPUT(CONT_EQL_01)
INPUT(EQL_02)
INPUT(CONT_EQL_02)
INPUT(EQL_03)
INPUT(CONT_EQL_03)
INPUT(EQL_04)
INPUT(CONT_EQL_04)
INPUT(EQL_05)
INPUT(CONT_EQL_05)
INPUT(EQL_06)
INPUT(CONT_EQL_06)
INPUT(EQL_07)
INPUT(CONT_EQL_07)
OUTPUT(CC_MUX_REG_2__WFCIRCUIT_00)
OUTPUT(CC_MUX_REG_1__WFCIRCUIT_00)
OUTPUT(USCITE_REG_2__WFCIRCUIT_00)
OUTPUT(USCITE_REG_1__WFCIRCUIT_00)
OUTPUT(ENABLE_COUNT_REG_WFCIRCUIT_00)
OUTPUT(ACKOUT_REG_WFCIRCUIT_00)
OUTPUT(CC_MUX_REG_2__WFCIRCUIT_01)
OUTPUT(CC_MUX_REG_1__WFCIRCUIT_01)
OUTPUT(USCITE_REG_2__WFCIRCUIT_01)
OUTPUT(USCITE_REG_1__WFCIRCUIT_01)
OUTPUT(ENABLE_COUNT_REG_WFCIRCUIT_01)
OUTPUT(ACKOUT_REG_WFCIRCUIT_01)
OUTPUT(CC_MUX_REG_2__WFCIRCUIT_02)
OUTPUT(CC_MUX_REG_1__WFCIRCUIT_02)
OUTPUT(USCITE_REG_2__WFCIRCUIT_02)
OUTPUT(USCITE_REG_1__WFCIRCUIT_02)
OUTPUT(ENABLE_COUNT_REG_WFCIRCUIT_02)
OUTPUT(ACKOUT_REG_WFCIRCUIT_02)
OUTPUT(CC_MUX_REG_2__WFCIRCUIT_03)
OUTPUT(CC_MUX_REG_1__WFCIRCUIT_03)
OUTPUT(USCITE_REG_2__WFCIRCUIT_03)
OUTPUT(USCITE_REG_1__WFCIRCUIT_03)
OUTPUT(ENABLE_COUNT_REG_WFCIRCUIT_03)
OUTPUT(ACKOUT_REG_WFCIRCUIT_03)
OUTPUT(CC_MUX_REG_2__WFCIRCUIT_04)
OUTPUT(CC_MUX_REG_1__WFCIRCUIT_04)
OUTPUT(USCITE_REG_2__WFCIRCUIT_04)
OUTPUT(USCITE_REG_1__WFCIRCUIT_04)
OUTPUT(ENABLE_COUNT_REG_WFCIRCUIT_04)
OUTPUT(ACKOUT_REG_WFCIRCUIT_04)
OUTPUT(CC_MUX_REG_2__WFCIRCUIT_05)
OUTPUT(CC_MUX_REG_1__WFCIRCUIT_05)
OUTPUT(USCITE_REG_2__WFCIRCUIT_05)
OUTPUT(USCITE_REG_1__WFCIRCUIT_05)
OUTPUT(ENABLE_COUNT_REG_WFCIRCUIT_05)
OUTPUT(ACKOUT_REG_WFCIRCUIT_05)
OUTPUT(CC_MUX_REG_2__WFCIRCUIT_06)
OUTPUT(CC_MUX_REG_1__WFCIRCUIT_06)
OUTPUT(USCITE_REG_2__WFCIRCUIT_06)
OUTPUT(USCITE_REG_1__WFCIRCUIT_06)
OUTPUT(ENABLE_COUNT_REG_WFCIRCUIT_06)
OUTPUT(ACKOUT_REG_WFCIRCUIT_06)
OUTPUT(CC_MUX_REG_2__WFCIRCUIT_07)
OUTPUT(CC_MUX_REG_1__WFCIRCUIT_07)
OUTPUT(USCITE_REG_2__WFCIRCUIT_07)
OUTPUT(USCITE_REG_1__WFCIRCUIT_07)
OUTPUT(ENABLE_COUNT_REG_WFCIRCUIT_07)
OUTPUT(ACKOUT_REG_WFCIRCUIT_07)
USCITE_REG_1__WFCIRCUIT_01 = vdd
n74         = LUT 0x8 ( STATE_REG_2__WFCIRCUIT, STATE_REG_1__WFCIRCUIT )
n75         = LUT 0x8 ( STATE_REG_0__WFCIRCUIT, n74 )
n76         = LUT 0x1 ( CONT_EQL_00, n75 )
n77         = LUT 0x1 ( STATE_REG_2__WFCIRCUIT, STATE_REG_0__WFCIRCUIT )
n78         = LUT 0x2 ( STATE_REG_1__WFCIRCUIT, EQL_00 )
n79         = LUT 0x8 ( n77, n78 )
n80         = LUT 0x1 ( n76, n79 )
n81         = LUT 0x1 ( STATE_REG_1__WFCIRCUIT, STATE_REG_0__WFCIRCUIT )
n82         = LUT 0x1 ( EQL_00, n81 )
n83         = LUT 0x2 ( STATE_REG_2__WFCIRCUIT, n82 )
n84         = LUT 0x1 ( STATE_REG_2__WFCIRCUIT, STATE_REG_1__WFCIRCUIT )
n85         = LUT 0x8 ( STATE_REG_0__WFCIRCUIT, n84 )
n86         = LUT 0x4 ( EQL_00, n85 )
n87         = LUT 0x1 ( n83, n86 )
n88         = LUT 0x8 ( STATE_REG_1__WFCIRCUIT, n77 )
n89         = LUT 0x4 ( STATE_REG_2__WFCIRCUIT, EQL_00 )
n90         = LUT 0x8 ( STATE_REG_0__WFCIRCUIT, n89 )
n91         = LUT 0x2 ( STATE_REG_2__WFCIRCUIT, STATE_REG_0__WFCIRCUIT )
n92         = LUT 0x4 ( STATE_REG_1__WFCIRCUIT, n91 )
n93         = LUT 0x4 ( EQL_00, n92 )
n94         = LUT 0x8 ( STATE_REG_1__WFCIRCUIT, EQL_00 )
n95         = LUT 0x1 ( n88, n90 )
n96         = LUT 0x4 ( n93, n95 )
n97         = LUT 0x4 ( n94, n96 )
n98         = LUT 0x4 ( STATE_REG_0__WFCIRCUIT, n94 )
n99         = LUT 0x1 ( n83, n85 )
n100        = LUT 0x4 ( n98, n99 )
n101        = LUT 0x8 ( STATE_REG_2__WFCIRCUIT, STATE_REG_0__WFCIRCUIT )
n102        = LUT 0x4 ( STATE_REG_0__WFCIRCUIT, EQL_00 )
n103        = LUT 0x2 ( STATE_REG_1__WFCIRCUIT, n102 )
n104        = LUT 0x4 ( STATE_REG_1__WFCIRCUIT, EQL_00 )
n105        = LUT 0x1 ( n77, n101 )
n106        = LUT 0x4 ( n103, n105 )
n107        = LUT 0x4 ( n104, n106 )
n108        = LUT 0x8 ( STATE_REG_2__WFCIRCUIT, n94 )
n109        = LUT 0x1 ( n93, n108 )
n110        = LUT 0x1 ( n87, n97 )
ENABLE_COUNT_REG_WFCIRCUIT_02 = LUT 0x1 ( CONT_EQL_01, n110 )
n112        = LUT 0x4 ( n87, EQL_01 )
n113        = LUT 0x8 ( n87, n97 )
n114        = LUT 0x4 ( EQL_01, n113 )
n115        = LUT 0x1 ( n112, n114 )
n116        = LUT 0x8 ( n87, EQL_01 )
n117        = LUT 0x4 ( n97, EQL_01 )
n118        = LUT 0x1 ( n116, n117 )
n119        = LUT 0x1 ( n112, n113 )
n120        = LUT 0x8 ( n97, EQL_01 )
n121        = LUT 0x2 ( n113, n120 )
USCITE_REG_2__WFCIRCUIT_02 = LUT 0x4 ( n87, n117 )
n123        = LUT 0x1 ( n115, n118 )
ENABLE_COUNT_REG_WFCIRCUIT_03 = LUT 0x1 ( CONT_EQL_02, n123 )
n125        = LUT 0x4 ( n115, EQL_02 )
n126        = LUT 0x8 ( n115, n118 )
n127        = LUT 0x4 ( EQL_02, n126 )
n128        = LUT 0x1 ( n125, n127 )
n129        = LUT 0x8 ( n115, EQL_02 )
n130        = LUT 0x4 ( n118, EQL_02 )
n131        = LUT 0x1 ( n129, n130 )
n132        = LUT 0x1 ( n125, n126 )
n133        = LUT 0x8 ( n118, EQL_02 )
n134        = LUT 0x2 ( n126, n133 )
USCITE_REG_2__WFCIRCUIT_03 = LUT 0x4 ( n115, n130 )
n136        = LUT 0x1 ( n128, n131 )
ENABLE_COUNT_REG_WFCIRCUIT_04 = LUT 0x1 ( CONT_EQL_03, n136 )
n138        = LUT 0x4 ( n128, EQL_03 )
n139        = LUT 0x8 ( n128, n131 )
n140        = LUT 0x4 ( EQL_03, n139 )
n141        = LUT 0x1 ( n138, n140 )
n142        = LUT 0x8 ( n128, EQL_03 )
n143        = LUT 0x4 ( n131, EQL_03 )
n144        = LUT 0x1 ( n142, n143 )
n145        = LUT 0x1 ( n138, n139 )
n146        = LUT 0x8 ( n131, EQL_03 )
n147        = LUT 0x2 ( n139, n146 )
USCITE_REG_2__WFCIRCUIT_04 = LUT 0x4 ( n128, n143 )
n149        = LUT 0x1 ( n141, n144 )
ENABLE_COUNT_REG_WFCIRCUIT_05 = LUT 0x1 ( CONT_EQL_04, n149 )
n151        = LUT 0x4 ( n141, EQL_04 )
n152        = LUT 0x8 ( n141, n144 )
n153        = LUT 0x4 ( EQL_04, n152 )
n154        = LUT 0x1 ( n151, n153 )
n155        = LUT 0x8 ( n141, EQL_04 )
n156        = LUT 0x4 ( n144, EQL_04 )
n157        = LUT 0x1 ( n155, n156 )
n158        = LUT 0x1 ( n151, n152 )
n159        = LUT 0x8 ( n144, EQL_04 )
n160        = LUT 0x2 ( n152, n159 )
USCITE_REG_2__WFCIRCUIT_05 = LUT 0x4 ( n141, n156 )
n162        = LUT 0x1 ( n154, n157 )
ENABLE_COUNT_REG_WFCIRCUIT_06 = LUT 0x1 ( CONT_EQL_05, n162 )
n164        = LUT 0x4 ( n154, EQL_05 )
n165        = LUT 0x8 ( n154, n157 )
n166        = LUT 0x4 ( EQL_05, n165 )
n167        = LUT 0x1 ( n164, n166 )
n168        = LUT 0x8 ( n154, EQL_05 )
n169        = LUT 0x4 ( n157, EQL_05 )
n170        = LUT 0x1 ( n168, n169 )
n171        = LUT 0x1 ( n164, n165 )
n172        = LUT 0x8 ( n157, EQL_05 )
n173        = LUT 0x2 ( n165, n172 )
USCITE_REG_2__WFCIRCUIT_06 = LUT 0x4 ( n154, n169 )
n175        = LUT 0x1 ( n167, n170 )
ENABLE_COUNT_REG_WFCIRCUIT_07 = LUT 0x1 ( CONT_EQL_06, n175 )
n177        = LUT 0x4 ( n167, EQL_06 )
n178        = LUT 0x8 ( n167, n170 )
n179        = LUT 0x4 ( n170, EQL_06 )
n180        = LUT 0x1 ( n177, n178 )
n181        = LUT 0x8 ( n170, EQL_06 )
n182        = LUT 0x2 ( n178, n181 )
USCITE_REG_2__WFCIRCUIT_07 = LUT 0x4 ( n167, n179 )
CC_MUX_REG_2__WFCIRCUIT_00 = LUT 0x2 ( CC_MUX_REG_2__WFCIRCUIT )
CC_MUX_REG_1__WFCIRCUIT_00 = LUT 0x2 ( CC_MUX_REG_1__WFCIRCUIT )
USCITE_REG_2__WFCIRCUIT_00 = LUT 0x2 ( USCITE_REG_2__WFCIRCUIT )
USCITE_REG_1__WFCIRCUIT_00 = LUT 0x2 ( USCITE_REG_1__WFCIRCUIT )
ENABLE_COUNT_REG_WFCIRCUIT_00 = LUT 0x2 ( ENABLE_COUNT_REG_WFCIRCUIT )
ACKOUT_REG_WFCIRCUIT_00 = LUT 0x2 ( ACKOUT_REG_WFCIRCUIT )
CC_MUX_REG_2__WFCIRCUIT_01 = LUT 0x1 ( n100 )
CC_MUX_REG_1__WFCIRCUIT_01 = LUT 0x1 ( n107 )
USCITE_REG_2__WFCIRCUIT_01 = LUT 0x1 ( n109 )
ENABLE_COUNT_REG_WFCIRCUIT_01 = LUT 0x1 ( n80 )
ACKOUT_REG_WFCIRCUIT_01 = LUT 0x1 ( n80 )
CC_MUX_REG_2__WFCIRCUIT_02 = LUT 0x1 ( n119 )
CC_MUX_REG_1__WFCIRCUIT_02 = LUT 0x1 ( n121 )
USCITE_REG_1__WFCIRCUIT_02 = LUT 0x2 ( USCITE_REG_1__WFCIRCUIT_01 )
ACKOUT_REG_WFCIRCUIT_02 = LUT 0x2 ( ENABLE_COUNT_REG_WFCIRCUIT_02 )
CC_MUX_REG_2__WFCIRCUIT_03 = LUT 0x1 ( n132 )
CC_MUX_REG_1__WFCIRCUIT_03 = LUT 0x1 ( n134 )
USCITE_REG_1__WFCIRCUIT_03 = LUT 0x2 ( USCITE_REG_1__WFCIRCUIT_01 )
ACKOUT_REG_WFCIRCUIT_03 = LUT 0x2 ( ENABLE_COUNT_REG_WFCIRCUIT_03 )
CC_MUX_REG_2__WFCIRCUIT_04 = LUT 0x1 ( n145 )
CC_MUX_REG_1__WFCIRCUIT_04 = LUT 0x1 ( n147 )
USCITE_REG_1__WFCIRCUIT_04 = LUT 0x2 ( USCITE_REG_1__WFCIRCUIT_01 )
ACKOUT_REG_WFCIRCUIT_04 = LUT 0x2 ( ENABLE_COUNT_REG_WFCIRCUIT_04 )
CC_MUX_REG_2__WFCIRCUIT_05 = LUT 0x1 ( n158 )
CC_MUX_REG_1__WFCIRCUIT_05 = LUT 0x1 ( n160 )
USCITE_REG_1__WFCIRCUIT_05 = LUT 0x2 ( USCITE_REG_1__WFCIRCUIT_01 )
ACKOUT_REG_WFCIRCUIT_05 = LUT 0x2 ( ENABLE_COUNT_REG_WFCIRCUIT_05 )
CC_MUX_REG_2__WFCIRCUIT_06 = LUT 0x1 ( n171 )
CC_MUX_REG_1__WFCIRCUIT_06 = LUT 0x1 ( n173 )
USCITE_REG_1__WFCIRCUIT_06 = LUT 0x2 ( USCITE_REG_1__WFCIRCUIT_01 )
ACKOUT_REG_WFCIRCUIT_06 = LUT 0x2 ( ENABLE_COUNT_REG_WFCIRCUIT_06 )
CC_MUX_REG_2__WFCIRCUIT_07 = LUT 0x1 ( n180 )
CC_MUX_REG_1__WFCIRCUIT_07 = LUT 0x1 ( n182 )
USCITE_REG_1__WFCIRCUIT_07 = LUT 0x2 ( USCITE_REG_1__WFCIRCUIT_01 )
ACKOUT_REG_WFCIRCUIT_07 = LUT 0x2 ( ENABLE_COUNT_REG_WFCIRCUIT_07 )
