# Benchmark "faults\fault_STATE_REG_2__U63_true_8_frames" written by ABC on Tue Dec 06 01:11:46 2011
INPUT(ACKOUT_REG_WFCIRCUIT)
INPUT(STATE_REG_2__WFCIRCUIT)
INPUT(STATE_REG_1__WFCIRCUIT)
INPUT(STATE_REG_0__WFCIRCUIT)
INPUT(CC_MUX_REG_2__WFCIRCUIT)
INPUT(CC_MUX_REG_1__WFCIRCUIT)
INPUT(USCITE_REG_2__WFCIRCUIT)
INPUT(USCITE_REG_1__WFCIRCUIT)
INPUT(ENABLE_COUNT_REG_WFCIRCUIT)
INPUT(EQL_00)
INPUT(CONT_EQL_00)
INPUT(EQL_01)
INPUT(CONT_EQL_01)
INPUT(EQL_02)
INPUT(CONT_EQL_02)
INPUT(EQL_03)
INPUT(CONT_EQL_03)
INPUT(EQL_04)
INPUT(CONT_EQL_04)
INPUT(EQL_05)
INPUT(CONT_EQL_05)
INPUT(EQL_06)
INPUT(CONT_EQL_06)
INPUT(EQL_07)
INPUT(CONT_EQL_07)
OUTPUT(CC_MUX_REG_2__WFCIRCUIT_00)
OUTPUT(CC_MUX_REG_1__WFCIRCUIT_00)
OUTPUT(USCITE_REG_2__WFCIRCUIT_00)
OUTPUT(USCITE_REG_1__WFCIRCUIT_00)
OUTPUT(ENABLE_COUNT_REG_WFCIRCUIT_00)
OUTPUT(ACKOUT_REG_WFCIRCUIT_00)
OUTPUT(CC_MUX_REG_2__WFCIRCUIT_01)
OUTPUT(CC_MUX_REG_1__WFCIRCUIT_01)
OUTPUT(USCITE_REG_2__WFCIRCUIT_01)
OUTPUT(USCITE_REG_1__WFCIRCUIT_01)
OUTPUT(ENABLE_COUNT_REG_WFCIRCUIT_01)
OUTPUT(ACKOUT_REG_WFCIRCUIT_01)
OUTPUT(CC_MUX_REG_2__WFCIRCUIT_02)
OUTPUT(CC_MUX_REG_1__WFCIRCUIT_02)
OUTPUT(USCITE_REG_2__WFCIRCUIT_02)
OUTPUT(USCITE_REG_1__WFCIRCUIT_02)
OUTPUT(ENABLE_COUNT_REG_WFCIRCUIT_02)
OUTPUT(ACKOUT_REG_WFCIRCUIT_02)
OUTPUT(CC_MUX_REG_2__WFCIRCUIT_03)
OUTPUT(CC_MUX_REG_1__WFCIRCUIT_03)
OUTPUT(USCITE_REG_2__WFCIRCUIT_03)
OUTPUT(USCITE_REG_1__WFCIRCUIT_03)
OUTPUT(ENABLE_COUNT_REG_WFCIRCUIT_03)
OUTPUT(ACKOUT_REG_WFCIRCUIT_03)
OUTPUT(CC_MUX_REG_2__WFCIRCUIT_04)
OUTPUT(CC_MUX_REG_1__WFCIRCUIT_04)
OUTPUT(USCITE_REG_2__WFCIRCUIT_04)
OUTPUT(USCITE_REG_1__WFCIRCUIT_04)
OUTPUT(ENABLE_COUNT_REG_WFCIRCUIT_04)
OUTPUT(ACKOUT_REG_WFCIRCUIT_04)
OUTPUT(CC_MUX_REG_2__WFCIRCUIT_05)
OUTPUT(CC_MUX_REG_1__WFCIRCUIT_05)
OUTPUT(USCITE_REG_2__WFCIRCUIT_05)
OUTPUT(USCITE_REG_1__WFCIRCUIT_05)
OUTPUT(ENABLE_COUNT_REG_WFCIRCUIT_05)
OUTPUT(ACKOUT_REG_WFCIRCUIT_05)
OUTPUT(CC_MUX_REG_2__WFCIRCUIT_06)
OUTPUT(CC_MUX_REG_1__WFCIRCUIT_06)
OUTPUT(USCITE_REG_2__WFCIRCUIT_06)
OUTPUT(USCITE_REG_1__WFCIRCUIT_06)
OUTPUT(ENABLE_COUNT_REG_WFCIRCUIT_06)
OUTPUT(ACKOUT_REG_WFCIRCUIT_06)
OUTPUT(CC_MUX_REG_2__WFCIRCUIT_07)
OUTPUT(CC_MUX_REG_1__WFCIRCUIT_07)
OUTPUT(USCITE_REG_2__WFCIRCUIT_07)
OUTPUT(USCITE_REG_1__WFCIRCUIT_07)
OUTPUT(ENABLE_COUNT_REG_WFCIRCUIT_07)
OUTPUT(ACKOUT_REG_WFCIRCUIT_07)
n73         = LUT 0x1 ( STATE_REG_2__WFCIRCUIT, STATE_REG_0__WFCIRCUIT )
n74         = LUT 0x2 ( STATE_REG_1__WFCIRCUIT, EQL_00 )
n75         = LUT 0x8 ( n73, n74 )
n76         = LUT 0x2 ( CONT_EQL_00, n75 )
n77         = LUT 0x1 ( STATE_REG_1__WFCIRCUIT, STATE_REG_0__WFCIRCUIT )
n78         = LUT 0x1 ( EQL_00, n77 )
n79         = LUT 0x2 ( STATE_REG_2__WFCIRCUIT, n78 )
n80         = LUT 0x1 ( STATE_REG_2__WFCIRCUIT, STATE_REG_1__WFCIRCUIT )
n81         = LUT 0x8 ( STATE_REG_0__WFCIRCUIT, n80 )
n82         = LUT 0x4 ( EQL_00, n81 )
n83         = LUT 0x1 ( n79, n82 )
n84         = LUT 0x8 ( STATE_REG_1__WFCIRCUIT, n73 )
n85         = LUT 0x4 ( STATE_REG_2__WFCIRCUIT, EQL_00 )
n86         = LUT 0x8 ( STATE_REG_0__WFCIRCUIT, n85 )
n87         = LUT 0x2 ( STATE_REG_2__WFCIRCUIT, STATE_REG_0__WFCIRCUIT )
n88         = LUT 0x4 ( STATE_REG_1__WFCIRCUIT, n87 )
n89         = LUT 0x4 ( EQL_00, n88 )
n90         = LUT 0x8 ( STATE_REG_1__WFCIRCUIT, EQL_00 )
n91         = LUT 0x1 ( n84, n86 )
n92         = LUT 0x4 ( n89, n91 )
n93         = LUT 0x4 ( n90, n92 )
n94         = LUT 0x8 ( STATE_REG_1__WFCIRCUIT, STATE_REG_0__WFCIRCUIT )
n95         = LUT 0x4 ( STATE_REG_1__WFCIRCUIT, n73 )
n96         = LUT 0x1 ( n94, n95 )
n97         = LUT 0x4 ( n78, n96 )
n98         = LUT 0x4 ( STATE_REG_0__WFCIRCUIT, n90 )
n99         = LUT 0x1 ( n79, n81 )
n100        = LUT 0x4 ( n98, n99 )
n101        = LUT 0x8 ( STATE_REG_2__WFCIRCUIT, STATE_REG_0__WFCIRCUIT )
n102        = LUT 0x4 ( STATE_REG_0__WFCIRCUIT, EQL_00 )
n103        = LUT 0x2 ( STATE_REG_1__WFCIRCUIT, n102 )
n104        = LUT 0x4 ( STATE_REG_1__WFCIRCUIT, EQL_00 )
n105        = LUT 0x1 ( n73, n101 )
n106        = LUT 0x4 ( n103, n105 )
n107        = LUT 0x4 ( n104, n106 )
n108        = LUT 0x8 ( STATE_REG_2__WFCIRCUIT, n90 )
n109        = LUT 0x1 ( n89, n108 )
n110        = LUT 0x8 ( STATE_REG_2__WFCIRCUIT, STATE_REG_1__WFCIRCUIT )
n111        = LUT 0x2 ( EQL_00, n110 )
n112        = LUT 0x8 ( n96, n111 )
n113        = LUT 0x8 ( n83, n97 )
n114        = LUT 0x1 ( n93, EQL_01 )
n115        = LUT 0x8 ( n113, n114 )
n116        = LUT 0x2 ( CONT_EQL_01, n115 )
n117        = LUT 0x8 ( n93, n97 )
n118        = LUT 0x1 ( EQL_01, n117 )
n119        = LUT 0x1 ( n83, n118 )
n120        = LUT 0x8 ( n83, n93 )
n121        = LUT 0x4 ( n97, n120 )
n122        = LUT 0x4 ( EQL_01, n121 )
n123        = LUT 0x1 ( n119, n122 )
n124        = LUT 0x4 ( n93, n113 )
n125        = LUT 0x8 ( n83, EQL_01 )
n126        = LUT 0x4 ( n97, n125 )
n127        = LUT 0x4 ( n83, n97 )
n128        = LUT 0x8 ( n93, n127 )
n129        = LUT 0x4 ( EQL_01, n128 )
n130        = LUT 0x4 ( n93, EQL_01 )
n131        = LUT 0x1 ( n124, n126 )
n132        = LUT 0x4 ( n129, n131 )
n133        = LUT 0x4 ( n130, n132 )
n134        = LUT 0x1 ( n93, n97 )
n135        = LUT 0x8 ( n93, n113 )
n136        = LUT 0x1 ( n134, n135 )
n137        = LUT 0x4 ( n118, n136 )
n138        = LUT 0x8 ( n97, n130 )
n139        = LUT 0x1 ( n119, n121 )
n140        = LUT 0x4 ( n138, n139 )
n141        = LUT 0x1 ( n83, n97 )
n142        = LUT 0x8 ( n97, EQL_01 )
n143        = LUT 0x1 ( n93, n142 )
n144        = LUT 0x8 ( n93, EQL_01 )
n145        = LUT 0x1 ( n113, n141 )
n146        = LUT 0x4 ( n143, n145 )
n147        = LUT 0x4 ( n144, n146 )
n148        = LUT 0x4 ( n83, n130 )
n149        = LUT 0x1 ( n129, n148 )
n150        = LUT 0x1 ( n83, n93 )
n151        = LUT 0x2 ( EQL_01, n150 )
n152        = LUT 0x8 ( n136, n151 )
n153        = LUT 0x8 ( n123, n137 )
n154        = LUT 0x1 ( n133, EQL_02 )
n155        = LUT 0x8 ( n153, n154 )
n156        = LUT 0x2 ( CONT_EQL_02, n155 )
n157        = LUT 0x8 ( n133, n137 )
n158        = LUT 0x1 ( EQL_02, n157 )
n159        = LUT 0x1 ( n123, n158 )
n160        = LUT 0x8 ( n123, n133 )
n161        = LUT 0x4 ( n137, n160 )
n162        = LUT 0x4 ( EQL_02, n161 )
n163        = LUT 0x1 ( n159, n162 )
n164        = LUT 0x4 ( n133, n153 )
n165        = LUT 0x8 ( n123, EQL_02 )
n166        = LUT 0x4 ( n137, n165 )
n167        = LUT 0x4 ( n123, n137 )
n168        = LUT 0x8 ( n133, n167 )
n169        = LUT 0x4 ( EQL_02, n168 )
n170        = LUT 0x4 ( n133, EQL_02 )
n171        = LUT 0x1 ( n164, n166 )
n172        = LUT 0x4 ( n169, n171 )
n173        = LUT 0x4 ( n170, n172 )
n174        = LUT 0x1 ( n133, n137 )
n175        = LUT 0x8 ( n133, n153 )
n176        = LUT 0x1 ( n174, n175 )
n177        = LUT 0x4 ( n158, n176 )
n178        = LUT 0x8 ( n137, n170 )
n179        = LUT 0x1 ( n159, n161 )
n180        = LUT 0x4 ( n178, n179 )
n181        = LUT 0x1 ( n123, n137 )
n182        = LUT 0x8 ( n137, EQL_02 )
n183        = LUT 0x1 ( n133, n182 )
n184        = LUT 0x8 ( n133, EQL_02 )
n185        = LUT 0x1 ( n153, n181 )
n186        = LUT 0x4 ( n183, n185 )
n187        = LUT 0x4 ( n184, n186 )
n188        = LUT 0x4 ( n123, n170 )
n189        = LUT 0x1 ( n169, n188 )
n190        = LUT 0x1 ( n123, n133 )
n191        = LUT 0x2 ( EQL_02, n190 )
n192        = LUT 0x8 ( n176, n191 )
n193        = LUT 0x8 ( n163, n177 )
n194        = LUT 0x1 ( n173, EQL_03 )
n195        = LUT 0x8 ( n193, n194 )
n196        = LUT 0x2 ( CONT_EQL_03, n195 )
n197        = LUT 0x8 ( n173, n177 )
n198        = LUT 0x1 ( EQL_03, n197 )
n199        = LUT 0x1 ( n163, n198 )
n200        = LUT 0x8 ( n163, n173 )
n201        = LUT 0x4 ( n177, n200 )
n202        = LUT 0x4 ( EQL_03, n201 )
n203        = LUT 0x1 ( n199, n202 )
n204        = LUT 0x4 ( n173, n193 )
n205        = LUT 0x8 ( n163, EQL_03 )
n206        = LUT 0x4 ( n177, n205 )
n207        = LUT 0x4 ( n163, n177 )
n208        = LUT 0x8 ( n173, n207 )
n209        = LUT 0x4 ( EQL_03, n208 )
n210        = LUT 0x4 ( n173, EQL_03 )
n211        = LUT 0x1 ( n204, n206 )
n212        = LUT 0x4 ( n209, n211 )
n213        = LUT 0x4 ( n210, n212 )
n214        = LUT 0x1 ( n173, n177 )
n215        = LUT 0x8 ( n173, n193 )
n216        = LUT 0x1 ( n214, n215 )
n217        = LUT 0x4 ( n198, n216 )
n218        = LUT 0x8 ( n177, n210 )
n219        = LUT 0x1 ( n199, n201 )
n220        = LUT 0x4 ( n218, n219 )
n221        = LUT 0x1 ( n163, n177 )
n222        = LUT 0x8 ( n177, EQL_03 )
n223        = LUT 0x1 ( n173, n222 )
n224        = LUT 0x8 ( n173, EQL_03 )
n225        = LUT 0x1 ( n193, n221 )
n226        = LUT 0x4 ( n223, n225 )
n227        = LUT 0x4 ( n224, n226 )
n228        = LUT 0x4 ( n163, n210 )
n229        = LUT 0x1 ( n209, n228 )
n230        = LUT 0x1 ( n163, n173 )
n231        = LUT 0x2 ( EQL_03, n230 )
n232        = LUT 0x8 ( n216, n231 )
n233        = LUT 0x8 ( n203, n217 )
n234        = LUT 0x1 ( n213, EQL_04 )
n235        = LUT 0x8 ( n233, n234 )
n236        = LUT 0x2 ( CONT_EQL_04, n235 )
n237        = LUT 0x8 ( n213, n217 )
n238        = LUT 0x1 ( EQL_04, n237 )
n239        = LUT 0x1 ( n203, n238 )
n240        = LUT 0x8 ( n203, n213 )
n241        = LUT 0x4 ( n217, n240 )
n242        = LUT 0x4 ( EQL_04, n241 )
n243        = LUT 0x1 ( n239, n242 )
n244        = LUT 0x4 ( n213, n233 )
n245        = LUT 0x8 ( n203, EQL_04 )
n246        = LUT 0x4 ( n217, n245 )
n247        = LUT 0x4 ( n203, n217 )
n248        = LUT 0x8 ( n213, n247 )
n249        = LUT 0x4 ( EQL_04, n248 )
n250        = LUT 0x4 ( n213, EQL_04 )
n251        = LUT 0x1 ( n244, n246 )
n252        = LUT 0x4 ( n249, n251 )
n253        = LUT 0x4 ( n250, n252 )
n254        = LUT 0x1 ( n213, n217 )
n255        = LUT 0x8 ( n213, n233 )
n256        = LUT 0x1 ( n254, n255 )
n257        = LUT 0x4 ( n238, n256 )
n258        = LUT 0x8 ( n217, n250 )
n259        = LUT 0x1 ( n239, n241 )
n260        = LUT 0x4 ( n258, n259 )
n261        = LUT 0x1 ( n203, n217 )
n262        = LUT 0x8 ( n217, EQL_04 )
n263        = LUT 0x1 ( n213, n262 )
n264        = LUT 0x8 ( n213, EQL_04 )
n265        = LUT 0x1 ( n233, n261 )
n266        = LUT 0x4 ( n263, n265 )
n267        = LUT 0x4 ( n264, n266 )
n268        = LUT 0x4 ( n203, n250 )
n269        = LUT 0x1 ( n249, n268 )
n270        = LUT 0x1 ( n203, n213 )
n271        = LUT 0x2 ( EQL_04, n270 )
n272        = LUT 0x8 ( n256, n271 )
n273        = LUT 0x8 ( n243, n257 )
n274        = LUT 0x1 ( n253, EQL_05 )
n275        = LUT 0x8 ( n273, n274 )
n276        = LUT 0x2 ( CONT_EQL_05, n275 )
n277        = LUT 0x8 ( n253, n257 )
n278        = LUT 0x1 ( EQL_05, n277 )
n279        = LUT 0x1 ( n243, n278 )
n280        = LUT 0x8 ( n243, n253 )
n281        = LUT 0x4 ( n257, n280 )
n282        = LUT 0x4 ( EQL_05, n281 )
n283        = LUT 0x1 ( n279, n282 )
n284        = LUT 0x4 ( n253, n273 )
n285        = LUT 0x8 ( n243, EQL_05 )
n286        = LUT 0x4 ( n257, n285 )
n287        = LUT 0x4 ( n243, n257 )
n288        = LUT 0x8 ( n253, n287 )
n289        = LUT 0x4 ( EQL_05, n288 )
n290        = LUT 0x4 ( n253, EQL_05 )
n291        = LUT 0x1 ( n284, n286 )
n292        = LUT 0x4 ( n289, n291 )
n293        = LUT 0x4 ( n290, n292 )
n294        = LUT 0x1 ( n253, n257 )
n295        = LUT 0x8 ( n253, n273 )
n296        = LUT 0x1 ( n294, n295 )
n297        = LUT 0x4 ( n278, n296 )
n298        = LUT 0x8 ( n257, n290 )
n299        = LUT 0x1 ( n279, n281 )
n300        = LUT 0x4 ( n298, n299 )
n301        = LUT 0x1 ( n243, n257 )
n302        = LUT 0x8 ( n257, EQL_05 )
n303        = LUT 0x1 ( n253, n302 )
n304        = LUT 0x8 ( n253, EQL_05 )
n305        = LUT 0x1 ( n273, n301 )
n306        = LUT 0x4 ( n303, n305 )
n307        = LUT 0x4 ( n304, n306 )
n308        = LUT 0x4 ( n243, n290 )
n309        = LUT 0x1 ( n289, n308 )
n310        = LUT 0x1 ( n243, n253 )
n311        = LUT 0x2 ( EQL_05, n310 )
n312        = LUT 0x8 ( n296, n311 )
n313        = LUT 0x8 ( n283, n297 )
n314        = LUT 0x1 ( n293, EQL_06 )
n315        = LUT 0x8 ( n313, n314 )
n316        = LUT 0x2 ( CONT_EQL_06, n315 )
n317        = LUT 0x8 ( n293, n297 )
n318        = LUT 0x1 ( EQL_06, n317 )
n319        = LUT 0x1 ( n283, n318 )
n320        = LUT 0x8 ( n283, n293 )
n321        = LUT 0x4 ( n297, n320 )
n322        = LUT 0x4 ( n283, n297 )
n323        = LUT 0x8 ( n293, n322 )
n324        = LUT 0x4 ( EQL_06, n323 )
n325        = LUT 0x4 ( n293, EQL_06 )
n326        = LUT 0x1 ( n293, n297 )
n327        = LUT 0x8 ( n293, n313 )
n328        = LUT 0x1 ( n326, n327 )
n329        = LUT 0x8 ( n297, n325 )
n330        = LUT 0x1 ( n319, n321 )
n331        = LUT 0x4 ( n329, n330 )
n332        = LUT 0x1 ( n283, n297 )
n333        = LUT 0x8 ( n297, EQL_06 )
n334        = LUT 0x1 ( n293, n333 )
n335        = LUT 0x8 ( n293, EQL_06 )
n336        = LUT 0x1 ( n313, n332 )
n337        = LUT 0x4 ( n334, n336 )
n338        = LUT 0x4 ( n335, n337 )
n339        = LUT 0x4 ( n283, n325 )
n340        = LUT 0x1 ( n324, n339 )
n341        = LUT 0x1 ( n283, n293 )
n342        = LUT 0x2 ( EQL_06, n341 )
n343        = LUT 0x8 ( n328, n342 )
CC_MUX_REG_2__WFCIRCUIT_00 = LUT 0x2 ( CC_MUX_REG_2__WFCIRCUIT )
CC_MUX_REG_1__WFCIRCUIT_00 = LUT 0x2 ( CC_MUX_REG_1__WFCIRCUIT )
USCITE_REG_2__WFCIRCUIT_00 = LUT 0x2 ( USCITE_REG_2__WFCIRCUIT )
USCITE_REG_1__WFCIRCUIT_00 = LUT 0x2 ( USCITE_REG_1__WFCIRCUIT )
ENABLE_COUNT_REG_WFCIRCUIT_00 = LUT 0x2 ( ENABLE_COUNT_REG_WFCIRCUIT )
ACKOUT_REG_WFCIRCUIT_00 = LUT 0x2 ( ACKOUT_REG_WFCIRCUIT )
CC_MUX_REG_2__WFCIRCUIT_01 = LUT 0x1 ( n100 )
CC_MUX_REG_1__WFCIRCUIT_01 = LUT 0x1 ( n107 )
USCITE_REG_2__WFCIRCUIT_01 = LUT 0x1 ( n109 )
USCITE_REG_1__WFCIRCUIT_01 = LUT 0x1 ( n112 )
ENABLE_COUNT_REG_WFCIRCUIT_01 = LUT 0x1 ( n76 )
ACKOUT_REG_WFCIRCUIT_01 = LUT 0x1 ( n76 )
CC_MUX_REG_2__WFCIRCUIT_02 = LUT 0x1 ( n140 )
CC_MUX_REG_1__WFCIRCUIT_02 = LUT 0x1 ( n147 )
USCITE_REG_2__WFCIRCUIT_02 = LUT 0x1 ( n149 )
USCITE_REG_1__WFCIRCUIT_02 = LUT 0x1 ( n152 )
ENABLE_COUNT_REG_WFCIRCUIT_02 = LUT 0x1 ( n116 )
ACKOUT_REG_WFCIRCUIT_02 = LUT 0x1 ( n116 )
CC_MUX_REG_2__WFCIRCUIT_03 = LUT 0x1 ( n180 )
CC_MUX_REG_1__WFCIRCUIT_03 = LUT 0x1 ( n187 )
USCITE_REG_2__WFCIRCUIT_03 = LUT 0x1 ( n189 )
USCITE_REG_1__WFCIRCUIT_03 = LUT 0x1 ( n192 )
ENABLE_COUNT_REG_WFCIRCUIT_03 = LUT 0x1 ( n156 )
ACKOUT_REG_WFCIRCUIT_03 = LUT 0x1 ( n156 )
CC_MUX_REG_2__WFCIRCUIT_04 = LUT 0x1 ( n220 )
CC_MUX_REG_1__WFCIRCUIT_04 = LUT 0x1 ( n227 )
USCITE_REG_2__WFCIRCUIT_04 = LUT 0x1 ( n229 )
USCITE_REG_1__WFCIRCUIT_04 = LUT 0x1 ( n232 )
ENABLE_COUNT_REG_WFCIRCUIT_04 = LUT 0x1 ( n196 )
ACKOUT_REG_WFCIRCUIT_04 = LUT 0x1 ( n196 )
CC_MUX_REG_2__WFCIRCUIT_05 = LUT 0x1 ( n260 )
CC_MUX_REG_1__WFCIRCUIT_05 = LUT 0x1 ( n267 )
USCITE_REG_2__WFCIRCUIT_05 = LUT 0x1 ( n269 )
USCITE_REG_1__WFCIRCUIT_05 = LUT 0x1 ( n272 )
ENABLE_COUNT_REG_WFCIRCUIT_05 = LUT 0x1 ( n236 )
ACKOUT_REG_WFCIRCUIT_05 = LUT 0x1 ( n236 )
CC_MUX_REG_2__WFCIRCUIT_06 = LUT 0x1 ( n300 )
CC_MUX_REG_1__WFCIRCUIT_06 = LUT 0x1 ( n307 )
USCITE_REG_2__WFCIRCUIT_06 = LUT 0x1 ( n309 )
USCITE_REG_1__WFCIRCUIT_06 = LUT 0x1 ( n312 )
ENABLE_COUNT_REG_WFCIRCUIT_06 = LUT 0x1 ( n276 )
ACKOUT_REG_WFCIRCUIT_06 = LUT 0x1 ( n276 )
CC_MUX_REG_2__WFCIRCUIT_07 = LUT 0x1 ( n331 )
CC_MUX_REG_1__WFCIRCUIT_07 = LUT 0x1 ( n338 )
USCITE_REG_2__WFCIRCUIT_07 = LUT 0x1 ( n340 )
USCITE_REG_1__WFCIRCUIT_07 = LUT 0x1 ( n343 )
ENABLE_COUNT_REG_WFCIRCUIT_07 = LUT 0x1 ( n316 )
ACKOUT_REG_WFCIRCUIT_07 = LUT 0x1 ( n316 )
