# Benchmark "faults\fault_STATE_REG_0___false_8_frames" written by ABC on Tue Dec 06 01:11:11 2011
INPUT(ACKOUT_REG_WFCIRCUIT)
INPUT(STATE_REG_2__WFCIRCUIT)
INPUT(STATE_REG_1__WFCIRCUIT)
INPUT(STATE_REG_0__WFCIRCUIT)
INPUT(CC_MUX_REG_2__WFCIRCUIT)
INPUT(CC_MUX_REG_1__WFCIRCUIT)
INPUT(USCITE_REG_2__WFCIRCUIT)
INPUT(USCITE_REG_1__WFCIRCUIT)
INPUT(ENABLE_COUNT_REG_WFCIRCUIT)
INPUT(EQL_00)
INPUT(CONT_EQL_00)
INPUT(EQL_01)
INPUT(CONT_EQL_01)
INPUT(EQL_02)
INPUT(CONT_EQL_02)
INPUT(EQL_03)
INPUT(CONT_EQL_03)
INPUT(EQL_04)
INPUT(CONT_EQL_04)
INPUT(EQL_05)
INPUT(CONT_EQL_05)
INPUT(EQL_06)
INPUT(CONT_EQL_06)
INPUT(EQL_07)
INPUT(CONT_EQL_07)
OUTPUT(CC_MUX_REG_2__WFCIRCUIT_00)
OUTPUT(CC_MUX_REG_1__WFCIRCUIT_00)
OUTPUT(USCITE_REG_2__WFCIRCUIT_00)
OUTPUT(USCITE_REG_1__WFCIRCUIT_00)
OUTPUT(ENABLE_COUNT_REG_WFCIRCUIT_00)
OUTPUT(ACKOUT_REG_WFCIRCUIT_00)
OUTPUT(CC_MUX_REG_2__WFCIRCUIT_01)
OUTPUT(CC_MUX_REG_1__WFCIRCUIT_01)
OUTPUT(USCITE_REG_2__WFCIRCUIT_01)
OUTPUT(USCITE_REG_1__WFCIRCUIT_01)
OUTPUT(ENABLE_COUNT_REG_WFCIRCUIT_01)
OUTPUT(ACKOUT_REG_WFCIRCUIT_01)
OUTPUT(CC_MUX_REG_2__WFCIRCUIT_02)
OUTPUT(CC_MUX_REG_1__WFCIRCUIT_02)
OUTPUT(USCITE_REG_2__WFCIRCUIT_02)
OUTPUT(USCITE_REG_1__WFCIRCUIT_02)
OUTPUT(ENABLE_COUNT_REG_WFCIRCUIT_02)
OUTPUT(ACKOUT_REG_WFCIRCUIT_02)
OUTPUT(CC_MUX_REG_2__WFCIRCUIT_03)
OUTPUT(CC_MUX_REG_1__WFCIRCUIT_03)
OUTPUT(USCITE_REG_2__WFCIRCUIT_03)
OUTPUT(USCITE_REG_1__WFCIRCUIT_03)
OUTPUT(ENABLE_COUNT_REG_WFCIRCUIT_03)
OUTPUT(ACKOUT_REG_WFCIRCUIT_03)
OUTPUT(CC_MUX_REG_2__WFCIRCUIT_04)
OUTPUT(CC_MUX_REG_1__WFCIRCUIT_04)
OUTPUT(USCITE_REG_2__WFCIRCUIT_04)
OUTPUT(USCITE_REG_1__WFCIRCUIT_04)
OUTPUT(ENABLE_COUNT_REG_WFCIRCUIT_04)
OUTPUT(ACKOUT_REG_WFCIRCUIT_04)
OUTPUT(CC_MUX_REG_2__WFCIRCUIT_05)
OUTPUT(CC_MUX_REG_1__WFCIRCUIT_05)
OUTPUT(USCITE_REG_2__WFCIRCUIT_05)
OUTPUT(USCITE_REG_1__WFCIRCUIT_05)
OUTPUT(ENABLE_COUNT_REG_WFCIRCUIT_05)
OUTPUT(ACKOUT_REG_WFCIRCUIT_05)
OUTPUT(CC_MUX_REG_2__WFCIRCUIT_06)
OUTPUT(CC_MUX_REG_1__WFCIRCUIT_06)
OUTPUT(USCITE_REG_2__WFCIRCUIT_06)
OUTPUT(USCITE_REG_1__WFCIRCUIT_06)
OUTPUT(ENABLE_COUNT_REG_WFCIRCUIT_06)
OUTPUT(ACKOUT_REG_WFCIRCUIT_06)
OUTPUT(CC_MUX_REG_2__WFCIRCUIT_07)
OUTPUT(CC_MUX_REG_1__WFCIRCUIT_07)
OUTPUT(USCITE_REG_2__WFCIRCUIT_07)
OUTPUT(USCITE_REG_1__WFCIRCUIT_07)
OUTPUT(ENABLE_COUNT_REG_WFCIRCUIT_07)
OUTPUT(ACKOUT_REG_WFCIRCUIT_07)
n73         = LUT 0x8 ( STATE_REG_2__WFCIRCUIT, STATE_REG_1__WFCIRCUIT )
ENABLE_COUNT_REG_WFCIRCUIT_01 = LUT 0x1 ( CONT_EQL_00, n73 )
n75         = LUT 0x8 ( STATE_REG_2__WFCIRCUIT, EQL_00 )
n76         = LUT 0x1 ( STATE_REG_2__WFCIRCUIT, STATE_REG_1__WFCIRCUIT )
n77         = LUT 0x4 ( EQL_00, n76 )
n78         = LUT 0x1 ( n75, n77 )
n79         = LUT 0x4 ( STATE_REG_2__WFCIRCUIT, EQL_00 )
n80         = LUT 0x8 ( STATE_REG_1__WFCIRCUIT, EQL_00 )
n81         = LUT 0x1 ( n79, n80 )
n82         = LUT 0x4 ( STATE_REG_1__WFCIRCUIT, EQL_00 )
n83         = LUT 0x1 ( n75, n76 )
n84         = LUT 0x2 ( n76, n82 )
USCITE_REG_2__WFCIRCUIT_01 = LUT 0x8 ( STATE_REG_2__WFCIRCUIT, n80 )
n86         = LUT 0x2 ( EQL_00, n73 )
n87         = LUT 0x4 ( STATE_REG_1__WFCIRCUIT, n86 )
n88         = LUT 0x1 ( n78, n81 )
ENABLE_COUNT_REG_WFCIRCUIT_02 = LUT 0x1 ( CONT_EQL_01, n88 )
n90         = LUT 0x4 ( n78, EQL_01 )
n91         = LUT 0x8 ( n78, n81 )
n92         = LUT 0x4 ( EQL_01, n91 )
n93         = LUT 0x1 ( n90, n92 )
n94         = LUT 0x8 ( n78, EQL_01 )
n95         = LUT 0x4 ( n81, EQL_01 )
n96         = LUT 0x1 ( n94, n95 )
n97         = LUT 0x8 ( n81, EQL_01 )
n98         = LUT 0x1 ( n90, n91 )
n99         = LUT 0x2 ( n91, n97 )
USCITE_REG_2__WFCIRCUIT_02 = LUT 0x4 ( n78, n95 )
n101        = LUT 0x2 ( EQL_01, n88 )
n102        = LUT 0x8 ( n81, n101 )
n103        = LUT 0x1 ( n93, n96 )
ENABLE_COUNT_REG_WFCIRCUIT_03 = LUT 0x1 ( CONT_EQL_02, n103 )
n105        = LUT 0x4 ( n93, EQL_02 )
n106        = LUT 0x8 ( n93, n96 )
n107        = LUT 0x4 ( EQL_02, n106 )
n108        = LUT 0x1 ( n105, n107 )
n109        = LUT 0x8 ( n93, EQL_02 )
n110        = LUT 0x4 ( n96, EQL_02 )
n111        = LUT 0x1 ( n109, n110 )
n112        = LUT 0x8 ( n96, EQL_02 )
n113        = LUT 0x1 ( n105, n106 )
n114        = LUT 0x2 ( n106, n112 )
USCITE_REG_2__WFCIRCUIT_03 = LUT 0x4 ( n93, n110 )
n116        = LUT 0x2 ( EQL_02, n103 )
n117        = LUT 0x8 ( n96, n116 )
n118        = LUT 0x1 ( n108, n111 )
ENABLE_COUNT_REG_WFCIRCUIT_04 = LUT 0x1 ( CONT_EQL_03, n118 )
n120        = LUT 0x4 ( n108, EQL_03 )
n121        = LUT 0x8 ( n108, n111 )
n122        = LUT 0x4 ( EQL_03, n121 )
n123        = LUT 0x1 ( n120, n122 )
n124        = LUT 0x8 ( n108, EQL_03 )
n125        = LUT 0x4 ( n111, EQL_03 )
n126        = LUT 0x1 ( n124, n125 )
n127        = LUT 0x8 ( n111, EQL_03 )
n128        = LUT 0x1 ( n120, n121 )
n129        = LUT 0x2 ( n121, n127 )
USCITE_REG_2__WFCIRCUIT_04 = LUT 0x4 ( n108, n125 )
n131        = LUT 0x2 ( EQL_03, n118 )
n132        = LUT 0x8 ( n111, n131 )
n133        = LUT 0x1 ( n123, n126 )
ENABLE_COUNT_REG_WFCIRCUIT_05 = LUT 0x1 ( CONT_EQL_04, n133 )
n135        = LUT 0x4 ( n123, EQL_04 )
n136        = LUT 0x8 ( n123, n126 )
n137        = LUT 0x4 ( EQL_04, n136 )
n138        = LUT 0x1 ( n135, n137 )
n139        = LUT 0x8 ( n123, EQL_04 )
n140        = LUT 0x4 ( n126, EQL_04 )
n141        = LUT 0x1 ( n139, n140 )
n142        = LUT 0x8 ( n126, EQL_04 )
n143        = LUT 0x1 ( n135, n136 )
n144        = LUT 0x2 ( n136, n142 )
USCITE_REG_2__WFCIRCUIT_05 = LUT 0x4 ( n123, n140 )
n146        = LUT 0x2 ( EQL_04, n133 )
n147        = LUT 0x8 ( n126, n146 )
n148        = LUT 0x1 ( n138, n141 )
ENABLE_COUNT_REG_WFCIRCUIT_06 = LUT 0x1 ( CONT_EQL_05, n148 )
n150        = LUT 0x4 ( n138, EQL_05 )
n151        = LUT 0x8 ( n138, n141 )
n152        = LUT 0x4 ( EQL_05, n151 )
n153        = LUT 0x1 ( n150, n152 )
n154        = LUT 0x8 ( n138, EQL_05 )
n155        = LUT 0x4 ( n141, EQL_05 )
n156        = LUT 0x1 ( n154, n155 )
n157        = LUT 0x8 ( n141, EQL_05 )
n158        = LUT 0x1 ( n150, n151 )
n159        = LUT 0x2 ( n151, n157 )
USCITE_REG_2__WFCIRCUIT_06 = LUT 0x4 ( n138, n155 )
n161        = LUT 0x2 ( EQL_05, n148 )
n162        = LUT 0x8 ( n141, n161 )
n163        = LUT 0x1 ( n153, n156 )
ENABLE_COUNT_REG_WFCIRCUIT_07 = LUT 0x1 ( CONT_EQL_06, n163 )
n165        = LUT 0x4 ( n153, EQL_06 )
n166        = LUT 0x8 ( n153, n156 )
n167        = LUT 0x4 ( n156, EQL_06 )
n168        = LUT 0x8 ( n156, EQL_06 )
n169        = LUT 0x1 ( n165, n166 )
n170        = LUT 0x2 ( n166, n168 )
USCITE_REG_2__WFCIRCUIT_07 = LUT 0x4 ( n153, n167 )
n172        = LUT 0x2 ( EQL_06, n163 )
n173        = LUT 0x8 ( n156, n172 )
CC_MUX_REG_2__WFCIRCUIT_00 = LUT 0x2 ( CC_MUX_REG_2__WFCIRCUIT )
CC_MUX_REG_1__WFCIRCUIT_00 = LUT 0x2 ( CC_MUX_REG_1__WFCIRCUIT )
USCITE_REG_2__WFCIRCUIT_00 = LUT 0x2 ( USCITE_REG_2__WFCIRCUIT )
USCITE_REG_1__WFCIRCUIT_00 = LUT 0x2 ( USCITE_REG_1__WFCIRCUIT )
ENABLE_COUNT_REG_WFCIRCUIT_00 = LUT 0x2 ( ENABLE_COUNT_REG_WFCIRCUIT )
ACKOUT_REG_WFCIRCUIT_00 = LUT 0x2 ( ACKOUT_REG_WFCIRCUIT )
CC_MUX_REG_2__WFCIRCUIT_01 = LUT 0x1 ( n83 )
CC_MUX_REG_1__WFCIRCUIT_01 = LUT 0x1 ( n84 )
USCITE_REG_1__WFCIRCUIT_01 = LUT 0x1 ( n87 )
ACKOUT_REG_WFCIRCUIT_01 = LUT 0x2 ( ENABLE_COUNT_REG_WFCIRCUIT_01 )
CC_MUX_REG_2__WFCIRCUIT_02 = LUT 0x1 ( n98 )
CC_MUX_REG_1__WFCIRCUIT_02 = LUT 0x1 ( n99 )
USCITE_REG_1__WFCIRCUIT_02 = LUT 0x1 ( n102 )
ACKOUT_REG_WFCIRCUIT_02 = LUT 0x2 ( ENABLE_COUNT_REG_WFCIRCUIT_02 )
CC_MUX_REG_2__WFCIRCUIT_03 = LUT 0x1 ( n113 )
CC_MUX_REG_1__WFCIRCUIT_03 = LUT 0x1 ( n114 )
USCITE_REG_1__WFCIRCUIT_03 = LUT 0x1 ( n117 )
ACKOUT_REG_WFCIRCUIT_03 = LUT 0x2 ( ENABLE_COUNT_REG_WFCIRCUIT_03 )
CC_MUX_REG_2__WFCIRCUIT_04 = LUT 0x1 ( n128 )
CC_MUX_REG_1__WFCIRCUIT_04 = LUT 0x1 ( n129 )
USCITE_REG_1__WFCIRCUIT_04 = LUT 0x1 ( n132 )
ACKOUT_REG_WFCIRCUIT_04 = LUT 0x2 ( ENABLE_COUNT_REG_WFCIRCUIT_04 )
CC_MUX_REG_2__WFCIRCUIT_05 = LUT 0x1 ( n143 )
CC_MUX_REG_1__WFCIRCUIT_05 = LUT 0x1 ( n144 )
USCITE_REG_1__WFCIRCUIT_05 = LUT 0x1 ( n147 )
ACKOUT_REG_WFCIRCUIT_05 = LUT 0x2 ( ENABLE_COUNT_REG_WFCIRCUIT_05 )
CC_MUX_REG_2__WFCIRCUIT_06 = LUT 0x1 ( n158 )
CC_MUX_REG_1__WFCIRCUIT_06 = LUT 0x1 ( n159 )
USCITE_REG_1__WFCIRCUIT_06 = LUT 0x1 ( n162 )
ACKOUT_REG_WFCIRCUIT_06 = LUT 0x2 ( ENABLE_COUNT_REG_WFCIRCUIT_06 )
CC_MUX_REG_2__WFCIRCUIT_07 = LUT 0x1 ( n169 )
CC_MUX_REG_1__WFCIRCUIT_07 = LUT 0x1 ( n170 )
USCITE_REG_1__WFCIRCUIT_07 = LUT 0x1 ( n173 )
ACKOUT_REG_WFCIRCUIT_07 = LUT 0x2 ( ENABLE_COUNT_REG_WFCIRCUIT_07 )
