# Benchmark "faults\fault_U66__false_8_frames" written by ABC on Tue Dec 06 01:11:22 2011
INPUT(ACKOUT_REG_WFCIRCUIT)
INPUT(STATE_REG_2__WFCIRCUIT)
INPUT(STATE_REG_1__WFCIRCUIT)
INPUT(STATE_REG_0__WFCIRCUIT)
INPUT(CC_MUX_REG_2__WFCIRCUIT)
INPUT(CC_MUX_REG_1__WFCIRCUIT)
INPUT(USCITE_REG_2__WFCIRCUIT)
INPUT(USCITE_REG_1__WFCIRCUIT)
INPUT(ENABLE_COUNT_REG_WFCIRCUIT)
INPUT(EQL_00)
INPUT(CONT_EQL_00)
INPUT(EQL_01)
INPUT(CONT_EQL_01)
INPUT(EQL_02)
INPUT(CONT_EQL_02)
INPUT(EQL_03)
INPUT(CONT_EQL_03)
INPUT(EQL_04)
INPUT(CONT_EQL_04)
INPUT(EQL_05)
INPUT(CONT_EQL_05)
INPUT(EQL_06)
INPUT(CONT_EQL_06)
INPUT(EQL_07)
INPUT(CONT_EQL_07)
OUTPUT(CC_MUX_REG_2__WFCIRCUIT_00)
OUTPUT(CC_MUX_REG_1__WFCIRCUIT_00)
OUTPUT(USCITE_REG_2__WFCIRCUIT_00)
OUTPUT(USCITE_REG_1__WFCIRCUIT_00)
OUTPUT(ENABLE_COUNT_REG_WFCIRCUIT_00)
OUTPUT(ACKOUT_REG_WFCIRCUIT_00)
OUTPUT(CC_MUX_REG_2__WFCIRCUIT_01)
OUTPUT(CC_MUX_REG_1__WFCIRCUIT_01)
OUTPUT(USCITE_REG_2__WFCIRCUIT_01)
OUTPUT(USCITE_REG_1__WFCIRCUIT_01)
OUTPUT(ENABLE_COUNT_REG_WFCIRCUIT_01)
OUTPUT(ACKOUT_REG_WFCIRCUIT_01)
OUTPUT(CC_MUX_REG_2__WFCIRCUIT_02)
OUTPUT(CC_MUX_REG_1__WFCIRCUIT_02)
OUTPUT(USCITE_REG_2__WFCIRCUIT_02)
OUTPUT(USCITE_REG_1__WFCIRCUIT_02)
OUTPUT(ENABLE_COUNT_REG_WFCIRCUIT_02)
OUTPUT(ACKOUT_REG_WFCIRCUIT_02)
OUTPUT(CC_MUX_REG_2__WFCIRCUIT_03)
OUTPUT(CC_MUX_REG_1__WFCIRCUIT_03)
OUTPUT(USCITE_REG_2__WFCIRCUIT_03)
OUTPUT(USCITE_REG_1__WFCIRCUIT_03)
OUTPUT(ENABLE_COUNT_REG_WFCIRCUIT_03)
OUTPUT(ACKOUT_REG_WFCIRCUIT_03)
OUTPUT(CC_MUX_REG_2__WFCIRCUIT_04)
OUTPUT(CC_MUX_REG_1__WFCIRCUIT_04)
OUTPUT(USCITE_REG_2__WFCIRCUIT_04)
OUTPUT(USCITE_REG_1__WFCIRCUIT_04)
OUTPUT(ENABLE_COUNT_REG_WFCIRCUIT_04)
OUTPUT(ACKOUT_REG_WFCIRCUIT_04)
OUTPUT(CC_MUX_REG_2__WFCIRCUIT_05)
OUTPUT(CC_MUX_REG_1__WFCIRCUIT_05)
OUTPUT(USCITE_REG_2__WFCIRCUIT_05)
OUTPUT(USCITE_REG_1__WFCIRCUIT_05)
OUTPUT(ENABLE_COUNT_REG_WFCIRCUIT_05)
OUTPUT(ACKOUT_REG_WFCIRCUIT_05)
OUTPUT(CC_MUX_REG_2__WFCIRCUIT_06)
OUTPUT(CC_MUX_REG_1__WFCIRCUIT_06)
OUTPUT(USCITE_REG_2__WFCIRCUIT_06)
OUTPUT(USCITE_REG_1__WFCIRCUIT_06)
OUTPUT(ENABLE_COUNT_REG_WFCIRCUIT_06)
OUTPUT(ACKOUT_REG_WFCIRCUIT_06)
OUTPUT(CC_MUX_REG_2__WFCIRCUIT_07)
OUTPUT(CC_MUX_REG_1__WFCIRCUIT_07)
OUTPUT(USCITE_REG_2__WFCIRCUIT_07)
OUTPUT(USCITE_REG_1__WFCIRCUIT_07)
OUTPUT(ENABLE_COUNT_REG_WFCIRCUIT_07)
OUTPUT(ACKOUT_REG_WFCIRCUIT_07)
n73         = LUT 0x8 ( STATE_REG_2__WFCIRCUIT, STATE_REG_1__WFCIRCUIT )
n74         = LUT 0x8 ( STATE_REG_0__WFCIRCUIT, n73 )
n75         = LUT 0x1 ( CONT_EQL_00, n74 )
n76         = LUT 0x1 ( STATE_REG_2__WFCIRCUIT, STATE_REG_0__WFCIRCUIT )
n77         = LUT 0x2 ( STATE_REG_1__WFCIRCUIT, EQL_00 )
n78         = LUT 0x8 ( n76, n77 )
n79         = LUT 0x1 ( n75, n78 )
n80         = LUT 0x1 ( STATE_REG_1__WFCIRCUIT, STATE_REG_0__WFCIRCUIT )
n81         = LUT 0x1 ( EQL_00, n80 )
n82         = LUT 0x2 ( STATE_REG_2__WFCIRCUIT, n81 )
n83         = LUT 0x1 ( STATE_REG_2__WFCIRCUIT, STATE_REG_1__WFCIRCUIT )
n84         = LUT 0x8 ( STATE_REG_0__WFCIRCUIT, n83 )
n85         = LUT 0x4 ( EQL_00, n84 )
n86         = LUT 0x1 ( n82, n85 )
n87         = LUT 0x8 ( STATE_REG_1__WFCIRCUIT, n76 )
n88         = LUT 0x4 ( STATE_REG_2__WFCIRCUIT, EQL_00 )
n89         = LUT 0x8 ( STATE_REG_0__WFCIRCUIT, n88 )
n90         = LUT 0x2 ( STATE_REG_2__WFCIRCUIT, STATE_REG_0__WFCIRCUIT )
n91         = LUT 0x4 ( STATE_REG_1__WFCIRCUIT, n90 )
USCITE_REG_2__WFCIRCUIT_01 = LUT 0x4 ( EQL_00, n91 )
n93         = LUT 0x1 ( n87, n89 )
n94         = LUT 0x4 ( USCITE_REG_2__WFCIRCUIT_01, n93 )
n95         = LUT 0x8 ( STATE_REG_1__WFCIRCUIT, STATE_REG_0__WFCIRCUIT )
n96         = LUT 0x4 ( STATE_REG_1__WFCIRCUIT, n76 )
n97         = LUT 0x1 ( n95, n96 )
n98         = LUT 0x4 ( n81, n97 )
n99         = LUT 0x1 ( n82, n84 )
n100        = LUT 0x8 ( STATE_REG_2__WFCIRCUIT, STATE_REG_0__WFCIRCUIT )
n101        = LUT 0x4 ( STATE_REG_0__WFCIRCUIT, EQL_00 )
n102        = LUT 0x2 ( STATE_REG_1__WFCIRCUIT, n101 )
n103        = LUT 0x4 ( STATE_REG_1__WFCIRCUIT, EQL_00 )
n104        = LUT 0x1 ( n76, n100 )
n105        = LUT 0x4 ( n102, n104 )
n106        = LUT 0x4 ( n103, n105 )
n107        = LUT 0x2 ( EQL_00, n73 )
n108        = LUT 0x8 ( n97, n107 )
n109        = LUT 0x1 ( n86, n94 )
n110        = LUT 0x4 ( n98, n109 )
n111        = LUT 0x1 ( CONT_EQL_01, n110 )
n112        = LUT 0x8 ( n86, n98 )
n113        = LUT 0x1 ( n94, EQL_01 )
n114        = LUT 0x8 ( n112, n113 )
n115        = LUT 0x1 ( n111, n114 )
n116        = LUT 0x8 ( n94, n98 )
n117        = LUT 0x1 ( EQL_01, n116 )
n118        = LUT 0x1 ( n86, n117 )
n119        = LUT 0x8 ( n86, n94 )
n120        = LUT 0x4 ( n98, n119 )
n121        = LUT 0x4 ( EQL_01, n120 )
n122        = LUT 0x1 ( n118, n121 )
n123        = LUT 0x4 ( n94, n112 )
n124        = LUT 0x8 ( n86, EQL_01 )
n125        = LUT 0x4 ( n98, n124 )
n126        = LUT 0x4 ( n86, n98 )
n127        = LUT 0x8 ( n94, n126 )
USCITE_REG_2__WFCIRCUIT_02 = LUT 0x4 ( EQL_01, n127 )
n129        = LUT 0x1 ( n123, n125 )
n130        = LUT 0x4 ( USCITE_REG_2__WFCIRCUIT_02, n129 )
n131        = LUT 0x1 ( n94, n98 )
n132        = LUT 0x8 ( n94, n112 )
n133        = LUT 0x1 ( n131, n132 )
n134        = LUT 0x4 ( n117, n133 )
n135        = LUT 0x1 ( n118, n120 )
n136        = LUT 0x1 ( n86, n98 )
n137        = LUT 0x8 ( n98, EQL_01 )
n138        = LUT 0x1 ( n94, n137 )
n139        = LUT 0x8 ( n94, EQL_01 )
n140        = LUT 0x1 ( n112, n136 )
n141        = LUT 0x4 ( n138, n140 )
n142        = LUT 0x4 ( n139, n141 )
n143        = LUT 0x2 ( EQL_01, n109 )
n144        = LUT 0x8 ( n133, n143 )
n145        = LUT 0x1 ( n122, n130 )
n146        = LUT 0x4 ( n134, n145 )
n147        = LUT 0x1 ( CONT_EQL_02, n146 )
n148        = LUT 0x8 ( n122, n134 )
n149        = LUT 0x1 ( n130, EQL_02 )
n150        = LUT 0x8 ( n148, n149 )
n151        = LUT 0x1 ( n147, n150 )
n152        = LUT 0x8 ( n130, n134 )
n153        = LUT 0x1 ( EQL_02, n152 )
n154        = LUT 0x1 ( n122, n153 )
n155        = LUT 0x8 ( n122, n130 )
n156        = LUT 0x4 ( n134, n155 )
n157        = LUT 0x4 ( EQL_02, n156 )
n158        = LUT 0x1 ( n154, n157 )
n159        = LUT 0x4 ( n130, n148 )
n160        = LUT 0x8 ( n122, EQL_02 )
n161        = LUT 0x4 ( n134, n160 )
n162        = LUT 0x4 ( n122, n134 )
n163        = LUT 0x8 ( n130, n162 )
USCITE_REG_2__WFCIRCUIT_03 = LUT 0x4 ( EQL_02, n163 )
n165        = LUT 0x1 ( n159, n161 )
n166        = LUT 0x4 ( USCITE_REG_2__WFCIRCUIT_03, n165 )
n167        = LUT 0x1 ( n130, n134 )
n168        = LUT 0x8 ( n130, n148 )
n169        = LUT 0x1 ( n167, n168 )
n170        = LUT 0x4 ( n153, n169 )
n171        = LUT 0x1 ( n154, n156 )
n172        = LUT 0x1 ( n122, n134 )
n173        = LUT 0x8 ( n134, EQL_02 )
n174        = LUT 0x1 ( n130, n173 )
n175        = LUT 0x8 ( n130, EQL_02 )
n176        = LUT 0x1 ( n148, n172 )
n177        = LUT 0x4 ( n174, n176 )
n178        = LUT 0x4 ( n175, n177 )
n179        = LUT 0x2 ( EQL_02, n145 )
n180        = LUT 0x8 ( n169, n179 )
n181        = LUT 0x1 ( n158, n166 )
n182        = LUT 0x4 ( n170, n181 )
n183        = LUT 0x1 ( CONT_EQL_03, n182 )
n184        = LUT 0x8 ( n158, n170 )
n185        = LUT 0x1 ( n166, EQL_03 )
n186        = LUT 0x8 ( n184, n185 )
n187        = LUT 0x1 ( n183, n186 )
n188        = LUT 0x8 ( n166, n170 )
n189        = LUT 0x1 ( EQL_03, n188 )
n190        = LUT 0x1 ( n158, n189 )
n191        = LUT 0x8 ( n158, n166 )
n192        = LUT 0x4 ( n170, n191 )
n193        = LUT 0x4 ( EQL_03, n192 )
n194        = LUT 0x1 ( n190, n193 )
n195        = LUT 0x4 ( n166, n184 )
n196        = LUT 0x8 ( n158, EQL_03 )
n197        = LUT 0x4 ( n170, n196 )
n198        = LUT 0x4 ( n158, n170 )
n199        = LUT 0x8 ( n166, n198 )
USCITE_REG_2__WFCIRCUIT_04 = LUT 0x4 ( EQL_03, n199 )
n201        = LUT 0x1 ( n195, n197 )
n202        = LUT 0x4 ( USCITE_REG_2__WFCIRCUIT_04, n201 )
n203        = LUT 0x1 ( n166, n170 )
n204        = LUT 0x8 ( n166, n184 )
n205        = LUT 0x1 ( n203, n204 )
n206        = LUT 0x4 ( n189, n205 )
n207        = LUT 0x1 ( n190, n192 )
n208        = LUT 0x1 ( n158, n170 )
n209        = LUT 0x8 ( n170, EQL_03 )
n210        = LUT 0x1 ( n166, n209 )
n211        = LUT 0x8 ( n166, EQL_03 )
n212        = LUT 0x1 ( n184, n208 )
n213        = LUT 0x4 ( n210, n212 )
n214        = LUT 0x4 ( n211, n213 )
n215        = LUT 0x2 ( EQL_03, n181 )
n216        = LUT 0x8 ( n205, n215 )
n217        = LUT 0x1 ( n194, n202 )
n218        = LUT 0x4 ( n206, n217 )
n219        = LUT 0x1 ( CONT_EQL_04, n218 )
n220        = LUT 0x8 ( n194, n206 )
n221        = LUT 0x1 ( n202, EQL_04 )
n222        = LUT 0x8 ( n220, n221 )
n223        = LUT 0x1 ( n219, n222 )
n224        = LUT 0x8 ( n202, n206 )
n225        = LUT 0x1 ( EQL_04, n224 )
n226        = LUT 0x1 ( n194, n225 )
n227        = LUT 0x8 ( n194, n202 )
n228        = LUT 0x4 ( n206, n227 )
n229        = LUT 0x4 ( EQL_04, n228 )
n230        = LUT 0x1 ( n226, n229 )
n231        = LUT 0x4 ( n202, n220 )
n232        = LUT 0x8 ( n194, EQL_04 )
n233        = LUT 0x4 ( n206, n232 )
n234        = LUT 0x4 ( n194, n206 )
n235        = LUT 0x8 ( n202, n234 )
USCITE_REG_2__WFCIRCUIT_05 = LUT 0x4 ( EQL_04, n235 )
n237        = LUT 0x1 ( n231, n233 )
n238        = LUT 0x4 ( USCITE_REG_2__WFCIRCUIT_05, n237 )
n239        = LUT 0x1 ( n202, n206 )
n240        = LUT 0x8 ( n202, n220 )
n241        = LUT 0x1 ( n239, n240 )
n242        = LUT 0x4 ( n225, n241 )
n243        = LUT 0x1 ( n226, n228 )
n244        = LUT 0x1 ( n194, n206 )
n245        = LUT 0x8 ( n206, EQL_04 )
n246        = LUT 0x1 ( n202, n245 )
n247        = LUT 0x8 ( n202, EQL_04 )
n248        = LUT 0x1 ( n220, n244 )
n249        = LUT 0x4 ( n246, n248 )
n250        = LUT 0x4 ( n247, n249 )
n251        = LUT 0x2 ( EQL_04, n217 )
n252        = LUT 0x8 ( n241, n251 )
n253        = LUT 0x1 ( n230, n238 )
n254        = LUT 0x4 ( n242, n253 )
n255        = LUT 0x1 ( CONT_EQL_05, n254 )
n256        = LUT 0x8 ( n230, n242 )
n257        = LUT 0x1 ( n238, EQL_05 )
n258        = LUT 0x8 ( n256, n257 )
n259        = LUT 0x1 ( n255, n258 )
n260        = LUT 0x8 ( n238, n242 )
n261        = LUT 0x1 ( EQL_05, n260 )
n262        = LUT 0x1 ( n230, n261 )
n263        = LUT 0x8 ( n230, n238 )
n264        = LUT 0x4 ( n242, n263 )
n265        = LUT 0x4 ( EQL_05, n264 )
n266        = LUT 0x1 ( n262, n265 )
n267        = LUT 0x4 ( n238, n256 )
n268        = LUT 0x8 ( n230, EQL_05 )
n269        = LUT 0x4 ( n242, n268 )
n270        = LUT 0x4 ( n230, n242 )
n271        = LUT 0x8 ( n238, n270 )
USCITE_REG_2__WFCIRCUIT_06 = LUT 0x4 ( EQL_05, n271 )
n273        = LUT 0x1 ( n267, n269 )
n274        = LUT 0x4 ( USCITE_REG_2__WFCIRCUIT_06, n273 )
n275        = LUT 0x1 ( n238, n242 )
n276        = LUT 0x8 ( n238, n256 )
n277        = LUT 0x1 ( n275, n276 )
n278        = LUT 0x4 ( n261, n277 )
n279        = LUT 0x1 ( n262, n264 )
n280        = LUT 0x1 ( n230, n242 )
n281        = LUT 0x8 ( n242, EQL_05 )
n282        = LUT 0x1 ( n238, n281 )
n283        = LUT 0x8 ( n238, EQL_05 )
n284        = LUT 0x1 ( n256, n280 )
n285        = LUT 0x4 ( n282, n284 )
n286        = LUT 0x4 ( n283, n285 )
n287        = LUT 0x2 ( EQL_05, n253 )
n288        = LUT 0x8 ( n277, n287 )
n289        = LUT 0x1 ( n266, n274 )
n290        = LUT 0x4 ( n278, n289 )
n291        = LUT 0x1 ( CONT_EQL_06, n290 )
n292        = LUT 0x8 ( n266, n278 )
n293        = LUT 0x1 ( n274, EQL_06 )
n294        = LUT 0x8 ( n292, n293 )
n295        = LUT 0x1 ( n291, n294 )
n296        = LUT 0x8 ( n274, n278 )
n297        = LUT 0x1 ( EQL_06, n296 )
n298        = LUT 0x1 ( n266, n297 )
n299        = LUT 0x8 ( n266, n274 )
n300        = LUT 0x4 ( n278, n299 )
n301        = LUT 0x4 ( n266, n278 )
n302        = LUT 0x8 ( n274, n301 )
USCITE_REG_2__WFCIRCUIT_07 = LUT 0x4 ( EQL_06, n302 )
n304        = LUT 0x1 ( n274, n278 )
n305        = LUT 0x8 ( n274, n292 )
n306        = LUT 0x1 ( n304, n305 )
n307        = LUT 0x1 ( n298, n300 )
n308        = LUT 0x1 ( n266, n278 )
n309        = LUT 0x8 ( n278, EQL_06 )
n310        = LUT 0x1 ( n274, n309 )
n311        = LUT 0x8 ( n274, EQL_06 )
n312        = LUT 0x1 ( n292, n308 )
n313        = LUT 0x4 ( n310, n312 )
n314        = LUT 0x4 ( n311, n313 )
n315        = LUT 0x2 ( EQL_06, n289 )
n316        = LUT 0x8 ( n306, n315 )
CC_MUX_REG_2__WFCIRCUIT_00 = LUT 0x2 ( CC_MUX_REG_2__WFCIRCUIT )
CC_MUX_REG_1__WFCIRCUIT_00 = LUT 0x2 ( CC_MUX_REG_1__WFCIRCUIT )
USCITE_REG_2__WFCIRCUIT_00 = LUT 0x2 ( USCITE_REG_2__WFCIRCUIT )
USCITE_REG_1__WFCIRCUIT_00 = LUT 0x2 ( USCITE_REG_1__WFCIRCUIT )
ENABLE_COUNT_REG_WFCIRCUIT_00 = LUT 0x2 ( ENABLE_COUNT_REG_WFCIRCUIT )
ACKOUT_REG_WFCIRCUIT_00 = LUT 0x2 ( ACKOUT_REG_WFCIRCUIT )
CC_MUX_REG_2__WFCIRCUIT_01 = LUT 0x1 ( n99 )
CC_MUX_REG_1__WFCIRCUIT_01 = LUT 0x1 ( n106 )
USCITE_REG_1__WFCIRCUIT_01 = LUT 0x1 ( n108 )
ENABLE_COUNT_REG_WFCIRCUIT_01 = LUT 0x1 ( n79 )
ACKOUT_REG_WFCIRCUIT_01 = LUT 0x1 ( n79 )
CC_MUX_REG_2__WFCIRCUIT_02 = LUT 0x1 ( n135 )
CC_MUX_REG_1__WFCIRCUIT_02 = LUT 0x1 ( n142 )
USCITE_REG_1__WFCIRCUIT_02 = LUT 0x1 ( n144 )
ENABLE_COUNT_REG_WFCIRCUIT_02 = LUT 0x1 ( n115 )
ACKOUT_REG_WFCIRCUIT_02 = LUT 0x1 ( n115 )
CC_MUX_REG_2__WFCIRCUIT_03 = LUT 0x1 ( n171 )
CC_MUX_REG_1__WFCIRCUIT_03 = LUT 0x1 ( n178 )
USCITE_REG_1__WFCIRCUIT_03 = LUT 0x1 ( n180 )
ENABLE_COUNT_REG_WFCIRCUIT_03 = LUT 0x1 ( n151 )
ACKOUT_REG_WFCIRCUIT_03 = LUT 0x1 ( n151 )
CC_MUX_REG_2__WFCIRCUIT_04 = LUT 0x1 ( n207 )
CC_MUX_REG_1__WFCIRCUIT_04 = LUT 0x1 ( n214 )
USCITE_REG_1__WFCIRCUIT_04 = LUT 0x1 ( n216 )
ENABLE_COUNT_REG_WFCIRCUIT_04 = LUT 0x1 ( n187 )
ACKOUT_REG_WFCIRCUIT_04 = LUT 0x1 ( n187 )
CC_MUX_REG_2__WFCIRCUIT_05 = LUT 0x1 ( n243 )
CC_MUX_REG_1__WFCIRCUIT_05 = LUT 0x1 ( n250 )
USCITE_REG_1__WFCIRCUIT_05 = LUT 0x1 ( n252 )
ENABLE_COUNT_REG_WFCIRCUIT_05 = LUT 0x1 ( n223 )
ACKOUT_REG_WFCIRCUIT_05 = LUT 0x1 ( n223 )
CC_MUX_REG_2__WFCIRCUIT_06 = LUT 0x1 ( n279 )
CC_MUX_REG_1__WFCIRCUIT_06 = LUT 0x1 ( n286 )
USCITE_REG_1__WFCIRCUIT_06 = LUT 0x1 ( n288 )
ENABLE_COUNT_REG_WFCIRCUIT_06 = LUT 0x1 ( n259 )
ACKOUT_REG_WFCIRCUIT_06 = LUT 0x1 ( n259 )
CC_MUX_REG_2__WFCIRCUIT_07 = LUT 0x1 ( n307 )
CC_MUX_REG_1__WFCIRCUIT_07 = LUT 0x1 ( n314 )
USCITE_REG_1__WFCIRCUIT_07 = LUT 0x1 ( n316 )
ENABLE_COUNT_REG_WFCIRCUIT_07 = LUT 0x1 ( n295 )
ACKOUT_REG_WFCIRCUIT_07 = LUT 0x1 ( n295 )
