# Benchmark "faults\fault_U64__false_8_frames" written by ABC on Tue Dec 06 01:11:17 2011
INPUT(ACKOUT_REG_WFCIRCUIT)
INPUT(STATE_REG_2__WFCIRCUIT)
INPUT(STATE_REG_1__WFCIRCUIT)
INPUT(STATE_REG_0__WFCIRCUIT)
INPUT(CC_MUX_REG_2__WFCIRCUIT)
INPUT(CC_MUX_REG_1__WFCIRCUIT)
INPUT(USCITE_REG_2__WFCIRCUIT)
INPUT(USCITE_REG_1__WFCIRCUIT)
INPUT(ENABLE_COUNT_REG_WFCIRCUIT)
INPUT(EQL_00)
INPUT(CONT_EQL_00)
INPUT(EQL_01)
INPUT(CONT_EQL_01)
INPUT(EQL_02)
INPUT(CONT_EQL_02)
INPUT(EQL_03)
INPUT(CONT_EQL_03)
INPUT(EQL_04)
INPUT(CONT_EQL_04)
INPUT(EQL_05)
INPUT(CONT_EQL_05)
INPUT(EQL_06)
INPUT(CONT_EQL_06)
INPUT(EQL_07)
INPUT(CONT_EQL_07)
OUTPUT(CC_MUX_REG_2__WFCIRCUIT_00)
OUTPUT(CC_MUX_REG_1__WFCIRCUIT_00)
OUTPUT(USCITE_REG_2__WFCIRCUIT_00)
OUTPUT(USCITE_REG_1__WFCIRCUIT_00)
OUTPUT(ENABLE_COUNT_REG_WFCIRCUIT_00)
OUTPUT(ACKOUT_REG_WFCIRCUIT_00)
OUTPUT(CC_MUX_REG_2__WFCIRCUIT_01)
OUTPUT(CC_MUX_REG_1__WFCIRCUIT_01)
OUTPUT(USCITE_REG_2__WFCIRCUIT_01)
OUTPUT(USCITE_REG_1__WFCIRCUIT_01)
OUTPUT(ENABLE_COUNT_REG_WFCIRCUIT_01)
OUTPUT(ACKOUT_REG_WFCIRCUIT_01)
OUTPUT(CC_MUX_REG_2__WFCIRCUIT_02)
OUTPUT(CC_MUX_REG_1__WFCIRCUIT_02)
OUTPUT(USCITE_REG_2__WFCIRCUIT_02)
OUTPUT(USCITE_REG_1__WFCIRCUIT_02)
OUTPUT(ENABLE_COUNT_REG_WFCIRCUIT_02)
OUTPUT(ACKOUT_REG_WFCIRCUIT_02)
OUTPUT(CC_MUX_REG_2__WFCIRCUIT_03)
OUTPUT(CC_MUX_REG_1__WFCIRCUIT_03)
OUTPUT(USCITE_REG_2__WFCIRCUIT_03)
OUTPUT(USCITE_REG_1__WFCIRCUIT_03)
OUTPUT(ENABLE_COUNT_REG_WFCIRCUIT_03)
OUTPUT(ACKOUT_REG_WFCIRCUIT_03)
OUTPUT(CC_MUX_REG_2__WFCIRCUIT_04)
OUTPUT(CC_MUX_REG_1__WFCIRCUIT_04)
OUTPUT(USCITE_REG_2__WFCIRCUIT_04)
OUTPUT(USCITE_REG_1__WFCIRCUIT_04)
OUTPUT(ENABLE_COUNT_REG_WFCIRCUIT_04)
OUTPUT(ACKOUT_REG_WFCIRCUIT_04)
OUTPUT(CC_MUX_REG_2__WFCIRCUIT_05)
OUTPUT(CC_MUX_REG_1__WFCIRCUIT_05)
OUTPUT(USCITE_REG_2__WFCIRCUIT_05)
OUTPUT(USCITE_REG_1__WFCIRCUIT_05)
OUTPUT(ENABLE_COUNT_REG_WFCIRCUIT_05)
OUTPUT(ACKOUT_REG_WFCIRCUIT_05)
OUTPUT(CC_MUX_REG_2__WFCIRCUIT_06)
OUTPUT(CC_MUX_REG_1__WFCIRCUIT_06)
OUTPUT(USCITE_REG_2__WFCIRCUIT_06)
OUTPUT(USCITE_REG_1__WFCIRCUIT_06)
OUTPUT(ENABLE_COUNT_REG_WFCIRCUIT_06)
OUTPUT(ACKOUT_REG_WFCIRCUIT_06)
OUTPUT(CC_MUX_REG_2__WFCIRCUIT_07)
OUTPUT(CC_MUX_REG_1__WFCIRCUIT_07)
OUTPUT(USCITE_REG_2__WFCIRCUIT_07)
OUTPUT(USCITE_REG_1__WFCIRCUIT_07)
OUTPUT(ENABLE_COUNT_REG_WFCIRCUIT_07)
OUTPUT(ACKOUT_REG_WFCIRCUIT_07)
n73         = LUT 0x8 ( STATE_REG_2__WFCIRCUIT, STATE_REG_1__WFCIRCUIT )
n74         = LUT 0x8 ( STATE_REG_0__WFCIRCUIT, n73 )
n75         = LUT 0x1 ( CONT_EQL_00, n74 )
n76         = LUT 0x1 ( STATE_REG_2__WFCIRCUIT, STATE_REG_0__WFCIRCUIT )
n77         = LUT 0x2 ( STATE_REG_1__WFCIRCUIT, EQL_00 )
n78         = LUT 0x8 ( n76, n77 )
n79         = LUT 0x1 ( n75, n78 )
n80         = LUT 0x1 ( STATE_REG_1__WFCIRCUIT, STATE_REG_0__WFCIRCUIT )
n81         = LUT 0x1 ( EQL_00, n80 )
n82         = LUT 0x2 ( STATE_REG_2__WFCIRCUIT, n81 )
n83         = LUT 0x4 ( STATE_REG_2__WFCIRCUIT, STATE_REG_0__WFCIRCUIT )
n84         = LUT 0x4 ( EQL_00, n83 )
n85         = LUT 0x1 ( n82, n84 )
n86         = LUT 0x8 ( STATE_REG_1__WFCIRCUIT, n76 )
n87         = LUT 0x4 ( STATE_REG_2__WFCIRCUIT, EQL_00 )
n88         = LUT 0x8 ( STATE_REG_0__WFCIRCUIT, n87 )
n89         = LUT 0x2 ( STATE_REG_2__WFCIRCUIT, STATE_REG_0__WFCIRCUIT )
n90         = LUT 0x4 ( EQL_00, n89 )
n91         = LUT 0x8 ( STATE_REG_1__WFCIRCUIT, EQL_00 )
n92         = LUT 0x1 ( n86, n88 )
n93         = LUT 0x4 ( n90, n92 )
n94         = LUT 0x4 ( n91, n93 )
n95         = LUT 0x8 ( STATE_REG_1__WFCIRCUIT, STATE_REG_0__WFCIRCUIT )
n96         = LUT 0x1 ( n76, n95 )
n97         = LUT 0x4 ( n81, n96 )
n98         = LUT 0x4 ( STATE_REG_0__WFCIRCUIT, n91 )
n99         = LUT 0x1 ( n82, n83 )
n100        = LUT 0x4 ( n98, n99 )
n101        = LUT 0x8 ( STATE_REG_2__WFCIRCUIT, STATE_REG_0__WFCIRCUIT )
n102        = LUT 0x4 ( STATE_REG_0__WFCIRCUIT, EQL_00 )
n103        = LUT 0x2 ( STATE_REG_1__WFCIRCUIT, n102 )
n104        = LUT 0x1 ( n76, n101 )
n105        = LUT 0x4 ( n103, n104 )
n106        = LUT 0x4 ( EQL_00, n105 )
n107        = LUT 0x8 ( STATE_REG_2__WFCIRCUIT, n91 )
n108        = LUT 0x1 ( n90, n107 )
n109        = LUT 0x2 ( EQL_00, n73 )
n110        = LUT 0x8 ( n96, n109 )
n111        = LUT 0x1 ( n85, n94 )
n112        = LUT 0x4 ( n97, n111 )
n113        = LUT 0x1 ( CONT_EQL_01, n112 )
n114        = LUT 0x8 ( n85, n97 )
n115        = LUT 0x1 ( n94, EQL_01 )
n116        = LUT 0x8 ( n114, n115 )
n117        = LUT 0x1 ( n113, n116 )
n118        = LUT 0x8 ( n94, n97 )
n119        = LUT 0x1 ( EQL_01, n118 )
n120        = LUT 0x1 ( n85, n119 )
n121        = LUT 0x2 ( n85, n97 )
n122        = LUT 0x4 ( EQL_01, n121 )
n123        = LUT 0x1 ( n120, n122 )
n124        = LUT 0x4 ( n94, n114 )
n125        = LUT 0x8 ( n85, EQL_01 )
n126        = LUT 0x4 ( n97, n125 )
n127        = LUT 0x4 ( n85, n97 )
n128        = LUT 0x4 ( EQL_01, n127 )
n129        = LUT 0x4 ( n94, EQL_01 )
n130        = LUT 0x1 ( n124, n126 )
n131        = LUT 0x4 ( n128, n130 )
n132        = LUT 0x4 ( n129, n131 )
n133        = LUT 0x1 ( n94, n97 )
n134        = LUT 0x1 ( n114, n133 )
n135        = LUT 0x4 ( n119, n134 )
n136        = LUT 0x8 ( n97, n129 )
n137        = LUT 0x1 ( n120, n121 )
n138        = LUT 0x4 ( n136, n137 )
n139        = LUT 0x1 ( n85, n97 )
n140        = LUT 0x8 ( n97, EQL_01 )
n141        = LUT 0x1 ( n94, n140 )
n142        = LUT 0x1 ( n114, n139 )
n143        = LUT 0x4 ( n141, n142 )
n144        = LUT 0x4 ( EQL_01, n143 )
n145        = LUT 0x4 ( n85, n129 )
n146        = LUT 0x1 ( n128, n145 )
n147        = LUT 0x2 ( EQL_01, n111 )
n148        = LUT 0x8 ( n134, n147 )
n149        = LUT 0x1 ( n123, n132 )
n150        = LUT 0x4 ( n135, n149 )
n151        = LUT 0x1 ( CONT_EQL_02, n150 )
n152        = LUT 0x8 ( n123, n135 )
n153        = LUT 0x1 ( n132, EQL_02 )
n154        = LUT 0x8 ( n152, n153 )
n155        = LUT 0x1 ( n151, n154 )
n156        = LUT 0x8 ( n132, n135 )
n157        = LUT 0x1 ( EQL_02, n156 )
n158        = LUT 0x1 ( n123, n157 )
n159        = LUT 0x2 ( n123, n135 )
n160        = LUT 0x4 ( EQL_02, n159 )
n161        = LUT 0x1 ( n158, n160 )
n162        = LUT 0x4 ( n132, n152 )
n163        = LUT 0x8 ( n123, EQL_02 )
n164        = LUT 0x4 ( n135, n163 )
n165        = LUT 0x4 ( n123, n135 )
n166        = LUT 0x4 ( EQL_02, n165 )
n167        = LUT 0x4 ( n132, EQL_02 )
n168        = LUT 0x1 ( n162, n164 )
n169        = LUT 0x4 ( n166, n168 )
n170        = LUT 0x4 ( n167, n169 )
n171        = LUT 0x1 ( n132, n135 )
n172        = LUT 0x1 ( n152, n171 )
n173        = LUT 0x4 ( n157, n172 )
n174        = LUT 0x8 ( n135, n167 )
n175        = LUT 0x1 ( n158, n159 )
n176        = LUT 0x4 ( n174, n175 )
n177        = LUT 0x1 ( n123, n135 )
n178        = LUT 0x8 ( n135, EQL_02 )
n179        = LUT 0x1 ( n132, n178 )
n180        = LUT 0x1 ( n152, n177 )
n181        = LUT 0x4 ( n179, n180 )
n182        = LUT 0x4 ( EQL_02, n181 )
n183        = LUT 0x4 ( n123, n167 )
n184        = LUT 0x1 ( n166, n183 )
n185        = LUT 0x2 ( EQL_02, n149 )
n186        = LUT 0x8 ( n172, n185 )
n187        = LUT 0x1 ( n161, n170 )
n188        = LUT 0x4 ( n173, n187 )
n189        = LUT 0x1 ( CONT_EQL_03, n188 )
n190        = LUT 0x8 ( n161, n173 )
n191        = LUT 0x1 ( n170, EQL_03 )
n192        = LUT 0x8 ( n190, n191 )
n193        = LUT 0x1 ( n189, n192 )
n194        = LUT 0x8 ( n170, n173 )
n195        = LUT 0x1 ( EQL_03, n194 )
n196        = LUT 0x1 ( n161, n195 )
n197        = LUT 0x2 ( n161, n173 )
n198        = LUT 0x4 ( EQL_03, n197 )
n199        = LUT 0x1 ( n196, n198 )
n200        = LUT 0x4 ( n170, n190 )
n201        = LUT 0x8 ( n161, EQL_03 )
n202        = LUT 0x4 ( n173, n201 )
n203        = LUT 0x4 ( n161, n173 )
n204        = LUT 0x4 ( EQL_03, n203 )
n205        = LUT 0x4 ( n170, EQL_03 )
n206        = LUT 0x1 ( n200, n202 )
n207        = LUT 0x4 ( n204, n206 )
n208        = LUT 0x4 ( n205, n207 )
n209        = LUT 0x1 ( n170, n173 )
n210        = LUT 0x1 ( n190, n209 )
n211        = LUT 0x4 ( n195, n210 )
n212        = LUT 0x8 ( n173, n205 )
n213        = LUT 0x1 ( n196, n197 )
n214        = LUT 0x4 ( n212, n213 )
n215        = LUT 0x1 ( n161, n173 )
n216        = LUT 0x8 ( n173, EQL_03 )
n217        = LUT 0x1 ( n170, n216 )
n218        = LUT 0x1 ( n190, n215 )
n219        = LUT 0x4 ( n217, n218 )
n220        = LUT 0x4 ( EQL_03, n219 )
n221        = LUT 0x4 ( n161, n205 )
n222        = LUT 0x1 ( n204, n221 )
n223        = LUT 0x2 ( EQL_03, n187 )
n224        = LUT 0x8 ( n210, n223 )
n225        = LUT 0x1 ( n199, n208 )
n226        = LUT 0x4 ( n211, n225 )
n227        = LUT 0x1 ( CONT_EQL_04, n226 )
n228        = LUT 0x8 ( n199, n211 )
n229        = LUT 0x1 ( n208, EQL_04 )
n230        = LUT 0x8 ( n228, n229 )
n231        = LUT 0x1 ( n227, n230 )
n232        = LUT 0x8 ( n208, n211 )
n233        = LUT 0x1 ( EQL_04, n232 )
n234        = LUT 0x1 ( n199, n233 )
n235        = LUT 0x2 ( n199, n211 )
n236        = LUT 0x4 ( EQL_04, n235 )
n237        = LUT 0x1 ( n234, n236 )
n238        = LUT 0x4 ( n208, n228 )
n239        = LUT 0x8 ( n199, EQL_04 )
n240        = LUT 0x4 ( n211, n239 )
n241        = LUT 0x4 ( n199, n211 )
n242        = LUT 0x4 ( EQL_04, n241 )
n243        = LUT 0x4 ( n208, EQL_04 )
n244        = LUT 0x1 ( n238, n240 )
n245        = LUT 0x4 ( n242, n244 )
n246        = LUT 0x4 ( n243, n245 )
n247        = LUT 0x1 ( n208, n211 )
n248        = LUT 0x1 ( n228, n247 )
n249        = LUT 0x4 ( n233, n248 )
n250        = LUT 0x8 ( n211, n243 )
n251        = LUT 0x1 ( n234, n235 )
n252        = LUT 0x4 ( n250, n251 )
n253        = LUT 0x1 ( n199, n211 )
n254        = LUT 0x8 ( n211, EQL_04 )
n255        = LUT 0x1 ( n208, n254 )
n256        = LUT 0x1 ( n228, n253 )
n257        = LUT 0x4 ( n255, n256 )
n258        = LUT 0x4 ( EQL_04, n257 )
n259        = LUT 0x4 ( n199, n243 )
n260        = LUT 0x1 ( n242, n259 )
n261        = LUT 0x2 ( EQL_04, n225 )
n262        = LUT 0x8 ( n248, n261 )
n263        = LUT 0x1 ( n237, n246 )
n264        = LUT 0x4 ( n249, n263 )
n265        = LUT 0x1 ( CONT_EQL_05, n264 )
n266        = LUT 0x8 ( n237, n249 )
n267        = LUT 0x1 ( n246, EQL_05 )
n268        = LUT 0x8 ( n266, n267 )
n269        = LUT 0x1 ( n265, n268 )
n270        = LUT 0x8 ( n246, n249 )
n271        = LUT 0x1 ( EQL_05, n270 )
n272        = LUT 0x1 ( n237, n271 )
n273        = LUT 0x2 ( n237, n249 )
n274        = LUT 0x4 ( EQL_05, n273 )
n275        = LUT 0x1 ( n272, n274 )
n276        = LUT 0x4 ( n246, n266 )
n277        = LUT 0x8 ( n237, EQL_05 )
n278        = LUT 0x4 ( n249, n277 )
n279        = LUT 0x4 ( n237, n249 )
n280        = LUT 0x4 ( EQL_05, n279 )
n281        = LUT 0x4 ( n246, EQL_05 )
n282        = LUT 0x1 ( n276, n278 )
n283        = LUT 0x4 ( n280, n282 )
n284        = LUT 0x4 ( n281, n283 )
n285        = LUT 0x1 ( n246, n249 )
n286        = LUT 0x1 ( n266, n285 )
n287        = LUT 0x4 ( n271, n286 )
n288        = LUT 0x8 ( n249, n281 )
n289        = LUT 0x1 ( n272, n273 )
n290        = LUT 0x4 ( n288, n289 )
n291        = LUT 0x1 ( n237, n249 )
n292        = LUT 0x8 ( n249, EQL_05 )
n293        = LUT 0x1 ( n246, n292 )
n294        = LUT 0x1 ( n266, n291 )
n295        = LUT 0x4 ( n293, n294 )
n296        = LUT 0x4 ( EQL_05, n295 )
n297        = LUT 0x4 ( n237, n281 )
n298        = LUT 0x1 ( n280, n297 )
n299        = LUT 0x2 ( EQL_05, n263 )
n300        = LUT 0x8 ( n286, n299 )
n301        = LUT 0x1 ( n275, n284 )
n302        = LUT 0x4 ( n287, n301 )
n303        = LUT 0x1 ( CONT_EQL_06, n302 )
n304        = LUT 0x8 ( n275, n287 )
n305        = LUT 0x1 ( n284, EQL_06 )
n306        = LUT 0x8 ( n304, n305 )
n307        = LUT 0x1 ( n303, n306 )
n308        = LUT 0x8 ( n284, n287 )
n309        = LUT 0x1 ( EQL_06, n308 )
n310        = LUT 0x1 ( n275, n309 )
n311        = LUT 0x2 ( n275, n287 )
n312        = LUT 0x4 ( n275, n287 )
n313        = LUT 0x4 ( EQL_06, n312 )
n314        = LUT 0x4 ( n284, EQL_06 )
n315        = LUT 0x1 ( n284, n287 )
n316        = LUT 0x1 ( n304, n315 )
n317        = LUT 0x8 ( n287, n314 )
n318        = LUT 0x1 ( n310, n311 )
n319        = LUT 0x4 ( n317, n318 )
n320        = LUT 0x1 ( n275, n287 )
n321        = LUT 0x8 ( n287, EQL_06 )
n322        = LUT 0x1 ( n284, n321 )
n323        = LUT 0x1 ( n304, n320 )
n324        = LUT 0x4 ( n322, n323 )
n325        = LUT 0x4 ( EQL_06, n324 )
n326        = LUT 0x4 ( n275, n314 )
n327        = LUT 0x1 ( n313, n326 )
n328        = LUT 0x2 ( EQL_06, n301 )
n329        = LUT 0x8 ( n316, n328 )
CC_MUX_REG_2__WFCIRCUIT_00 = LUT 0x2 ( CC_MUX_REG_2__WFCIRCUIT )
CC_MUX_REG_1__WFCIRCUIT_00 = LUT 0x2 ( CC_MUX_REG_1__WFCIRCUIT )
USCITE_REG_2__WFCIRCUIT_00 = LUT 0x2 ( USCITE_REG_2__WFCIRCUIT )
USCITE_REG_1__WFCIRCUIT_00 = LUT 0x2 ( USCITE_REG_1__WFCIRCUIT )
ENABLE_COUNT_REG_WFCIRCUIT_00 = LUT 0x2 ( ENABLE_COUNT_REG_WFCIRCUIT )
ACKOUT_REG_WFCIRCUIT_00 = LUT 0x2 ( ACKOUT_REG_WFCIRCUIT )
CC_MUX_REG_2__WFCIRCUIT_01 = LUT 0x1 ( n100 )
CC_MUX_REG_1__WFCIRCUIT_01 = LUT 0x1 ( n106 )
USCITE_REG_2__WFCIRCUIT_01 = LUT 0x1 ( n108 )
USCITE_REG_1__WFCIRCUIT_01 = LUT 0x1 ( n110 )
ENABLE_COUNT_REG_WFCIRCUIT_01 = LUT 0x1 ( n79 )
ACKOUT_REG_WFCIRCUIT_01 = LUT 0x1 ( n79 )
CC_MUX_REG_2__WFCIRCUIT_02 = LUT 0x1 ( n138 )
CC_MUX_REG_1__WFCIRCUIT_02 = LUT 0x1 ( n144 )
USCITE_REG_2__WFCIRCUIT_02 = LUT 0x1 ( n146 )
USCITE_REG_1__WFCIRCUIT_02 = LUT 0x1 ( n148 )
ENABLE_COUNT_REG_WFCIRCUIT_02 = LUT 0x1 ( n117 )
ACKOUT_REG_WFCIRCUIT_02 = LUT 0x1 ( n117 )
CC_MUX_REG_2__WFCIRCUIT_03 = LUT 0x1 ( n176 )
CC_MUX_REG_1__WFCIRCUIT_03 = LUT 0x1 ( n182 )
USCITE_REG_2__WFCIRCUIT_03 = LUT 0x1 ( n184 )
USCITE_REG_1__WFCIRCUIT_03 = LUT 0x1 ( n186 )
ENABLE_COUNT_REG_WFCIRCUIT_03 = LUT 0x1 ( n155 )
ACKOUT_REG_WFCIRCUIT_03 = LUT 0x1 ( n155 )
CC_MUX_REG_2__WFCIRCUIT_04 = LUT 0x1 ( n214 )
CC_MUX_REG_1__WFCIRCUIT_04 = LUT 0x1 ( n220 )
USCITE_REG_2__WFCIRCUIT_04 = LUT 0x1 ( n222 )
USCITE_REG_1__WFCIRCUIT_04 = LUT 0x1 ( n224 )
ENABLE_COUNT_REG_WFCIRCUIT_04 = LUT 0x1 ( n193 )
ACKOUT_REG_WFCIRCUIT_04 = LUT 0x1 ( n193 )
CC_MUX_REG_2__WFCIRCUIT_05 = LUT 0x1 ( n252 )
CC_MUX_REG_1__WFCIRCUIT_05 = LUT 0x1 ( n258 )
USCITE_REG_2__WFCIRCUIT_05 = LUT 0x1 ( n260 )
USCITE_REG_1__WFCIRCUIT_05 = LUT 0x1 ( n262 )
ENABLE_COUNT_REG_WFCIRCUIT_05 = LUT 0x1 ( n231 )
ACKOUT_REG_WFCIRCUIT_05 = LUT 0x1 ( n231 )
CC_MUX_REG_2__WFCIRCUIT_06 = LUT 0x1 ( n290 )
CC_MUX_REG_1__WFCIRCUIT_06 = LUT 0x1 ( n296 )
USCITE_REG_2__WFCIRCUIT_06 = LUT 0x1 ( n298 )
USCITE_REG_1__WFCIRCUIT_06 = LUT 0x1 ( n300 )
ENABLE_COUNT_REG_WFCIRCUIT_06 = LUT 0x1 ( n269 )
ACKOUT_REG_WFCIRCUIT_06 = LUT 0x1 ( n269 )
CC_MUX_REG_2__WFCIRCUIT_07 = LUT 0x1 ( n319 )
CC_MUX_REG_1__WFCIRCUIT_07 = LUT 0x1 ( n325 )
USCITE_REG_2__WFCIRCUIT_07 = LUT 0x1 ( n327 )
USCITE_REG_1__WFCIRCUIT_07 = LUT 0x1 ( n329 )
ENABLE_COUNT_REG_WFCIRCUIT_07 = LUT 0x1 ( n307 )
ACKOUT_REG_WFCIRCUIT_07 = LUT 0x1 ( n307 )
