# Benchmark "faults\fault_U78_U55_true_8_frames" written by ABC on Tue Dec 06 01:11:13 2011
INPUT(ACKOUT_REG_WFCIRCUIT)
INPUT(STATE_REG_2__WFCIRCUIT)
INPUT(STATE_REG_1__WFCIRCUIT)
INPUT(STATE_REG_0__WFCIRCUIT)
INPUT(CC_MUX_REG_2__WFCIRCUIT)
INPUT(CC_MUX_REG_1__WFCIRCUIT)
INPUT(USCITE_REG_2__WFCIRCUIT)
INPUT(USCITE_REG_1__WFCIRCUIT)
INPUT(ENABLE_COUNT_REG_WFCIRCUIT)
INPUT(EQL_00)
INPUT(CONT_EQL_00)
INPUT(EQL_01)
INPUT(CONT_EQL_01)
INPUT(EQL_02)
INPUT(CONT_EQL_02)
INPUT(EQL_03)
INPUT(CONT_EQL_03)
INPUT(EQL_04)
INPUT(CONT_EQL_04)
INPUT(EQL_05)
INPUT(CONT_EQL_05)
INPUT(EQL_06)
INPUT(CONT_EQL_06)
INPUT(EQL_07)
INPUT(CONT_EQL_07)
OUTPUT(CC_MUX_REG_2__WFCIRCUIT_00)
OUTPUT(CC_MUX_REG_1__WFCIRCUIT_00)
OUTPUT(USCITE_REG_2__WFCIRCUIT_00)
OUTPUT(USCITE_REG_1__WFCIRCUIT_00)
OUTPUT(ENABLE_COUNT_REG_WFCIRCUIT_00)
OUTPUT(ACKOUT_REG_WFCIRCUIT_00)
OUTPUT(CC_MUX_REG_2__WFCIRCUIT_01)
OUTPUT(CC_MUX_REG_1__WFCIRCUIT_01)
OUTPUT(USCITE_REG_2__WFCIRCUIT_01)
OUTPUT(USCITE_REG_1__WFCIRCUIT_01)
OUTPUT(ENABLE_COUNT_REG_WFCIRCUIT_01)
OUTPUT(ACKOUT_REG_WFCIRCUIT_01)
OUTPUT(CC_MUX_REG_2__WFCIRCUIT_02)
OUTPUT(CC_MUX_REG_1__WFCIRCUIT_02)
OUTPUT(USCITE_REG_2__WFCIRCUIT_02)
OUTPUT(USCITE_REG_1__WFCIRCUIT_02)
OUTPUT(ENABLE_COUNT_REG_WFCIRCUIT_02)
OUTPUT(ACKOUT_REG_WFCIRCUIT_02)
OUTPUT(CC_MUX_REG_2__WFCIRCUIT_03)
OUTPUT(CC_MUX_REG_1__WFCIRCUIT_03)
OUTPUT(USCITE_REG_2__WFCIRCUIT_03)
OUTPUT(USCITE_REG_1__WFCIRCUIT_03)
OUTPUT(ENABLE_COUNT_REG_WFCIRCUIT_03)
OUTPUT(ACKOUT_REG_WFCIRCUIT_03)
OUTPUT(CC_MUX_REG_2__WFCIRCUIT_04)
OUTPUT(CC_MUX_REG_1__WFCIRCUIT_04)
OUTPUT(USCITE_REG_2__WFCIRCUIT_04)
OUTPUT(USCITE_REG_1__WFCIRCUIT_04)
OUTPUT(ENABLE_COUNT_REG_WFCIRCUIT_04)
OUTPUT(ACKOUT_REG_WFCIRCUIT_04)
OUTPUT(CC_MUX_REG_2__WFCIRCUIT_05)
OUTPUT(CC_MUX_REG_1__WFCIRCUIT_05)
OUTPUT(USCITE_REG_2__WFCIRCUIT_05)
OUTPUT(USCITE_REG_1__WFCIRCUIT_05)
OUTPUT(ENABLE_COUNT_REG_WFCIRCUIT_05)
OUTPUT(ACKOUT_REG_WFCIRCUIT_05)
OUTPUT(CC_MUX_REG_2__WFCIRCUIT_06)
OUTPUT(CC_MUX_REG_1__WFCIRCUIT_06)
OUTPUT(USCITE_REG_2__WFCIRCUIT_06)
OUTPUT(USCITE_REG_1__WFCIRCUIT_06)
OUTPUT(ENABLE_COUNT_REG_WFCIRCUIT_06)
OUTPUT(ACKOUT_REG_WFCIRCUIT_06)
OUTPUT(CC_MUX_REG_2__WFCIRCUIT_07)
OUTPUT(CC_MUX_REG_1__WFCIRCUIT_07)
OUTPUT(USCITE_REG_2__WFCIRCUIT_07)
OUTPUT(USCITE_REG_1__WFCIRCUIT_07)
OUTPUT(ENABLE_COUNT_REG_WFCIRCUIT_07)
OUTPUT(ACKOUT_REG_WFCIRCUIT_07)
n73         = LUT 0x8 ( STATE_REG_2__WFCIRCUIT, STATE_REG_1__WFCIRCUIT )
n74         = LUT 0x8 ( STATE_REG_0__WFCIRCUIT, n73 )
n75         = LUT 0x1 ( CONT_EQL_00, n74 )
n76         = LUT 0x1 ( STATE_REG_2__WFCIRCUIT, STATE_REG_0__WFCIRCUIT )
n77         = LUT 0x2 ( STATE_REG_1__WFCIRCUIT, EQL_00 )
n78         = LUT 0x8 ( n76, n77 )
n79         = LUT 0x1 ( n75, n78 )
n80         = LUT 0x1 ( STATE_REG_1__WFCIRCUIT, STATE_REG_0__WFCIRCUIT )
n81         = LUT 0x1 ( EQL_00, n80 )
n82         = LUT 0x2 ( STATE_REG_2__WFCIRCUIT, n81 )
n83         = LUT 0x1 ( STATE_REG_2__WFCIRCUIT, STATE_REG_1__WFCIRCUIT )
n84         = LUT 0x8 ( STATE_REG_0__WFCIRCUIT, n83 )
n85         = LUT 0x4 ( EQL_00, n84 )
n86         = LUT 0x1 ( n82, n85 )
n87         = LUT 0x8 ( STATE_REG_1__WFCIRCUIT, n76 )
n88         = LUT 0x4 ( STATE_REG_2__WFCIRCUIT, EQL_00 )
n89         = LUT 0x8 ( STATE_REG_0__WFCIRCUIT, n88 )
n90         = LUT 0x2 ( STATE_REG_2__WFCIRCUIT, STATE_REG_0__WFCIRCUIT )
n91         = LUT 0x4 ( STATE_REG_1__WFCIRCUIT, n90 )
n92         = LUT 0x4 ( EQL_00, n91 )
n93         = LUT 0x8 ( STATE_REG_1__WFCIRCUIT, EQL_00 )
n94         = LUT 0x1 ( n87, n89 )
n95         = LUT 0x4 ( n92, n94 )
n96         = LUT 0x4 ( n93, n95 )
n97         = LUT 0x8 ( STATE_REG_1__WFCIRCUIT, STATE_REG_0__WFCIRCUIT )
n98         = LUT 0x4 ( STATE_REG_1__WFCIRCUIT, n76 )
n99         = LUT 0x1 ( n97, n98 )
n100        = LUT 0x4 ( STATE_REG_0__WFCIRCUIT, n93 )
n101        = LUT 0x1 ( n82, n84 )
n102        = LUT 0x4 ( n100, n101 )
n103        = LUT 0x8 ( STATE_REG_2__WFCIRCUIT, STATE_REG_0__WFCIRCUIT )
n104        = LUT 0x4 ( STATE_REG_0__WFCIRCUIT, EQL_00 )
n105        = LUT 0x2 ( STATE_REG_1__WFCIRCUIT, n104 )
n106        = LUT 0x4 ( STATE_REG_1__WFCIRCUIT, EQL_00 )
n107        = LUT 0x1 ( n76, n103 )
n108        = LUT 0x4 ( n105, n107 )
n109        = LUT 0x4 ( n106, n108 )
n110        = LUT 0x8 ( STATE_REG_2__WFCIRCUIT, n93 )
n111        = LUT 0x1 ( n92, n110 )
n112        = LUT 0x2 ( EQL_00, n73 )
n113        = LUT 0x8 ( n99, n112 )
n114        = LUT 0x1 ( n86, n96 )
ENABLE_COUNT_REG_WFCIRCUIT_02 = LUT 0x1 ( CONT_EQL_01, n114 )
n116        = LUT 0x4 ( n86, EQL_01 )
n117        = LUT 0x8 ( n86, n96 )
n118        = LUT 0x4 ( EQL_01, n117 )
n119        = LUT 0x1 ( n116, n118 )
n120        = LUT 0x8 ( n86, EQL_01 )
n121        = LUT 0x4 ( n96, EQL_01 )
n122        = LUT 0x1 ( n120, n121 )
n123        = LUT 0x1 ( n116, n117 )
n124        = LUT 0x8 ( n96, EQL_01 )
n125        = LUT 0x2 ( n117, n124 )
USCITE_REG_2__WFCIRCUIT_02 = LUT 0x4 ( n86, n121 )
n127        = LUT 0x2 ( EQL_01, n114 )
n128        = LUT 0x8 ( n96, n127 )
n129        = LUT 0x1 ( n119, n122 )
ENABLE_COUNT_REG_WFCIRCUIT_03 = LUT 0x1 ( CONT_EQL_02, n129 )
n131        = LUT 0x4 ( n119, EQL_02 )
n132        = LUT 0x8 ( n119, n122 )
n133        = LUT 0x4 ( EQL_02, n132 )
n134        = LUT 0x1 ( n131, n133 )
n135        = LUT 0x8 ( n119, EQL_02 )
n136        = LUT 0x4 ( n122, EQL_02 )
n137        = LUT 0x1 ( n135, n136 )
n138        = LUT 0x1 ( n131, n132 )
n139        = LUT 0x8 ( n122, EQL_02 )
n140        = LUT 0x2 ( n132, n139 )
USCITE_REG_2__WFCIRCUIT_03 = LUT 0x4 ( n119, n136 )
n142        = LUT 0x2 ( EQL_02, n129 )
n143        = LUT 0x8 ( n122, n142 )
n144        = LUT 0x1 ( n134, n137 )
ENABLE_COUNT_REG_WFCIRCUIT_04 = LUT 0x1 ( CONT_EQL_03, n144 )
n146        = LUT 0x4 ( n134, EQL_03 )
n147        = LUT 0x8 ( n134, n137 )
n148        = LUT 0x4 ( EQL_03, n147 )
n149        = LUT 0x1 ( n146, n148 )
n150        = LUT 0x8 ( n134, EQL_03 )
n151        = LUT 0x4 ( n137, EQL_03 )
n152        = LUT 0x1 ( n150, n151 )
n153        = LUT 0x1 ( n146, n147 )
n154        = LUT 0x8 ( n137, EQL_03 )
n155        = LUT 0x2 ( n147, n154 )
USCITE_REG_2__WFCIRCUIT_04 = LUT 0x4 ( n134, n151 )
n157        = LUT 0x2 ( EQL_03, n144 )
n158        = LUT 0x8 ( n137, n157 )
n159        = LUT 0x1 ( n149, n152 )
ENABLE_COUNT_REG_WFCIRCUIT_05 = LUT 0x1 ( CONT_EQL_04, n159 )
n161        = LUT 0x4 ( n149, EQL_04 )
n162        = LUT 0x8 ( n149, n152 )
n163        = LUT 0x4 ( EQL_04, n162 )
n164        = LUT 0x1 ( n161, n163 )
n165        = LUT 0x8 ( n149, EQL_04 )
n166        = LUT 0x4 ( n152, EQL_04 )
n167        = LUT 0x1 ( n165, n166 )
n168        = LUT 0x1 ( n161, n162 )
n169        = LUT 0x8 ( n152, EQL_04 )
n170        = LUT 0x2 ( n162, n169 )
USCITE_REG_2__WFCIRCUIT_05 = LUT 0x4 ( n149, n166 )
n172        = LUT 0x2 ( EQL_04, n159 )
n173        = LUT 0x8 ( n152, n172 )
n174        = LUT 0x1 ( n164, n167 )
ENABLE_COUNT_REG_WFCIRCUIT_06 = LUT 0x1 ( CONT_EQL_05, n174 )
n176        = LUT 0x4 ( n164, EQL_05 )
n177        = LUT 0x8 ( n164, n167 )
n178        = LUT 0x4 ( EQL_05, n177 )
n179        = LUT 0x1 ( n176, n178 )
n180        = LUT 0x8 ( n164, EQL_05 )
n181        = LUT 0x4 ( n167, EQL_05 )
n182        = LUT 0x1 ( n180, n181 )
n183        = LUT 0x1 ( n176, n177 )
n184        = LUT 0x8 ( n167, EQL_05 )
n185        = LUT 0x2 ( n177, n184 )
USCITE_REG_2__WFCIRCUIT_06 = LUT 0x4 ( n164, n181 )
n187        = LUT 0x2 ( EQL_05, n174 )
n188        = LUT 0x8 ( n167, n187 )
n189        = LUT 0x1 ( n179, n182 )
ENABLE_COUNT_REG_WFCIRCUIT_07 = LUT 0x1 ( CONT_EQL_06, n189 )
n191        = LUT 0x4 ( n179, EQL_06 )
n192        = LUT 0x8 ( n179, n182 )
n193        = LUT 0x4 ( n182, EQL_06 )
n194        = LUT 0x1 ( n191, n192 )
n195        = LUT 0x8 ( n182, EQL_06 )
n196        = LUT 0x2 ( n192, n195 )
USCITE_REG_2__WFCIRCUIT_07 = LUT 0x4 ( n179, n193 )
n198        = LUT 0x2 ( EQL_06, n189 )
n199        = LUT 0x8 ( n182, n198 )
CC_MUX_REG_2__WFCIRCUIT_00 = LUT 0x2 ( CC_MUX_REG_2__WFCIRCUIT )
CC_MUX_REG_1__WFCIRCUIT_00 = LUT 0x2 ( CC_MUX_REG_1__WFCIRCUIT )
USCITE_REG_2__WFCIRCUIT_00 = LUT 0x2 ( USCITE_REG_2__WFCIRCUIT )
USCITE_REG_1__WFCIRCUIT_00 = LUT 0x2 ( USCITE_REG_1__WFCIRCUIT )
ENABLE_COUNT_REG_WFCIRCUIT_00 = LUT 0x2 ( ENABLE_COUNT_REG_WFCIRCUIT )
ACKOUT_REG_WFCIRCUIT_00 = LUT 0x2 ( ACKOUT_REG_WFCIRCUIT )
CC_MUX_REG_2__WFCIRCUIT_01 = LUT 0x1 ( n102 )
CC_MUX_REG_1__WFCIRCUIT_01 = LUT 0x1 ( n109 )
USCITE_REG_2__WFCIRCUIT_01 = LUT 0x1 ( n111 )
USCITE_REG_1__WFCIRCUIT_01 = LUT 0x1 ( n113 )
ENABLE_COUNT_REG_WFCIRCUIT_01 = LUT 0x1 ( n79 )
ACKOUT_REG_WFCIRCUIT_01 = LUT 0x1 ( n79 )
CC_MUX_REG_2__WFCIRCUIT_02 = LUT 0x1 ( n123 )
CC_MUX_REG_1__WFCIRCUIT_02 = LUT 0x1 ( n125 )
USCITE_REG_1__WFCIRCUIT_02 = LUT 0x1 ( n128 )
ACKOUT_REG_WFCIRCUIT_02 = LUT 0x2 ( ENABLE_COUNT_REG_WFCIRCUIT_02 )
CC_MUX_REG_2__WFCIRCUIT_03 = LUT 0x1 ( n138 )
CC_MUX_REG_1__WFCIRCUIT_03 = LUT 0x1 ( n140 )
USCITE_REG_1__WFCIRCUIT_03 = LUT 0x1 ( n143 )
ACKOUT_REG_WFCIRCUIT_03 = LUT 0x2 ( ENABLE_COUNT_REG_WFCIRCUIT_03 )
CC_MUX_REG_2__WFCIRCUIT_04 = LUT 0x1 ( n153 )
CC_MUX_REG_1__WFCIRCUIT_04 = LUT 0x1 ( n155 )
USCITE_REG_1__WFCIRCUIT_04 = LUT 0x1 ( n158 )
ACKOUT_REG_WFCIRCUIT_04 = LUT 0x2 ( ENABLE_COUNT_REG_WFCIRCUIT_04 )
CC_MUX_REG_2__WFCIRCUIT_05 = LUT 0x1 ( n168 )
CC_MUX_REG_1__WFCIRCUIT_05 = LUT 0x1 ( n170 )
USCITE_REG_1__WFCIRCUIT_05 = LUT 0x1 ( n173 )
ACKOUT_REG_WFCIRCUIT_05 = LUT 0x2 ( ENABLE_COUNT_REG_WFCIRCUIT_05 )
CC_MUX_REG_2__WFCIRCUIT_06 = LUT 0x1 ( n183 )
CC_MUX_REG_1__WFCIRCUIT_06 = LUT 0x1 ( n185 )
USCITE_REG_1__WFCIRCUIT_06 = LUT 0x1 ( n188 )
ACKOUT_REG_WFCIRCUIT_06 = LUT 0x2 ( ENABLE_COUNT_REG_WFCIRCUIT_06 )
CC_MUX_REG_2__WFCIRCUIT_07 = LUT 0x1 ( n194 )
CC_MUX_REG_1__WFCIRCUIT_07 = LUT 0x1 ( n196 )
USCITE_REG_1__WFCIRCUIT_07 = LUT 0x1 ( n199 )
ACKOUT_REG_WFCIRCUIT_07 = LUT 0x2 ( ENABLE_COUNT_REG_WFCIRCUIT_07 )
