# Benchmark "faults\fault_U78__true_8_frames" written by ABC on Tue Dec 06 01:10:59 2011
INPUT(ACKOUT_REG_WFCIRCUIT)
INPUT(STATE_REG_2__WFCIRCUIT)
INPUT(STATE_REG_1__WFCIRCUIT)
INPUT(STATE_REG_0__WFCIRCUIT)
INPUT(CC_MUX_REG_2__WFCIRCUIT)
INPUT(CC_MUX_REG_1__WFCIRCUIT)
INPUT(USCITE_REG_2__WFCIRCUIT)
INPUT(USCITE_REG_1__WFCIRCUIT)
INPUT(ENABLE_COUNT_REG_WFCIRCUIT)
INPUT(EQL_00)
INPUT(CONT_EQL_00)
INPUT(EQL_01)
INPUT(CONT_EQL_01)
INPUT(EQL_02)
INPUT(CONT_EQL_02)
INPUT(EQL_03)
INPUT(CONT_EQL_03)
INPUT(EQL_04)
INPUT(CONT_EQL_04)
INPUT(EQL_05)
INPUT(CONT_EQL_05)
INPUT(EQL_06)
INPUT(CONT_EQL_06)
INPUT(EQL_07)
INPUT(CONT_EQL_07)
OUTPUT(CC_MUX_REG_2__WFCIRCUIT_00)
OUTPUT(CC_MUX_REG_1__WFCIRCUIT_00)
OUTPUT(USCITE_REG_2__WFCIRCUIT_00)
OUTPUT(USCITE_REG_1__WFCIRCUIT_00)
OUTPUT(ENABLE_COUNT_REG_WFCIRCUIT_00)
OUTPUT(ACKOUT_REG_WFCIRCUIT_00)
OUTPUT(CC_MUX_REG_2__WFCIRCUIT_01)
OUTPUT(CC_MUX_REG_1__WFCIRCUIT_01)
OUTPUT(USCITE_REG_2__WFCIRCUIT_01)
OUTPUT(USCITE_REG_1__WFCIRCUIT_01)
OUTPUT(ENABLE_COUNT_REG_WFCIRCUIT_01)
OUTPUT(ACKOUT_REG_WFCIRCUIT_01)
OUTPUT(CC_MUX_REG_2__WFCIRCUIT_02)
OUTPUT(CC_MUX_REG_1__WFCIRCUIT_02)
OUTPUT(USCITE_REG_2__WFCIRCUIT_02)
OUTPUT(USCITE_REG_1__WFCIRCUIT_02)
OUTPUT(ENABLE_COUNT_REG_WFCIRCUIT_02)
OUTPUT(ACKOUT_REG_WFCIRCUIT_02)
OUTPUT(CC_MUX_REG_2__WFCIRCUIT_03)
OUTPUT(CC_MUX_REG_1__WFCIRCUIT_03)
OUTPUT(USCITE_REG_2__WFCIRCUIT_03)
OUTPUT(USCITE_REG_1__WFCIRCUIT_03)
OUTPUT(ENABLE_COUNT_REG_WFCIRCUIT_03)
OUTPUT(ACKOUT_REG_WFCIRCUIT_03)
OUTPUT(CC_MUX_REG_2__WFCIRCUIT_04)
OUTPUT(CC_MUX_REG_1__WFCIRCUIT_04)
OUTPUT(USCITE_REG_2__WFCIRCUIT_04)
OUTPUT(USCITE_REG_1__WFCIRCUIT_04)
OUTPUT(ENABLE_COUNT_REG_WFCIRCUIT_04)
OUTPUT(ACKOUT_REG_WFCIRCUIT_04)
OUTPUT(CC_MUX_REG_2__WFCIRCUIT_05)
OUTPUT(CC_MUX_REG_1__WFCIRCUIT_05)
OUTPUT(USCITE_REG_2__WFCIRCUIT_05)
OUTPUT(USCITE_REG_1__WFCIRCUIT_05)
OUTPUT(ENABLE_COUNT_REG_WFCIRCUIT_05)
OUTPUT(ACKOUT_REG_WFCIRCUIT_05)
OUTPUT(CC_MUX_REG_2__WFCIRCUIT_06)
OUTPUT(CC_MUX_REG_1__WFCIRCUIT_06)
OUTPUT(USCITE_REG_2__WFCIRCUIT_06)
OUTPUT(USCITE_REG_1__WFCIRCUIT_06)
OUTPUT(ENABLE_COUNT_REG_WFCIRCUIT_06)
OUTPUT(ACKOUT_REG_WFCIRCUIT_06)
OUTPUT(CC_MUX_REG_2__WFCIRCUIT_07)
OUTPUT(CC_MUX_REG_1__WFCIRCUIT_07)
OUTPUT(USCITE_REG_2__WFCIRCUIT_07)
OUTPUT(USCITE_REG_1__WFCIRCUIT_07)
OUTPUT(ENABLE_COUNT_REG_WFCIRCUIT_07)
OUTPUT(ACKOUT_REG_WFCIRCUIT_07)
n73         = LUT 0x8 ( STATE_REG_2__WFCIRCUIT, STATE_REG_1__WFCIRCUIT )
n74         = LUT 0x8 ( STATE_REG_0__WFCIRCUIT, n73 )
n75         = LUT 0x1 ( CONT_EQL_00, n74 )
n76         = LUT 0x1 ( STATE_REG_2__WFCIRCUIT, STATE_REG_0__WFCIRCUIT )
n77         = LUT 0x2 ( STATE_REG_1__WFCIRCUIT, EQL_00 )
n78         = LUT 0x8 ( n76, n77 )
n79         = LUT 0x1 ( n75, n78 )
n80         = LUT 0x1 ( STATE_REG_2__WFCIRCUIT, STATE_REG_1__WFCIRCUIT )
n81         = LUT 0x8 ( STATE_REG_0__WFCIRCUIT, n80 )
n82         = LUT 0x4 ( EQL_00, n81 )
n83         = LUT 0x8 ( STATE_REG_1__WFCIRCUIT, n76 )
n84         = LUT 0x4 ( STATE_REG_2__WFCIRCUIT, EQL_00 )
n85         = LUT 0x8 ( STATE_REG_0__WFCIRCUIT, n84 )
n86         = LUT 0x2 ( STATE_REG_2__WFCIRCUIT, STATE_REG_0__WFCIRCUIT )
n87         = LUT 0x4 ( STATE_REG_1__WFCIRCUIT, n86 )
n88         = LUT 0x4 ( EQL_00, n87 )
n89         = LUT 0x8 ( STATE_REG_1__WFCIRCUIT, EQL_00 )
n90         = LUT 0x1 ( n83, n85 )
n91         = LUT 0x4 ( n88, n90 )
n92         = LUT 0x4 ( n89, n91 )
n93         = LUT 0x8 ( STATE_REG_1__WFCIRCUIT, STATE_REG_0__WFCIRCUIT )
n94         = LUT 0x4 ( STATE_REG_1__WFCIRCUIT, n76 )
n95         = LUT 0x1 ( n93, n94 )
n96         = LUT 0x4 ( STATE_REG_0__WFCIRCUIT, n89 )
n97         = LUT 0x1 ( n81, n96 )
n98         = LUT 0x8 ( STATE_REG_2__WFCIRCUIT, STATE_REG_0__WFCIRCUIT )
n99         = LUT 0x4 ( STATE_REG_0__WFCIRCUIT, EQL_00 )
n100        = LUT 0x2 ( STATE_REG_1__WFCIRCUIT, n99 )
n101        = LUT 0x4 ( STATE_REG_1__WFCIRCUIT, EQL_00 )
n102        = LUT 0x1 ( n76, n98 )
n103        = LUT 0x4 ( n100, n102 )
n104        = LUT 0x4 ( n101, n103 )
n105        = LUT 0x8 ( STATE_REG_2__WFCIRCUIT, n89 )
n106        = LUT 0x1 ( n88, n105 )
n107        = LUT 0x2 ( EQL_00, n73 )
n108        = LUT 0x8 ( n95, n107 )
n109        = LUT 0x2 ( n82, n92 )
ENABLE_COUNT_REG_WFCIRCUIT_02 = LUT 0x1 ( CONT_EQL_01, n109 )
CC_MUX_REG_2__WFCIRCUIT_02 = LUT 0x4 ( n82, n92 )
n112        = LUT 0x4 ( EQL_01, CC_MUX_REG_2__WFCIRCUIT_02 )
n113        = LUT 0x4 ( n82, EQL_01 )
n114        = LUT 0x4 ( n92, EQL_01 )
n115        = LUT 0x1 ( n113, n114 )
n116        = LUT 0x8 ( n92, EQL_01 )
n117        = LUT 0x2 ( CC_MUX_REG_2__WFCIRCUIT_02, n116 )
USCITE_REG_2__WFCIRCUIT_02 = LUT 0x8 ( n82, n114 )
n119        = LUT 0x2 ( EQL_01, n109 )
n120        = LUT 0x8 ( n92, n119 )
n121        = LUT 0x2 ( n112, n115 )
ENABLE_COUNT_REG_WFCIRCUIT_03 = LUT 0x1 ( CONT_EQL_02, n121 )
CC_MUX_REG_2__WFCIRCUIT_03 = LUT 0x4 ( n112, n115 )
n124        = LUT 0x4 ( EQL_02, CC_MUX_REG_2__WFCIRCUIT_03 )
n125        = LUT 0x4 ( n112, EQL_02 )
n126        = LUT 0x4 ( n115, EQL_02 )
n127        = LUT 0x1 ( n125, n126 )
n128        = LUT 0x8 ( n115, EQL_02 )
n129        = LUT 0x2 ( CC_MUX_REG_2__WFCIRCUIT_03, n128 )
USCITE_REG_2__WFCIRCUIT_03 = LUT 0x8 ( n112, n126 )
n131        = LUT 0x2 ( EQL_02, n121 )
n132        = LUT 0x8 ( n115, n131 )
n133        = LUT 0x2 ( n124, n127 )
ENABLE_COUNT_REG_WFCIRCUIT_04 = LUT 0x1 ( CONT_EQL_03, n133 )
CC_MUX_REG_2__WFCIRCUIT_04 = LUT 0x4 ( n124, n127 )
n136        = LUT 0x4 ( EQL_03, CC_MUX_REG_2__WFCIRCUIT_04 )
n137        = LUT 0x4 ( n124, EQL_03 )
n138        = LUT 0x4 ( n127, EQL_03 )
n139        = LUT 0x1 ( n137, n138 )
n140        = LUT 0x8 ( n127, EQL_03 )
n141        = LUT 0x2 ( CC_MUX_REG_2__WFCIRCUIT_04, n140 )
USCITE_REG_2__WFCIRCUIT_04 = LUT 0x8 ( n124, n138 )
n143        = LUT 0x2 ( EQL_03, n133 )
n144        = LUT 0x8 ( n127, n143 )
n145        = LUT 0x2 ( n136, n139 )
ENABLE_COUNT_REG_WFCIRCUIT_05 = LUT 0x1 ( CONT_EQL_04, n145 )
CC_MUX_REG_2__WFCIRCUIT_05 = LUT 0x4 ( n136, n139 )
n148        = LUT 0x4 ( EQL_04, CC_MUX_REG_2__WFCIRCUIT_05 )
n149        = LUT 0x4 ( n136, EQL_04 )
n150        = LUT 0x4 ( n139, EQL_04 )
n151        = LUT 0x1 ( n149, n150 )
n152        = LUT 0x8 ( n139, EQL_04 )
n153        = LUT 0x2 ( CC_MUX_REG_2__WFCIRCUIT_05, n152 )
USCITE_REG_2__WFCIRCUIT_05 = LUT 0x8 ( n136, n150 )
n155        = LUT 0x2 ( EQL_04, n145 )
n156        = LUT 0x8 ( n139, n155 )
n157        = LUT 0x2 ( n148, n151 )
ENABLE_COUNT_REG_WFCIRCUIT_06 = LUT 0x1 ( CONT_EQL_05, n157 )
CC_MUX_REG_2__WFCIRCUIT_06 = LUT 0x4 ( n148, n151 )
n160        = LUT 0x4 ( EQL_05, CC_MUX_REG_2__WFCIRCUIT_06 )
n161        = LUT 0x4 ( n148, EQL_05 )
n162        = LUT 0x4 ( n151, EQL_05 )
n163        = LUT 0x1 ( n161, n162 )
n164        = LUT 0x8 ( n151, EQL_05 )
n165        = LUT 0x2 ( CC_MUX_REG_2__WFCIRCUIT_06, n164 )
USCITE_REG_2__WFCIRCUIT_06 = LUT 0x8 ( n148, n162 )
n167        = LUT 0x2 ( EQL_05, n157 )
n168        = LUT 0x8 ( n151, n167 )
n169        = LUT 0x2 ( n160, n163 )
ENABLE_COUNT_REG_WFCIRCUIT_07 = LUT 0x1 ( CONT_EQL_06, n169 )
CC_MUX_REG_2__WFCIRCUIT_07 = LUT 0x4 ( n160, n163 )
n172        = LUT 0x4 ( n163, EQL_06 )
n173        = LUT 0x8 ( n163, EQL_06 )
n174        = LUT 0x2 ( CC_MUX_REG_2__WFCIRCUIT_07, n173 )
USCITE_REG_2__WFCIRCUIT_07 = LUT 0x8 ( n160, n172 )
n176        = LUT 0x2 ( EQL_06, n169 )
n177        = LUT 0x8 ( n163, n176 )
CC_MUX_REG_2__WFCIRCUIT_00 = LUT 0x2 ( CC_MUX_REG_2__WFCIRCUIT )
CC_MUX_REG_1__WFCIRCUIT_00 = LUT 0x2 ( CC_MUX_REG_1__WFCIRCUIT )
USCITE_REG_2__WFCIRCUIT_00 = LUT 0x2 ( USCITE_REG_2__WFCIRCUIT )
USCITE_REG_1__WFCIRCUIT_00 = LUT 0x2 ( USCITE_REG_1__WFCIRCUIT )
ENABLE_COUNT_REG_WFCIRCUIT_00 = LUT 0x2 ( ENABLE_COUNT_REG_WFCIRCUIT )
ACKOUT_REG_WFCIRCUIT_00 = LUT 0x2 ( ACKOUT_REG_WFCIRCUIT )
CC_MUX_REG_2__WFCIRCUIT_01 = LUT 0x1 ( n97 )
CC_MUX_REG_1__WFCIRCUIT_01 = LUT 0x1 ( n104 )
USCITE_REG_2__WFCIRCUIT_01 = LUT 0x1 ( n106 )
USCITE_REG_1__WFCIRCUIT_01 = LUT 0x1 ( n108 )
ENABLE_COUNT_REG_WFCIRCUIT_01 = LUT 0x1 ( n79 )
ACKOUT_REG_WFCIRCUIT_01 = LUT 0x1 ( n79 )
CC_MUX_REG_1__WFCIRCUIT_02 = LUT 0x1 ( n117 )
USCITE_REG_1__WFCIRCUIT_02 = LUT 0x1 ( n120 )
ACKOUT_REG_WFCIRCUIT_02 = LUT 0x2 ( ENABLE_COUNT_REG_WFCIRCUIT_02 )
CC_MUX_REG_1__WFCIRCUIT_03 = LUT 0x1 ( n129 )
USCITE_REG_1__WFCIRCUIT_03 = LUT 0x1 ( n132 )
ACKOUT_REG_WFCIRCUIT_03 = LUT 0x2 ( ENABLE_COUNT_REG_WFCIRCUIT_03 )
CC_MUX_REG_1__WFCIRCUIT_04 = LUT 0x1 ( n141 )
USCITE_REG_1__WFCIRCUIT_04 = LUT 0x1 ( n144 )
ACKOUT_REG_WFCIRCUIT_04 = LUT 0x2 ( ENABLE_COUNT_REG_WFCIRCUIT_04 )
CC_MUX_REG_1__WFCIRCUIT_05 = LUT 0x1 ( n153 )
USCITE_REG_1__WFCIRCUIT_05 = LUT 0x1 ( n156 )
ACKOUT_REG_WFCIRCUIT_05 = LUT 0x2 ( ENABLE_COUNT_REG_WFCIRCUIT_05 )
CC_MUX_REG_1__WFCIRCUIT_06 = LUT 0x1 ( n165 )
USCITE_REG_1__WFCIRCUIT_06 = LUT 0x1 ( n168 )
ACKOUT_REG_WFCIRCUIT_06 = LUT 0x2 ( ENABLE_COUNT_REG_WFCIRCUIT_06 )
CC_MUX_REG_1__WFCIRCUIT_07 = LUT 0x1 ( n174 )
USCITE_REG_1__WFCIRCUIT_07 = LUT 0x1 ( n177 )
ACKOUT_REG_WFCIRCUIT_07 = LUT 0x2 ( ENABLE_COUNT_REG_WFCIRCUIT_07 )
