# Benchmark "faults\fault_U73__true_8_frames" written by ABC on Tue Dec 06 01:11:08 2011
INPUT(ACKOUT_REG_WFCIRCUIT)
INPUT(STATE_REG_2__WFCIRCUIT)
INPUT(STATE_REG_1__WFCIRCUIT)
INPUT(STATE_REG_0__WFCIRCUIT)
INPUT(CC_MUX_REG_2__WFCIRCUIT)
INPUT(CC_MUX_REG_1__WFCIRCUIT)
INPUT(USCITE_REG_2__WFCIRCUIT)
INPUT(USCITE_REG_1__WFCIRCUIT)
INPUT(ENABLE_COUNT_REG_WFCIRCUIT)
INPUT(EQL_00)
INPUT(CONT_EQL_00)
INPUT(EQL_01)
INPUT(CONT_EQL_01)
INPUT(EQL_02)
INPUT(CONT_EQL_02)
INPUT(EQL_03)
INPUT(CONT_EQL_03)
INPUT(EQL_04)
INPUT(CONT_EQL_04)
INPUT(EQL_05)
INPUT(CONT_EQL_05)
INPUT(EQL_06)
INPUT(CONT_EQL_06)
INPUT(EQL_07)
INPUT(CONT_EQL_07)
OUTPUT(CC_MUX_REG_2__WFCIRCUIT_00)
OUTPUT(CC_MUX_REG_1__WFCIRCUIT_00)
OUTPUT(USCITE_REG_2__WFCIRCUIT_00)
OUTPUT(USCITE_REG_1__WFCIRCUIT_00)
OUTPUT(ENABLE_COUNT_REG_WFCIRCUIT_00)
OUTPUT(ACKOUT_REG_WFCIRCUIT_00)
OUTPUT(CC_MUX_REG_2__WFCIRCUIT_01)
OUTPUT(CC_MUX_REG_1__WFCIRCUIT_01)
OUTPUT(USCITE_REG_2__WFCIRCUIT_01)
OUTPUT(USCITE_REG_1__WFCIRCUIT_01)
OUTPUT(ENABLE_COUNT_REG_WFCIRCUIT_01)
OUTPUT(ACKOUT_REG_WFCIRCUIT_01)
OUTPUT(CC_MUX_REG_2__WFCIRCUIT_02)
OUTPUT(CC_MUX_REG_1__WFCIRCUIT_02)
OUTPUT(USCITE_REG_2__WFCIRCUIT_02)
OUTPUT(USCITE_REG_1__WFCIRCUIT_02)
OUTPUT(ENABLE_COUNT_REG_WFCIRCUIT_02)
OUTPUT(ACKOUT_REG_WFCIRCUIT_02)
OUTPUT(CC_MUX_REG_2__WFCIRCUIT_03)
OUTPUT(CC_MUX_REG_1__WFCIRCUIT_03)
OUTPUT(USCITE_REG_2__WFCIRCUIT_03)
OUTPUT(USCITE_REG_1__WFCIRCUIT_03)
OUTPUT(ENABLE_COUNT_REG_WFCIRCUIT_03)
OUTPUT(ACKOUT_REG_WFCIRCUIT_03)
OUTPUT(CC_MUX_REG_2__WFCIRCUIT_04)
OUTPUT(CC_MUX_REG_1__WFCIRCUIT_04)
OUTPUT(USCITE_REG_2__WFCIRCUIT_04)
OUTPUT(USCITE_REG_1__WFCIRCUIT_04)
OUTPUT(ENABLE_COUNT_REG_WFCIRCUIT_04)
OUTPUT(ACKOUT_REG_WFCIRCUIT_04)
OUTPUT(CC_MUX_REG_2__WFCIRCUIT_05)
OUTPUT(CC_MUX_REG_1__WFCIRCUIT_05)
OUTPUT(USCITE_REG_2__WFCIRCUIT_05)
OUTPUT(USCITE_REG_1__WFCIRCUIT_05)
OUTPUT(ENABLE_COUNT_REG_WFCIRCUIT_05)
OUTPUT(ACKOUT_REG_WFCIRCUIT_05)
OUTPUT(CC_MUX_REG_2__WFCIRCUIT_06)
OUTPUT(CC_MUX_REG_1__WFCIRCUIT_06)
OUTPUT(USCITE_REG_2__WFCIRCUIT_06)
OUTPUT(USCITE_REG_1__WFCIRCUIT_06)
OUTPUT(ENABLE_COUNT_REG_WFCIRCUIT_06)
OUTPUT(ACKOUT_REG_WFCIRCUIT_06)
OUTPUT(CC_MUX_REG_2__WFCIRCUIT_07)
OUTPUT(CC_MUX_REG_1__WFCIRCUIT_07)
OUTPUT(USCITE_REG_2__WFCIRCUIT_07)
OUTPUT(USCITE_REG_1__WFCIRCUIT_07)
OUTPUT(ENABLE_COUNT_REG_WFCIRCUIT_07)
OUTPUT(ACKOUT_REG_WFCIRCUIT_07)
n73         = LUT 0x8 ( STATE_REG_2__WFCIRCUIT, STATE_REG_1__WFCIRCUIT )
n74         = LUT 0x8 ( STATE_REG_0__WFCIRCUIT, n73 )
ENABLE_COUNT_REG_WFCIRCUIT_01 = LUT 0x1 ( CONT_EQL_00, n74 )
n76         = LUT 0x1 ( STATE_REG_2__WFCIRCUIT, STATE_REG_0__WFCIRCUIT )
n77         = LUT 0x1 ( STATE_REG_1__WFCIRCUIT, STATE_REG_0__WFCIRCUIT )
n78         = LUT 0x1 ( EQL_00, n77 )
n79         = LUT 0x2 ( STATE_REG_2__WFCIRCUIT, n78 )
n80         = LUT 0x1 ( STATE_REG_2__WFCIRCUIT, STATE_REG_1__WFCIRCUIT )
n81         = LUT 0x8 ( STATE_REG_0__WFCIRCUIT, n80 )
n82         = LUT 0x4 ( EQL_00, n81 )
n83         = LUT 0x1 ( n79, n82 )
n84         = LUT 0x4 ( STATE_REG_2__WFCIRCUIT, EQL_00 )
n85         = LUT 0x8 ( STATE_REG_0__WFCIRCUIT, n84 )
n86         = LUT 0x2 ( STATE_REG_2__WFCIRCUIT, STATE_REG_0__WFCIRCUIT )
n87         = LUT 0x4 ( STATE_REG_1__WFCIRCUIT, n86 )
n88         = LUT 0x4 ( EQL_00, n87 )
n89         = LUT 0x8 ( STATE_REG_1__WFCIRCUIT, EQL_00 )
n90         = LUT 0x1 ( n85, n88 )
n91         = LUT 0x4 ( n89, n90 )
n92         = LUT 0x8 ( STATE_REG_1__WFCIRCUIT, STATE_REG_0__WFCIRCUIT )
n93         = LUT 0x1 ( n78, n92 )
n94         = LUT 0x4 ( STATE_REG_0__WFCIRCUIT, n89 )
n95         = LUT 0x1 ( n79, n81 )
n96         = LUT 0x4 ( n94, n95 )
n97         = LUT 0x8 ( STATE_REG_2__WFCIRCUIT, STATE_REG_0__WFCIRCUIT )
n98         = LUT 0x4 ( STATE_REG_0__WFCIRCUIT, EQL_00 )
n99         = LUT 0x2 ( STATE_REG_1__WFCIRCUIT, n98 )
n100        = LUT 0x4 ( STATE_REG_1__WFCIRCUIT, EQL_00 )
n101        = LUT 0x1 ( n76, n97 )
n102        = LUT 0x4 ( n99, n101 )
n103        = LUT 0x4 ( n100, n102 )
n104        = LUT 0x8 ( STATE_REG_2__WFCIRCUIT, n89 )
n105        = LUT 0x1 ( n88, n104 )
n106        = LUT 0x2 ( EQL_00, n73 )
n107        = LUT 0x4 ( n92, n106 )
n108        = LUT 0x1 ( n83, n91 )
n109        = LUT 0x4 ( n93, n108 )
ENABLE_COUNT_REG_WFCIRCUIT_02 = LUT 0x1 ( CONT_EQL_01, n109 )
n111        = LUT 0x8 ( n83, n93 )
n112        = LUT 0x8 ( n91, n93 )
n113        = LUT 0x1 ( EQL_01, n112 )
n114        = LUT 0x1 ( n83, n113 )
n115        = LUT 0x8 ( n83, n91 )
n116        = LUT 0x4 ( n93, n115 )
n117        = LUT 0x4 ( EQL_01, n116 )
n118        = LUT 0x1 ( n114, n117 )
n119        = LUT 0x8 ( n83, EQL_01 )
n120        = LUT 0x4 ( n93, n119 )
n121        = LUT 0x4 ( n83, n93 )
n122        = LUT 0x8 ( n91, n121 )
n123        = LUT 0x4 ( EQL_01, n122 )
n124        = LUT 0x4 ( n91, EQL_01 )
n125        = LUT 0x1 ( n120, n123 )
n126        = LUT 0x4 ( n124, n125 )
n127        = LUT 0x1 ( n91, n93 )
n128        = LUT 0x1 ( n113, n127 )
n129        = LUT 0x8 ( n93, n124 )
n130        = LUT 0x1 ( n114, n116 )
n131        = LUT 0x4 ( n129, n130 )
n132        = LUT 0x1 ( n83, n93 )
n133        = LUT 0x8 ( n93, EQL_01 )
n134        = LUT 0x1 ( n91, n133 )
n135        = LUT 0x8 ( n91, EQL_01 )
n136        = LUT 0x1 ( n111, n132 )
n137        = LUT 0x4 ( n134, n136 )
n138        = LUT 0x4 ( n135, n137 )
n139        = LUT 0x4 ( n83, n124 )
n140        = LUT 0x1 ( n123, n139 )
n141        = LUT 0x2 ( EQL_01, n108 )
n142        = LUT 0x4 ( n127, n141 )
n143        = LUT 0x1 ( n118, n126 )
n144        = LUT 0x4 ( n128, n143 )
ENABLE_COUNT_REG_WFCIRCUIT_03 = LUT 0x1 ( CONT_EQL_02, n144 )
n146        = LUT 0x8 ( n118, n128 )
n147        = LUT 0x8 ( n126, n128 )
n148        = LUT 0x1 ( EQL_02, n147 )
n149        = LUT 0x1 ( n118, n148 )
n150        = LUT 0x8 ( n118, n126 )
n151        = LUT 0x4 ( n128, n150 )
n152        = LUT 0x4 ( EQL_02, n151 )
n153        = LUT 0x1 ( n149, n152 )
n154        = LUT 0x8 ( n118, EQL_02 )
n155        = LUT 0x4 ( n128, n154 )
n156        = LUT 0x4 ( n118, n128 )
n157        = LUT 0x8 ( n126, n156 )
n158        = LUT 0x4 ( EQL_02, n157 )
n159        = LUT 0x4 ( n126, EQL_02 )
n160        = LUT 0x1 ( n155, n158 )
n161        = LUT 0x4 ( n159, n160 )
n162        = LUT 0x1 ( n126, n128 )
n163        = LUT 0x1 ( n148, n162 )
n164        = LUT 0x8 ( n128, n159 )
n165        = LUT 0x1 ( n149, n151 )
n166        = LUT 0x4 ( n164, n165 )
n167        = LUT 0x1 ( n118, n128 )
n168        = LUT 0x8 ( n128, EQL_02 )
n169        = LUT 0x1 ( n126, n168 )
n170        = LUT 0x8 ( n126, EQL_02 )
n171        = LUT 0x1 ( n146, n167 )
n172        = LUT 0x4 ( n169, n171 )
n173        = LUT 0x4 ( n170, n172 )
n174        = LUT 0x4 ( n118, n159 )
n175        = LUT 0x1 ( n158, n174 )
n176        = LUT 0x2 ( EQL_02, n143 )
n177        = LUT 0x4 ( n162, n176 )
n178        = LUT 0x1 ( n153, n161 )
n179        = LUT 0x4 ( n163, n178 )
ENABLE_COUNT_REG_WFCIRCUIT_04 = LUT 0x1 ( CONT_EQL_03, n179 )
n181        = LUT 0x8 ( n153, n163 )
n182        = LUT 0x8 ( n161, n163 )
n183        = LUT 0x1 ( EQL_03, n182 )
n184        = LUT 0x1 ( n153, n183 )
n185        = LUT 0x8 ( n153, n161 )
n186        = LUT 0x4 ( n163, n185 )
n187        = LUT 0x4 ( EQL_03, n186 )
n188        = LUT 0x1 ( n184, n187 )
n189        = LUT 0x8 ( n153, EQL_03 )
n190        = LUT 0x4 ( n163, n189 )
n191        = LUT 0x4 ( n153, n163 )
n192        = LUT 0x8 ( n161, n191 )
n193        = LUT 0x4 ( EQL_03, n192 )
n194        = LUT 0x4 ( n161, EQL_03 )
n195        = LUT 0x1 ( n190, n193 )
n196        = LUT 0x4 ( n194, n195 )
n197        = LUT 0x1 ( n161, n163 )
n198        = LUT 0x1 ( n183, n197 )
n199        = LUT 0x8 ( n163, n194 )
n200        = LUT 0x1 ( n184, n186 )
n201        = LUT 0x4 ( n199, n200 )
n202        = LUT 0x1 ( n153, n163 )
n203        = LUT 0x8 ( n163, EQL_03 )
n204        = LUT 0x1 ( n161, n203 )
n205        = LUT 0x8 ( n161, EQL_03 )
n206        = LUT 0x1 ( n181, n202 )
n207        = LUT 0x4 ( n204, n206 )
n208        = LUT 0x4 ( n205, n207 )
n209        = LUT 0x4 ( n153, n194 )
n210        = LUT 0x1 ( n193, n209 )
n211        = LUT 0x2 ( EQL_03, n178 )
n212        = LUT 0x4 ( n197, n211 )
n213        = LUT 0x1 ( n188, n196 )
n214        = LUT 0x4 ( n198, n213 )
ENABLE_COUNT_REG_WFCIRCUIT_05 = LUT 0x1 ( CONT_EQL_04, n214 )
n216        = LUT 0x8 ( n188, n198 )
n217        = LUT 0x8 ( n196, n198 )
n218        = LUT 0x1 ( EQL_04, n217 )
n219        = LUT 0x1 ( n188, n218 )
n220        = LUT 0x8 ( n188, n196 )
n221        = LUT 0x4 ( n198, n220 )
n222        = LUT 0x4 ( EQL_04, n221 )
n223        = LUT 0x1 ( n219, n222 )
n224        = LUT 0x8 ( n188, EQL_04 )
n225        = LUT 0x4 ( n198, n224 )
n226        = LUT 0x4 ( n188, n198 )
n227        = LUT 0x8 ( n196, n226 )
n228        = LUT 0x4 ( EQL_04, n227 )
n229        = LUT 0x4 ( n196, EQL_04 )
n230        = LUT 0x1 ( n225, n228 )
n231        = LUT 0x4 ( n229, n230 )
n232        = LUT 0x1 ( n196, n198 )
n233        = LUT 0x1 ( n218, n232 )
n234        = LUT 0x8 ( n198, n229 )
n235        = LUT 0x1 ( n219, n221 )
n236        = LUT 0x4 ( n234, n235 )
n237        = LUT 0x1 ( n188, n198 )
n238        = LUT 0x8 ( n198, EQL_04 )
n239        = LUT 0x1 ( n196, n238 )
n240        = LUT 0x8 ( n196, EQL_04 )
n241        = LUT 0x1 ( n216, n237 )
n242        = LUT 0x4 ( n239, n241 )
n243        = LUT 0x4 ( n240, n242 )
n244        = LUT 0x4 ( n188, n229 )
n245        = LUT 0x1 ( n228, n244 )
n246        = LUT 0x2 ( EQL_04, n213 )
n247        = LUT 0x4 ( n232, n246 )
n248        = LUT 0x1 ( n223, n231 )
n249        = LUT 0x4 ( n233, n248 )
ENABLE_COUNT_REG_WFCIRCUIT_06 = LUT 0x1 ( CONT_EQL_05, n249 )
n251        = LUT 0x8 ( n223, n233 )
n252        = LUT 0x8 ( n231, n233 )
n253        = LUT 0x1 ( EQL_05, n252 )
n254        = LUT 0x1 ( n223, n253 )
n255        = LUT 0x8 ( n223, n231 )
n256        = LUT 0x4 ( n233, n255 )
n257        = LUT 0x4 ( EQL_05, n256 )
n258        = LUT 0x1 ( n254, n257 )
n259        = LUT 0x8 ( n223, EQL_05 )
n260        = LUT 0x4 ( n233, n259 )
n261        = LUT 0x4 ( n223, n233 )
n262        = LUT 0x8 ( n231, n261 )
n263        = LUT 0x4 ( EQL_05, n262 )
n264        = LUT 0x4 ( n231, EQL_05 )
n265        = LUT 0x1 ( n260, n263 )
n266        = LUT 0x4 ( n264, n265 )
n267        = LUT 0x1 ( n231, n233 )
n268        = LUT 0x1 ( n253, n267 )
n269        = LUT 0x8 ( n233, n264 )
n270        = LUT 0x1 ( n254, n256 )
n271        = LUT 0x4 ( n269, n270 )
n272        = LUT 0x1 ( n223, n233 )
n273        = LUT 0x8 ( n233, EQL_05 )
n274        = LUT 0x1 ( n231, n273 )
n275        = LUT 0x8 ( n231, EQL_05 )
n276        = LUT 0x1 ( n251, n272 )
n277        = LUT 0x4 ( n274, n276 )
n278        = LUT 0x4 ( n275, n277 )
n279        = LUT 0x4 ( n223, n264 )
n280        = LUT 0x1 ( n263, n279 )
n281        = LUT 0x2 ( EQL_05, n248 )
n282        = LUT 0x4 ( n267, n281 )
n283        = LUT 0x1 ( n258, n266 )
n284        = LUT 0x4 ( n268, n283 )
ENABLE_COUNT_REG_WFCIRCUIT_07 = LUT 0x1 ( CONT_EQL_06, n284 )
n286        = LUT 0x8 ( n258, n268 )
n287        = LUT 0x8 ( n266, n268 )
n288        = LUT 0x1 ( EQL_06, n287 )
n289        = LUT 0x1 ( n258, n288 )
n290        = LUT 0x8 ( n258, n266 )
n291        = LUT 0x4 ( n268, n290 )
n292        = LUT 0x4 ( n258, n268 )
n293        = LUT 0x8 ( n266, n292 )
n294        = LUT 0x4 ( EQL_06, n293 )
n295        = LUT 0x4 ( n266, EQL_06 )
n296        = LUT 0x1 ( n266, n268 )
n297        = LUT 0x8 ( n268, n295 )
n298        = LUT 0x1 ( n289, n291 )
n299        = LUT 0x4 ( n297, n298 )
n300        = LUT 0x1 ( n258, n268 )
n301        = LUT 0x8 ( n268, EQL_06 )
n302        = LUT 0x1 ( n266, n301 )
n303        = LUT 0x8 ( n266, EQL_06 )
n304        = LUT 0x1 ( n286, n300 )
n305        = LUT 0x4 ( n302, n304 )
n306        = LUT 0x4 ( n303, n305 )
n307        = LUT 0x4 ( n258, n295 )
n308        = LUT 0x1 ( n294, n307 )
n309        = LUT 0x2 ( EQL_06, n283 )
n310        = LUT 0x4 ( n296, n309 )
CC_MUX_REG_2__WFCIRCUIT_00 = LUT 0x2 ( CC_MUX_REG_2__WFCIRCUIT )
CC_MUX_REG_1__WFCIRCUIT_00 = LUT 0x2 ( CC_MUX_REG_1__WFCIRCUIT )
USCITE_REG_2__WFCIRCUIT_00 = LUT 0x2 ( USCITE_REG_2__WFCIRCUIT )
USCITE_REG_1__WFCIRCUIT_00 = LUT 0x2 ( USCITE_REG_1__WFCIRCUIT )
ENABLE_COUNT_REG_WFCIRCUIT_00 = LUT 0x2 ( ENABLE_COUNT_REG_WFCIRCUIT )
ACKOUT_REG_WFCIRCUIT_00 = LUT 0x2 ( ACKOUT_REG_WFCIRCUIT )
CC_MUX_REG_2__WFCIRCUIT_01 = LUT 0x1 ( n96 )
CC_MUX_REG_1__WFCIRCUIT_01 = LUT 0x1 ( n103 )
USCITE_REG_2__WFCIRCUIT_01 = LUT 0x1 ( n105 )
USCITE_REG_1__WFCIRCUIT_01 = LUT 0x1 ( n107 )
ACKOUT_REG_WFCIRCUIT_01 = LUT 0x2 ( ENABLE_COUNT_REG_WFCIRCUIT_01 )
CC_MUX_REG_2__WFCIRCUIT_02 = LUT 0x1 ( n131 )
CC_MUX_REG_1__WFCIRCUIT_02 = LUT 0x1 ( n138 )
USCITE_REG_2__WFCIRCUIT_02 = LUT 0x1 ( n140 )
USCITE_REG_1__WFCIRCUIT_02 = LUT 0x1 ( n142 )
ACKOUT_REG_WFCIRCUIT_02 = LUT 0x2 ( ENABLE_COUNT_REG_WFCIRCUIT_02 )
CC_MUX_REG_2__WFCIRCUIT_03 = LUT 0x1 ( n166 )
CC_MUX_REG_1__WFCIRCUIT_03 = LUT 0x1 ( n173 )
USCITE_REG_2__WFCIRCUIT_03 = LUT 0x1 ( n175 )
USCITE_REG_1__WFCIRCUIT_03 = LUT 0x1 ( n177 )
ACKOUT_REG_WFCIRCUIT_03 = LUT 0x2 ( ENABLE_COUNT_REG_WFCIRCUIT_03 )
CC_MUX_REG_2__WFCIRCUIT_04 = LUT 0x1 ( n201 )
CC_MUX_REG_1__WFCIRCUIT_04 = LUT 0x1 ( n208 )
USCITE_REG_2__WFCIRCUIT_04 = LUT 0x1 ( n210 )
USCITE_REG_1__WFCIRCUIT_04 = LUT 0x1 ( n212 )
ACKOUT_REG_WFCIRCUIT_04 = LUT 0x2 ( ENABLE_COUNT_REG_WFCIRCUIT_04 )
CC_MUX_REG_2__WFCIRCUIT_05 = LUT 0x1 ( n236 )
CC_MUX_REG_1__WFCIRCUIT_05 = LUT 0x1 ( n243 )
USCITE_REG_2__WFCIRCUIT_05 = LUT 0x1 ( n245 )
USCITE_REG_1__WFCIRCUIT_05 = LUT 0x1 ( n247 )
ACKOUT_REG_WFCIRCUIT_05 = LUT 0x2 ( ENABLE_COUNT_REG_WFCIRCUIT_05 )
CC_MUX_REG_2__WFCIRCUIT_06 = LUT 0x1 ( n271 )
CC_MUX_REG_1__WFCIRCUIT_06 = LUT 0x1 ( n278 )
USCITE_REG_2__WFCIRCUIT_06 = LUT 0x1 ( n280 )
USCITE_REG_1__WFCIRCUIT_06 = LUT 0x1 ( n282 )
ACKOUT_REG_WFCIRCUIT_06 = LUT 0x2 ( ENABLE_COUNT_REG_WFCIRCUIT_06 )
CC_MUX_REG_2__WFCIRCUIT_07 = LUT 0x1 ( n299 )
CC_MUX_REG_1__WFCIRCUIT_07 = LUT 0x1 ( n306 )
USCITE_REG_2__WFCIRCUIT_07 = LUT 0x1 ( n308 )
USCITE_REG_1__WFCIRCUIT_07 = LUT 0x1 ( n310 )
ACKOUT_REG_WFCIRCUIT_07 = LUT 0x2 ( ENABLE_COUNT_REG_WFCIRCUIT_07 )
