# Benchmark "faults\fault_STATE_REG_1___false_8_frames" written by ABC on Tue Dec 06 01:11:03 2011
INPUT(ACKOUT_REG_WFCIRCUIT)
INPUT(STATE_REG_2__WFCIRCUIT)
INPUT(STATE_REG_1__WFCIRCUIT)
INPUT(STATE_REG_0__WFCIRCUIT)
INPUT(CC_MUX_REG_2__WFCIRCUIT)
INPUT(CC_MUX_REG_1__WFCIRCUIT)
INPUT(USCITE_REG_2__WFCIRCUIT)
INPUT(USCITE_REG_1__WFCIRCUIT)
INPUT(ENABLE_COUNT_REG_WFCIRCUIT)
INPUT(EQL_00)
INPUT(CONT_EQL_00)
INPUT(EQL_01)
INPUT(CONT_EQL_01)
INPUT(EQL_02)
INPUT(CONT_EQL_02)
INPUT(EQL_03)
INPUT(CONT_EQL_03)
INPUT(EQL_04)
INPUT(CONT_EQL_04)
INPUT(EQL_05)
INPUT(CONT_EQL_05)
INPUT(EQL_06)
INPUT(CONT_EQL_06)
INPUT(EQL_07)
INPUT(CONT_EQL_07)
OUTPUT(CC_MUX_REG_2__WFCIRCUIT_00)
OUTPUT(CC_MUX_REG_1__WFCIRCUIT_00)
OUTPUT(USCITE_REG_2__WFCIRCUIT_00)
OUTPUT(USCITE_REG_1__WFCIRCUIT_00)
OUTPUT(ENABLE_COUNT_REG_WFCIRCUIT_00)
OUTPUT(ACKOUT_REG_WFCIRCUIT_00)
OUTPUT(CC_MUX_REG_2__WFCIRCUIT_01)
OUTPUT(CC_MUX_REG_1__WFCIRCUIT_01)
OUTPUT(USCITE_REG_2__WFCIRCUIT_01)
OUTPUT(USCITE_REG_1__WFCIRCUIT_01)
OUTPUT(ENABLE_COUNT_REG_WFCIRCUIT_01)
OUTPUT(ACKOUT_REG_WFCIRCUIT_01)
OUTPUT(CC_MUX_REG_2__WFCIRCUIT_02)
OUTPUT(CC_MUX_REG_1__WFCIRCUIT_02)
OUTPUT(USCITE_REG_2__WFCIRCUIT_02)
OUTPUT(USCITE_REG_1__WFCIRCUIT_02)
OUTPUT(ENABLE_COUNT_REG_WFCIRCUIT_02)
OUTPUT(ACKOUT_REG_WFCIRCUIT_02)
OUTPUT(CC_MUX_REG_2__WFCIRCUIT_03)
OUTPUT(CC_MUX_REG_1__WFCIRCUIT_03)
OUTPUT(USCITE_REG_2__WFCIRCUIT_03)
OUTPUT(USCITE_REG_1__WFCIRCUIT_03)
OUTPUT(ENABLE_COUNT_REG_WFCIRCUIT_03)
OUTPUT(ACKOUT_REG_WFCIRCUIT_03)
OUTPUT(CC_MUX_REG_2__WFCIRCUIT_04)
OUTPUT(CC_MUX_REG_1__WFCIRCUIT_04)
OUTPUT(USCITE_REG_2__WFCIRCUIT_04)
OUTPUT(USCITE_REG_1__WFCIRCUIT_04)
OUTPUT(ENABLE_COUNT_REG_WFCIRCUIT_04)
OUTPUT(ACKOUT_REG_WFCIRCUIT_04)
OUTPUT(CC_MUX_REG_2__WFCIRCUIT_05)
OUTPUT(CC_MUX_REG_1__WFCIRCUIT_05)
OUTPUT(USCITE_REG_2__WFCIRCUIT_05)
OUTPUT(USCITE_REG_1__WFCIRCUIT_05)
OUTPUT(ENABLE_COUNT_REG_WFCIRCUIT_05)
OUTPUT(ACKOUT_REG_WFCIRCUIT_05)
OUTPUT(CC_MUX_REG_2__WFCIRCUIT_06)
OUTPUT(CC_MUX_REG_1__WFCIRCUIT_06)
OUTPUT(USCITE_REG_2__WFCIRCUIT_06)
OUTPUT(USCITE_REG_1__WFCIRCUIT_06)
OUTPUT(ENABLE_COUNT_REG_WFCIRCUIT_06)
OUTPUT(ACKOUT_REG_WFCIRCUIT_06)
OUTPUT(CC_MUX_REG_2__WFCIRCUIT_07)
OUTPUT(CC_MUX_REG_1__WFCIRCUIT_07)
OUTPUT(USCITE_REG_2__WFCIRCUIT_07)
OUTPUT(USCITE_REG_1__WFCIRCUIT_07)
OUTPUT(ENABLE_COUNT_REG_WFCIRCUIT_07)
OUTPUT(ACKOUT_REG_WFCIRCUIT_07)
n73         = LUT 0x8 ( STATE_REG_2__WFCIRCUIT, STATE_REG_0__WFCIRCUIT )
n74         = LUT 0x1 ( CONT_EQL_00, n73 )
n75         = LUT 0x1 ( STATE_REG_2__WFCIRCUIT, STATE_REG_0__WFCIRCUIT )
n76         = LUT 0x4 ( EQL_00, n75 )
n77         = LUT 0x1 ( n74, n76 )
USCITE_REG_2__WFCIRCUIT_01 = LUT 0x8 ( STATE_REG_2__WFCIRCUIT, EQL_00 )
n79         = LUT 0x4 ( STATE_REG_2__WFCIRCUIT, EQL_00 )
n80         = LUT 0x4 ( STATE_REG_0__WFCIRCUIT, EQL_00 )
n81         = LUT 0x1 ( USCITE_REG_2__WFCIRCUIT_01, n80 )
n82         = LUT 0x1 ( n73, n75 )
n83         = LUT 0x8 ( n80, n82 )
n84         = LUT 0x4 ( STATE_REG_0__WFCIRCUIT, n79 )
n85         = LUT 0x2 ( USCITE_REG_2__WFCIRCUIT_01, n80 )
n86         = LUT 0x1 ( CONT_EQL_01, n85 )
n87         = LUT 0x4 ( USCITE_REG_2__WFCIRCUIT_01, n80 )
n88         = LUT 0x4 ( EQL_01, n87 )
n89         = LUT 0x1 ( n86, n88 )
USCITE_REG_2__WFCIRCUIT_02 = LUT 0x8 ( USCITE_REG_2__WFCIRCUIT_01, EQL_01 )
n91         = LUT 0x4 ( USCITE_REG_2__WFCIRCUIT_01, EQL_01 )
n92         = LUT 0x8 ( n80, EQL_01 )
n93         = LUT 0x1 ( USCITE_REG_2__WFCIRCUIT_02, n92 )
n94         = LUT 0x1 ( n85, n87 )
n95         = LUT 0x8 ( n92, n94 )
n96         = LUT 0x8 ( n80, n91 )
n97         = LUT 0x2 ( USCITE_REG_2__WFCIRCUIT_02, n92 )
n98         = LUT 0x1 ( CONT_EQL_02, n97 )
n99         = LUT 0x4 ( USCITE_REG_2__WFCIRCUIT_02, n92 )
n100        = LUT 0x4 ( EQL_02, n99 )
n101        = LUT 0x1 ( n98, n100 )
USCITE_REG_2__WFCIRCUIT_03 = LUT 0x8 ( USCITE_REG_2__WFCIRCUIT_02, EQL_02 )
n103        = LUT 0x4 ( USCITE_REG_2__WFCIRCUIT_02, EQL_02 )
n104        = LUT 0x8 ( n92, EQL_02 )
n105        = LUT 0x1 ( USCITE_REG_2__WFCIRCUIT_03, n104 )
n106        = LUT 0x1 ( n97, n99 )
n107        = LUT 0x8 ( n104, n106 )
n108        = LUT 0x8 ( n92, n103 )
n109        = LUT 0x2 ( USCITE_REG_2__WFCIRCUIT_03, n104 )
n110        = LUT 0x1 ( CONT_EQL_03, n109 )
n111        = LUT 0x4 ( USCITE_REG_2__WFCIRCUIT_03, n104 )
n112        = LUT 0x4 ( EQL_03, n111 )
n113        = LUT 0x1 ( n110, n112 )
USCITE_REG_2__WFCIRCUIT_04 = LUT 0x8 ( USCITE_REG_2__WFCIRCUIT_03, EQL_03 )
n115        = LUT 0x4 ( USCITE_REG_2__WFCIRCUIT_03, EQL_03 )
n116        = LUT 0x8 ( n104, EQL_03 )
n117        = LUT 0x1 ( USCITE_REG_2__WFCIRCUIT_04, n116 )
n118        = LUT 0x1 ( n109, n111 )
n119        = LUT 0x8 ( n116, n118 )
n120        = LUT 0x8 ( n104, n115 )
n121        = LUT 0x2 ( USCITE_REG_2__WFCIRCUIT_04, n116 )
n122        = LUT 0x1 ( CONT_EQL_04, n121 )
n123        = LUT 0x4 ( USCITE_REG_2__WFCIRCUIT_04, n116 )
n124        = LUT 0x4 ( EQL_04, n123 )
n125        = LUT 0x1 ( n122, n124 )
USCITE_REG_2__WFCIRCUIT_05 = LUT 0x8 ( USCITE_REG_2__WFCIRCUIT_04, EQL_04 )
n127        = LUT 0x4 ( USCITE_REG_2__WFCIRCUIT_04, EQL_04 )
n128        = LUT 0x8 ( n116, EQL_04 )
n129        = LUT 0x1 ( USCITE_REG_2__WFCIRCUIT_05, n128 )
n130        = LUT 0x1 ( n121, n123 )
n131        = LUT 0x8 ( n128, n130 )
n132        = LUT 0x8 ( n116, n127 )
n133        = LUT 0x2 ( USCITE_REG_2__WFCIRCUIT_05, n128 )
n134        = LUT 0x1 ( CONT_EQL_05, n133 )
n135        = LUT 0x4 ( USCITE_REG_2__WFCIRCUIT_05, n128 )
n136        = LUT 0x4 ( EQL_05, n135 )
n137        = LUT 0x1 ( n134, n136 )
USCITE_REG_2__WFCIRCUIT_06 = LUT 0x8 ( USCITE_REG_2__WFCIRCUIT_05, EQL_05 )
n139        = LUT 0x4 ( USCITE_REG_2__WFCIRCUIT_05, EQL_05 )
n140        = LUT 0x8 ( n128, EQL_05 )
n141        = LUT 0x1 ( USCITE_REG_2__WFCIRCUIT_06, n140 )
n142        = LUT 0x1 ( n133, n135 )
n143        = LUT 0x8 ( n140, n142 )
n144        = LUT 0x8 ( n128, n139 )
n145        = LUT 0x2 ( USCITE_REG_2__WFCIRCUIT_06, n140 )
n146        = LUT 0x1 ( CONT_EQL_06, n145 )
n147        = LUT 0x4 ( USCITE_REG_2__WFCIRCUIT_06, n140 )
n148        = LUT 0x4 ( EQL_06, n147 )
n149        = LUT 0x1 ( n146, n148 )
USCITE_REG_2__WFCIRCUIT_07 = LUT 0x8 ( USCITE_REG_2__WFCIRCUIT_06, EQL_06 )
n151        = LUT 0x4 ( USCITE_REG_2__WFCIRCUIT_06, EQL_06 )
n152        = LUT 0x8 ( n140, EQL_06 )
n153        = LUT 0x1 ( USCITE_REG_2__WFCIRCUIT_07, n152 )
n154        = LUT 0x1 ( n145, n147 )
n155        = LUT 0x8 ( n152, n154 )
n156        = LUT 0x8 ( n140, n151 )
CC_MUX_REG_2__WFCIRCUIT_00 = LUT 0x2 ( CC_MUX_REG_2__WFCIRCUIT )
CC_MUX_REG_1__WFCIRCUIT_00 = LUT 0x2 ( CC_MUX_REG_1__WFCIRCUIT )
USCITE_REG_2__WFCIRCUIT_00 = LUT 0x2 ( USCITE_REG_2__WFCIRCUIT )
USCITE_REG_1__WFCIRCUIT_00 = LUT 0x2 ( USCITE_REG_1__WFCIRCUIT )
ENABLE_COUNT_REG_WFCIRCUIT_00 = LUT 0x2 ( ENABLE_COUNT_REG_WFCIRCUIT )
ACKOUT_REG_WFCIRCUIT_00 = LUT 0x2 ( ACKOUT_REG_WFCIRCUIT )
CC_MUX_REG_2__WFCIRCUIT_01 = LUT 0x1 ( n81 )
CC_MUX_REG_1__WFCIRCUIT_01 = LUT 0x1 ( n83 )
USCITE_REG_1__WFCIRCUIT_01 = LUT 0x1 ( n84 )
ENABLE_COUNT_REG_WFCIRCUIT_01 = LUT 0x1 ( n77 )
ACKOUT_REG_WFCIRCUIT_01 = LUT 0x1 ( n77 )
CC_MUX_REG_2__WFCIRCUIT_02 = LUT 0x1 ( n93 )
CC_MUX_REG_1__WFCIRCUIT_02 = LUT 0x1 ( n95 )
USCITE_REG_1__WFCIRCUIT_02 = LUT 0x1 ( n96 )
ENABLE_COUNT_REG_WFCIRCUIT_02 = LUT 0x1 ( n89 )
ACKOUT_REG_WFCIRCUIT_02 = LUT 0x1 ( n89 )
CC_MUX_REG_2__WFCIRCUIT_03 = LUT 0x1 ( n105 )
CC_MUX_REG_1__WFCIRCUIT_03 = LUT 0x1 ( n107 )
USCITE_REG_1__WFCIRCUIT_03 = LUT 0x1 ( n108 )
ENABLE_COUNT_REG_WFCIRCUIT_03 = LUT 0x1 ( n101 )
ACKOUT_REG_WFCIRCUIT_03 = LUT 0x1 ( n101 )
CC_MUX_REG_2__WFCIRCUIT_04 = LUT 0x1 ( n117 )
CC_MUX_REG_1__WFCIRCUIT_04 = LUT 0x1 ( n119 )
USCITE_REG_1__WFCIRCUIT_04 = LUT 0x1 ( n120 )
ENABLE_COUNT_REG_WFCIRCUIT_04 = LUT 0x1 ( n113 )
ACKOUT_REG_WFCIRCUIT_04 = LUT 0x1 ( n113 )
CC_MUX_REG_2__WFCIRCUIT_05 = LUT 0x1 ( n129 )
CC_MUX_REG_1__WFCIRCUIT_05 = LUT 0x1 ( n131 )
USCITE_REG_1__WFCIRCUIT_05 = LUT 0x1 ( n132 )
ENABLE_COUNT_REG_WFCIRCUIT_05 = LUT 0x1 ( n125 )
ACKOUT_REG_WFCIRCUIT_05 = LUT 0x1 ( n125 )
CC_MUX_REG_2__WFCIRCUIT_06 = LUT 0x1 ( n141 )
CC_MUX_REG_1__WFCIRCUIT_06 = LUT 0x1 ( n143 )
USCITE_REG_1__WFCIRCUIT_06 = LUT 0x1 ( n144 )
ENABLE_COUNT_REG_WFCIRCUIT_06 = LUT 0x1 ( n137 )
ACKOUT_REG_WFCIRCUIT_06 = LUT 0x1 ( n137 )
CC_MUX_REG_2__WFCIRCUIT_07 = LUT 0x1 ( n153 )
CC_MUX_REG_1__WFCIRCUIT_07 = LUT 0x1 ( n155 )
USCITE_REG_1__WFCIRCUIT_07 = LUT 0x1 ( n156 )
ENABLE_COUNT_REG_WFCIRCUIT_07 = LUT 0x1 ( n149 )
ACKOUT_REG_WFCIRCUIT_07 = LUT 0x1 ( n149 )
