# Benchmark "faults\fault_U55__true_8_frames" written by ABC on Tue Dec 06 01:11:13 2011
INPUT(ACKOUT_REG_WFCIRCUIT)
INPUT(STATE_REG_2__WFCIRCUIT)
INPUT(STATE_REG_1__WFCIRCUIT)
INPUT(STATE_REG_0__WFCIRCUIT)
INPUT(CC_MUX_REG_2__WFCIRCUIT)
INPUT(CC_MUX_REG_1__WFCIRCUIT)
INPUT(USCITE_REG_2__WFCIRCUIT)
INPUT(USCITE_REG_1__WFCIRCUIT)
INPUT(ENABLE_COUNT_REG_WFCIRCUIT)
INPUT(EQL_00)
INPUT(CONT_EQL_00)
INPUT(EQL_01)
INPUT(CONT_EQL_01)
INPUT(EQL_02)
INPUT(CONT_EQL_02)
INPUT(EQL_03)
INPUT(CONT_EQL_03)
INPUT(EQL_04)
INPUT(CONT_EQL_04)
INPUT(EQL_05)
INPUT(CONT_EQL_05)
INPUT(EQL_06)
INPUT(CONT_EQL_06)
INPUT(EQL_07)
INPUT(CONT_EQL_07)
OUTPUT(CC_MUX_REG_2__WFCIRCUIT_00)
OUTPUT(CC_MUX_REG_1__WFCIRCUIT_00)
OUTPUT(USCITE_REG_2__WFCIRCUIT_00)
OUTPUT(USCITE_REG_1__WFCIRCUIT_00)
OUTPUT(ENABLE_COUNT_REG_WFCIRCUIT_00)
OUTPUT(ACKOUT_REG_WFCIRCUIT_00)
OUTPUT(CC_MUX_REG_2__WFCIRCUIT_01)
OUTPUT(CC_MUX_REG_1__WFCIRCUIT_01)
OUTPUT(USCITE_REG_2__WFCIRCUIT_01)
OUTPUT(USCITE_REG_1__WFCIRCUIT_01)
OUTPUT(ENABLE_COUNT_REG_WFCIRCUIT_01)
OUTPUT(ACKOUT_REG_WFCIRCUIT_01)
OUTPUT(CC_MUX_REG_2__WFCIRCUIT_02)
OUTPUT(CC_MUX_REG_1__WFCIRCUIT_02)
OUTPUT(USCITE_REG_2__WFCIRCUIT_02)
OUTPUT(USCITE_REG_1__WFCIRCUIT_02)
OUTPUT(ENABLE_COUNT_REG_WFCIRCUIT_02)
OUTPUT(ACKOUT_REG_WFCIRCUIT_02)
OUTPUT(CC_MUX_REG_2__WFCIRCUIT_03)
OUTPUT(CC_MUX_REG_1__WFCIRCUIT_03)
OUTPUT(USCITE_REG_2__WFCIRCUIT_03)
OUTPUT(USCITE_REG_1__WFCIRCUIT_03)
OUTPUT(ENABLE_COUNT_REG_WFCIRCUIT_03)
OUTPUT(ACKOUT_REG_WFCIRCUIT_03)
OUTPUT(CC_MUX_REG_2__WFCIRCUIT_04)
OUTPUT(CC_MUX_REG_1__WFCIRCUIT_04)
OUTPUT(USCITE_REG_2__WFCIRCUIT_04)
OUTPUT(USCITE_REG_1__WFCIRCUIT_04)
OUTPUT(ENABLE_COUNT_REG_WFCIRCUIT_04)
OUTPUT(ACKOUT_REG_WFCIRCUIT_04)
OUTPUT(CC_MUX_REG_2__WFCIRCUIT_05)
OUTPUT(CC_MUX_REG_1__WFCIRCUIT_05)
OUTPUT(USCITE_REG_2__WFCIRCUIT_05)
OUTPUT(USCITE_REG_1__WFCIRCUIT_05)
OUTPUT(ENABLE_COUNT_REG_WFCIRCUIT_05)
OUTPUT(ACKOUT_REG_WFCIRCUIT_05)
OUTPUT(CC_MUX_REG_2__WFCIRCUIT_06)
OUTPUT(CC_MUX_REG_1__WFCIRCUIT_06)
OUTPUT(USCITE_REG_2__WFCIRCUIT_06)
OUTPUT(USCITE_REG_1__WFCIRCUIT_06)
OUTPUT(ENABLE_COUNT_REG_WFCIRCUIT_06)
OUTPUT(ACKOUT_REG_WFCIRCUIT_06)
OUTPUT(CC_MUX_REG_2__WFCIRCUIT_07)
OUTPUT(CC_MUX_REG_1__WFCIRCUIT_07)
OUTPUT(USCITE_REG_2__WFCIRCUIT_07)
OUTPUT(USCITE_REG_1__WFCIRCUIT_07)
OUTPUT(ENABLE_COUNT_REG_WFCIRCUIT_07)
OUTPUT(ACKOUT_REG_WFCIRCUIT_07)
n73         = LUT 0x8 ( STATE_REG_2__WFCIRCUIT, STATE_REG_1__WFCIRCUIT )
n74         = LUT 0x8 ( STATE_REG_0__WFCIRCUIT, n73 )
n75         = LUT 0x1 ( CONT_EQL_00, n74 )
n76         = LUT 0x1 ( STATE_REG_2__WFCIRCUIT, STATE_REG_0__WFCIRCUIT )
n77         = LUT 0x2 ( STATE_REG_1__WFCIRCUIT, EQL_00 )
n78         = LUT 0x8 ( n76, n77 )
n79         = LUT 0x1 ( n75, n78 )
n80         = LUT 0x1 ( STATE_REG_1__WFCIRCUIT, STATE_REG_0__WFCIRCUIT )
n81         = LUT 0x1 ( EQL_00, n80 )
n82         = LUT 0x2 ( STATE_REG_2__WFCIRCUIT, n81 )
n83         = LUT 0x1 ( STATE_REG_2__WFCIRCUIT, STATE_REG_1__WFCIRCUIT )
n84         = LUT 0x8 ( STATE_REG_0__WFCIRCUIT, n83 )
n85         = LUT 0x4 ( EQL_00, n84 )
n86         = LUT 0x1 ( n82, n85 )
n87         = LUT 0x8 ( STATE_REG_1__WFCIRCUIT, n76 )
n88         = LUT 0x4 ( STATE_REG_2__WFCIRCUIT, EQL_00 )
n89         = LUT 0x8 ( STATE_REG_0__WFCIRCUIT, n88 )
n90         = LUT 0x2 ( STATE_REG_2__WFCIRCUIT, STATE_REG_0__WFCIRCUIT )
n91         = LUT 0x4 ( STATE_REG_1__WFCIRCUIT, n90 )
n92         = LUT 0x4 ( EQL_00, n91 )
n93         = LUT 0x8 ( STATE_REG_1__WFCIRCUIT, EQL_00 )
n94         = LUT 0x1 ( n87, n89 )
n95         = LUT 0x4 ( n92, n94 )
n96         = LUT 0x4 ( n93, n95 )
n97         = LUT 0x8 ( STATE_REG_1__WFCIRCUIT, STATE_REG_0__WFCIRCUIT )
n98         = LUT 0x4 ( STATE_REG_1__WFCIRCUIT, n76 )
n99         = LUT 0x1 ( n97, n98 )
n100        = LUT 0x4 ( STATE_REG_0__WFCIRCUIT, n93 )
n101        = LUT 0x1 ( n82, n84 )
n102        = LUT 0x4 ( n100, n101 )
n103        = LUT 0x8 ( STATE_REG_2__WFCIRCUIT, STATE_REG_0__WFCIRCUIT )
n104        = LUT 0x4 ( STATE_REG_0__WFCIRCUIT, EQL_00 )
n105        = LUT 0x2 ( STATE_REG_1__WFCIRCUIT, n104 )
n106        = LUT 0x4 ( STATE_REG_1__WFCIRCUIT, EQL_00 )
n107        = LUT 0x1 ( n76, n103 )
n108        = LUT 0x4 ( n105, n107 )
n109        = LUT 0x4 ( n106, n108 )
n110        = LUT 0x8 ( STATE_REG_2__WFCIRCUIT, n93 )
n111        = LUT 0x1 ( n92, n110 )
n112        = LUT 0x2 ( EQL_00, n73 )
n113        = LUT 0x8 ( n99, n112 )
n114        = LUT 0x1 ( n86, n96 )
n115        = LUT 0x1 ( n96, EQL_01 )
n116        = LUT 0x8 ( n86, n115 )
n117        = LUT 0x2 ( CONT_EQL_01, n116 )
n118        = LUT 0x1 ( n86, n115 )
n119        = LUT 0x8 ( n86, n96 )
n120        = LUT 0x2 ( n86, n96 )
n121        = LUT 0x4 ( n86, n96 )
n122        = LUT 0x4 ( EQL_01, n121 )
n123        = LUT 0x4 ( n96, EQL_01 )
n124        = LUT 0x1 ( n120, n122 )
n125        = LUT 0x4 ( n123, n124 )
n126        = LUT 0x1 ( n118, n123 )
n127        = LUT 0x8 ( n96, EQL_01 )
n128        = LUT 0x2 ( n118, n127 )
n129        = LUT 0x4 ( n86, n123 )
n130        = LUT 0x1 ( n122, n129 )
n131        = LUT 0x2 ( EQL_01, n114 )
n132        = LUT 0x4 ( n119, n131 )
n133        = LUT 0x2 ( n118, n125 )
n134        = LUT 0x1 ( n125, EQL_02 )
n135        = LUT 0x4 ( n118, n134 )
n136        = LUT 0x2 ( CONT_EQL_02, n135 )
n137        = LUT 0x2 ( n118, n134 )
n138        = LUT 0x4 ( n118, n125 )
n139        = LUT 0x1 ( n118, n125 )
n140        = LUT 0x8 ( n118, n125 )
n141        = LUT 0x4 ( EQL_02, n140 )
n142        = LUT 0x4 ( n125, EQL_02 )
n143        = LUT 0x1 ( n139, n141 )
n144        = LUT 0x4 ( n142, n143 )
n145        = LUT 0x1 ( n137, n142 )
n146        = LUT 0x8 ( n125, EQL_02 )
n147        = LUT 0x2 ( n137, n146 )
n148        = LUT 0x8 ( n118, n142 )
n149        = LUT 0x1 ( n141, n148 )
n150        = LUT 0x2 ( EQL_02, n133 )
n151        = LUT 0x4 ( n138, n150 )
n152        = LUT 0x2 ( n137, n144 )
n153        = LUT 0x1 ( n144, EQL_03 )
n154        = LUT 0x4 ( n137, n153 )
n155        = LUT 0x2 ( CONT_EQL_03, n154 )
n156        = LUT 0x2 ( n137, n153 )
n157        = LUT 0x4 ( n137, n144 )
n158        = LUT 0x1 ( n137, n144 )
n159        = LUT 0x8 ( n137, n144 )
n160        = LUT 0x4 ( EQL_03, n159 )
n161        = LUT 0x4 ( n144, EQL_03 )
n162        = LUT 0x1 ( n158, n160 )
n163        = LUT 0x4 ( n161, n162 )
n164        = LUT 0x1 ( n156, n161 )
n165        = LUT 0x8 ( n144, EQL_03 )
n166        = LUT 0x2 ( n156, n165 )
n167        = LUT 0x8 ( n137, n161 )
n168        = LUT 0x1 ( n160, n167 )
n169        = LUT 0x2 ( EQL_03, n152 )
n170        = LUT 0x4 ( n157, n169 )
n171        = LUT 0x2 ( n156, n163 )
n172        = LUT 0x1 ( n163, EQL_04 )
n173        = LUT 0x4 ( n156, n172 )
n174        = LUT 0x2 ( CONT_EQL_04, n173 )
n175        = LUT 0x2 ( n156, n172 )
n176        = LUT 0x4 ( n156, n163 )
n177        = LUT 0x1 ( n156, n163 )
n178        = LUT 0x8 ( n156, n163 )
n179        = LUT 0x4 ( EQL_04, n178 )
n180        = LUT 0x4 ( n163, EQL_04 )
n181        = LUT 0x1 ( n177, n179 )
n182        = LUT 0x4 ( n180, n181 )
n183        = LUT 0x1 ( n175, n180 )
n184        = LUT 0x8 ( n163, EQL_04 )
n185        = LUT 0x2 ( n175, n184 )
n186        = LUT 0x8 ( n156, n180 )
n187        = LUT 0x1 ( n179, n186 )
n188        = LUT 0x2 ( EQL_04, n171 )
n189        = LUT 0x4 ( n176, n188 )
n190        = LUT 0x2 ( n175, n182 )
n191        = LUT 0x1 ( n182, EQL_05 )
n192        = LUT 0x4 ( n175, n191 )
n193        = LUT 0x2 ( CONT_EQL_05, n192 )
n194        = LUT 0x2 ( n175, n191 )
n195        = LUT 0x4 ( n175, n182 )
n196        = LUT 0x1 ( n175, n182 )
n197        = LUT 0x8 ( n175, n182 )
n198        = LUT 0x4 ( EQL_05, n197 )
n199        = LUT 0x4 ( n182, EQL_05 )
n200        = LUT 0x1 ( n196, n198 )
n201        = LUT 0x4 ( n199, n200 )
n202        = LUT 0x1 ( n194, n199 )
n203        = LUT 0x8 ( n182, EQL_05 )
n204        = LUT 0x2 ( n194, n203 )
n205        = LUT 0x8 ( n175, n199 )
n206        = LUT 0x1 ( n198, n205 )
n207        = LUT 0x2 ( EQL_05, n190 )
n208        = LUT 0x4 ( n195, n207 )
n209        = LUT 0x2 ( n194, n201 )
n210        = LUT 0x1 ( n201, EQL_06 )
n211        = LUT 0x4 ( n194, n210 )
n212        = LUT 0x2 ( CONT_EQL_06, n211 )
n213        = LUT 0x2 ( n194, n210 )
n214        = LUT 0x4 ( n194, n201 )
n215        = LUT 0x8 ( n194, n201 )
n216        = LUT 0x4 ( EQL_06, n215 )
n217        = LUT 0x4 ( n201, EQL_06 )
n218        = LUT 0x1 ( n213, n217 )
n219        = LUT 0x8 ( n201, EQL_06 )
n220        = LUT 0x2 ( n213, n219 )
n221        = LUT 0x8 ( n194, n217 )
n222        = LUT 0x1 ( n216, n221 )
n223        = LUT 0x2 ( EQL_06, n209 )
n224        = LUT 0x4 ( n214, n223 )
CC_MUX_REG_2__WFCIRCUIT_00 = LUT 0x2 ( CC_MUX_REG_2__WFCIRCUIT )
CC_MUX_REG_1__WFCIRCUIT_00 = LUT 0x2 ( CC_MUX_REG_1__WFCIRCUIT )
USCITE_REG_2__WFCIRCUIT_00 = LUT 0x2 ( USCITE_REG_2__WFCIRCUIT )
USCITE_REG_1__WFCIRCUIT_00 = LUT 0x2 ( USCITE_REG_1__WFCIRCUIT )
ENABLE_COUNT_REG_WFCIRCUIT_00 = LUT 0x2 ( ENABLE_COUNT_REG_WFCIRCUIT )
ACKOUT_REG_WFCIRCUIT_00 = LUT 0x2 ( ACKOUT_REG_WFCIRCUIT )
CC_MUX_REG_2__WFCIRCUIT_01 = LUT 0x1 ( n102 )
CC_MUX_REG_1__WFCIRCUIT_01 = LUT 0x1 ( n109 )
USCITE_REG_2__WFCIRCUIT_01 = LUT 0x1 ( n111 )
USCITE_REG_1__WFCIRCUIT_01 = LUT 0x1 ( n113 )
ENABLE_COUNT_REG_WFCIRCUIT_01 = LUT 0x1 ( n79 )
ACKOUT_REG_WFCIRCUIT_01 = LUT 0x1 ( n79 )
CC_MUX_REG_2__WFCIRCUIT_02 = LUT 0x1 ( n126 )
CC_MUX_REG_1__WFCIRCUIT_02 = LUT 0x1 ( n128 )
USCITE_REG_2__WFCIRCUIT_02 = LUT 0x1 ( n130 )
USCITE_REG_1__WFCIRCUIT_02 = LUT 0x1 ( n132 )
ENABLE_COUNT_REG_WFCIRCUIT_02 = LUT 0x1 ( n117 )
ACKOUT_REG_WFCIRCUIT_02 = LUT 0x1 ( n117 )
CC_MUX_REG_2__WFCIRCUIT_03 = LUT 0x1 ( n145 )
CC_MUX_REG_1__WFCIRCUIT_03 = LUT 0x1 ( n147 )
USCITE_REG_2__WFCIRCUIT_03 = LUT 0x1 ( n149 )
USCITE_REG_1__WFCIRCUIT_03 = LUT 0x1 ( n151 )
ENABLE_COUNT_REG_WFCIRCUIT_03 = LUT 0x1 ( n136 )
ACKOUT_REG_WFCIRCUIT_03 = LUT 0x1 ( n136 )
CC_MUX_REG_2__WFCIRCUIT_04 = LUT 0x1 ( n164 )
CC_MUX_REG_1__WFCIRCUIT_04 = LUT 0x1 ( n166 )
USCITE_REG_2__WFCIRCUIT_04 = LUT 0x1 ( n168 )
USCITE_REG_1__WFCIRCUIT_04 = LUT 0x1 ( n170 )
ENABLE_COUNT_REG_WFCIRCUIT_04 = LUT 0x1 ( n155 )
ACKOUT_REG_WFCIRCUIT_04 = LUT 0x1 ( n155 )
CC_MUX_REG_2__WFCIRCUIT_05 = LUT 0x1 ( n183 )
CC_MUX_REG_1__WFCIRCUIT_05 = LUT 0x1 ( n185 )
USCITE_REG_2__WFCIRCUIT_05 = LUT 0x1 ( n187 )
USCITE_REG_1__WFCIRCUIT_05 = LUT 0x1 ( n189 )
ENABLE_COUNT_REG_WFCIRCUIT_05 = LUT 0x1 ( n174 )
ACKOUT_REG_WFCIRCUIT_05 = LUT 0x1 ( n174 )
CC_MUX_REG_2__WFCIRCUIT_06 = LUT 0x1 ( n202 )
CC_MUX_REG_1__WFCIRCUIT_06 = LUT 0x1 ( n204 )
USCITE_REG_2__WFCIRCUIT_06 = LUT 0x1 ( n206 )
USCITE_REG_1__WFCIRCUIT_06 = LUT 0x1 ( n208 )
ENABLE_COUNT_REG_WFCIRCUIT_06 = LUT 0x1 ( n193 )
ACKOUT_REG_WFCIRCUIT_06 = LUT 0x1 ( n193 )
CC_MUX_REG_2__WFCIRCUIT_07 = LUT 0x1 ( n218 )
CC_MUX_REG_1__WFCIRCUIT_07 = LUT 0x1 ( n220 )
USCITE_REG_2__WFCIRCUIT_07 = LUT 0x1 ( n222 )
USCITE_REG_1__WFCIRCUIT_07 = LUT 0x1 ( n224 )
ENABLE_COUNT_REG_WFCIRCUIT_07 = LUT 0x1 ( n212 )
ACKOUT_REG_WFCIRCUIT_07 = LUT 0x1 ( n212 )
