# Benchmark "faults\fault_U70__true_8_frames" written by ABC on Tue Dec 06 01:11:24 2011
INPUT(ACKOUT_REG_WFCIRCUIT)
INPUT(STATE_REG_2__WFCIRCUIT)
INPUT(STATE_REG_1__WFCIRCUIT)
INPUT(STATE_REG_0__WFCIRCUIT)
INPUT(CC_MUX_REG_2__WFCIRCUIT)
INPUT(CC_MUX_REG_1__WFCIRCUIT)
INPUT(USCITE_REG_2__WFCIRCUIT)
INPUT(USCITE_REG_1__WFCIRCUIT)
INPUT(ENABLE_COUNT_REG_WFCIRCUIT)
INPUT(EQL_00)
INPUT(CONT_EQL_00)
INPUT(EQL_01)
INPUT(CONT_EQL_01)
INPUT(EQL_02)
INPUT(CONT_EQL_02)
INPUT(EQL_03)
INPUT(CONT_EQL_03)
INPUT(EQL_04)
INPUT(CONT_EQL_04)
INPUT(EQL_05)
INPUT(CONT_EQL_05)
INPUT(EQL_06)
INPUT(CONT_EQL_06)
INPUT(EQL_07)
INPUT(CONT_EQL_07)
OUTPUT(CC_MUX_REG_2__WFCIRCUIT_00)
OUTPUT(CC_MUX_REG_1__WFCIRCUIT_00)
OUTPUT(USCITE_REG_2__WFCIRCUIT_00)
OUTPUT(USCITE_REG_1__WFCIRCUIT_00)
OUTPUT(ENABLE_COUNT_REG_WFCIRCUIT_00)
OUTPUT(ACKOUT_REG_WFCIRCUIT_00)
OUTPUT(CC_MUX_REG_2__WFCIRCUIT_01)
OUTPUT(CC_MUX_REG_1__WFCIRCUIT_01)
OUTPUT(USCITE_REG_2__WFCIRCUIT_01)
OUTPUT(USCITE_REG_1__WFCIRCUIT_01)
OUTPUT(ENABLE_COUNT_REG_WFCIRCUIT_01)
OUTPUT(ACKOUT_REG_WFCIRCUIT_01)
OUTPUT(CC_MUX_REG_2__WFCIRCUIT_02)
OUTPUT(CC_MUX_REG_1__WFCIRCUIT_02)
OUTPUT(USCITE_REG_2__WFCIRCUIT_02)
OUTPUT(USCITE_REG_1__WFCIRCUIT_02)
OUTPUT(ENABLE_COUNT_REG_WFCIRCUIT_02)
OUTPUT(ACKOUT_REG_WFCIRCUIT_02)
OUTPUT(CC_MUX_REG_2__WFCIRCUIT_03)
OUTPUT(CC_MUX_REG_1__WFCIRCUIT_03)
OUTPUT(USCITE_REG_2__WFCIRCUIT_03)
OUTPUT(USCITE_REG_1__WFCIRCUIT_03)
OUTPUT(ENABLE_COUNT_REG_WFCIRCUIT_03)
OUTPUT(ACKOUT_REG_WFCIRCUIT_03)
OUTPUT(CC_MUX_REG_2__WFCIRCUIT_04)
OUTPUT(CC_MUX_REG_1__WFCIRCUIT_04)
OUTPUT(USCITE_REG_2__WFCIRCUIT_04)
OUTPUT(USCITE_REG_1__WFCIRCUIT_04)
OUTPUT(ENABLE_COUNT_REG_WFCIRCUIT_04)
OUTPUT(ACKOUT_REG_WFCIRCUIT_04)
OUTPUT(CC_MUX_REG_2__WFCIRCUIT_05)
OUTPUT(CC_MUX_REG_1__WFCIRCUIT_05)
OUTPUT(USCITE_REG_2__WFCIRCUIT_05)
OUTPUT(USCITE_REG_1__WFCIRCUIT_05)
OUTPUT(ENABLE_COUNT_REG_WFCIRCUIT_05)
OUTPUT(ACKOUT_REG_WFCIRCUIT_05)
OUTPUT(CC_MUX_REG_2__WFCIRCUIT_06)
OUTPUT(CC_MUX_REG_1__WFCIRCUIT_06)
OUTPUT(USCITE_REG_2__WFCIRCUIT_06)
OUTPUT(USCITE_REG_1__WFCIRCUIT_06)
OUTPUT(ENABLE_COUNT_REG_WFCIRCUIT_06)
OUTPUT(ACKOUT_REG_WFCIRCUIT_06)
OUTPUT(CC_MUX_REG_2__WFCIRCUIT_07)
OUTPUT(CC_MUX_REG_1__WFCIRCUIT_07)
OUTPUT(USCITE_REG_2__WFCIRCUIT_07)
OUTPUT(USCITE_REG_1__WFCIRCUIT_07)
OUTPUT(ENABLE_COUNT_REG_WFCIRCUIT_07)
OUTPUT(ACKOUT_REG_WFCIRCUIT_07)
CC_MUX_REG_2__WFCIRCUIT_01 = vdd
n74         = LUT 0x8 ( STATE_REG_2__WFCIRCUIT, STATE_REG_1__WFCIRCUIT )
n75         = LUT 0x8 ( STATE_REG_0__WFCIRCUIT, n74 )
n76         = LUT 0x1 ( CONT_EQL_00, n75 )
n77         = LUT 0x1 ( STATE_REG_2__WFCIRCUIT, STATE_REG_0__WFCIRCUIT )
n78         = LUT 0x2 ( STATE_REG_1__WFCIRCUIT, EQL_00 )
n79         = LUT 0x8 ( n77, n78 )
n80         = LUT 0x1 ( n76, n79 )
n81         = LUT 0x1 ( STATE_REG_1__WFCIRCUIT, STATE_REG_0__WFCIRCUIT )
n82         = LUT 0x1 ( EQL_00, n81 )
n83         = LUT 0x2 ( STATE_REG_2__WFCIRCUIT, n82 )
n84         = LUT 0x2 ( EQL_00, n83 )
n85         = LUT 0x8 ( STATE_REG_1__WFCIRCUIT, n77 )
n86         = LUT 0x4 ( STATE_REG_2__WFCIRCUIT, EQL_00 )
n87         = LUT 0x8 ( STATE_REG_0__WFCIRCUIT, n86 )
n88         = LUT 0x2 ( STATE_REG_2__WFCIRCUIT, STATE_REG_0__WFCIRCUIT )
n89         = LUT 0x4 ( STATE_REG_1__WFCIRCUIT, n88 )
n90         = LUT 0x4 ( EQL_00, n89 )
n91         = LUT 0x8 ( STATE_REG_1__WFCIRCUIT, EQL_00 )
n92         = LUT 0x1 ( n85, n87 )
n93         = LUT 0x4 ( n90, n92 )
n94         = LUT 0x4 ( n91, n93 )
n95         = LUT 0x8 ( STATE_REG_1__WFCIRCUIT, STATE_REG_0__WFCIRCUIT )
n96         = LUT 0x4 ( STATE_REG_1__WFCIRCUIT, n77 )
n97         = LUT 0x1 ( n95, n96 )
n98         = LUT 0x4 ( n82, n97 )
n99         = LUT 0x8 ( STATE_REG_2__WFCIRCUIT, STATE_REG_0__WFCIRCUIT )
n100        = LUT 0x4 ( STATE_REG_0__WFCIRCUIT, EQL_00 )
n101        = LUT 0x2 ( STATE_REG_1__WFCIRCUIT, n100 )
n102        = LUT 0x4 ( STATE_REG_1__WFCIRCUIT, EQL_00 )
n103        = LUT 0x1 ( n77, n99 )
n104        = LUT 0x4 ( n101, n103 )
n105        = LUT 0x4 ( n102, n104 )
n106        = LUT 0x8 ( STATE_REG_2__WFCIRCUIT, n91 )
n107        = LUT 0x1 ( n90, n106 )
n108        = LUT 0x2 ( EQL_00, n74 )
n109        = LUT 0x8 ( n97, n108 )
n110        = LUT 0x1 ( n84, n94 )
n111        = LUT 0x4 ( n98, n110 )
n112        = LUT 0x1 ( CONT_EQL_01, n111 )
n113        = LUT 0x8 ( n84, n98 )
n114        = LUT 0x1 ( n94, EQL_01 )
n115        = LUT 0x8 ( n113, n114 )
n116        = LUT 0x1 ( n112, n115 )
n117        = LUT 0x8 ( n94, n98 )
n118        = LUT 0x1 ( EQL_01, n117 )
n119        = LUT 0x1 ( n84, n118 )
n120        = LUT 0x2 ( EQL_01, n119 )
n121        = LUT 0x4 ( n94, n113 )
n122        = LUT 0x8 ( n84, EQL_01 )
n123        = LUT 0x4 ( n98, n122 )
n124        = LUT 0x4 ( n84, n98 )
n125        = LUT 0x8 ( n94, n124 )
n126        = LUT 0x4 ( EQL_01, n125 )
n127        = LUT 0x4 ( n94, EQL_01 )
n128        = LUT 0x1 ( n121, n123 )
n129        = LUT 0x4 ( n126, n128 )
n130        = LUT 0x4 ( n127, n129 )
n131        = LUT 0x1 ( n94, n98 )
n132        = LUT 0x8 ( n94, n113 )
n133        = LUT 0x1 ( n131, n132 )
n134        = LUT 0x4 ( n118, n133 )
n135        = LUT 0x1 ( n84, n98 )
n136        = LUT 0x8 ( n98, EQL_01 )
n137        = LUT 0x1 ( n94, n136 )
n138        = LUT 0x8 ( n94, EQL_01 )
n139        = LUT 0x1 ( n113, n135 )
n140        = LUT 0x4 ( n137, n139 )
n141        = LUT 0x4 ( n138, n140 )
n142        = LUT 0x4 ( n84, n127 )
n143        = LUT 0x1 ( n126, n142 )
n144        = LUT 0x2 ( EQL_01, n110 )
n145        = LUT 0x8 ( n133, n144 )
n146        = LUT 0x1 ( n120, n130 )
n147        = LUT 0x4 ( n134, n146 )
n148        = LUT 0x1 ( CONT_EQL_02, n147 )
n149        = LUT 0x8 ( n120, n134 )
n150        = LUT 0x1 ( n130, EQL_02 )
n151        = LUT 0x8 ( n149, n150 )
n152        = LUT 0x1 ( n148, n151 )
n153        = LUT 0x8 ( n130, n134 )
n154        = LUT 0x1 ( EQL_02, n153 )
n155        = LUT 0x1 ( n120, n154 )
n156        = LUT 0x2 ( EQL_02, n155 )
n157        = LUT 0x4 ( n130, n149 )
n158        = LUT 0x8 ( n120, EQL_02 )
n159        = LUT 0x4 ( n134, n158 )
n160        = LUT 0x4 ( n120, n134 )
n161        = LUT 0x8 ( n130, n160 )
n162        = LUT 0x4 ( EQL_02, n161 )
n163        = LUT 0x4 ( n130, EQL_02 )
n164        = LUT 0x1 ( n157, n159 )
n165        = LUT 0x4 ( n162, n164 )
n166        = LUT 0x4 ( n163, n165 )
n167        = LUT 0x1 ( n130, n134 )
n168        = LUT 0x8 ( n130, n149 )
n169        = LUT 0x1 ( n167, n168 )
n170        = LUT 0x4 ( n154, n169 )
n171        = LUT 0x1 ( n120, n134 )
n172        = LUT 0x8 ( n134, EQL_02 )
n173        = LUT 0x1 ( n130, n172 )
n174        = LUT 0x8 ( n130, EQL_02 )
n175        = LUT 0x1 ( n149, n171 )
n176        = LUT 0x4 ( n173, n175 )
n177        = LUT 0x4 ( n174, n176 )
n178        = LUT 0x4 ( n120, n163 )
n179        = LUT 0x1 ( n162, n178 )
n180        = LUT 0x2 ( EQL_02, n146 )
n181        = LUT 0x8 ( n169, n180 )
n182        = LUT 0x1 ( n156, n166 )
n183        = LUT 0x4 ( n170, n182 )
n184        = LUT 0x1 ( CONT_EQL_03, n183 )
n185        = LUT 0x8 ( n156, n170 )
n186        = LUT 0x1 ( n166, EQL_03 )
n187        = LUT 0x8 ( n185, n186 )
n188        = LUT 0x1 ( n184, n187 )
n189        = LUT 0x8 ( n166, n170 )
n190        = LUT 0x1 ( EQL_03, n189 )
n191        = LUT 0x1 ( n156, n190 )
n192        = LUT 0x2 ( EQL_03, n191 )
n193        = LUT 0x4 ( n166, n185 )
n194        = LUT 0x8 ( n156, EQL_03 )
n195        = LUT 0x4 ( n170, n194 )
n196        = LUT 0x4 ( n156, n170 )
n197        = LUT 0x8 ( n166, n196 )
n198        = LUT 0x4 ( EQL_03, n197 )
n199        = LUT 0x4 ( n166, EQL_03 )
n200        = LUT 0x1 ( n193, n195 )
n201        = LUT 0x4 ( n198, n200 )
n202        = LUT 0x4 ( n199, n201 )
n203        = LUT 0x1 ( n166, n170 )
n204        = LUT 0x8 ( n166, n185 )
n205        = LUT 0x1 ( n203, n204 )
n206        = LUT 0x4 ( n190, n205 )
n207        = LUT 0x1 ( n156, n170 )
n208        = LUT 0x8 ( n170, EQL_03 )
n209        = LUT 0x1 ( n166, n208 )
n210        = LUT 0x8 ( n166, EQL_03 )
n211        = LUT 0x1 ( n185, n207 )
n212        = LUT 0x4 ( n209, n211 )
n213        = LUT 0x4 ( n210, n212 )
n214        = LUT 0x4 ( n156, n199 )
n215        = LUT 0x1 ( n198, n214 )
n216        = LUT 0x2 ( EQL_03, n182 )
n217        = LUT 0x8 ( n205, n216 )
n218        = LUT 0x1 ( n192, n202 )
n219        = LUT 0x4 ( n206, n218 )
n220        = LUT 0x1 ( CONT_EQL_04, n219 )
n221        = LUT 0x8 ( n192, n206 )
n222        = LUT 0x1 ( n202, EQL_04 )
n223        = LUT 0x8 ( n221, n222 )
n224        = LUT 0x1 ( n220, n223 )
n225        = LUT 0x8 ( n202, n206 )
n226        = LUT 0x1 ( EQL_04, n225 )
n227        = LUT 0x1 ( n192, n226 )
n228        = LUT 0x2 ( EQL_04, n227 )
n229        = LUT 0x4 ( n202, n221 )
n230        = LUT 0x8 ( n192, EQL_04 )
n231        = LUT 0x4 ( n206, n230 )
n232        = LUT 0x4 ( n192, n206 )
n233        = LUT 0x8 ( n202, n232 )
n234        = LUT 0x4 ( EQL_04, n233 )
n235        = LUT 0x4 ( n202, EQL_04 )
n236        = LUT 0x1 ( n229, n231 )
n237        = LUT 0x4 ( n234, n236 )
n238        = LUT 0x4 ( n235, n237 )
n239        = LUT 0x1 ( n202, n206 )
n240        = LUT 0x8 ( n202, n221 )
n241        = LUT 0x1 ( n239, n240 )
n242        = LUT 0x4 ( n226, n241 )
n243        = LUT 0x1 ( n192, n206 )
n244        = LUT 0x8 ( n206, EQL_04 )
n245        = LUT 0x1 ( n202, n244 )
n246        = LUT 0x8 ( n202, EQL_04 )
n247        = LUT 0x1 ( n221, n243 )
n248        = LUT 0x4 ( n245, n247 )
n249        = LUT 0x4 ( n246, n248 )
n250        = LUT 0x4 ( n192, n235 )
n251        = LUT 0x1 ( n234, n250 )
n252        = LUT 0x2 ( EQL_04, n218 )
n253        = LUT 0x8 ( n241, n252 )
n254        = LUT 0x1 ( n228, n238 )
n255        = LUT 0x4 ( n242, n254 )
n256        = LUT 0x1 ( CONT_EQL_05, n255 )
n257        = LUT 0x8 ( n228, n242 )
n258        = LUT 0x1 ( n238, EQL_05 )
n259        = LUT 0x8 ( n257, n258 )
n260        = LUT 0x1 ( n256, n259 )
n261        = LUT 0x8 ( n238, n242 )
n262        = LUT 0x1 ( EQL_05, n261 )
n263        = LUT 0x1 ( n228, n262 )
n264        = LUT 0x2 ( EQL_05, n263 )
n265        = LUT 0x4 ( n238, n257 )
n266        = LUT 0x8 ( n228, EQL_05 )
n267        = LUT 0x4 ( n242, n266 )
n268        = LUT 0x4 ( n228, n242 )
n269        = LUT 0x8 ( n238, n268 )
n270        = LUT 0x4 ( EQL_05, n269 )
n271        = LUT 0x4 ( n238, EQL_05 )
n272        = LUT 0x1 ( n265, n267 )
n273        = LUT 0x4 ( n270, n272 )
n274        = LUT 0x4 ( n271, n273 )
n275        = LUT 0x1 ( n238, n242 )
n276        = LUT 0x8 ( n238, n257 )
n277        = LUT 0x1 ( n275, n276 )
n278        = LUT 0x4 ( n262, n277 )
n279        = LUT 0x1 ( n228, n242 )
n280        = LUT 0x8 ( n242, EQL_05 )
n281        = LUT 0x1 ( n238, n280 )
n282        = LUT 0x8 ( n238, EQL_05 )
n283        = LUT 0x1 ( n257, n279 )
n284        = LUT 0x4 ( n281, n283 )
n285        = LUT 0x4 ( n282, n284 )
n286        = LUT 0x4 ( n228, n271 )
n287        = LUT 0x1 ( n270, n286 )
n288        = LUT 0x2 ( EQL_05, n254 )
n289        = LUT 0x8 ( n277, n288 )
n290        = LUT 0x1 ( n264, n274 )
n291        = LUT 0x4 ( n278, n290 )
n292        = LUT 0x1 ( CONT_EQL_06, n291 )
n293        = LUT 0x8 ( n264, n278 )
n294        = LUT 0x1 ( n274, EQL_06 )
n295        = LUT 0x8 ( n293, n294 )
n296        = LUT 0x1 ( n292, n295 )
n297        = LUT 0x4 ( n264, n278 )
n298        = LUT 0x8 ( n274, n297 )
n299        = LUT 0x4 ( EQL_06, n298 )
n300        = LUT 0x4 ( n274, EQL_06 )
n301        = LUT 0x1 ( n274, n278 )
n302        = LUT 0x8 ( n274, n293 )
n303        = LUT 0x1 ( n301, n302 )
n304        = LUT 0x1 ( n264, n278 )
n305        = LUT 0x8 ( n278, EQL_06 )
n306        = LUT 0x1 ( n274, n305 )
n307        = LUT 0x8 ( n274, EQL_06 )
n308        = LUT 0x1 ( n293, n304 )
n309        = LUT 0x4 ( n306, n308 )
n310        = LUT 0x4 ( n307, n309 )
n311        = LUT 0x4 ( n264, n300 )
n312        = LUT 0x1 ( n299, n311 )
n313        = LUT 0x2 ( EQL_06, n290 )
n314        = LUT 0x8 ( n303, n313 )
CC_MUX_REG_2__WFCIRCUIT_00 = LUT 0x2 ( CC_MUX_REG_2__WFCIRCUIT )
CC_MUX_REG_1__WFCIRCUIT_00 = LUT 0x2 ( CC_MUX_REG_1__WFCIRCUIT )
USCITE_REG_2__WFCIRCUIT_00 = LUT 0x2 ( USCITE_REG_2__WFCIRCUIT )
USCITE_REG_1__WFCIRCUIT_00 = LUT 0x2 ( USCITE_REG_1__WFCIRCUIT )
ENABLE_COUNT_REG_WFCIRCUIT_00 = LUT 0x2 ( ENABLE_COUNT_REG_WFCIRCUIT )
ACKOUT_REG_WFCIRCUIT_00 = LUT 0x2 ( ACKOUT_REG_WFCIRCUIT )
CC_MUX_REG_1__WFCIRCUIT_01 = LUT 0x1 ( n105 )
USCITE_REG_2__WFCIRCUIT_01 = LUT 0x1 ( n107 )
USCITE_REG_1__WFCIRCUIT_01 = LUT 0x1 ( n109 )
ENABLE_COUNT_REG_WFCIRCUIT_01 = LUT 0x1 ( n80 )
ACKOUT_REG_WFCIRCUIT_01 = LUT 0x1 ( n80 )
CC_MUX_REG_2__WFCIRCUIT_02 = LUT 0x2 ( CC_MUX_REG_2__WFCIRCUIT_01 )
CC_MUX_REG_1__WFCIRCUIT_02 = LUT 0x1 ( n141 )
USCITE_REG_2__WFCIRCUIT_02 = LUT 0x1 ( n143 )
USCITE_REG_1__WFCIRCUIT_02 = LUT 0x1 ( n145 )
ENABLE_COUNT_REG_WFCIRCUIT_02 = LUT 0x1 ( n116 )
ACKOUT_REG_WFCIRCUIT_02 = LUT 0x1 ( n116 )
CC_MUX_REG_2__WFCIRCUIT_03 = LUT 0x2 ( CC_MUX_REG_2__WFCIRCUIT_01 )
CC_MUX_REG_1__WFCIRCUIT_03 = LUT 0x1 ( n177 )
USCITE_REG_2__WFCIRCUIT_03 = LUT 0x1 ( n179 )
USCITE_REG_1__WFCIRCUIT_03 = LUT 0x1 ( n181 )
ENABLE_COUNT_REG_WFCIRCUIT_03 = LUT 0x1 ( n152 )
ACKOUT_REG_WFCIRCUIT_03 = LUT 0x1 ( n152 )
CC_MUX_REG_2__WFCIRCUIT_04 = LUT 0x2 ( CC_MUX_REG_2__WFCIRCUIT_01 )
CC_MUX_REG_1__WFCIRCUIT_04 = LUT 0x1 ( n213 )
USCITE_REG_2__WFCIRCUIT_04 = LUT 0x1 ( n215 )
USCITE_REG_1__WFCIRCUIT_04 = LUT 0x1 ( n217 )
ENABLE_COUNT_REG_WFCIRCUIT_04 = LUT 0x1 ( n188 )
ACKOUT_REG_WFCIRCUIT_04 = LUT 0x1 ( n188 )
CC_MUX_REG_2__WFCIRCUIT_05 = LUT 0x2 ( CC_MUX_REG_2__WFCIRCUIT_01 )
CC_MUX_REG_1__WFCIRCUIT_05 = LUT 0x1 ( n249 )
USCITE_REG_2__WFCIRCUIT_05 = LUT 0x1 ( n251 )
USCITE_REG_1__WFCIRCUIT_05 = LUT 0x1 ( n253 )
ENABLE_COUNT_REG_WFCIRCUIT_05 = LUT 0x1 ( n224 )
ACKOUT_REG_WFCIRCUIT_05 = LUT 0x1 ( n224 )
CC_MUX_REG_2__WFCIRCUIT_06 = LUT 0x2 ( CC_MUX_REG_2__WFCIRCUIT_01 )
CC_MUX_REG_1__WFCIRCUIT_06 = LUT 0x1 ( n285 )
USCITE_REG_2__WFCIRCUIT_06 = LUT 0x1 ( n287 )
USCITE_REG_1__WFCIRCUIT_06 = LUT 0x1 ( n289 )
ENABLE_COUNT_REG_WFCIRCUIT_06 = LUT 0x1 ( n260 )
ACKOUT_REG_WFCIRCUIT_06 = LUT 0x1 ( n260 )
CC_MUX_REG_2__WFCIRCUIT_07 = LUT 0x2 ( CC_MUX_REG_2__WFCIRCUIT_01 )
CC_MUX_REG_1__WFCIRCUIT_07 = LUT 0x1 ( n310 )
USCITE_REG_2__WFCIRCUIT_07 = LUT 0x1 ( n312 )
USCITE_REG_1__WFCIRCUIT_07 = LUT 0x1 ( n314 )
ENABLE_COUNT_REG_WFCIRCUIT_07 = LUT 0x1 ( n296 )
ACKOUT_REG_WFCIRCUIT_07 = LUT 0x1 ( n296 )
