# Benchmark "faults\fault_U62__false_8_frames" written by ABC on Tue Dec 06 01:11:43 2011
INPUT(ACKOUT_REG_WFCIRCUIT)
INPUT(STATE_REG_2__WFCIRCUIT)
INPUT(STATE_REG_1__WFCIRCUIT)
INPUT(STATE_REG_0__WFCIRCUIT)
INPUT(CC_MUX_REG_2__WFCIRCUIT)
INPUT(CC_MUX_REG_1__WFCIRCUIT)
INPUT(USCITE_REG_2__WFCIRCUIT)
INPUT(USCITE_REG_1__WFCIRCUIT)
INPUT(ENABLE_COUNT_REG_WFCIRCUIT)
INPUT(EQL_00)
INPUT(CONT_EQL_00)
INPUT(EQL_01)
INPUT(CONT_EQL_01)
INPUT(EQL_02)
INPUT(CONT_EQL_02)
INPUT(EQL_03)
INPUT(CONT_EQL_03)
INPUT(EQL_04)
INPUT(CONT_EQL_04)
INPUT(EQL_05)
INPUT(CONT_EQL_05)
INPUT(EQL_06)
INPUT(CONT_EQL_06)
INPUT(EQL_07)
INPUT(CONT_EQL_07)
OUTPUT(CC_MUX_REG_2__WFCIRCUIT_00)
OUTPUT(CC_MUX_REG_1__WFCIRCUIT_00)
OUTPUT(USCITE_REG_2__WFCIRCUIT_00)
OUTPUT(USCITE_REG_1__WFCIRCUIT_00)
OUTPUT(ENABLE_COUNT_REG_WFCIRCUIT_00)
OUTPUT(ACKOUT_REG_WFCIRCUIT_00)
OUTPUT(CC_MUX_REG_2__WFCIRCUIT_01)
OUTPUT(CC_MUX_REG_1__WFCIRCUIT_01)
OUTPUT(USCITE_REG_2__WFCIRCUIT_01)
OUTPUT(USCITE_REG_1__WFCIRCUIT_01)
OUTPUT(ENABLE_COUNT_REG_WFCIRCUIT_01)
OUTPUT(ACKOUT_REG_WFCIRCUIT_01)
OUTPUT(CC_MUX_REG_2__WFCIRCUIT_02)
OUTPUT(CC_MUX_REG_1__WFCIRCUIT_02)
OUTPUT(USCITE_REG_2__WFCIRCUIT_02)
OUTPUT(USCITE_REG_1__WFCIRCUIT_02)
OUTPUT(ENABLE_COUNT_REG_WFCIRCUIT_02)
OUTPUT(ACKOUT_REG_WFCIRCUIT_02)
OUTPUT(CC_MUX_REG_2__WFCIRCUIT_03)
OUTPUT(CC_MUX_REG_1__WFCIRCUIT_03)
OUTPUT(USCITE_REG_2__WFCIRCUIT_03)
OUTPUT(USCITE_REG_1__WFCIRCUIT_03)
OUTPUT(ENABLE_COUNT_REG_WFCIRCUIT_03)
OUTPUT(ACKOUT_REG_WFCIRCUIT_03)
OUTPUT(CC_MUX_REG_2__WFCIRCUIT_04)
OUTPUT(CC_MUX_REG_1__WFCIRCUIT_04)
OUTPUT(USCITE_REG_2__WFCIRCUIT_04)
OUTPUT(USCITE_REG_1__WFCIRCUIT_04)
OUTPUT(ENABLE_COUNT_REG_WFCIRCUIT_04)
OUTPUT(ACKOUT_REG_WFCIRCUIT_04)
OUTPUT(CC_MUX_REG_2__WFCIRCUIT_05)
OUTPUT(CC_MUX_REG_1__WFCIRCUIT_05)
OUTPUT(USCITE_REG_2__WFCIRCUIT_05)
OUTPUT(USCITE_REG_1__WFCIRCUIT_05)
OUTPUT(ENABLE_COUNT_REG_WFCIRCUIT_05)
OUTPUT(ACKOUT_REG_WFCIRCUIT_05)
OUTPUT(CC_MUX_REG_2__WFCIRCUIT_06)
OUTPUT(CC_MUX_REG_1__WFCIRCUIT_06)
OUTPUT(USCITE_REG_2__WFCIRCUIT_06)
OUTPUT(USCITE_REG_1__WFCIRCUIT_06)
OUTPUT(ENABLE_COUNT_REG_WFCIRCUIT_06)
OUTPUT(ACKOUT_REG_WFCIRCUIT_06)
OUTPUT(CC_MUX_REG_2__WFCIRCUIT_07)
OUTPUT(CC_MUX_REG_1__WFCIRCUIT_07)
OUTPUT(USCITE_REG_2__WFCIRCUIT_07)
OUTPUT(USCITE_REG_1__WFCIRCUIT_07)
OUTPUT(ENABLE_COUNT_REG_WFCIRCUIT_07)
OUTPUT(ACKOUT_REG_WFCIRCUIT_07)
ENABLE_COUNT_REG_WFCIRCUIT_01 = vdd
n74         = LUT 0x8 ( STATE_REG_2__WFCIRCUIT, STATE_REG_1__WFCIRCUIT )
n75         = LUT 0x1 ( STATE_REG_2__WFCIRCUIT, STATE_REG_0__WFCIRCUIT )
n76         = LUT 0x1 ( STATE_REG_1__WFCIRCUIT, STATE_REG_0__WFCIRCUIT )
n77         = LUT 0x1 ( EQL_00, n76 )
n78         = LUT 0x2 ( STATE_REG_2__WFCIRCUIT, n77 )
n79         = LUT 0x1 ( STATE_REG_2__WFCIRCUIT, STATE_REG_1__WFCIRCUIT )
n80         = LUT 0x8 ( STATE_REG_0__WFCIRCUIT, n79 )
n81         = LUT 0x4 ( EQL_00, n80 )
n82         = LUT 0x1 ( n78, n81 )
n83         = LUT 0x8 ( STATE_REG_1__WFCIRCUIT, n75 )
n84         = LUT 0x4 ( STATE_REG_2__WFCIRCUIT, EQL_00 )
n85         = LUT 0x8 ( STATE_REG_0__WFCIRCUIT, n84 )
n86         = LUT 0x2 ( STATE_REG_2__WFCIRCUIT, STATE_REG_0__WFCIRCUIT )
n87         = LUT 0x4 ( STATE_REG_1__WFCIRCUIT, n86 )
n88         = LUT 0x4 ( EQL_00, n87 )
n89         = LUT 0x8 ( STATE_REG_1__WFCIRCUIT, EQL_00 )
n90         = LUT 0x1 ( n83, n85 )
n91         = LUT 0x4 ( n88, n90 )
n92         = LUT 0x4 ( n89, n91 )
n93         = LUT 0x8 ( STATE_REG_1__WFCIRCUIT, STATE_REG_0__WFCIRCUIT )
n94         = LUT 0x4 ( STATE_REG_1__WFCIRCUIT, n75 )
n95         = LUT 0x1 ( n93, n94 )
n96         = LUT 0x4 ( n77, n95 )
n97         = LUT 0x4 ( STATE_REG_0__WFCIRCUIT, n89 )
n98         = LUT 0x1 ( n78, n80 )
n99         = LUT 0x4 ( n97, n98 )
n100        = LUT 0x8 ( STATE_REG_2__WFCIRCUIT, STATE_REG_0__WFCIRCUIT )
n101        = LUT 0x4 ( STATE_REG_0__WFCIRCUIT, EQL_00 )
n102        = LUT 0x2 ( STATE_REG_1__WFCIRCUIT, n101 )
n103        = LUT 0x4 ( STATE_REG_1__WFCIRCUIT, EQL_00 )
n104        = LUT 0x1 ( n75, n100 )
n105        = LUT 0x4 ( n102, n104 )
n106        = LUT 0x4 ( n103, n105 )
n107        = LUT 0x8 ( STATE_REG_2__WFCIRCUIT, n89 )
n108        = LUT 0x1 ( n88, n107 )
n109        = LUT 0x2 ( EQL_00, n74 )
n110        = LUT 0x8 ( n95, n109 )
n111        = LUT 0x1 ( n82, n92 )
n112        = LUT 0x8 ( n82, n96 )
n113        = LUT 0x8 ( n92, n96 )
n114        = LUT 0x1 ( EQL_01, n113 )
n115        = LUT 0x1 ( n82, n114 )
n116        = LUT 0x8 ( n82, n92 )
n117        = LUT 0x4 ( n96, n116 )
n118        = LUT 0x4 ( EQL_01, n117 )
n119        = LUT 0x1 ( n115, n118 )
n120        = LUT 0x4 ( n92, n112 )
n121        = LUT 0x8 ( n82, EQL_01 )
n122        = LUT 0x4 ( n96, n121 )
n123        = LUT 0x4 ( n82, n96 )
n124        = LUT 0x8 ( n92, n123 )
n125        = LUT 0x4 ( EQL_01, n124 )
n126        = LUT 0x4 ( n92, EQL_01 )
n127        = LUT 0x1 ( n120, n122 )
n128        = LUT 0x4 ( n125, n127 )
n129        = LUT 0x4 ( n126, n128 )
n130        = LUT 0x1 ( n92, n96 )
n131        = LUT 0x8 ( n92, n112 )
n132        = LUT 0x1 ( n130, n131 )
n133        = LUT 0x4 ( n114, n132 )
n134        = LUT 0x8 ( n96, n126 )
n135        = LUT 0x1 ( n115, n117 )
n136        = LUT 0x4 ( n134, n135 )
n137        = LUT 0x1 ( n82, n96 )
n138        = LUT 0x8 ( n96, EQL_01 )
n139        = LUT 0x1 ( n92, n138 )
n140        = LUT 0x8 ( n92, EQL_01 )
n141        = LUT 0x1 ( n112, n137 )
n142        = LUT 0x4 ( n139, n141 )
n143        = LUT 0x4 ( n140, n142 )
n144        = LUT 0x4 ( n82, n126 )
n145        = LUT 0x1 ( n125, n144 )
n146        = LUT 0x2 ( EQL_01, n111 )
n147        = LUT 0x8 ( n132, n146 )
n148        = LUT 0x1 ( n119, n129 )
n149        = LUT 0x8 ( n119, n133 )
n150        = LUT 0x8 ( n129, n133 )
n151        = LUT 0x1 ( EQL_02, n150 )
n152        = LUT 0x1 ( n119, n151 )
n153        = LUT 0x8 ( n119, n129 )
n154        = LUT 0x4 ( n133, n153 )
n155        = LUT 0x4 ( EQL_02, n154 )
n156        = LUT 0x1 ( n152, n155 )
n157        = LUT 0x4 ( n129, n149 )
n158        = LUT 0x8 ( n119, EQL_02 )
n159        = LUT 0x4 ( n133, n158 )
n160        = LUT 0x4 ( n119, n133 )
n161        = LUT 0x8 ( n129, n160 )
n162        = LUT 0x4 ( EQL_02, n161 )
n163        = LUT 0x4 ( n129, EQL_02 )
n164        = LUT 0x1 ( n157, n159 )
n165        = LUT 0x4 ( n162, n164 )
n166        = LUT 0x4 ( n163, n165 )
n167        = LUT 0x1 ( n129, n133 )
n168        = LUT 0x8 ( n129, n149 )
n169        = LUT 0x1 ( n167, n168 )
n170        = LUT 0x4 ( n151, n169 )
n171        = LUT 0x8 ( n133, n163 )
n172        = LUT 0x1 ( n152, n154 )
n173        = LUT 0x4 ( n171, n172 )
n174        = LUT 0x1 ( n119, n133 )
n175        = LUT 0x8 ( n133, EQL_02 )
n176        = LUT 0x1 ( n129, n175 )
n177        = LUT 0x8 ( n129, EQL_02 )
n178        = LUT 0x1 ( n149, n174 )
n179        = LUT 0x4 ( n176, n178 )
n180        = LUT 0x4 ( n177, n179 )
n181        = LUT 0x4 ( n119, n163 )
n182        = LUT 0x1 ( n162, n181 )
n183        = LUT 0x2 ( EQL_02, n148 )
n184        = LUT 0x8 ( n169, n183 )
n185        = LUT 0x1 ( n156, n166 )
n186        = LUT 0x8 ( n156, n170 )
n187        = LUT 0x8 ( n166, n170 )
n188        = LUT 0x1 ( EQL_03, n187 )
n189        = LUT 0x1 ( n156, n188 )
n190        = LUT 0x8 ( n156, n166 )
n191        = LUT 0x4 ( n170, n190 )
n192        = LUT 0x4 ( EQL_03, n191 )
n193        = LUT 0x1 ( n189, n192 )
n194        = LUT 0x4 ( n166, n186 )
n195        = LUT 0x8 ( n156, EQL_03 )
n196        = LUT 0x4 ( n170, n195 )
n197        = LUT 0x4 ( n156, n170 )
n198        = LUT 0x8 ( n166, n197 )
n199        = LUT 0x4 ( EQL_03, n198 )
n200        = LUT 0x4 ( n166, EQL_03 )
n201        = LUT 0x1 ( n194, n196 )
n202        = LUT 0x4 ( n199, n201 )
n203        = LUT 0x4 ( n200, n202 )
n204        = LUT 0x1 ( n166, n170 )
n205        = LUT 0x8 ( n166, n186 )
n206        = LUT 0x1 ( n204, n205 )
n207        = LUT 0x4 ( n188, n206 )
n208        = LUT 0x8 ( n170, n200 )
n209        = LUT 0x1 ( n189, n191 )
n210        = LUT 0x4 ( n208, n209 )
n211        = LUT 0x1 ( n156, n170 )
n212        = LUT 0x8 ( n170, EQL_03 )
n213        = LUT 0x1 ( n166, n212 )
n214        = LUT 0x8 ( n166, EQL_03 )
n215        = LUT 0x1 ( n186, n211 )
n216        = LUT 0x4 ( n213, n215 )
n217        = LUT 0x4 ( n214, n216 )
n218        = LUT 0x4 ( n156, n200 )
n219        = LUT 0x1 ( n199, n218 )
n220        = LUT 0x2 ( EQL_03, n185 )
n221        = LUT 0x8 ( n206, n220 )
n222        = LUT 0x1 ( n193, n203 )
n223        = LUT 0x8 ( n193, n207 )
n224        = LUT 0x8 ( n203, n207 )
n225        = LUT 0x1 ( EQL_04, n224 )
n226        = LUT 0x1 ( n193, n225 )
n227        = LUT 0x8 ( n193, n203 )
n228        = LUT 0x4 ( n207, n227 )
n229        = LUT 0x4 ( EQL_04, n228 )
n230        = LUT 0x1 ( n226, n229 )
n231        = LUT 0x4 ( n203, n223 )
n232        = LUT 0x8 ( n193, EQL_04 )
n233        = LUT 0x4 ( n207, n232 )
n234        = LUT 0x4 ( n193, n207 )
n235        = LUT 0x8 ( n203, n234 )
n236        = LUT 0x4 ( EQL_04, n235 )
n237        = LUT 0x4 ( n203, EQL_04 )
n238        = LUT 0x1 ( n231, n233 )
n239        = LUT 0x4 ( n236, n238 )
n240        = LUT 0x4 ( n237, n239 )
n241        = LUT 0x1 ( n203, n207 )
n242        = LUT 0x8 ( n203, n223 )
n243        = LUT 0x1 ( n241, n242 )
n244        = LUT 0x4 ( n225, n243 )
n245        = LUT 0x8 ( n207, n237 )
n246        = LUT 0x1 ( n226, n228 )
n247        = LUT 0x4 ( n245, n246 )
n248        = LUT 0x1 ( n193, n207 )
n249        = LUT 0x8 ( n207, EQL_04 )
n250        = LUT 0x1 ( n203, n249 )
n251        = LUT 0x8 ( n203, EQL_04 )
n252        = LUT 0x1 ( n223, n248 )
n253        = LUT 0x4 ( n250, n252 )
n254        = LUT 0x4 ( n251, n253 )
n255        = LUT 0x4 ( n193, n237 )
n256        = LUT 0x1 ( n236, n255 )
n257        = LUT 0x2 ( EQL_04, n222 )
n258        = LUT 0x8 ( n243, n257 )
n259        = LUT 0x1 ( n230, n240 )
n260        = LUT 0x8 ( n230, n244 )
n261        = LUT 0x8 ( n240, n244 )
n262        = LUT 0x1 ( EQL_05, n261 )
n263        = LUT 0x1 ( n230, n262 )
n264        = LUT 0x8 ( n230, n240 )
n265        = LUT 0x4 ( n244, n264 )
n266        = LUT 0x4 ( EQL_05, n265 )
n267        = LUT 0x1 ( n263, n266 )
n268        = LUT 0x4 ( n240, n260 )
n269        = LUT 0x8 ( n230, EQL_05 )
n270        = LUT 0x4 ( n244, n269 )
n271        = LUT 0x4 ( n230, n244 )
n272        = LUT 0x8 ( n240, n271 )
n273        = LUT 0x4 ( EQL_05, n272 )
n274        = LUT 0x4 ( n240, EQL_05 )
n275        = LUT 0x1 ( n268, n270 )
n276        = LUT 0x4 ( n273, n275 )
n277        = LUT 0x4 ( n274, n276 )
n278        = LUT 0x1 ( n240, n244 )
n279        = LUT 0x8 ( n240, n260 )
n280        = LUT 0x1 ( n278, n279 )
n281        = LUT 0x4 ( n262, n280 )
n282        = LUT 0x8 ( n244, n274 )
n283        = LUT 0x1 ( n263, n265 )
n284        = LUT 0x4 ( n282, n283 )
n285        = LUT 0x1 ( n230, n244 )
n286        = LUT 0x8 ( n244, EQL_05 )
n287        = LUT 0x1 ( n240, n286 )
n288        = LUT 0x8 ( n240, EQL_05 )
n289        = LUT 0x1 ( n260, n285 )
n290        = LUT 0x4 ( n287, n289 )
n291        = LUT 0x4 ( n288, n290 )
n292        = LUT 0x4 ( n230, n274 )
n293        = LUT 0x1 ( n273, n292 )
n294        = LUT 0x2 ( EQL_05, n259 )
n295        = LUT 0x8 ( n280, n294 )
n296        = LUT 0x1 ( n267, n277 )
n297        = LUT 0x8 ( n267, n281 )
n298        = LUT 0x8 ( n277, n281 )
n299        = LUT 0x1 ( EQL_06, n298 )
n300        = LUT 0x1 ( n267, n299 )
n301        = LUT 0x8 ( n267, n277 )
n302        = LUT 0x4 ( n281, n301 )
n303        = LUT 0x4 ( n267, n281 )
n304        = LUT 0x8 ( n277, n303 )
n305        = LUT 0x4 ( EQL_06, n304 )
n306        = LUT 0x4 ( n277, EQL_06 )
n307        = LUT 0x1 ( n277, n281 )
n308        = LUT 0x8 ( n277, n297 )
n309        = LUT 0x1 ( n307, n308 )
n310        = LUT 0x8 ( n281, n306 )
n311        = LUT 0x1 ( n300, n302 )
n312        = LUT 0x4 ( n310, n311 )
n313        = LUT 0x1 ( n267, n281 )
n314        = LUT 0x8 ( n281, EQL_06 )
n315        = LUT 0x1 ( n277, n314 )
n316        = LUT 0x8 ( n277, EQL_06 )
n317        = LUT 0x1 ( n297, n313 )
n318        = LUT 0x4 ( n315, n317 )
n319        = LUT 0x4 ( n316, n318 )
n320        = LUT 0x4 ( n267, n306 )
n321        = LUT 0x1 ( n305, n320 )
n322        = LUT 0x2 ( EQL_06, n296 )
n323        = LUT 0x8 ( n309, n322 )
CC_MUX_REG_2__WFCIRCUIT_00 = LUT 0x2 ( CC_MUX_REG_2__WFCIRCUIT )
CC_MUX_REG_1__WFCIRCUIT_00 = LUT 0x2 ( CC_MUX_REG_1__WFCIRCUIT )
USCITE_REG_2__WFCIRCUIT_00 = LUT 0x2 ( USCITE_REG_2__WFCIRCUIT )
USCITE_REG_1__WFCIRCUIT_00 = LUT 0x2 ( USCITE_REG_1__WFCIRCUIT )
ENABLE_COUNT_REG_WFCIRCUIT_00 = LUT 0x2 ( ENABLE_COUNT_REG_WFCIRCUIT )
ACKOUT_REG_WFCIRCUIT_00 = LUT 0x2 ( ACKOUT_REG_WFCIRCUIT )
CC_MUX_REG_2__WFCIRCUIT_01 = LUT 0x1 ( n99 )
CC_MUX_REG_1__WFCIRCUIT_01 = LUT 0x1 ( n106 )
USCITE_REG_2__WFCIRCUIT_01 = LUT 0x1 ( n108 )
USCITE_REG_1__WFCIRCUIT_01 = LUT 0x1 ( n110 )
ACKOUT_REG_WFCIRCUIT_01 = LUT 0x2 ( ENABLE_COUNT_REG_WFCIRCUIT_01 )
CC_MUX_REG_2__WFCIRCUIT_02 = LUT 0x1 ( n136 )
CC_MUX_REG_1__WFCIRCUIT_02 = LUT 0x1 ( n143 )
USCITE_REG_2__WFCIRCUIT_02 = LUT 0x1 ( n145 )
USCITE_REG_1__WFCIRCUIT_02 = LUT 0x1 ( n147 )
ENABLE_COUNT_REG_WFCIRCUIT_02 = LUT 0x2 ( ENABLE_COUNT_REG_WFCIRCUIT_01 )
ACKOUT_REG_WFCIRCUIT_02 = LUT 0x2 ( ENABLE_COUNT_REG_WFCIRCUIT_01 )
CC_MUX_REG_2__WFCIRCUIT_03 = LUT 0x1 ( n173 )
CC_MUX_REG_1__WFCIRCUIT_03 = LUT 0x1 ( n180 )
USCITE_REG_2__WFCIRCUIT_03 = LUT 0x1 ( n182 )
USCITE_REG_1__WFCIRCUIT_03 = LUT 0x1 ( n184 )
ENABLE_COUNT_REG_WFCIRCUIT_03 = LUT 0x2 ( ENABLE_COUNT_REG_WFCIRCUIT_01 )
ACKOUT_REG_WFCIRCUIT_03 = LUT 0x2 ( ENABLE_COUNT_REG_WFCIRCUIT_01 )
CC_MUX_REG_2__WFCIRCUIT_04 = LUT 0x1 ( n210 )
CC_MUX_REG_1__WFCIRCUIT_04 = LUT 0x1 ( n217 )
USCITE_REG_2__WFCIRCUIT_04 = LUT 0x1 ( n219 )
USCITE_REG_1__WFCIRCUIT_04 = LUT 0x1 ( n221 )
ENABLE_COUNT_REG_WFCIRCUIT_04 = LUT 0x2 ( ENABLE_COUNT_REG_WFCIRCUIT_01 )
ACKOUT_REG_WFCIRCUIT_04 = LUT 0x2 ( ENABLE_COUNT_REG_WFCIRCUIT_01 )
CC_MUX_REG_2__WFCIRCUIT_05 = LUT 0x1 ( n247 )
CC_MUX_REG_1__WFCIRCUIT_05 = LUT 0x1 ( n254 )
USCITE_REG_2__WFCIRCUIT_05 = LUT 0x1 ( n256 )
USCITE_REG_1__WFCIRCUIT_05 = LUT 0x1 ( n258 )
ENABLE_COUNT_REG_WFCIRCUIT_05 = LUT 0x2 ( ENABLE_COUNT_REG_WFCIRCUIT_01 )
ACKOUT_REG_WFCIRCUIT_05 = LUT 0x2 ( ENABLE_COUNT_REG_WFCIRCUIT_01 )
CC_MUX_REG_2__WFCIRCUIT_06 = LUT 0x1 ( n284 )
CC_MUX_REG_1__WFCIRCUIT_06 = LUT 0x1 ( n291 )
USCITE_REG_2__WFCIRCUIT_06 = LUT 0x1 ( n293 )
USCITE_REG_1__WFCIRCUIT_06 = LUT 0x1 ( n295 )
ENABLE_COUNT_REG_WFCIRCUIT_06 = LUT 0x2 ( ENABLE_COUNT_REG_WFCIRCUIT_01 )
ACKOUT_REG_WFCIRCUIT_06 = LUT 0x2 ( ENABLE_COUNT_REG_WFCIRCUIT_01 )
CC_MUX_REG_2__WFCIRCUIT_07 = LUT 0x1 ( n312 )
CC_MUX_REG_1__WFCIRCUIT_07 = LUT 0x1 ( n319 )
USCITE_REG_2__WFCIRCUIT_07 = LUT 0x1 ( n321 )
USCITE_REG_1__WFCIRCUIT_07 = LUT 0x1 ( n323 )
ENABLE_COUNT_REG_WFCIRCUIT_07 = LUT 0x2 ( ENABLE_COUNT_REG_WFCIRCUIT_01 )
ACKOUT_REG_WFCIRCUIT_07 = LUT 0x2 ( ENABLE_COUNT_REG_WFCIRCUIT_01 )
