# Benchmark "faults\fault_STATE_REG_2__U76_true_8_frames" written by ABC on Tue Dec 06 01:11:40 2011
INPUT(ACKOUT_REG_WFCIRCUIT)
INPUT(STATE_REG_2__WFCIRCUIT)
INPUT(STATE_REG_1__WFCIRCUIT)
INPUT(STATE_REG_0__WFCIRCUIT)
INPUT(CC_MUX_REG_2__WFCIRCUIT)
INPUT(CC_MUX_REG_1__WFCIRCUIT)
INPUT(USCITE_REG_2__WFCIRCUIT)
INPUT(USCITE_REG_1__WFCIRCUIT)
INPUT(ENABLE_COUNT_REG_WFCIRCUIT)
INPUT(EQL_00)
INPUT(CONT_EQL_00)
INPUT(EQL_01)
INPUT(CONT_EQL_01)
INPUT(EQL_02)
INPUT(CONT_EQL_02)
INPUT(EQL_03)
INPUT(CONT_EQL_03)
INPUT(EQL_04)
INPUT(CONT_EQL_04)
INPUT(EQL_05)
INPUT(CONT_EQL_05)
INPUT(EQL_06)
INPUT(CONT_EQL_06)
INPUT(EQL_07)
INPUT(CONT_EQL_07)
OUTPUT(CC_MUX_REG_2__WFCIRCUIT_00)
OUTPUT(CC_MUX_REG_1__WFCIRCUIT_00)
OUTPUT(USCITE_REG_2__WFCIRCUIT_00)
OUTPUT(USCITE_REG_1__WFCIRCUIT_00)
OUTPUT(ENABLE_COUNT_REG_WFCIRCUIT_00)
OUTPUT(ACKOUT_REG_WFCIRCUIT_00)
OUTPUT(CC_MUX_REG_2__WFCIRCUIT_01)
OUTPUT(CC_MUX_REG_1__WFCIRCUIT_01)
OUTPUT(USCITE_REG_2__WFCIRCUIT_01)
OUTPUT(USCITE_REG_1__WFCIRCUIT_01)
OUTPUT(ENABLE_COUNT_REG_WFCIRCUIT_01)
OUTPUT(ACKOUT_REG_WFCIRCUIT_01)
OUTPUT(CC_MUX_REG_2__WFCIRCUIT_02)
OUTPUT(CC_MUX_REG_1__WFCIRCUIT_02)
OUTPUT(USCITE_REG_2__WFCIRCUIT_02)
OUTPUT(USCITE_REG_1__WFCIRCUIT_02)
OUTPUT(ENABLE_COUNT_REG_WFCIRCUIT_02)
OUTPUT(ACKOUT_REG_WFCIRCUIT_02)
OUTPUT(CC_MUX_REG_2__WFCIRCUIT_03)
OUTPUT(CC_MUX_REG_1__WFCIRCUIT_03)
OUTPUT(USCITE_REG_2__WFCIRCUIT_03)
OUTPUT(USCITE_REG_1__WFCIRCUIT_03)
OUTPUT(ENABLE_COUNT_REG_WFCIRCUIT_03)
OUTPUT(ACKOUT_REG_WFCIRCUIT_03)
OUTPUT(CC_MUX_REG_2__WFCIRCUIT_04)
OUTPUT(CC_MUX_REG_1__WFCIRCUIT_04)
OUTPUT(USCITE_REG_2__WFCIRCUIT_04)
OUTPUT(USCITE_REG_1__WFCIRCUIT_04)
OUTPUT(ENABLE_COUNT_REG_WFCIRCUIT_04)
OUTPUT(ACKOUT_REG_WFCIRCUIT_04)
OUTPUT(CC_MUX_REG_2__WFCIRCUIT_05)
OUTPUT(CC_MUX_REG_1__WFCIRCUIT_05)
OUTPUT(USCITE_REG_2__WFCIRCUIT_05)
OUTPUT(USCITE_REG_1__WFCIRCUIT_05)
OUTPUT(ENABLE_COUNT_REG_WFCIRCUIT_05)
OUTPUT(ACKOUT_REG_WFCIRCUIT_05)
OUTPUT(CC_MUX_REG_2__WFCIRCUIT_06)
OUTPUT(CC_MUX_REG_1__WFCIRCUIT_06)
OUTPUT(USCITE_REG_2__WFCIRCUIT_06)
OUTPUT(USCITE_REG_1__WFCIRCUIT_06)
OUTPUT(ENABLE_COUNT_REG_WFCIRCUIT_06)
OUTPUT(ACKOUT_REG_WFCIRCUIT_06)
OUTPUT(CC_MUX_REG_2__WFCIRCUIT_07)
OUTPUT(CC_MUX_REG_1__WFCIRCUIT_07)
OUTPUT(USCITE_REG_2__WFCIRCUIT_07)
OUTPUT(USCITE_REG_1__WFCIRCUIT_07)
OUTPUT(ENABLE_COUNT_REG_WFCIRCUIT_07)
OUTPUT(ACKOUT_REG_WFCIRCUIT_07)
n73         = LUT 0x8 ( STATE_REG_2__WFCIRCUIT, STATE_REG_1__WFCIRCUIT )
n74         = LUT 0x8 ( STATE_REG_0__WFCIRCUIT, n73 )
n75         = LUT 0x1 ( CONT_EQL_00, n74 )
n76         = LUT 0x1 ( STATE_REG_2__WFCIRCUIT, STATE_REG_0__WFCIRCUIT )
n77         = LUT 0x2 ( STATE_REG_1__WFCIRCUIT, EQL_00 )
n78         = LUT 0x8 ( n76, n77 )
n79         = LUT 0x1 ( n75, n78 )
n80         = LUT 0x1 ( STATE_REG_1__WFCIRCUIT, STATE_REG_0__WFCIRCUIT )
n81         = LUT 0x1 ( EQL_00, n80 )
n82         = LUT 0x2 ( STATE_REG_2__WFCIRCUIT, n81 )
n83         = LUT 0x1 ( STATE_REG_2__WFCIRCUIT, STATE_REG_1__WFCIRCUIT )
n84         = LUT 0x8 ( STATE_REG_0__WFCIRCUIT, n83 )
n85         = LUT 0x4 ( EQL_00, n84 )
n86         = LUT 0x1 ( n82, n85 )
n87         = LUT 0x8 ( STATE_REG_1__WFCIRCUIT, n76 )
n88         = LUT 0x4 ( STATE_REG_2__WFCIRCUIT, EQL_00 )
n89         = LUT 0x8 ( STATE_REG_0__WFCIRCUIT, n88 )
n90         = LUT 0x2 ( STATE_REG_2__WFCIRCUIT, STATE_REG_0__WFCIRCUIT )
n91         = LUT 0x4 ( STATE_REG_1__WFCIRCUIT, n90 )
n92         = LUT 0x4 ( EQL_00, n91 )
n93         = LUT 0x8 ( STATE_REG_1__WFCIRCUIT, EQL_00 )
n94         = LUT 0x1 ( n87, n89 )
n95         = LUT 0x4 ( n92, n94 )
n96         = LUT 0x4 ( n93, n95 )
n97         = LUT 0x8 ( STATE_REG_1__WFCIRCUIT, STATE_REG_0__WFCIRCUIT )
n98         = LUT 0x4 ( STATE_REG_1__WFCIRCUIT, n76 )
n99         = LUT 0x1 ( n97, n98 )
n100        = LUT 0x4 ( n81, n99 )
n101        = LUT 0x4 ( STATE_REG_0__WFCIRCUIT, n93 )
n102        = LUT 0x1 ( n82, n84 )
n103        = LUT 0x4 ( n101, n102 )
n104        = LUT 0x8 ( STATE_REG_2__WFCIRCUIT, STATE_REG_0__WFCIRCUIT )
n105        = LUT 0x4 ( STATE_REG_0__WFCIRCUIT, EQL_00 )
n106        = LUT 0x2 ( STATE_REG_1__WFCIRCUIT, n105 )
n107        = LUT 0x4 ( STATE_REG_1__WFCIRCUIT, EQL_00 )
n108        = LUT 0x1 ( n76, n104 )
n109        = LUT 0x4 ( n106, n108 )
n110        = LUT 0x4 ( n107, n109 )
n111        = LUT 0x8 ( STATE_REG_2__WFCIRCUIT, n93 )
n112        = LUT 0x1 ( n92, n111 )
n113        = LUT 0x8 ( EQL_00, n99 )
n114        = LUT 0x1 ( n86, n96 )
n115        = LUT 0x4 ( n100, n114 )
n116        = LUT 0x1 ( CONT_EQL_01, n115 )
n117        = LUT 0x8 ( n86, n100 )
n118        = LUT 0x1 ( n96, EQL_01 )
n119        = LUT 0x8 ( n117, n118 )
n120        = LUT 0x1 ( n116, n119 )
n121        = LUT 0x8 ( n96, n100 )
n122        = LUT 0x1 ( EQL_01, n121 )
n123        = LUT 0x1 ( n86, n122 )
n124        = LUT 0x8 ( n86, n96 )
n125        = LUT 0x4 ( n100, n124 )
n126        = LUT 0x4 ( EQL_01, n125 )
n127        = LUT 0x1 ( n123, n126 )
n128        = LUT 0x4 ( n96, n117 )
n129        = LUT 0x8 ( n86, EQL_01 )
n130        = LUT 0x4 ( n100, n129 )
n131        = LUT 0x4 ( n86, n100 )
n132        = LUT 0x8 ( n96, n131 )
n133        = LUT 0x4 ( EQL_01, n132 )
n134        = LUT 0x4 ( n96, EQL_01 )
n135        = LUT 0x1 ( n128, n130 )
n136        = LUT 0x4 ( n133, n135 )
n137        = LUT 0x4 ( n134, n136 )
n138        = LUT 0x1 ( n96, n100 )
n139        = LUT 0x8 ( n96, n117 )
n140        = LUT 0x1 ( n138, n139 )
n141        = LUT 0x4 ( n122, n140 )
n142        = LUT 0x8 ( n100, n134 )
n143        = LUT 0x1 ( n123, n125 )
n144        = LUT 0x4 ( n142, n143 )
n145        = LUT 0x1 ( n86, n100 )
n146        = LUT 0x8 ( n100, EQL_01 )
n147        = LUT 0x1 ( n96, n146 )
n148        = LUT 0x8 ( n96, EQL_01 )
n149        = LUT 0x1 ( n117, n145 )
n150        = LUT 0x4 ( n147, n149 )
n151        = LUT 0x4 ( n148, n150 )
n152        = LUT 0x4 ( n86, n134 )
n153        = LUT 0x1 ( n133, n152 )
n154        = LUT 0x8 ( EQL_01, n140 )
n155        = LUT 0x1 ( n127, n137 )
n156        = LUT 0x4 ( n141, n155 )
n157        = LUT 0x1 ( CONT_EQL_02, n156 )
n158        = LUT 0x8 ( n127, n141 )
n159        = LUT 0x1 ( n137, EQL_02 )
n160        = LUT 0x8 ( n158, n159 )
n161        = LUT 0x1 ( n157, n160 )
n162        = LUT 0x8 ( n137, n141 )
n163        = LUT 0x1 ( EQL_02, n162 )
n164        = LUT 0x1 ( n127, n163 )
n165        = LUT 0x8 ( n127, n137 )
n166        = LUT 0x4 ( n141, n165 )
n167        = LUT 0x4 ( EQL_02, n166 )
n168        = LUT 0x1 ( n164, n167 )
n169        = LUT 0x4 ( n137, n158 )
n170        = LUT 0x8 ( n127, EQL_02 )
n171        = LUT 0x4 ( n141, n170 )
n172        = LUT 0x4 ( n127, n141 )
n173        = LUT 0x8 ( n137, n172 )
n174        = LUT 0x4 ( EQL_02, n173 )
n175        = LUT 0x4 ( n137, EQL_02 )
n176        = LUT 0x1 ( n169, n171 )
n177        = LUT 0x4 ( n174, n176 )
n178        = LUT 0x4 ( n175, n177 )
n179        = LUT 0x1 ( n137, n141 )
n180        = LUT 0x8 ( n137, n158 )
n181        = LUT 0x1 ( n179, n180 )
n182        = LUT 0x4 ( n163, n181 )
n183        = LUT 0x8 ( n141, n175 )
n184        = LUT 0x1 ( n164, n166 )
n185        = LUT 0x4 ( n183, n184 )
n186        = LUT 0x1 ( n127, n141 )
n187        = LUT 0x8 ( n141, EQL_02 )
n188        = LUT 0x1 ( n137, n187 )
n189        = LUT 0x8 ( n137, EQL_02 )
n190        = LUT 0x1 ( n158, n186 )
n191        = LUT 0x4 ( n188, n190 )
n192        = LUT 0x4 ( n189, n191 )
n193        = LUT 0x4 ( n127, n175 )
n194        = LUT 0x1 ( n174, n193 )
n195        = LUT 0x8 ( EQL_02, n181 )
n196        = LUT 0x1 ( n168, n178 )
n197        = LUT 0x4 ( n182, n196 )
n198        = LUT 0x1 ( CONT_EQL_03, n197 )
n199        = LUT 0x8 ( n168, n182 )
n200        = LUT 0x1 ( n178, EQL_03 )
n201        = LUT 0x8 ( n199, n200 )
n202        = LUT 0x1 ( n198, n201 )
n203        = LUT 0x8 ( n178, n182 )
n204        = LUT 0x1 ( EQL_03, n203 )
n205        = LUT 0x1 ( n168, n204 )
n206        = LUT 0x8 ( n168, n178 )
n207        = LUT 0x4 ( n182, n206 )
n208        = LUT 0x4 ( EQL_03, n207 )
n209        = LUT 0x1 ( n205, n208 )
n210        = LUT 0x4 ( n178, n199 )
n211        = LUT 0x8 ( n168, EQL_03 )
n212        = LUT 0x4 ( n182, n211 )
n213        = LUT 0x4 ( n168, n182 )
n214        = LUT 0x8 ( n178, n213 )
n215        = LUT 0x4 ( EQL_03, n214 )
n216        = LUT 0x4 ( n178, EQL_03 )
n217        = LUT 0x1 ( n210, n212 )
n218        = LUT 0x4 ( n215, n217 )
n219        = LUT 0x4 ( n216, n218 )
n220        = LUT 0x1 ( n178, n182 )
n221        = LUT 0x8 ( n178, n199 )
n222        = LUT 0x1 ( n220, n221 )
n223        = LUT 0x4 ( n204, n222 )
n224        = LUT 0x8 ( n182, n216 )
n225        = LUT 0x1 ( n205, n207 )
n226        = LUT 0x4 ( n224, n225 )
n227        = LUT 0x1 ( n168, n182 )
n228        = LUT 0x8 ( n182, EQL_03 )
n229        = LUT 0x1 ( n178, n228 )
n230        = LUT 0x8 ( n178, EQL_03 )
n231        = LUT 0x1 ( n199, n227 )
n232        = LUT 0x4 ( n229, n231 )
n233        = LUT 0x4 ( n230, n232 )
n234        = LUT 0x4 ( n168, n216 )
n235        = LUT 0x1 ( n215, n234 )
n236        = LUT 0x8 ( EQL_03, n222 )
n237        = LUT 0x1 ( n209, n219 )
n238        = LUT 0x4 ( n223, n237 )
n239        = LUT 0x1 ( CONT_EQL_04, n238 )
n240        = LUT 0x8 ( n209, n223 )
n241        = LUT 0x1 ( n219, EQL_04 )
n242        = LUT 0x8 ( n240, n241 )
n243        = LUT 0x1 ( n239, n242 )
n244        = LUT 0x8 ( n219, n223 )
n245        = LUT 0x1 ( EQL_04, n244 )
n246        = LUT 0x1 ( n209, n245 )
n247        = LUT 0x8 ( n209, n219 )
n248        = LUT 0x4 ( n223, n247 )
n249        = LUT 0x4 ( EQL_04, n248 )
n250        = LUT 0x1 ( n246, n249 )
n251        = LUT 0x4 ( n219, n240 )
n252        = LUT 0x8 ( n209, EQL_04 )
n253        = LUT 0x4 ( n223, n252 )
n254        = LUT 0x4 ( n209, n223 )
n255        = LUT 0x8 ( n219, n254 )
n256        = LUT 0x4 ( EQL_04, n255 )
n257        = LUT 0x4 ( n219, EQL_04 )
n258        = LUT 0x1 ( n251, n253 )
n259        = LUT 0x4 ( n256, n258 )
n260        = LUT 0x4 ( n257, n259 )
n261        = LUT 0x1 ( n219, n223 )
n262        = LUT 0x8 ( n219, n240 )
n263        = LUT 0x1 ( n261, n262 )
n264        = LUT 0x4 ( n245, n263 )
n265        = LUT 0x8 ( n223, n257 )
n266        = LUT 0x1 ( n246, n248 )
n267        = LUT 0x4 ( n265, n266 )
n268        = LUT 0x1 ( n209, n223 )
n269        = LUT 0x8 ( n223, EQL_04 )
n270        = LUT 0x1 ( n219, n269 )
n271        = LUT 0x8 ( n219, EQL_04 )
n272        = LUT 0x1 ( n240, n268 )
n273        = LUT 0x4 ( n270, n272 )
n274        = LUT 0x4 ( n271, n273 )
n275        = LUT 0x4 ( n209, n257 )
n276        = LUT 0x1 ( n256, n275 )
n277        = LUT 0x8 ( EQL_04, n263 )
n278        = LUT 0x1 ( n250, n260 )
n279        = LUT 0x4 ( n264, n278 )
n280        = LUT 0x1 ( CONT_EQL_05, n279 )
n281        = LUT 0x8 ( n250, n264 )
n282        = LUT 0x1 ( n260, EQL_05 )
n283        = LUT 0x8 ( n281, n282 )
n284        = LUT 0x1 ( n280, n283 )
n285        = LUT 0x8 ( n260, n264 )
n286        = LUT 0x1 ( EQL_05, n285 )
n287        = LUT 0x1 ( n250, n286 )
n288        = LUT 0x8 ( n250, n260 )
n289        = LUT 0x4 ( n264, n288 )
n290        = LUT 0x4 ( EQL_05, n289 )
n291        = LUT 0x1 ( n287, n290 )
n292        = LUT 0x4 ( n260, n281 )
n293        = LUT 0x8 ( n250, EQL_05 )
n294        = LUT 0x4 ( n264, n293 )
n295        = LUT 0x4 ( n250, n264 )
n296        = LUT 0x8 ( n260, n295 )
n297        = LUT 0x4 ( EQL_05, n296 )
n298        = LUT 0x4 ( n260, EQL_05 )
n299        = LUT 0x1 ( n292, n294 )
n300        = LUT 0x4 ( n297, n299 )
n301        = LUT 0x4 ( n298, n300 )
n302        = LUT 0x1 ( n260, n264 )
n303        = LUT 0x8 ( n260, n281 )
n304        = LUT 0x1 ( n302, n303 )
n305        = LUT 0x4 ( n286, n304 )
n306        = LUT 0x8 ( n264, n298 )
n307        = LUT 0x1 ( n287, n289 )
n308        = LUT 0x4 ( n306, n307 )
n309        = LUT 0x1 ( n250, n264 )
n310        = LUT 0x8 ( n264, EQL_05 )
n311        = LUT 0x1 ( n260, n310 )
n312        = LUT 0x8 ( n260, EQL_05 )
n313        = LUT 0x1 ( n281, n309 )
n314        = LUT 0x4 ( n311, n313 )
n315        = LUT 0x4 ( n312, n314 )
n316        = LUT 0x4 ( n250, n298 )
n317        = LUT 0x1 ( n297, n316 )
n318        = LUT 0x8 ( EQL_05, n304 )
n319        = LUT 0x1 ( n291, n301 )
n320        = LUT 0x4 ( n305, n319 )
n321        = LUT 0x1 ( CONT_EQL_06, n320 )
n322        = LUT 0x8 ( n291, n305 )
n323        = LUT 0x1 ( n301, EQL_06 )
n324        = LUT 0x8 ( n322, n323 )
n325        = LUT 0x1 ( n321, n324 )
n326        = LUT 0x8 ( n301, n305 )
n327        = LUT 0x1 ( EQL_06, n326 )
n328        = LUT 0x1 ( n291, n327 )
n329        = LUT 0x8 ( n291, n301 )
n330        = LUT 0x4 ( n305, n329 )
n331        = LUT 0x4 ( n291, n305 )
n332        = LUT 0x8 ( n301, n331 )
n333        = LUT 0x4 ( EQL_06, n332 )
n334        = LUT 0x4 ( n301, EQL_06 )
n335        = LUT 0x1 ( n301, n305 )
n336        = LUT 0x8 ( n301, n322 )
n337        = LUT 0x1 ( n335, n336 )
n338        = LUT 0x8 ( n305, n334 )
n339        = LUT 0x1 ( n328, n330 )
n340        = LUT 0x4 ( n338, n339 )
n341        = LUT 0x1 ( n291, n305 )
n342        = LUT 0x8 ( n305, EQL_06 )
n343        = LUT 0x1 ( n301, n342 )
n344        = LUT 0x8 ( n301, EQL_06 )
n345        = LUT 0x1 ( n322, n341 )
n346        = LUT 0x4 ( n343, n345 )
n347        = LUT 0x4 ( n344, n346 )
n348        = LUT 0x4 ( n291, n334 )
n349        = LUT 0x1 ( n333, n348 )
n350        = LUT 0x8 ( EQL_06, n337 )
CC_MUX_REG_2__WFCIRCUIT_00 = LUT 0x2 ( CC_MUX_REG_2__WFCIRCUIT )
CC_MUX_REG_1__WFCIRCUIT_00 = LUT 0x2 ( CC_MUX_REG_1__WFCIRCUIT )
USCITE_REG_2__WFCIRCUIT_00 = LUT 0x2 ( USCITE_REG_2__WFCIRCUIT )
USCITE_REG_1__WFCIRCUIT_00 = LUT 0x2 ( USCITE_REG_1__WFCIRCUIT )
ENABLE_COUNT_REG_WFCIRCUIT_00 = LUT 0x2 ( ENABLE_COUNT_REG_WFCIRCUIT )
ACKOUT_REG_WFCIRCUIT_00 = LUT 0x2 ( ACKOUT_REG_WFCIRCUIT )
CC_MUX_REG_2__WFCIRCUIT_01 = LUT 0x1 ( n103 )
CC_MUX_REG_1__WFCIRCUIT_01 = LUT 0x1 ( n110 )
USCITE_REG_2__WFCIRCUIT_01 = LUT 0x1 ( n112 )
USCITE_REG_1__WFCIRCUIT_01 = LUT 0x1 ( n113 )
ENABLE_COUNT_REG_WFCIRCUIT_01 = LUT 0x1 ( n79 )
ACKOUT_REG_WFCIRCUIT_01 = LUT 0x1 ( n79 )
CC_MUX_REG_2__WFCIRCUIT_02 = LUT 0x1 ( n144 )
CC_MUX_REG_1__WFCIRCUIT_02 = LUT 0x1 ( n151 )
USCITE_REG_2__WFCIRCUIT_02 = LUT 0x1 ( n153 )
USCITE_REG_1__WFCIRCUIT_02 = LUT 0x1 ( n154 )
ENABLE_COUNT_REG_WFCIRCUIT_02 = LUT 0x1 ( n120 )
ACKOUT_REG_WFCIRCUIT_02 = LUT 0x1 ( n120 )
CC_MUX_REG_2__WFCIRCUIT_03 = LUT 0x1 ( n185 )
CC_MUX_REG_1__WFCIRCUIT_03 = LUT 0x1 ( n192 )
USCITE_REG_2__WFCIRCUIT_03 = LUT 0x1 ( n194 )
USCITE_REG_1__WFCIRCUIT_03 = LUT 0x1 ( n195 )
ENABLE_COUNT_REG_WFCIRCUIT_03 = LUT 0x1 ( n161 )
ACKOUT_REG_WFCIRCUIT_03 = LUT 0x1 ( n161 )
CC_MUX_REG_2__WFCIRCUIT_04 = LUT 0x1 ( n226 )
CC_MUX_REG_1__WFCIRCUIT_04 = LUT 0x1 ( n233 )
USCITE_REG_2__WFCIRCUIT_04 = LUT 0x1 ( n235 )
USCITE_REG_1__WFCIRCUIT_04 = LUT 0x1 ( n236 )
ENABLE_COUNT_REG_WFCIRCUIT_04 = LUT 0x1 ( n202 )
ACKOUT_REG_WFCIRCUIT_04 = LUT 0x1 ( n202 )
CC_MUX_REG_2__WFCIRCUIT_05 = LUT 0x1 ( n267 )
CC_MUX_REG_1__WFCIRCUIT_05 = LUT 0x1 ( n274 )
USCITE_REG_2__WFCIRCUIT_05 = LUT 0x1 ( n276 )
USCITE_REG_1__WFCIRCUIT_05 = LUT 0x1 ( n277 )
ENABLE_COUNT_REG_WFCIRCUIT_05 = LUT 0x1 ( n243 )
ACKOUT_REG_WFCIRCUIT_05 = LUT 0x1 ( n243 )
CC_MUX_REG_2__WFCIRCUIT_06 = LUT 0x1 ( n308 )
CC_MUX_REG_1__WFCIRCUIT_06 = LUT 0x1 ( n315 )
USCITE_REG_2__WFCIRCUIT_06 = LUT 0x1 ( n317 )
USCITE_REG_1__WFCIRCUIT_06 = LUT 0x1 ( n318 )
ENABLE_COUNT_REG_WFCIRCUIT_06 = LUT 0x1 ( n284 )
ACKOUT_REG_WFCIRCUIT_06 = LUT 0x1 ( n284 )
CC_MUX_REG_2__WFCIRCUIT_07 = LUT 0x1 ( n340 )
CC_MUX_REG_1__WFCIRCUIT_07 = LUT 0x1 ( n347 )
USCITE_REG_2__WFCIRCUIT_07 = LUT 0x1 ( n349 )
USCITE_REG_1__WFCIRCUIT_07 = LUT 0x1 ( n350 )
ENABLE_COUNT_REG_WFCIRCUIT_07 = LUT 0x1 ( n325 )
ACKOUT_REG_WFCIRCUIT_07 = LUT 0x1 ( n325 )
