# Benchmark "faults\fault_U74__true_8_frames" written by ABC on Tue Dec 06 01:10:56 2011
INPUT(ACKOUT_REG_WFCIRCUIT)
INPUT(STATE_REG_2__WFCIRCUIT)
INPUT(STATE_REG_1__WFCIRCUIT)
INPUT(STATE_REG_0__WFCIRCUIT)
INPUT(CC_MUX_REG_2__WFCIRCUIT)
INPUT(CC_MUX_REG_1__WFCIRCUIT)
INPUT(USCITE_REG_2__WFCIRCUIT)
INPUT(USCITE_REG_1__WFCIRCUIT)
INPUT(ENABLE_COUNT_REG_WFCIRCUIT)
INPUT(EQL_00)
INPUT(CONT_EQL_00)
INPUT(EQL_01)
INPUT(CONT_EQL_01)
INPUT(EQL_02)
INPUT(CONT_EQL_02)
INPUT(EQL_03)
INPUT(CONT_EQL_03)
INPUT(EQL_04)
INPUT(CONT_EQL_04)
INPUT(EQL_05)
INPUT(CONT_EQL_05)
INPUT(EQL_06)
INPUT(CONT_EQL_06)
INPUT(EQL_07)
INPUT(CONT_EQL_07)
OUTPUT(CC_MUX_REG_2__WFCIRCUIT_00)
OUTPUT(CC_MUX_REG_1__WFCIRCUIT_00)
OUTPUT(USCITE_REG_2__WFCIRCUIT_00)
OUTPUT(USCITE_REG_1__WFCIRCUIT_00)
OUTPUT(ENABLE_COUNT_REG_WFCIRCUIT_00)
OUTPUT(ACKOUT_REG_WFCIRCUIT_00)
OUTPUT(CC_MUX_REG_2__WFCIRCUIT_01)
OUTPUT(CC_MUX_REG_1__WFCIRCUIT_01)
OUTPUT(USCITE_REG_2__WFCIRCUIT_01)
OUTPUT(USCITE_REG_1__WFCIRCUIT_01)
OUTPUT(ENABLE_COUNT_REG_WFCIRCUIT_01)
OUTPUT(ACKOUT_REG_WFCIRCUIT_01)
OUTPUT(CC_MUX_REG_2__WFCIRCUIT_02)
OUTPUT(CC_MUX_REG_1__WFCIRCUIT_02)
OUTPUT(USCITE_REG_2__WFCIRCUIT_02)
OUTPUT(USCITE_REG_1__WFCIRCUIT_02)
OUTPUT(ENABLE_COUNT_REG_WFCIRCUIT_02)
OUTPUT(ACKOUT_REG_WFCIRCUIT_02)
OUTPUT(CC_MUX_REG_2__WFCIRCUIT_03)
OUTPUT(CC_MUX_REG_1__WFCIRCUIT_03)
OUTPUT(USCITE_REG_2__WFCIRCUIT_03)
OUTPUT(USCITE_REG_1__WFCIRCUIT_03)
OUTPUT(ENABLE_COUNT_REG_WFCIRCUIT_03)
OUTPUT(ACKOUT_REG_WFCIRCUIT_03)
OUTPUT(CC_MUX_REG_2__WFCIRCUIT_04)
OUTPUT(CC_MUX_REG_1__WFCIRCUIT_04)
OUTPUT(USCITE_REG_2__WFCIRCUIT_04)
OUTPUT(USCITE_REG_1__WFCIRCUIT_04)
OUTPUT(ENABLE_COUNT_REG_WFCIRCUIT_04)
OUTPUT(ACKOUT_REG_WFCIRCUIT_04)
OUTPUT(CC_MUX_REG_2__WFCIRCUIT_05)
OUTPUT(CC_MUX_REG_1__WFCIRCUIT_05)
OUTPUT(USCITE_REG_2__WFCIRCUIT_05)
OUTPUT(USCITE_REG_1__WFCIRCUIT_05)
OUTPUT(ENABLE_COUNT_REG_WFCIRCUIT_05)
OUTPUT(ACKOUT_REG_WFCIRCUIT_05)
OUTPUT(CC_MUX_REG_2__WFCIRCUIT_06)
OUTPUT(CC_MUX_REG_1__WFCIRCUIT_06)
OUTPUT(USCITE_REG_2__WFCIRCUIT_06)
OUTPUT(USCITE_REG_1__WFCIRCUIT_06)
OUTPUT(ENABLE_COUNT_REG_WFCIRCUIT_06)
OUTPUT(ACKOUT_REG_WFCIRCUIT_06)
OUTPUT(CC_MUX_REG_2__WFCIRCUIT_07)
OUTPUT(CC_MUX_REG_1__WFCIRCUIT_07)
OUTPUT(USCITE_REG_2__WFCIRCUIT_07)
OUTPUT(USCITE_REG_1__WFCIRCUIT_07)
OUTPUT(ENABLE_COUNT_REG_WFCIRCUIT_07)
OUTPUT(ACKOUT_REG_WFCIRCUIT_07)
n73         = LUT 0x8 ( STATE_REG_2__WFCIRCUIT, STATE_REG_1__WFCIRCUIT )
n74         = LUT 0x8 ( STATE_REG_0__WFCIRCUIT, n73 )
n75         = LUT 0x1 ( CONT_EQL_00, n74 )
n76         = LUT 0x1 ( STATE_REG_2__WFCIRCUIT, STATE_REG_0__WFCIRCUIT )
n77         = LUT 0x2 ( STATE_REG_1__WFCIRCUIT, EQL_00 )
n78         = LUT 0x8 ( n76, n77 )
n79         = LUT 0x1 ( n75, n78 )
n80         = LUT 0x1 ( STATE_REG_1__WFCIRCUIT, STATE_REG_0__WFCIRCUIT )
n81         = LUT 0x1 ( EQL_00, n80 )
n82         = LUT 0x2 ( STATE_REG_2__WFCIRCUIT, n81 )
n83         = LUT 0x1 ( STATE_REG_2__WFCIRCUIT, STATE_REG_1__WFCIRCUIT )
n84         = LUT 0x8 ( STATE_REG_0__WFCIRCUIT, n83 )
n85         = LUT 0x8 ( STATE_REG_1__WFCIRCUIT, n76 )
n86         = LUT 0x4 ( STATE_REG_2__WFCIRCUIT, EQL_00 )
n87         = LUT 0x8 ( STATE_REG_0__WFCIRCUIT, n86 )
n88         = LUT 0x2 ( STATE_REG_2__WFCIRCUIT, STATE_REG_0__WFCIRCUIT )
n89         = LUT 0x4 ( STATE_REG_1__WFCIRCUIT, n88 )
n90         = LUT 0x4 ( EQL_00, n89 )
n91         = LUT 0x8 ( STATE_REG_1__WFCIRCUIT, EQL_00 )
n92         = LUT 0x1 ( n85, n87 )
n93         = LUT 0x4 ( n90, n92 )
n94         = LUT 0x4 ( n91, n93 )
n95         = LUT 0x8 ( STATE_REG_1__WFCIRCUIT, STATE_REG_0__WFCIRCUIT )
n96         = LUT 0x4 ( STATE_REG_1__WFCIRCUIT, n76 )
n97         = LUT 0x1 ( n95, n96 )
n98         = LUT 0x4 ( n81, n97 )
n99         = LUT 0x4 ( STATE_REG_0__WFCIRCUIT, n91 )
n100        = LUT 0x1 ( n82, n84 )
n101        = LUT 0x4 ( n99, n100 )
n102        = LUT 0x8 ( STATE_REG_2__WFCIRCUIT, STATE_REG_0__WFCIRCUIT )
n103        = LUT 0x4 ( STATE_REG_0__WFCIRCUIT, EQL_00 )
n104        = LUT 0x2 ( STATE_REG_1__WFCIRCUIT, n103 )
n105        = LUT 0x4 ( STATE_REG_1__WFCIRCUIT, EQL_00 )
n106        = LUT 0x1 ( n76, n102 )
n107        = LUT 0x4 ( n104, n106 )
n108        = LUT 0x4 ( n105, n107 )
n109        = LUT 0x8 ( STATE_REG_2__WFCIRCUIT, n91 )
n110        = LUT 0x1 ( n90, n109 )
n111        = LUT 0x2 ( EQL_00, n73 )
n112        = LUT 0x8 ( n97, n111 )
n113        = LUT 0x2 ( n82, n94 )
n114        = LUT 0x4 ( n98, n113 )
n115        = LUT 0x1 ( CONT_EQL_01, n114 )
n116        = LUT 0x4 ( n82, n98 )
n117        = LUT 0x1 ( n94, EQL_01 )
n118        = LUT 0x8 ( n116, n117 )
n119        = LUT 0x1 ( n115, n118 )
n120        = LUT 0x8 ( n94, n98 )
n121        = LUT 0x1 ( EQL_01, n120 )
n122        = LUT 0x2 ( n82, n121 )
n123        = LUT 0x4 ( n82, n94 )
n124        = LUT 0x4 ( n98, n123 )
n125        = LUT 0x4 ( n94, n116 )
n126        = LUT 0x4 ( n82, EQL_01 )
n127        = LUT 0x4 ( n98, n126 )
n128        = LUT 0x8 ( n82, n98 )
n129        = LUT 0x8 ( n94, n128 )
n130        = LUT 0x4 ( EQL_01, n129 )
n131        = LUT 0x4 ( n94, EQL_01 )
n132        = LUT 0x1 ( n125, n127 )
n133        = LUT 0x4 ( n130, n132 )
n134        = LUT 0x4 ( n131, n133 )
n135        = LUT 0x1 ( n94, n98 )
n136        = LUT 0x8 ( n94, n116 )
n137        = LUT 0x1 ( n135, n136 )
n138        = LUT 0x4 ( n121, n137 )
n139        = LUT 0x8 ( n98, n131 )
n140        = LUT 0x1 ( n122, n124 )
n141        = LUT 0x4 ( n139, n140 )
n142        = LUT 0x2 ( n82, n98 )
n143        = LUT 0x8 ( n98, EQL_01 )
n144        = LUT 0x1 ( n94, n143 )
n145        = LUT 0x8 ( n94, EQL_01 )
n146        = LUT 0x1 ( n116, n142 )
n147        = LUT 0x4 ( n144, n146 )
n148        = LUT 0x4 ( n145, n147 )
n149        = LUT 0x8 ( n82, n131 )
n150        = LUT 0x1 ( n130, n149 )
n151        = LUT 0x2 ( EQL_01, n113 )
n152        = LUT 0x8 ( n137, n151 )
n153        = LUT 0x2 ( n122, n134 )
n154        = LUT 0x4 ( n138, n153 )
n155        = LUT 0x1 ( CONT_EQL_02, n154 )
n156        = LUT 0x4 ( n122, n138 )
n157        = LUT 0x1 ( n134, EQL_02 )
n158        = LUT 0x8 ( n156, n157 )
n159        = LUT 0x1 ( n155, n158 )
n160        = LUT 0x8 ( n134, n138 )
n161        = LUT 0x1 ( EQL_02, n160 )
n162        = LUT 0x2 ( n122, n161 )
n163        = LUT 0x4 ( n122, n134 )
n164        = LUT 0x4 ( n138, n163 )
n165        = LUT 0x4 ( n134, n156 )
n166        = LUT 0x4 ( n122, EQL_02 )
n167        = LUT 0x4 ( n138, n166 )
n168        = LUT 0x8 ( n122, n138 )
n169        = LUT 0x8 ( n134, n168 )
n170        = LUT 0x4 ( EQL_02, n169 )
n171        = LUT 0x4 ( n134, EQL_02 )
n172        = LUT 0x1 ( n165, n167 )
n173        = LUT 0x4 ( n170, n172 )
n174        = LUT 0x4 ( n171, n173 )
n175        = LUT 0x1 ( n134, n138 )
n176        = LUT 0x8 ( n134, n156 )
n177        = LUT 0x1 ( n175, n176 )
n178        = LUT 0x4 ( n161, n177 )
n179        = LUT 0x8 ( n138, n171 )
n180        = LUT 0x1 ( n162, n164 )
n181        = LUT 0x4 ( n179, n180 )
n182        = LUT 0x2 ( n122, n138 )
n183        = LUT 0x8 ( n138, EQL_02 )
n184        = LUT 0x1 ( n134, n183 )
n185        = LUT 0x8 ( n134, EQL_02 )
n186        = LUT 0x1 ( n156, n182 )
n187        = LUT 0x4 ( n184, n186 )
n188        = LUT 0x4 ( n185, n187 )
n189        = LUT 0x8 ( n122, n171 )
n190        = LUT 0x1 ( n170, n189 )
n191        = LUT 0x2 ( EQL_02, n153 )
n192        = LUT 0x8 ( n177, n191 )
n193        = LUT 0x2 ( n162, n174 )
n194        = LUT 0x4 ( n178, n193 )
n195        = LUT 0x1 ( CONT_EQL_03, n194 )
n196        = LUT 0x4 ( n162, n178 )
n197        = LUT 0x1 ( n174, EQL_03 )
n198        = LUT 0x8 ( n196, n197 )
n199        = LUT 0x1 ( n195, n198 )
n200        = LUT 0x8 ( n174, n178 )
n201        = LUT 0x1 ( EQL_03, n200 )
n202        = LUT 0x2 ( n162, n201 )
n203        = LUT 0x4 ( n162, n174 )
n204        = LUT 0x4 ( n178, n203 )
n205        = LUT 0x4 ( n174, n196 )
n206        = LUT 0x4 ( n162, EQL_03 )
n207        = LUT 0x4 ( n178, n206 )
n208        = LUT 0x8 ( n162, n178 )
n209        = LUT 0x8 ( n174, n208 )
n210        = LUT 0x4 ( EQL_03, n209 )
n211        = LUT 0x4 ( n174, EQL_03 )
n212        = LUT 0x1 ( n205, n207 )
n213        = LUT 0x4 ( n210, n212 )
n214        = LUT 0x4 ( n211, n213 )
n215        = LUT 0x1 ( n174, n178 )
n216        = LUT 0x8 ( n174, n196 )
n217        = LUT 0x1 ( n215, n216 )
n218        = LUT 0x4 ( n201, n217 )
n219        = LUT 0x8 ( n178, n211 )
n220        = LUT 0x1 ( n202, n204 )
n221        = LUT 0x4 ( n219, n220 )
n222        = LUT 0x2 ( n162, n178 )
n223        = LUT 0x8 ( n178, EQL_03 )
n224        = LUT 0x1 ( n174, n223 )
n225        = LUT 0x8 ( n174, EQL_03 )
n226        = LUT 0x1 ( n196, n222 )
n227        = LUT 0x4 ( n224, n226 )
n228        = LUT 0x4 ( n225, n227 )
n229        = LUT 0x8 ( n162, n211 )
n230        = LUT 0x1 ( n210, n229 )
n231        = LUT 0x2 ( EQL_03, n193 )
n232        = LUT 0x8 ( n217, n231 )
n233        = LUT 0x2 ( n202, n214 )
n234        = LUT 0x4 ( n218, n233 )
n235        = LUT 0x1 ( CONT_EQL_04, n234 )
n236        = LUT 0x4 ( n202, n218 )
n237        = LUT 0x1 ( n214, EQL_04 )
n238        = LUT 0x8 ( n236, n237 )
n239        = LUT 0x1 ( n235, n238 )
n240        = LUT 0x8 ( n214, n218 )
n241        = LUT 0x1 ( EQL_04, n240 )
n242        = LUT 0x2 ( n202, n241 )
n243        = LUT 0x4 ( n202, n214 )
n244        = LUT 0x4 ( n218, n243 )
n245        = LUT 0x4 ( n214, n236 )
n246        = LUT 0x4 ( n202, EQL_04 )
n247        = LUT 0x4 ( n218, n246 )
n248        = LUT 0x8 ( n202, n218 )
n249        = LUT 0x8 ( n214, n248 )
n250        = LUT 0x4 ( EQL_04, n249 )
n251        = LUT 0x4 ( n214, EQL_04 )
n252        = LUT 0x1 ( n245, n247 )
n253        = LUT 0x4 ( n250, n252 )
n254        = LUT 0x4 ( n251, n253 )
n255        = LUT 0x1 ( n214, n218 )
n256        = LUT 0x8 ( n214, n236 )
n257        = LUT 0x1 ( n255, n256 )
n258        = LUT 0x4 ( n241, n257 )
n259        = LUT 0x8 ( n218, n251 )
n260        = LUT 0x1 ( n242, n244 )
n261        = LUT 0x4 ( n259, n260 )
n262        = LUT 0x2 ( n202, n218 )
n263        = LUT 0x8 ( n218, EQL_04 )
n264        = LUT 0x1 ( n214, n263 )
n265        = LUT 0x8 ( n214, EQL_04 )
n266        = LUT 0x1 ( n236, n262 )
n267        = LUT 0x4 ( n264, n266 )
n268        = LUT 0x4 ( n265, n267 )
n269        = LUT 0x8 ( n202, n251 )
n270        = LUT 0x1 ( n250, n269 )
n271        = LUT 0x2 ( EQL_04, n233 )
n272        = LUT 0x8 ( n257, n271 )
n273        = LUT 0x2 ( n242, n254 )
n274        = LUT 0x4 ( n258, n273 )
n275        = LUT 0x1 ( CONT_EQL_05, n274 )
n276        = LUT 0x4 ( n242, n258 )
n277        = LUT 0x1 ( n254, EQL_05 )
n278        = LUT 0x8 ( n276, n277 )
n279        = LUT 0x1 ( n275, n278 )
n280        = LUT 0x8 ( n254, n258 )
n281        = LUT 0x1 ( EQL_05, n280 )
n282        = LUT 0x2 ( n242, n281 )
n283        = LUT 0x4 ( n242, n254 )
n284        = LUT 0x4 ( n258, n283 )
n285        = LUT 0x4 ( n254, n276 )
n286        = LUT 0x4 ( n242, EQL_05 )
n287        = LUT 0x4 ( n258, n286 )
n288        = LUT 0x8 ( n242, n258 )
n289        = LUT 0x8 ( n254, n288 )
n290        = LUT 0x4 ( EQL_05, n289 )
n291        = LUT 0x4 ( n254, EQL_05 )
n292        = LUT 0x1 ( n285, n287 )
n293        = LUT 0x4 ( n290, n292 )
n294        = LUT 0x4 ( n291, n293 )
n295        = LUT 0x1 ( n254, n258 )
n296        = LUT 0x8 ( n254, n276 )
n297        = LUT 0x1 ( n295, n296 )
n298        = LUT 0x4 ( n281, n297 )
n299        = LUT 0x8 ( n258, n291 )
n300        = LUT 0x1 ( n282, n284 )
n301        = LUT 0x4 ( n299, n300 )
n302        = LUT 0x2 ( n242, n258 )
n303        = LUT 0x8 ( n258, EQL_05 )
n304        = LUT 0x1 ( n254, n303 )
n305        = LUT 0x8 ( n254, EQL_05 )
n306        = LUT 0x1 ( n276, n302 )
n307        = LUT 0x4 ( n304, n306 )
n308        = LUT 0x4 ( n305, n307 )
n309        = LUT 0x8 ( n242, n291 )
n310        = LUT 0x1 ( n290, n309 )
n311        = LUT 0x2 ( EQL_05, n273 )
n312        = LUT 0x8 ( n297, n311 )
n313        = LUT 0x2 ( n282, n294 )
n314        = LUT 0x4 ( n298, n313 )
n315        = LUT 0x1 ( CONT_EQL_06, n314 )
n316        = LUT 0x4 ( n282, n298 )
n317        = LUT 0x1 ( n294, EQL_06 )
n318        = LUT 0x8 ( n316, n317 )
n319        = LUT 0x1 ( n315, n318 )
n320        = LUT 0x8 ( n294, n298 )
n321        = LUT 0x1 ( EQL_06, n320 )
n322        = LUT 0x2 ( n282, n321 )
n323        = LUT 0x4 ( n282, n294 )
n324        = LUT 0x4 ( n298, n323 )
n325        = LUT 0x8 ( n282, n298 )
n326        = LUT 0x8 ( n294, n325 )
n327        = LUT 0x4 ( EQL_06, n326 )
n328        = LUT 0x4 ( n294, EQL_06 )
n329        = LUT 0x1 ( n294, n298 )
n330        = LUT 0x8 ( n294, n316 )
n331        = LUT 0x1 ( n329, n330 )
n332        = LUT 0x8 ( n298, n328 )
n333        = LUT 0x1 ( n322, n324 )
n334        = LUT 0x4 ( n332, n333 )
n335        = LUT 0x2 ( n282, n298 )
n336        = LUT 0x8 ( n298, EQL_06 )
n337        = LUT 0x1 ( n294, n336 )
n338        = LUT 0x8 ( n294, EQL_06 )
n339        = LUT 0x1 ( n316, n335 )
n340        = LUT 0x4 ( n337, n339 )
n341        = LUT 0x4 ( n338, n340 )
n342        = LUT 0x8 ( n282, n328 )
n343        = LUT 0x1 ( n327, n342 )
n344        = LUT 0x2 ( EQL_06, n313 )
n345        = LUT 0x8 ( n331, n344 )
CC_MUX_REG_2__WFCIRCUIT_00 = LUT 0x2 ( CC_MUX_REG_2__WFCIRCUIT )
CC_MUX_REG_1__WFCIRCUIT_00 = LUT 0x2 ( CC_MUX_REG_1__WFCIRCUIT )
USCITE_REG_2__WFCIRCUIT_00 = LUT 0x2 ( USCITE_REG_2__WFCIRCUIT )
USCITE_REG_1__WFCIRCUIT_00 = LUT 0x2 ( USCITE_REG_1__WFCIRCUIT )
ENABLE_COUNT_REG_WFCIRCUIT_00 = LUT 0x2 ( ENABLE_COUNT_REG_WFCIRCUIT )
ACKOUT_REG_WFCIRCUIT_00 = LUT 0x2 ( ACKOUT_REG_WFCIRCUIT )
CC_MUX_REG_2__WFCIRCUIT_01 = LUT 0x1 ( n101 )
CC_MUX_REG_1__WFCIRCUIT_01 = LUT 0x1 ( n108 )
USCITE_REG_2__WFCIRCUIT_01 = LUT 0x1 ( n110 )
USCITE_REG_1__WFCIRCUIT_01 = LUT 0x1 ( n112 )
ENABLE_COUNT_REG_WFCIRCUIT_01 = LUT 0x1 ( n79 )
ACKOUT_REG_WFCIRCUIT_01 = LUT 0x1 ( n79 )
CC_MUX_REG_2__WFCIRCUIT_02 = LUT 0x1 ( n141 )
CC_MUX_REG_1__WFCIRCUIT_02 = LUT 0x1 ( n148 )
USCITE_REG_2__WFCIRCUIT_02 = LUT 0x1 ( n150 )
USCITE_REG_1__WFCIRCUIT_02 = LUT 0x1 ( n152 )
ENABLE_COUNT_REG_WFCIRCUIT_02 = LUT 0x1 ( n119 )
ACKOUT_REG_WFCIRCUIT_02 = LUT 0x1 ( n119 )
CC_MUX_REG_2__WFCIRCUIT_03 = LUT 0x1 ( n181 )
CC_MUX_REG_1__WFCIRCUIT_03 = LUT 0x1 ( n188 )
USCITE_REG_2__WFCIRCUIT_03 = LUT 0x1 ( n190 )
USCITE_REG_1__WFCIRCUIT_03 = LUT 0x1 ( n192 )
ENABLE_COUNT_REG_WFCIRCUIT_03 = LUT 0x1 ( n159 )
ACKOUT_REG_WFCIRCUIT_03 = LUT 0x1 ( n159 )
CC_MUX_REG_2__WFCIRCUIT_04 = LUT 0x1 ( n221 )
CC_MUX_REG_1__WFCIRCUIT_04 = LUT 0x1 ( n228 )
USCITE_REG_2__WFCIRCUIT_04 = LUT 0x1 ( n230 )
USCITE_REG_1__WFCIRCUIT_04 = LUT 0x1 ( n232 )
ENABLE_COUNT_REG_WFCIRCUIT_04 = LUT 0x1 ( n199 )
ACKOUT_REG_WFCIRCUIT_04 = LUT 0x1 ( n199 )
CC_MUX_REG_2__WFCIRCUIT_05 = LUT 0x1 ( n261 )
CC_MUX_REG_1__WFCIRCUIT_05 = LUT 0x1 ( n268 )
USCITE_REG_2__WFCIRCUIT_05 = LUT 0x1 ( n270 )
USCITE_REG_1__WFCIRCUIT_05 = LUT 0x1 ( n272 )
ENABLE_COUNT_REG_WFCIRCUIT_05 = LUT 0x1 ( n239 )
ACKOUT_REG_WFCIRCUIT_05 = LUT 0x1 ( n239 )
CC_MUX_REG_2__WFCIRCUIT_06 = LUT 0x1 ( n301 )
CC_MUX_REG_1__WFCIRCUIT_06 = LUT 0x1 ( n308 )
USCITE_REG_2__WFCIRCUIT_06 = LUT 0x1 ( n310 )
USCITE_REG_1__WFCIRCUIT_06 = LUT 0x1 ( n312 )
ENABLE_COUNT_REG_WFCIRCUIT_06 = LUT 0x1 ( n279 )
ACKOUT_REG_WFCIRCUIT_06 = LUT 0x1 ( n279 )
CC_MUX_REG_2__WFCIRCUIT_07 = LUT 0x1 ( n334 )
CC_MUX_REG_1__WFCIRCUIT_07 = LUT 0x1 ( n341 )
USCITE_REG_2__WFCIRCUIT_07 = LUT 0x1 ( n343 )
USCITE_REG_1__WFCIRCUIT_07 = LUT 0x1 ( n345 )
ENABLE_COUNT_REG_WFCIRCUIT_07 = LUT 0x1 ( n319 )
ACKOUT_REG_WFCIRCUIT_07 = LUT 0x1 ( n319 )
