# Benchmark "faults\fault_U62_ACKOUT_REG_true_8_frames" written by ABC on Tue Dec 06 01:10:47 2011
INPUT(ACKOUT_REG_WFCIRCUIT)
INPUT(STATE_REG_2__WFCIRCUIT)
INPUT(STATE_REG_1__WFCIRCUIT)
INPUT(STATE_REG_0__WFCIRCUIT)
INPUT(CC_MUX_REG_2__WFCIRCUIT)
INPUT(CC_MUX_REG_1__WFCIRCUIT)
INPUT(USCITE_REG_2__WFCIRCUIT)
INPUT(USCITE_REG_1__WFCIRCUIT)
INPUT(ENABLE_COUNT_REG_WFCIRCUIT)
INPUT(EQL_00)
INPUT(CONT_EQL_00)
INPUT(EQL_01)
INPUT(CONT_EQL_01)
INPUT(EQL_02)
INPUT(CONT_EQL_02)
INPUT(EQL_03)
INPUT(CONT_EQL_03)
INPUT(EQL_04)
INPUT(CONT_EQL_04)
INPUT(EQL_05)
INPUT(CONT_EQL_05)
INPUT(EQL_06)
INPUT(CONT_EQL_06)
INPUT(EQL_07)
INPUT(CONT_EQL_07)
OUTPUT(CC_MUX_REG_2__WFCIRCUIT_00)
OUTPUT(CC_MUX_REG_1__WFCIRCUIT_00)
OUTPUT(USCITE_REG_2__WFCIRCUIT_00)
OUTPUT(USCITE_REG_1__WFCIRCUIT_00)
OUTPUT(ENABLE_COUNT_REG_WFCIRCUIT_00)
OUTPUT(ACKOUT_REG_WFCIRCUIT_00)
OUTPUT(CC_MUX_REG_2__WFCIRCUIT_01)
OUTPUT(CC_MUX_REG_1__WFCIRCUIT_01)
OUTPUT(USCITE_REG_2__WFCIRCUIT_01)
OUTPUT(USCITE_REG_1__WFCIRCUIT_01)
OUTPUT(ENABLE_COUNT_REG_WFCIRCUIT_01)
OUTPUT(ACKOUT_REG_WFCIRCUIT_01)
OUTPUT(CC_MUX_REG_2__WFCIRCUIT_02)
OUTPUT(CC_MUX_REG_1__WFCIRCUIT_02)
OUTPUT(USCITE_REG_2__WFCIRCUIT_02)
OUTPUT(USCITE_REG_1__WFCIRCUIT_02)
OUTPUT(ENABLE_COUNT_REG_WFCIRCUIT_02)
OUTPUT(ACKOUT_REG_WFCIRCUIT_02)
OUTPUT(CC_MUX_REG_2__WFCIRCUIT_03)
OUTPUT(CC_MUX_REG_1__WFCIRCUIT_03)
OUTPUT(USCITE_REG_2__WFCIRCUIT_03)
OUTPUT(USCITE_REG_1__WFCIRCUIT_03)
OUTPUT(ENABLE_COUNT_REG_WFCIRCUIT_03)
OUTPUT(ACKOUT_REG_WFCIRCUIT_03)
OUTPUT(CC_MUX_REG_2__WFCIRCUIT_04)
OUTPUT(CC_MUX_REG_1__WFCIRCUIT_04)
OUTPUT(USCITE_REG_2__WFCIRCUIT_04)
OUTPUT(USCITE_REG_1__WFCIRCUIT_04)
OUTPUT(ENABLE_COUNT_REG_WFCIRCUIT_04)
OUTPUT(ACKOUT_REG_WFCIRCUIT_04)
OUTPUT(CC_MUX_REG_2__WFCIRCUIT_05)
OUTPUT(CC_MUX_REG_1__WFCIRCUIT_05)
OUTPUT(USCITE_REG_2__WFCIRCUIT_05)
OUTPUT(USCITE_REG_1__WFCIRCUIT_05)
OUTPUT(ENABLE_COUNT_REG_WFCIRCUIT_05)
OUTPUT(ACKOUT_REG_WFCIRCUIT_05)
OUTPUT(CC_MUX_REG_2__WFCIRCUIT_06)
OUTPUT(CC_MUX_REG_1__WFCIRCUIT_06)
OUTPUT(USCITE_REG_2__WFCIRCUIT_06)
OUTPUT(USCITE_REG_1__WFCIRCUIT_06)
OUTPUT(ENABLE_COUNT_REG_WFCIRCUIT_06)
OUTPUT(ACKOUT_REG_WFCIRCUIT_06)
OUTPUT(CC_MUX_REG_2__WFCIRCUIT_07)
OUTPUT(CC_MUX_REG_1__WFCIRCUIT_07)
OUTPUT(USCITE_REG_2__WFCIRCUIT_07)
OUTPUT(USCITE_REG_1__WFCIRCUIT_07)
OUTPUT(ENABLE_COUNT_REG_WFCIRCUIT_07)
OUTPUT(ACKOUT_REG_WFCIRCUIT_07)
n73         = vdd
n74         = LUT 0x8 ( STATE_REG_2__WFCIRCUIT, STATE_REG_1__WFCIRCUIT )
n75         = LUT 0x8 ( STATE_REG_0__WFCIRCUIT, n74 )
n76         = LUT 0x1 ( CONT_EQL_00, n75 )
n77         = LUT 0x1 ( STATE_REG_2__WFCIRCUIT, STATE_REG_0__WFCIRCUIT )
n78         = LUT 0x2 ( STATE_REG_1__WFCIRCUIT, EQL_00 )
n79         = LUT 0x8 ( n77, n78 )
n80         = LUT 0x1 ( n76, n79 )
n81         = LUT 0x1 ( STATE_REG_1__WFCIRCUIT, STATE_REG_0__WFCIRCUIT )
n82         = LUT 0x1 ( EQL_00, n81 )
n83         = LUT 0x2 ( STATE_REG_2__WFCIRCUIT, n82 )
n84         = LUT 0x1 ( STATE_REG_2__WFCIRCUIT, STATE_REG_1__WFCIRCUIT )
n85         = LUT 0x8 ( STATE_REG_0__WFCIRCUIT, n84 )
n86         = LUT 0x4 ( EQL_00, n85 )
n87         = LUT 0x1 ( n83, n86 )
n88         = LUT 0x8 ( STATE_REG_1__WFCIRCUIT, n77 )
n89         = LUT 0x4 ( STATE_REG_2__WFCIRCUIT, EQL_00 )
n90         = LUT 0x8 ( STATE_REG_0__WFCIRCUIT, n89 )
n91         = LUT 0x2 ( STATE_REG_2__WFCIRCUIT, STATE_REG_0__WFCIRCUIT )
n92         = LUT 0x4 ( STATE_REG_1__WFCIRCUIT, n91 )
n93         = LUT 0x4 ( EQL_00, n92 )
n94         = LUT 0x8 ( STATE_REG_1__WFCIRCUIT, EQL_00 )
n95         = LUT 0x1 ( n88, n90 )
n96         = LUT 0x4 ( n93, n95 )
n97         = LUT 0x4 ( n94, n96 )
n98         = LUT 0x8 ( STATE_REG_1__WFCIRCUIT, STATE_REG_0__WFCIRCUIT )
n99         = LUT 0x4 ( STATE_REG_1__WFCIRCUIT, n77 )
n100        = LUT 0x1 ( n98, n99 )
n101        = LUT 0x4 ( n82, n100 )
n102        = LUT 0x4 ( STATE_REG_0__WFCIRCUIT, n94 )
n103        = LUT 0x1 ( n83, n85 )
n104        = LUT 0x4 ( n102, n103 )
n105        = LUT 0x8 ( STATE_REG_2__WFCIRCUIT, STATE_REG_0__WFCIRCUIT )
n106        = LUT 0x4 ( STATE_REG_0__WFCIRCUIT, EQL_00 )
n107        = LUT 0x2 ( STATE_REG_1__WFCIRCUIT, n106 )
n108        = LUT 0x4 ( STATE_REG_1__WFCIRCUIT, EQL_00 )
n109        = LUT 0x1 ( n77, n105 )
n110        = LUT 0x4 ( n107, n109 )
n111        = LUT 0x4 ( n108, n110 )
n112        = LUT 0x8 ( STATE_REG_2__WFCIRCUIT, n94 )
n113        = LUT 0x1 ( n93, n112 )
n114        = LUT 0x2 ( EQL_00, n74 )
n115        = LUT 0x8 ( n100, n114 )
n116        = LUT 0x1 ( n87, n97 )
n117        = LUT 0x4 ( n101, n116 )
n118        = LUT 0x1 ( CONT_EQL_01, n117 )
n119        = LUT 0x8 ( n87, n101 )
n120        = LUT 0x1 ( n97, EQL_01 )
n121        = LUT 0x8 ( n119, n120 )
n122        = LUT 0x1 ( n118, n121 )
n123        = LUT 0x8 ( n97, n101 )
n124        = LUT 0x1 ( EQL_01, n123 )
n125        = LUT 0x1 ( n87, n124 )
n126        = LUT 0x8 ( n87, n97 )
n127        = LUT 0x4 ( n101, n126 )
n128        = LUT 0x4 ( EQL_01, n127 )
n129        = LUT 0x1 ( n125, n128 )
n130        = LUT 0x4 ( n97, n119 )
n131        = LUT 0x8 ( n87, EQL_01 )
n132        = LUT 0x4 ( n101, n131 )
n133        = LUT 0x4 ( n87, n101 )
n134        = LUT 0x8 ( n97, n133 )
n135        = LUT 0x4 ( EQL_01, n134 )
n136        = LUT 0x4 ( n97, EQL_01 )
n137        = LUT 0x1 ( n130, n132 )
n138        = LUT 0x4 ( n135, n137 )
n139        = LUT 0x4 ( n136, n138 )
n140        = LUT 0x1 ( n97, n101 )
n141        = LUT 0x8 ( n97, n119 )
n142        = LUT 0x1 ( n140, n141 )
n143        = LUT 0x4 ( n124, n142 )
n144        = LUT 0x8 ( n101, n136 )
n145        = LUT 0x1 ( n125, n127 )
n146        = LUT 0x4 ( n144, n145 )
n147        = LUT 0x1 ( n87, n101 )
n148        = LUT 0x8 ( n101, EQL_01 )
n149        = LUT 0x1 ( n97, n148 )
n150        = LUT 0x8 ( n97, EQL_01 )
n151        = LUT 0x1 ( n119, n147 )
n152        = LUT 0x4 ( n149, n151 )
n153        = LUT 0x4 ( n150, n152 )
n154        = LUT 0x4 ( n87, n136 )
n155        = LUT 0x1 ( n135, n154 )
n156        = LUT 0x2 ( EQL_01, n116 )
n157        = LUT 0x8 ( n142, n156 )
n158        = LUT 0x1 ( n129, n139 )
n159        = LUT 0x4 ( n143, n158 )
n160        = LUT 0x1 ( CONT_EQL_02, n159 )
n161        = LUT 0x8 ( n129, n143 )
n162        = LUT 0x1 ( n139, EQL_02 )
n163        = LUT 0x8 ( n161, n162 )
n164        = LUT 0x1 ( n160, n163 )
n165        = LUT 0x8 ( n139, n143 )
n166        = LUT 0x1 ( EQL_02, n165 )
n167        = LUT 0x1 ( n129, n166 )
n168        = LUT 0x8 ( n129, n139 )
n169        = LUT 0x4 ( n143, n168 )
n170        = LUT 0x4 ( EQL_02, n169 )
n171        = LUT 0x1 ( n167, n170 )
n172        = LUT 0x4 ( n139, n161 )
n173        = LUT 0x8 ( n129, EQL_02 )
n174        = LUT 0x4 ( n143, n173 )
n175        = LUT 0x4 ( n129, n143 )
n176        = LUT 0x8 ( n139, n175 )
n177        = LUT 0x4 ( EQL_02, n176 )
n178        = LUT 0x4 ( n139, EQL_02 )
n179        = LUT 0x1 ( n172, n174 )
n180        = LUT 0x4 ( n177, n179 )
n181        = LUT 0x4 ( n178, n180 )
n182        = LUT 0x1 ( n139, n143 )
n183        = LUT 0x8 ( n139, n161 )
n184        = LUT 0x1 ( n182, n183 )
n185        = LUT 0x4 ( n166, n184 )
n186        = LUT 0x8 ( n143, n178 )
n187        = LUT 0x1 ( n167, n169 )
n188        = LUT 0x4 ( n186, n187 )
n189        = LUT 0x1 ( n129, n143 )
n190        = LUT 0x8 ( n143, EQL_02 )
n191        = LUT 0x1 ( n139, n190 )
n192        = LUT 0x8 ( n139, EQL_02 )
n193        = LUT 0x1 ( n161, n189 )
n194        = LUT 0x4 ( n191, n193 )
n195        = LUT 0x4 ( n192, n194 )
n196        = LUT 0x4 ( n129, n178 )
n197        = LUT 0x1 ( n177, n196 )
n198        = LUT 0x2 ( EQL_02, n158 )
n199        = LUT 0x8 ( n184, n198 )
n200        = LUT 0x1 ( n171, n181 )
n201        = LUT 0x4 ( n185, n200 )
n202        = LUT 0x1 ( CONT_EQL_03, n201 )
n203        = LUT 0x8 ( n171, n185 )
n204        = LUT 0x1 ( n181, EQL_03 )
n205        = LUT 0x8 ( n203, n204 )
n206        = LUT 0x1 ( n202, n205 )
n207        = LUT 0x8 ( n181, n185 )
n208        = LUT 0x1 ( EQL_03, n207 )
n209        = LUT 0x1 ( n171, n208 )
n210        = LUT 0x8 ( n171, n181 )
n211        = LUT 0x4 ( n185, n210 )
n212        = LUT 0x4 ( EQL_03, n211 )
n213        = LUT 0x1 ( n209, n212 )
n214        = LUT 0x4 ( n181, n203 )
n215        = LUT 0x8 ( n171, EQL_03 )
n216        = LUT 0x4 ( n185, n215 )
n217        = LUT 0x4 ( n171, n185 )
n218        = LUT 0x8 ( n181, n217 )
n219        = LUT 0x4 ( EQL_03, n218 )
n220        = LUT 0x4 ( n181, EQL_03 )
n221        = LUT 0x1 ( n214, n216 )
n222        = LUT 0x4 ( n219, n221 )
n223        = LUT 0x4 ( n220, n222 )
n224        = LUT 0x1 ( n181, n185 )
n225        = LUT 0x8 ( n181, n203 )
n226        = LUT 0x1 ( n224, n225 )
n227        = LUT 0x4 ( n208, n226 )
n228        = LUT 0x8 ( n185, n220 )
n229        = LUT 0x1 ( n209, n211 )
n230        = LUT 0x4 ( n228, n229 )
n231        = LUT 0x1 ( n171, n185 )
n232        = LUT 0x8 ( n185, EQL_03 )
n233        = LUT 0x1 ( n181, n232 )
n234        = LUT 0x8 ( n181, EQL_03 )
n235        = LUT 0x1 ( n203, n231 )
n236        = LUT 0x4 ( n233, n235 )
n237        = LUT 0x4 ( n234, n236 )
n238        = LUT 0x4 ( n171, n220 )
n239        = LUT 0x1 ( n219, n238 )
n240        = LUT 0x2 ( EQL_03, n200 )
n241        = LUT 0x8 ( n226, n240 )
n242        = LUT 0x1 ( n213, n223 )
n243        = LUT 0x4 ( n227, n242 )
n244        = LUT 0x1 ( CONT_EQL_04, n243 )
n245        = LUT 0x8 ( n213, n227 )
n246        = LUT 0x1 ( n223, EQL_04 )
n247        = LUT 0x8 ( n245, n246 )
n248        = LUT 0x1 ( n244, n247 )
n249        = LUT 0x8 ( n223, n227 )
n250        = LUT 0x1 ( EQL_04, n249 )
n251        = LUT 0x1 ( n213, n250 )
n252        = LUT 0x8 ( n213, n223 )
n253        = LUT 0x4 ( n227, n252 )
n254        = LUT 0x4 ( EQL_04, n253 )
n255        = LUT 0x1 ( n251, n254 )
n256        = LUT 0x4 ( n223, n245 )
n257        = LUT 0x8 ( n213, EQL_04 )
n258        = LUT 0x4 ( n227, n257 )
n259        = LUT 0x4 ( n213, n227 )
n260        = LUT 0x8 ( n223, n259 )
n261        = LUT 0x4 ( EQL_04, n260 )
n262        = LUT 0x4 ( n223, EQL_04 )
n263        = LUT 0x1 ( n256, n258 )
n264        = LUT 0x4 ( n261, n263 )
n265        = LUT 0x4 ( n262, n264 )
n266        = LUT 0x1 ( n223, n227 )
n267        = LUT 0x8 ( n223, n245 )
n268        = LUT 0x1 ( n266, n267 )
n269        = LUT 0x4 ( n250, n268 )
n270        = LUT 0x8 ( n227, n262 )
n271        = LUT 0x1 ( n251, n253 )
n272        = LUT 0x4 ( n270, n271 )
n273        = LUT 0x1 ( n213, n227 )
n274        = LUT 0x8 ( n227, EQL_04 )
n275        = LUT 0x1 ( n223, n274 )
n276        = LUT 0x8 ( n223, EQL_04 )
n277        = LUT 0x1 ( n245, n273 )
n278        = LUT 0x4 ( n275, n277 )
n279        = LUT 0x4 ( n276, n278 )
n280        = LUT 0x4 ( n213, n262 )
n281        = LUT 0x1 ( n261, n280 )
n282        = LUT 0x2 ( EQL_04, n242 )
n283        = LUT 0x8 ( n268, n282 )
n284        = LUT 0x1 ( n255, n265 )
n285        = LUT 0x4 ( n269, n284 )
n286        = LUT 0x1 ( CONT_EQL_05, n285 )
n287        = LUT 0x8 ( n255, n269 )
n288        = LUT 0x1 ( n265, EQL_05 )
n289        = LUT 0x8 ( n287, n288 )
n290        = LUT 0x1 ( n286, n289 )
n291        = LUT 0x8 ( n265, n269 )
n292        = LUT 0x1 ( EQL_05, n291 )
n293        = LUT 0x1 ( n255, n292 )
n294        = LUT 0x8 ( n255, n265 )
n295        = LUT 0x4 ( n269, n294 )
n296        = LUT 0x4 ( EQL_05, n295 )
n297        = LUT 0x1 ( n293, n296 )
n298        = LUT 0x4 ( n265, n287 )
n299        = LUT 0x8 ( n255, EQL_05 )
n300        = LUT 0x4 ( n269, n299 )
n301        = LUT 0x4 ( n255, n269 )
n302        = LUT 0x8 ( n265, n301 )
n303        = LUT 0x4 ( EQL_05, n302 )
n304        = LUT 0x4 ( n265, EQL_05 )
n305        = LUT 0x1 ( n298, n300 )
n306        = LUT 0x4 ( n303, n305 )
n307        = LUT 0x4 ( n304, n306 )
n308        = LUT 0x1 ( n265, n269 )
n309        = LUT 0x8 ( n265, n287 )
n310        = LUT 0x1 ( n308, n309 )
n311        = LUT 0x4 ( n292, n310 )
n312        = LUT 0x8 ( n269, n304 )
n313        = LUT 0x1 ( n293, n295 )
n314        = LUT 0x4 ( n312, n313 )
n315        = LUT 0x1 ( n255, n269 )
n316        = LUT 0x8 ( n269, EQL_05 )
n317        = LUT 0x1 ( n265, n316 )
n318        = LUT 0x8 ( n265, EQL_05 )
n319        = LUT 0x1 ( n287, n315 )
n320        = LUT 0x4 ( n317, n319 )
n321        = LUT 0x4 ( n318, n320 )
n322        = LUT 0x4 ( n255, n304 )
n323        = LUT 0x1 ( n303, n322 )
n324        = LUT 0x2 ( EQL_05, n284 )
n325        = LUT 0x8 ( n310, n324 )
n326        = LUT 0x1 ( n297, n307 )
n327        = LUT 0x4 ( n311, n326 )
n328        = LUT 0x1 ( CONT_EQL_06, n327 )
n329        = LUT 0x8 ( n297, n311 )
n330        = LUT 0x1 ( n307, EQL_06 )
n331        = LUT 0x8 ( n329, n330 )
n332        = LUT 0x1 ( n328, n331 )
n333        = LUT 0x8 ( n307, n311 )
n334        = LUT 0x1 ( EQL_06, n333 )
n335        = LUT 0x1 ( n297, n334 )
n336        = LUT 0x8 ( n297, n307 )
n337        = LUT 0x4 ( n311, n336 )
n338        = LUT 0x4 ( n297, n311 )
n339        = LUT 0x8 ( n307, n338 )
n340        = LUT 0x4 ( EQL_06, n339 )
n341        = LUT 0x4 ( n307, EQL_06 )
n342        = LUT 0x1 ( n307, n311 )
n343        = LUT 0x8 ( n307, n329 )
n344        = LUT 0x1 ( n342, n343 )
n345        = LUT 0x8 ( n311, n341 )
n346        = LUT 0x1 ( n335, n337 )
n347        = LUT 0x4 ( n345, n346 )
n348        = LUT 0x1 ( n297, n311 )
n349        = LUT 0x8 ( n311, EQL_06 )
n350        = LUT 0x1 ( n307, n349 )
n351        = LUT 0x8 ( n307, EQL_06 )
n352        = LUT 0x1 ( n329, n348 )
n353        = LUT 0x4 ( n350, n352 )
n354        = LUT 0x4 ( n351, n353 )
n355        = LUT 0x4 ( n297, n341 )
n356        = LUT 0x1 ( n340, n355 )
n357        = LUT 0x2 ( EQL_06, n326 )
n358        = LUT 0x8 ( n344, n357 )
CC_MUX_REG_2__WFCIRCUIT_00 = LUT 0x2 ( CC_MUX_REG_2__WFCIRCUIT )
CC_MUX_REG_1__WFCIRCUIT_00 = LUT 0x2 ( CC_MUX_REG_1__WFCIRCUIT )
USCITE_REG_2__WFCIRCUIT_00 = LUT 0x2 ( USCITE_REG_2__WFCIRCUIT )
USCITE_REG_1__WFCIRCUIT_00 = LUT 0x2 ( USCITE_REG_1__WFCIRCUIT )
ENABLE_COUNT_REG_WFCIRCUIT_00 = LUT 0x2 ( ENABLE_COUNT_REG_WFCIRCUIT )
ACKOUT_REG_WFCIRCUIT_00 = LUT 0x2 ( ACKOUT_REG_WFCIRCUIT )
CC_MUX_REG_2__WFCIRCUIT_01 = LUT 0x1 ( n104 )
CC_MUX_REG_1__WFCIRCUIT_01 = LUT 0x1 ( n111 )
USCITE_REG_2__WFCIRCUIT_01 = LUT 0x1 ( n113 )
USCITE_REG_1__WFCIRCUIT_01 = LUT 0x1 ( n115 )
ENABLE_COUNT_REG_WFCIRCUIT_01 = LUT 0x1 ( n80 )
ACKOUT_REG_WFCIRCUIT_01 = LUT 0x1 ( n73 )
CC_MUX_REG_2__WFCIRCUIT_02 = LUT 0x1 ( n146 )
CC_MUX_REG_1__WFCIRCUIT_02 = LUT 0x1 ( n153 )
USCITE_REG_2__WFCIRCUIT_02 = LUT 0x1 ( n155 )
USCITE_REG_1__WFCIRCUIT_02 = LUT 0x1 ( n157 )
ENABLE_COUNT_REG_WFCIRCUIT_02 = LUT 0x1 ( n122 )
ACKOUT_REG_WFCIRCUIT_02 = LUT 0x1 ( n73 )
CC_MUX_REG_2__WFCIRCUIT_03 = LUT 0x1 ( n188 )
CC_MUX_REG_1__WFCIRCUIT_03 = LUT 0x1 ( n195 )
USCITE_REG_2__WFCIRCUIT_03 = LUT 0x1 ( n197 )
USCITE_REG_1__WFCIRCUIT_03 = LUT 0x1 ( n199 )
ENABLE_COUNT_REG_WFCIRCUIT_03 = LUT 0x1 ( n164 )
ACKOUT_REG_WFCIRCUIT_03 = LUT 0x1 ( n73 )
CC_MUX_REG_2__WFCIRCUIT_04 = LUT 0x1 ( n230 )
CC_MUX_REG_1__WFCIRCUIT_04 = LUT 0x1 ( n237 )
USCITE_REG_2__WFCIRCUIT_04 = LUT 0x1 ( n239 )
USCITE_REG_1__WFCIRCUIT_04 = LUT 0x1 ( n241 )
ENABLE_COUNT_REG_WFCIRCUIT_04 = LUT 0x1 ( n206 )
ACKOUT_REG_WFCIRCUIT_04 = LUT 0x1 ( n73 )
CC_MUX_REG_2__WFCIRCUIT_05 = LUT 0x1 ( n272 )
CC_MUX_REG_1__WFCIRCUIT_05 = LUT 0x1 ( n279 )
USCITE_REG_2__WFCIRCUIT_05 = LUT 0x1 ( n281 )
USCITE_REG_1__WFCIRCUIT_05 = LUT 0x1 ( n283 )
ENABLE_COUNT_REG_WFCIRCUIT_05 = LUT 0x1 ( n248 )
ACKOUT_REG_WFCIRCUIT_05 = LUT 0x1 ( n73 )
CC_MUX_REG_2__WFCIRCUIT_06 = LUT 0x1 ( n314 )
CC_MUX_REG_1__WFCIRCUIT_06 = LUT 0x1 ( n321 )
USCITE_REG_2__WFCIRCUIT_06 = LUT 0x1 ( n323 )
USCITE_REG_1__WFCIRCUIT_06 = LUT 0x1 ( n325 )
ENABLE_COUNT_REG_WFCIRCUIT_06 = LUT 0x1 ( n290 )
ACKOUT_REG_WFCIRCUIT_06 = LUT 0x1 ( n73 )
CC_MUX_REG_2__WFCIRCUIT_07 = LUT 0x1 ( n347 )
CC_MUX_REG_1__WFCIRCUIT_07 = LUT 0x1 ( n354 )
USCITE_REG_2__WFCIRCUIT_07 = LUT 0x1 ( n356 )
USCITE_REG_1__WFCIRCUIT_07 = LUT 0x1 ( n358 )
ENABLE_COUNT_REG_WFCIRCUIT_07 = LUT 0x1 ( n332 )
ACKOUT_REG_WFCIRCUIT_07 = LUT 0x1 ( n73 )
