# Benchmark "faults\fault_U92__true_8_frames" written by ABC on Tue Dec 06 01:11:29 2011
INPUT(ACKOUT_REG_WFCIRCUIT)
INPUT(STATE_REG_2__WFCIRCUIT)
INPUT(STATE_REG_1__WFCIRCUIT)
INPUT(STATE_REG_0__WFCIRCUIT)
INPUT(CC_MUX_REG_2__WFCIRCUIT)
INPUT(CC_MUX_REG_1__WFCIRCUIT)
INPUT(USCITE_REG_2__WFCIRCUIT)
INPUT(USCITE_REG_1__WFCIRCUIT)
INPUT(ENABLE_COUNT_REG_WFCIRCUIT)
INPUT(EQL_00)
INPUT(CONT_EQL_00)
INPUT(EQL_01)
INPUT(CONT_EQL_01)
INPUT(EQL_02)
INPUT(CONT_EQL_02)
INPUT(EQL_03)
INPUT(CONT_EQL_03)
INPUT(EQL_04)
INPUT(CONT_EQL_04)
INPUT(EQL_05)
INPUT(CONT_EQL_05)
INPUT(EQL_06)
INPUT(CONT_EQL_06)
INPUT(EQL_07)
INPUT(CONT_EQL_07)
OUTPUT(CC_MUX_REG_2__WFCIRCUIT_00)
OUTPUT(CC_MUX_REG_1__WFCIRCUIT_00)
OUTPUT(USCITE_REG_2__WFCIRCUIT_00)
OUTPUT(USCITE_REG_1__WFCIRCUIT_00)
OUTPUT(ENABLE_COUNT_REG_WFCIRCUIT_00)
OUTPUT(ACKOUT_REG_WFCIRCUIT_00)
OUTPUT(CC_MUX_REG_2__WFCIRCUIT_01)
OUTPUT(CC_MUX_REG_1__WFCIRCUIT_01)
OUTPUT(USCITE_REG_2__WFCIRCUIT_01)
OUTPUT(USCITE_REG_1__WFCIRCUIT_01)
OUTPUT(ENABLE_COUNT_REG_WFCIRCUIT_01)
OUTPUT(ACKOUT_REG_WFCIRCUIT_01)
OUTPUT(CC_MUX_REG_2__WFCIRCUIT_02)
OUTPUT(CC_MUX_REG_1__WFCIRCUIT_02)
OUTPUT(USCITE_REG_2__WFCIRCUIT_02)
OUTPUT(USCITE_REG_1__WFCIRCUIT_02)
OUTPUT(ENABLE_COUNT_REG_WFCIRCUIT_02)
OUTPUT(ACKOUT_REG_WFCIRCUIT_02)
OUTPUT(CC_MUX_REG_2__WFCIRCUIT_03)
OUTPUT(CC_MUX_REG_1__WFCIRCUIT_03)
OUTPUT(USCITE_REG_2__WFCIRCUIT_03)
OUTPUT(USCITE_REG_1__WFCIRCUIT_03)
OUTPUT(ENABLE_COUNT_REG_WFCIRCUIT_03)
OUTPUT(ACKOUT_REG_WFCIRCUIT_03)
OUTPUT(CC_MUX_REG_2__WFCIRCUIT_04)
OUTPUT(CC_MUX_REG_1__WFCIRCUIT_04)
OUTPUT(USCITE_REG_2__WFCIRCUIT_04)
OUTPUT(USCITE_REG_1__WFCIRCUIT_04)
OUTPUT(ENABLE_COUNT_REG_WFCIRCUIT_04)
OUTPUT(ACKOUT_REG_WFCIRCUIT_04)
OUTPUT(CC_MUX_REG_2__WFCIRCUIT_05)
OUTPUT(CC_MUX_REG_1__WFCIRCUIT_05)
OUTPUT(USCITE_REG_2__WFCIRCUIT_05)
OUTPUT(USCITE_REG_1__WFCIRCUIT_05)
OUTPUT(ENABLE_COUNT_REG_WFCIRCUIT_05)
OUTPUT(ACKOUT_REG_WFCIRCUIT_05)
OUTPUT(CC_MUX_REG_2__WFCIRCUIT_06)
OUTPUT(CC_MUX_REG_1__WFCIRCUIT_06)
OUTPUT(USCITE_REG_2__WFCIRCUIT_06)
OUTPUT(USCITE_REG_1__WFCIRCUIT_06)
OUTPUT(ENABLE_COUNT_REG_WFCIRCUIT_06)
OUTPUT(ACKOUT_REG_WFCIRCUIT_06)
OUTPUT(CC_MUX_REG_2__WFCIRCUIT_07)
OUTPUT(CC_MUX_REG_1__WFCIRCUIT_07)
OUTPUT(USCITE_REG_2__WFCIRCUIT_07)
OUTPUT(USCITE_REG_1__WFCIRCUIT_07)
OUTPUT(ENABLE_COUNT_REG_WFCIRCUIT_07)
OUTPUT(ACKOUT_REG_WFCIRCUIT_07)
CC_MUX_REG_1__WFCIRCUIT_01 = vdd
n74         = LUT 0x8 ( STATE_REG_2__WFCIRCUIT, STATE_REG_1__WFCIRCUIT )
n75         = LUT 0x8 ( STATE_REG_0__WFCIRCUIT, n74 )
n76         = LUT 0x1 ( CONT_EQL_00, n75 )
n77         = LUT 0x1 ( STATE_REG_2__WFCIRCUIT, STATE_REG_0__WFCIRCUIT )
n78         = LUT 0x2 ( STATE_REG_1__WFCIRCUIT, EQL_00 )
n79         = LUT 0x8 ( n77, n78 )
n80         = LUT 0x1 ( n76, n79 )
n81         = LUT 0x1 ( STATE_REG_1__WFCIRCUIT, STATE_REG_0__WFCIRCUIT )
n82         = LUT 0x1 ( EQL_00, n81 )
n83         = LUT 0x2 ( STATE_REG_2__WFCIRCUIT, n82 )
n84         = LUT 0x1 ( STATE_REG_2__WFCIRCUIT, STATE_REG_1__WFCIRCUIT )
n85         = LUT 0x8 ( STATE_REG_0__WFCIRCUIT, n84 )
n86         = LUT 0x4 ( EQL_00, n85 )
n87         = LUT 0x1 ( n83, n86 )
n88         = LUT 0x8 ( STATE_REG_1__WFCIRCUIT, n77 )
n89         = LUT 0x4 ( STATE_REG_2__WFCIRCUIT, EQL_00 )
n90         = LUT 0x8 ( STATE_REG_0__WFCIRCUIT, n89 )
n91         = LUT 0x2 ( STATE_REG_2__WFCIRCUIT, STATE_REG_0__WFCIRCUIT )
n92         = LUT 0x4 ( STATE_REG_1__WFCIRCUIT, n91 )
n93         = LUT 0x4 ( EQL_00, n92 )
n94         = LUT 0x8 ( STATE_REG_1__WFCIRCUIT, EQL_00 )
n95         = LUT 0x1 ( n88, n90 )
n96         = LUT 0x4 ( n93, n95 )
n97         = LUT 0x4 ( n94, n96 )
n98         = LUT 0x8 ( STATE_REG_1__WFCIRCUIT, STATE_REG_0__WFCIRCUIT )
n99         = LUT 0x4 ( STATE_REG_1__WFCIRCUIT, n77 )
n100        = LUT 0x1 ( n98, n99 )
n101        = LUT 0x4 ( n82, n100 )
n102        = LUT 0x4 ( STATE_REG_0__WFCIRCUIT, n94 )
n103        = LUT 0x1 ( n83, n85 )
n104        = LUT 0x4 ( n102, n103 )
n105        = LUT 0x8 ( STATE_REG_2__WFCIRCUIT, n94 )
n106        = LUT 0x1 ( n93, n105 )
n107        = LUT 0x2 ( EQL_00, n74 )
n108        = LUT 0x8 ( n100, n107 )
n109        = LUT 0x1 ( n87, n97 )
n110        = LUT 0x4 ( n101, n109 )
n111        = LUT 0x1 ( CONT_EQL_01, n110 )
n112        = LUT 0x8 ( n87, n101 )
n113        = LUT 0x1 ( n97, EQL_01 )
n114        = LUT 0x8 ( n112, n113 )
n115        = LUT 0x1 ( n111, n114 )
n116        = LUT 0x8 ( n97, n101 )
n117        = LUT 0x1 ( EQL_01, n116 )
n118        = LUT 0x1 ( n87, n117 )
n119        = LUT 0x8 ( n87, n97 )
n120        = LUT 0x4 ( n101, n119 )
n121        = LUT 0x4 ( EQL_01, n120 )
n122        = LUT 0x1 ( n118, n121 )
n123        = LUT 0x4 ( n97, n112 )
n124        = LUT 0x8 ( n87, EQL_01 )
n125        = LUT 0x4 ( n101, n124 )
n126        = LUT 0x4 ( n87, n101 )
n127        = LUT 0x8 ( n97, n126 )
n128        = LUT 0x4 ( EQL_01, n127 )
n129        = LUT 0x4 ( n97, EQL_01 )
n130        = LUT 0x1 ( n123, n125 )
n131        = LUT 0x4 ( n128, n130 )
n132        = LUT 0x4 ( n129, n131 )
n133        = LUT 0x1 ( n97, n101 )
n134        = LUT 0x8 ( n97, n112 )
n135        = LUT 0x1 ( n133, n134 )
n136        = LUT 0x4 ( n117, n135 )
n137        = LUT 0x8 ( n101, n129 )
n138        = LUT 0x1 ( n118, n120 )
n139        = LUT 0x4 ( n137, n138 )
n140        = LUT 0x4 ( n87, n129 )
n141        = LUT 0x1 ( n128, n140 )
n142        = LUT 0x2 ( EQL_01, n109 )
n143        = LUT 0x8 ( n135, n142 )
n144        = LUT 0x1 ( n122, n132 )
n145        = LUT 0x4 ( n136, n144 )
n146        = LUT 0x1 ( CONT_EQL_02, n145 )
n147        = LUT 0x8 ( n122, n136 )
n148        = LUT 0x1 ( n132, EQL_02 )
n149        = LUT 0x8 ( n147, n148 )
n150        = LUT 0x1 ( n146, n149 )
n151        = LUT 0x8 ( n132, n136 )
n152        = LUT 0x1 ( EQL_02, n151 )
n153        = LUT 0x1 ( n122, n152 )
n154        = LUT 0x8 ( n122, n132 )
n155        = LUT 0x4 ( n136, n154 )
n156        = LUT 0x4 ( EQL_02, n155 )
n157        = LUT 0x1 ( n153, n156 )
n158        = LUT 0x4 ( n132, n147 )
n159        = LUT 0x8 ( n122, EQL_02 )
n160        = LUT 0x4 ( n136, n159 )
n161        = LUT 0x4 ( n122, n136 )
n162        = LUT 0x8 ( n132, n161 )
n163        = LUT 0x4 ( EQL_02, n162 )
n164        = LUT 0x4 ( n132, EQL_02 )
n165        = LUT 0x1 ( n158, n160 )
n166        = LUT 0x4 ( n163, n165 )
n167        = LUT 0x4 ( n164, n166 )
n168        = LUT 0x1 ( n132, n136 )
n169        = LUT 0x8 ( n132, n147 )
n170        = LUT 0x1 ( n168, n169 )
n171        = LUT 0x4 ( n152, n170 )
n172        = LUT 0x8 ( n136, n164 )
n173        = LUT 0x1 ( n153, n155 )
n174        = LUT 0x4 ( n172, n173 )
n175        = LUT 0x4 ( n122, n164 )
n176        = LUT 0x1 ( n163, n175 )
n177        = LUT 0x2 ( EQL_02, n144 )
n178        = LUT 0x8 ( n170, n177 )
n179        = LUT 0x1 ( n157, n167 )
n180        = LUT 0x4 ( n171, n179 )
n181        = LUT 0x1 ( CONT_EQL_03, n180 )
n182        = LUT 0x8 ( n157, n171 )
n183        = LUT 0x1 ( n167, EQL_03 )
n184        = LUT 0x8 ( n182, n183 )
n185        = LUT 0x1 ( n181, n184 )
n186        = LUT 0x8 ( n167, n171 )
n187        = LUT 0x1 ( EQL_03, n186 )
n188        = LUT 0x1 ( n157, n187 )
n189        = LUT 0x8 ( n157, n167 )
n190        = LUT 0x4 ( n171, n189 )
n191        = LUT 0x4 ( EQL_03, n190 )
n192        = LUT 0x1 ( n188, n191 )
n193        = LUT 0x4 ( n167, n182 )
n194        = LUT 0x8 ( n157, EQL_03 )
n195        = LUT 0x4 ( n171, n194 )
n196        = LUT 0x4 ( n157, n171 )
n197        = LUT 0x8 ( n167, n196 )
n198        = LUT 0x4 ( EQL_03, n197 )
n199        = LUT 0x4 ( n167, EQL_03 )
n200        = LUT 0x1 ( n193, n195 )
n201        = LUT 0x4 ( n198, n200 )
n202        = LUT 0x4 ( n199, n201 )
n203        = LUT 0x1 ( n167, n171 )
n204        = LUT 0x8 ( n167, n182 )
n205        = LUT 0x1 ( n203, n204 )
n206        = LUT 0x4 ( n187, n205 )
n207        = LUT 0x8 ( n171, n199 )
n208        = LUT 0x1 ( n188, n190 )
n209        = LUT 0x4 ( n207, n208 )
n210        = LUT 0x4 ( n157, n199 )
n211        = LUT 0x1 ( n198, n210 )
n212        = LUT 0x2 ( EQL_03, n179 )
n213        = LUT 0x8 ( n205, n212 )
n214        = LUT 0x1 ( n192, n202 )
n215        = LUT 0x4 ( n206, n214 )
n216        = LUT 0x1 ( CONT_EQL_04, n215 )
n217        = LUT 0x8 ( n192, n206 )
n218        = LUT 0x1 ( n202, EQL_04 )
n219        = LUT 0x8 ( n217, n218 )
n220        = LUT 0x1 ( n216, n219 )
n221        = LUT 0x8 ( n202, n206 )
n222        = LUT 0x1 ( EQL_04, n221 )
n223        = LUT 0x1 ( n192, n222 )
n224        = LUT 0x8 ( n192, n202 )
n225        = LUT 0x4 ( n206, n224 )
n226        = LUT 0x4 ( EQL_04, n225 )
n227        = LUT 0x1 ( n223, n226 )
n228        = LUT 0x4 ( n202, n217 )
n229        = LUT 0x8 ( n192, EQL_04 )
n230        = LUT 0x4 ( n206, n229 )
n231        = LUT 0x4 ( n192, n206 )
n232        = LUT 0x8 ( n202, n231 )
n233        = LUT 0x4 ( EQL_04, n232 )
n234        = LUT 0x4 ( n202, EQL_04 )
n235        = LUT 0x1 ( n228, n230 )
n236        = LUT 0x4 ( n233, n235 )
n237        = LUT 0x4 ( n234, n236 )
n238        = LUT 0x1 ( n202, n206 )
n239        = LUT 0x8 ( n202, n217 )
n240        = LUT 0x1 ( n238, n239 )
n241        = LUT 0x4 ( n222, n240 )
n242        = LUT 0x8 ( n206, n234 )
n243        = LUT 0x1 ( n223, n225 )
n244        = LUT 0x4 ( n242, n243 )
n245        = LUT 0x4 ( n192, n234 )
n246        = LUT 0x1 ( n233, n245 )
n247        = LUT 0x2 ( EQL_04, n214 )
n248        = LUT 0x8 ( n240, n247 )
n249        = LUT 0x1 ( n227, n237 )
n250        = LUT 0x4 ( n241, n249 )
n251        = LUT 0x1 ( CONT_EQL_05, n250 )
n252        = LUT 0x8 ( n227, n241 )
n253        = LUT 0x1 ( n237, EQL_05 )
n254        = LUT 0x8 ( n252, n253 )
n255        = LUT 0x1 ( n251, n254 )
n256        = LUT 0x8 ( n237, n241 )
n257        = LUT 0x1 ( EQL_05, n256 )
n258        = LUT 0x1 ( n227, n257 )
n259        = LUT 0x8 ( n227, n237 )
n260        = LUT 0x4 ( n241, n259 )
n261        = LUT 0x4 ( EQL_05, n260 )
n262        = LUT 0x1 ( n258, n261 )
n263        = LUT 0x4 ( n237, n252 )
n264        = LUT 0x8 ( n227, EQL_05 )
n265        = LUT 0x4 ( n241, n264 )
n266        = LUT 0x4 ( n227, n241 )
n267        = LUT 0x8 ( n237, n266 )
n268        = LUT 0x4 ( EQL_05, n267 )
n269        = LUT 0x4 ( n237, EQL_05 )
n270        = LUT 0x1 ( n263, n265 )
n271        = LUT 0x4 ( n268, n270 )
n272        = LUT 0x4 ( n269, n271 )
n273        = LUT 0x1 ( n237, n241 )
n274        = LUT 0x8 ( n237, n252 )
n275        = LUT 0x1 ( n273, n274 )
n276        = LUT 0x4 ( n257, n275 )
n277        = LUT 0x8 ( n241, n269 )
n278        = LUT 0x1 ( n258, n260 )
n279        = LUT 0x4 ( n277, n278 )
n280        = LUT 0x4 ( n227, n269 )
n281        = LUT 0x1 ( n268, n280 )
n282        = LUT 0x2 ( EQL_05, n249 )
n283        = LUT 0x8 ( n275, n282 )
n284        = LUT 0x1 ( n262, n272 )
n285        = LUT 0x4 ( n276, n284 )
n286        = LUT 0x1 ( CONT_EQL_06, n285 )
n287        = LUT 0x8 ( n262, n276 )
n288        = LUT 0x1 ( n272, EQL_06 )
n289        = LUT 0x8 ( n287, n288 )
n290        = LUT 0x1 ( n286, n289 )
n291        = LUT 0x8 ( n272, n276 )
n292        = LUT 0x1 ( EQL_06, n291 )
n293        = LUT 0x1 ( n262, n292 )
n294        = LUT 0x8 ( n262, n272 )
n295        = LUT 0x4 ( n276, n294 )
n296        = LUT 0x4 ( n262, n276 )
n297        = LUT 0x8 ( n272, n296 )
n298        = LUT 0x4 ( EQL_06, n297 )
n299        = LUT 0x4 ( n272, EQL_06 )
n300        = LUT 0x1 ( n272, n276 )
n301        = LUT 0x8 ( n272, n287 )
n302        = LUT 0x1 ( n300, n301 )
n303        = LUT 0x8 ( n276, n299 )
n304        = LUT 0x1 ( n293, n295 )
n305        = LUT 0x4 ( n303, n304 )
n306        = LUT 0x4 ( n262, n299 )
n307        = LUT 0x1 ( n298, n306 )
n308        = LUT 0x2 ( EQL_06, n284 )
n309        = LUT 0x8 ( n302, n308 )
CC_MUX_REG_2__WFCIRCUIT_00 = LUT 0x2 ( CC_MUX_REG_2__WFCIRCUIT )
CC_MUX_REG_1__WFCIRCUIT_00 = LUT 0x2 ( CC_MUX_REG_1__WFCIRCUIT )
USCITE_REG_2__WFCIRCUIT_00 = LUT 0x2 ( USCITE_REG_2__WFCIRCUIT )
USCITE_REG_1__WFCIRCUIT_00 = LUT 0x2 ( USCITE_REG_1__WFCIRCUIT )
ENABLE_COUNT_REG_WFCIRCUIT_00 = LUT 0x2 ( ENABLE_COUNT_REG_WFCIRCUIT )
ACKOUT_REG_WFCIRCUIT_00 = LUT 0x2 ( ACKOUT_REG_WFCIRCUIT )
CC_MUX_REG_2__WFCIRCUIT_01 = LUT 0x1 ( n104 )
USCITE_REG_2__WFCIRCUIT_01 = LUT 0x1 ( n106 )
USCITE_REG_1__WFCIRCUIT_01 = LUT 0x1 ( n108 )
ENABLE_COUNT_REG_WFCIRCUIT_01 = LUT 0x1 ( n80 )
ACKOUT_REG_WFCIRCUIT_01 = LUT 0x1 ( n80 )
CC_MUX_REG_2__WFCIRCUIT_02 = LUT 0x1 ( n139 )
CC_MUX_REG_1__WFCIRCUIT_02 = LUT 0x2 ( CC_MUX_REG_1__WFCIRCUIT_01 )
USCITE_REG_2__WFCIRCUIT_02 = LUT 0x1 ( n141 )
USCITE_REG_1__WFCIRCUIT_02 = LUT 0x1 ( n143 )
ENABLE_COUNT_REG_WFCIRCUIT_02 = LUT 0x1 ( n115 )
ACKOUT_REG_WFCIRCUIT_02 = LUT 0x1 ( n115 )
CC_MUX_REG_2__WFCIRCUIT_03 = LUT 0x1 ( n174 )
CC_MUX_REG_1__WFCIRCUIT_03 = LUT 0x2 ( CC_MUX_REG_1__WFCIRCUIT_01 )
USCITE_REG_2__WFCIRCUIT_03 = LUT 0x1 ( n176 )
USCITE_REG_1__WFCIRCUIT_03 = LUT 0x1 ( n178 )
ENABLE_COUNT_REG_WFCIRCUIT_03 = LUT 0x1 ( n150 )
ACKOUT_REG_WFCIRCUIT_03 = LUT 0x1 ( n150 )
CC_MUX_REG_2__WFCIRCUIT_04 = LUT 0x1 ( n209 )
CC_MUX_REG_1__WFCIRCUIT_04 = LUT 0x2 ( CC_MUX_REG_1__WFCIRCUIT_01 )
USCITE_REG_2__WFCIRCUIT_04 = LUT 0x1 ( n211 )
USCITE_REG_1__WFCIRCUIT_04 = LUT 0x1 ( n213 )
ENABLE_COUNT_REG_WFCIRCUIT_04 = LUT 0x1 ( n185 )
ACKOUT_REG_WFCIRCUIT_04 = LUT 0x1 ( n185 )
CC_MUX_REG_2__WFCIRCUIT_05 = LUT 0x1 ( n244 )
CC_MUX_REG_1__WFCIRCUIT_05 = LUT 0x2 ( CC_MUX_REG_1__WFCIRCUIT_01 )
USCITE_REG_2__WFCIRCUIT_05 = LUT 0x1 ( n246 )
USCITE_REG_1__WFCIRCUIT_05 = LUT 0x1 ( n248 )
ENABLE_COUNT_REG_WFCIRCUIT_05 = LUT 0x1 ( n220 )
ACKOUT_REG_WFCIRCUIT_05 = LUT 0x1 ( n220 )
CC_MUX_REG_2__WFCIRCUIT_06 = LUT 0x1 ( n279 )
CC_MUX_REG_1__WFCIRCUIT_06 = LUT 0x2 ( CC_MUX_REG_1__WFCIRCUIT_01 )
USCITE_REG_2__WFCIRCUIT_06 = LUT 0x1 ( n281 )
USCITE_REG_1__WFCIRCUIT_06 = LUT 0x1 ( n283 )
ENABLE_COUNT_REG_WFCIRCUIT_06 = LUT 0x1 ( n255 )
ACKOUT_REG_WFCIRCUIT_06 = LUT 0x1 ( n255 )
CC_MUX_REG_2__WFCIRCUIT_07 = LUT 0x1 ( n305 )
CC_MUX_REG_1__WFCIRCUIT_07 = LUT 0x2 ( CC_MUX_REG_1__WFCIRCUIT_01 )
USCITE_REG_2__WFCIRCUIT_07 = LUT 0x1 ( n307 )
USCITE_REG_1__WFCIRCUIT_07 = LUT 0x1 ( n309 )
ENABLE_COUNT_REG_WFCIRCUIT_07 = LUT 0x1 ( n290 )
ACKOUT_REG_WFCIRCUIT_07 = LUT 0x1 ( n290 )
