# Benchmark "faults\fault_U67__true_8_frames" written by ABC on Tue Dec 06 01:11:18 2011
INPUT(ACKOUT_REG_WFCIRCUIT)
INPUT(STATE_REG_2__WFCIRCUIT)
INPUT(STATE_REG_1__WFCIRCUIT)
INPUT(STATE_REG_0__WFCIRCUIT)
INPUT(CC_MUX_REG_2__WFCIRCUIT)
INPUT(CC_MUX_REG_1__WFCIRCUIT)
INPUT(USCITE_REG_2__WFCIRCUIT)
INPUT(USCITE_REG_1__WFCIRCUIT)
INPUT(ENABLE_COUNT_REG_WFCIRCUIT)
INPUT(EQL_00)
INPUT(CONT_EQL_00)
INPUT(EQL_01)
INPUT(CONT_EQL_01)
INPUT(EQL_02)
INPUT(CONT_EQL_02)
INPUT(EQL_03)
INPUT(CONT_EQL_03)
INPUT(EQL_04)
INPUT(CONT_EQL_04)
INPUT(EQL_05)
INPUT(CONT_EQL_05)
INPUT(EQL_06)
INPUT(CONT_EQL_06)
INPUT(EQL_07)
INPUT(CONT_EQL_07)
OUTPUT(CC_MUX_REG_2__WFCIRCUIT_00)
OUTPUT(CC_MUX_REG_1__WFCIRCUIT_00)
OUTPUT(USCITE_REG_2__WFCIRCUIT_00)
OUTPUT(USCITE_REG_1__WFCIRCUIT_00)
OUTPUT(ENABLE_COUNT_REG_WFCIRCUIT_00)
OUTPUT(ACKOUT_REG_WFCIRCUIT_00)
OUTPUT(CC_MUX_REG_2__WFCIRCUIT_01)
OUTPUT(CC_MUX_REG_1__WFCIRCUIT_01)
OUTPUT(USCITE_REG_2__WFCIRCUIT_01)
OUTPUT(USCITE_REG_1__WFCIRCUIT_01)
OUTPUT(ENABLE_COUNT_REG_WFCIRCUIT_01)
OUTPUT(ACKOUT_REG_WFCIRCUIT_01)
OUTPUT(CC_MUX_REG_2__WFCIRCUIT_02)
OUTPUT(CC_MUX_REG_1__WFCIRCUIT_02)
OUTPUT(USCITE_REG_2__WFCIRCUIT_02)
OUTPUT(USCITE_REG_1__WFCIRCUIT_02)
OUTPUT(ENABLE_COUNT_REG_WFCIRCUIT_02)
OUTPUT(ACKOUT_REG_WFCIRCUIT_02)
OUTPUT(CC_MUX_REG_2__WFCIRCUIT_03)
OUTPUT(CC_MUX_REG_1__WFCIRCUIT_03)
OUTPUT(USCITE_REG_2__WFCIRCUIT_03)
OUTPUT(USCITE_REG_1__WFCIRCUIT_03)
OUTPUT(ENABLE_COUNT_REG_WFCIRCUIT_03)
OUTPUT(ACKOUT_REG_WFCIRCUIT_03)
OUTPUT(CC_MUX_REG_2__WFCIRCUIT_04)
OUTPUT(CC_MUX_REG_1__WFCIRCUIT_04)
OUTPUT(USCITE_REG_2__WFCIRCUIT_04)
OUTPUT(USCITE_REG_1__WFCIRCUIT_04)
OUTPUT(ENABLE_COUNT_REG_WFCIRCUIT_04)
OUTPUT(ACKOUT_REG_WFCIRCUIT_04)
OUTPUT(CC_MUX_REG_2__WFCIRCUIT_05)
OUTPUT(CC_MUX_REG_1__WFCIRCUIT_05)
OUTPUT(USCITE_REG_2__WFCIRCUIT_05)
OUTPUT(USCITE_REG_1__WFCIRCUIT_05)
OUTPUT(ENABLE_COUNT_REG_WFCIRCUIT_05)
OUTPUT(ACKOUT_REG_WFCIRCUIT_05)
OUTPUT(CC_MUX_REG_2__WFCIRCUIT_06)
OUTPUT(CC_MUX_REG_1__WFCIRCUIT_06)
OUTPUT(USCITE_REG_2__WFCIRCUIT_06)
OUTPUT(USCITE_REG_1__WFCIRCUIT_06)
OUTPUT(ENABLE_COUNT_REG_WFCIRCUIT_06)
OUTPUT(ACKOUT_REG_WFCIRCUIT_06)
OUTPUT(CC_MUX_REG_2__WFCIRCUIT_07)
OUTPUT(CC_MUX_REG_1__WFCIRCUIT_07)
OUTPUT(USCITE_REG_2__WFCIRCUIT_07)
OUTPUT(USCITE_REG_1__WFCIRCUIT_07)
OUTPUT(ENABLE_COUNT_REG_WFCIRCUIT_07)
OUTPUT(ACKOUT_REG_WFCIRCUIT_07)
n73         = LUT 0x8 ( STATE_REG_2__WFCIRCUIT, STATE_REG_1__WFCIRCUIT )
n74         = LUT 0x8 ( STATE_REG_0__WFCIRCUIT, n73 )
n75         = LUT 0x1 ( CONT_EQL_00, n74 )
n76         = LUT 0x1 ( STATE_REG_2__WFCIRCUIT, STATE_REG_0__WFCIRCUIT )
n77         = LUT 0x2 ( STATE_REG_1__WFCIRCUIT, EQL_00 )
n78         = LUT 0x8 ( n76, n77 )
n79         = LUT 0x1 ( n75, n78 )
n80         = LUT 0x1 ( STATE_REG_1__WFCIRCUIT, STATE_REG_0__WFCIRCUIT )
n81         = LUT 0x1 ( EQL_00, n80 )
n82         = LUT 0x2 ( STATE_REG_2__WFCIRCUIT, n81 )
n83         = LUT 0x8 ( STATE_REG_1__WFCIRCUIT, n76 )
n84         = LUT 0x2 ( STATE_REG_2__WFCIRCUIT, STATE_REG_0__WFCIRCUIT )
n85         = LUT 0x4 ( STATE_REG_1__WFCIRCUIT, n84 )
n86         = LUT 0x4 ( EQL_00, n85 )
n87         = LUT 0x8 ( STATE_REG_1__WFCIRCUIT, EQL_00 )
n88         = LUT 0x1 ( n83, n86 )
n89         = LUT 0x4 ( n87, n88 )
n90         = LUT 0x8 ( STATE_REG_1__WFCIRCUIT, STATE_REG_0__WFCIRCUIT )
n91         = LUT 0x4 ( STATE_REG_1__WFCIRCUIT, n76 )
n92         = LUT 0x1 ( n90, n91 )
n93         = LUT 0x4 ( n81, n92 )
n94         = LUT 0x4 ( STATE_REG_0__WFCIRCUIT, n87 )
n95         = LUT 0x1 ( n82, n94 )
n96         = LUT 0x8 ( STATE_REG_2__WFCIRCUIT, STATE_REG_0__WFCIRCUIT )
n97         = LUT 0x4 ( STATE_REG_0__WFCIRCUIT, EQL_00 )
n98         = LUT 0x2 ( STATE_REG_1__WFCIRCUIT, n97 )
n99         = LUT 0x4 ( STATE_REG_1__WFCIRCUIT, EQL_00 )
n100        = LUT 0x1 ( n76, n96 )
n101        = LUT 0x4 ( n98, n100 )
n102        = LUT 0x4 ( n99, n101 )
n103        = LUT 0x8 ( STATE_REG_2__WFCIRCUIT, n87 )
n104        = LUT 0x1 ( n86, n103 )
n105        = LUT 0x2 ( EQL_00, n73 )
n106        = LUT 0x8 ( n92, n105 )
n107        = LUT 0x2 ( n82, n89 )
n108        = LUT 0x4 ( n93, n107 )
n109        = LUT 0x1 ( CONT_EQL_01, n108 )
n110        = LUT 0x4 ( n82, n93 )
n111        = LUT 0x1 ( n89, EQL_01 )
n112        = LUT 0x8 ( n110, n111 )
n113        = LUT 0x1 ( n109, n112 )
n114        = LUT 0x8 ( n89, n93 )
n115        = LUT 0x1 ( EQL_01, n114 )
n116        = LUT 0x2 ( n82, n115 )
n117        = LUT 0x4 ( n89, n110 )
n118        = LUT 0x8 ( n82, n93 )
n119        = LUT 0x8 ( n89, n118 )
n120        = LUT 0x4 ( EQL_01, n119 )
n121        = LUT 0x4 ( n89, EQL_01 )
n122        = LUT 0x1 ( n117, n120 )
n123        = LUT 0x4 ( n121, n122 )
n124        = LUT 0x1 ( n89, n93 )
n125        = LUT 0x8 ( n89, n110 )
n126        = LUT 0x1 ( n124, n125 )
n127        = LUT 0x4 ( n115, n126 )
n128        = LUT 0x8 ( n93, n121 )
n129        = LUT 0x1 ( n116, n128 )
n130        = LUT 0x2 ( n82, n93 )
n131        = LUT 0x8 ( n93, EQL_01 )
n132        = LUT 0x1 ( n89, n131 )
n133        = LUT 0x8 ( n89, EQL_01 )
n134        = LUT 0x1 ( n110, n130 )
n135        = LUT 0x4 ( n132, n134 )
n136        = LUT 0x4 ( n133, n135 )
n137        = LUT 0x8 ( n82, n121 )
n138        = LUT 0x1 ( n120, n137 )
n139        = LUT 0x2 ( EQL_01, n107 )
n140        = LUT 0x8 ( n126, n139 )
n141        = LUT 0x2 ( n116, n123 )
n142        = LUT 0x4 ( n127, n141 )
n143        = LUT 0x1 ( CONT_EQL_02, n142 )
n144        = LUT 0x4 ( n116, n127 )
n145        = LUT 0x1 ( n123, EQL_02 )
n146        = LUT 0x8 ( n144, n145 )
n147        = LUT 0x1 ( n143, n146 )
n148        = LUT 0x8 ( n123, n127 )
n149        = LUT 0x1 ( EQL_02, n148 )
n150        = LUT 0x2 ( n116, n149 )
n151        = LUT 0x4 ( n123, n144 )
n152        = LUT 0x8 ( n116, n127 )
n153        = LUT 0x8 ( n123, n152 )
n154        = LUT 0x4 ( EQL_02, n153 )
n155        = LUT 0x4 ( n123, EQL_02 )
n156        = LUT 0x1 ( n151, n154 )
n157        = LUT 0x4 ( n155, n156 )
n158        = LUT 0x1 ( n123, n127 )
n159        = LUT 0x8 ( n123, n144 )
n160        = LUT 0x1 ( n158, n159 )
n161        = LUT 0x4 ( n149, n160 )
n162        = LUT 0x8 ( n127, n155 )
n163        = LUT 0x1 ( n150, n162 )
n164        = LUT 0x2 ( n116, n127 )
n165        = LUT 0x8 ( n127, EQL_02 )
n166        = LUT 0x1 ( n123, n165 )
n167        = LUT 0x8 ( n123, EQL_02 )
n168        = LUT 0x1 ( n144, n164 )
n169        = LUT 0x4 ( n166, n168 )
n170        = LUT 0x4 ( n167, n169 )
n171        = LUT 0x8 ( n116, n155 )
n172        = LUT 0x1 ( n154, n171 )
n173        = LUT 0x2 ( EQL_02, n141 )
n174        = LUT 0x8 ( n160, n173 )
n175        = LUT 0x2 ( n150, n157 )
n176        = LUT 0x4 ( n161, n175 )
n177        = LUT 0x1 ( CONT_EQL_03, n176 )
n178        = LUT 0x4 ( n150, n161 )
n179        = LUT 0x1 ( n157, EQL_03 )
n180        = LUT 0x8 ( n178, n179 )
n181        = LUT 0x1 ( n177, n180 )
n182        = LUT 0x8 ( n157, n161 )
n183        = LUT 0x1 ( EQL_03, n182 )
n184        = LUT 0x2 ( n150, n183 )
n185        = LUT 0x4 ( n157, n178 )
n186        = LUT 0x8 ( n150, n161 )
n187        = LUT 0x8 ( n157, n186 )
n188        = LUT 0x4 ( EQL_03, n187 )
n189        = LUT 0x4 ( n157, EQL_03 )
n190        = LUT 0x1 ( n185, n188 )
n191        = LUT 0x4 ( n189, n190 )
n192        = LUT 0x1 ( n157, n161 )
n193        = LUT 0x8 ( n157, n178 )
n194        = LUT 0x1 ( n192, n193 )
n195        = LUT 0x4 ( n183, n194 )
n196        = LUT 0x8 ( n161, n189 )
n197        = LUT 0x1 ( n184, n196 )
n198        = LUT 0x2 ( n150, n161 )
n199        = LUT 0x8 ( n161, EQL_03 )
n200        = LUT 0x1 ( n157, n199 )
n201        = LUT 0x8 ( n157, EQL_03 )
n202        = LUT 0x1 ( n178, n198 )
n203        = LUT 0x4 ( n200, n202 )
n204        = LUT 0x4 ( n201, n203 )
n205        = LUT 0x8 ( n150, n189 )
n206        = LUT 0x1 ( n188, n205 )
n207        = LUT 0x2 ( EQL_03, n175 )
n208        = LUT 0x8 ( n194, n207 )
n209        = LUT 0x2 ( n184, n191 )
n210        = LUT 0x4 ( n195, n209 )
n211        = LUT 0x1 ( CONT_EQL_04, n210 )
n212        = LUT 0x4 ( n184, n195 )
n213        = LUT 0x1 ( n191, EQL_04 )
n214        = LUT 0x8 ( n212, n213 )
n215        = LUT 0x1 ( n211, n214 )
n216        = LUT 0x8 ( n191, n195 )
n217        = LUT 0x1 ( EQL_04, n216 )
n218        = LUT 0x2 ( n184, n217 )
n219        = LUT 0x4 ( n191, n212 )
n220        = LUT 0x8 ( n184, n195 )
n221        = LUT 0x8 ( n191, n220 )
n222        = LUT 0x4 ( EQL_04, n221 )
n223        = LUT 0x4 ( n191, EQL_04 )
n224        = LUT 0x1 ( n219, n222 )
n225        = LUT 0x4 ( n223, n224 )
n226        = LUT 0x1 ( n191, n195 )
n227        = LUT 0x8 ( n191, n212 )
n228        = LUT 0x1 ( n226, n227 )
n229        = LUT 0x4 ( n217, n228 )
n230        = LUT 0x8 ( n195, n223 )
n231        = LUT 0x1 ( n218, n230 )
n232        = LUT 0x2 ( n184, n195 )
n233        = LUT 0x8 ( n195, EQL_04 )
n234        = LUT 0x1 ( n191, n233 )
n235        = LUT 0x8 ( n191, EQL_04 )
n236        = LUT 0x1 ( n212, n232 )
n237        = LUT 0x4 ( n234, n236 )
n238        = LUT 0x4 ( n235, n237 )
n239        = LUT 0x8 ( n184, n223 )
n240        = LUT 0x1 ( n222, n239 )
n241        = LUT 0x2 ( EQL_04, n209 )
n242        = LUT 0x8 ( n228, n241 )
n243        = LUT 0x2 ( n218, n225 )
n244        = LUT 0x4 ( n229, n243 )
n245        = LUT 0x1 ( CONT_EQL_05, n244 )
n246        = LUT 0x4 ( n218, n229 )
n247        = LUT 0x1 ( n225, EQL_05 )
n248        = LUT 0x8 ( n246, n247 )
n249        = LUT 0x1 ( n245, n248 )
n250        = LUT 0x8 ( n225, n229 )
n251        = LUT 0x1 ( EQL_05, n250 )
n252        = LUT 0x2 ( n218, n251 )
n253        = LUT 0x4 ( n225, n246 )
n254        = LUT 0x8 ( n218, n229 )
n255        = LUT 0x8 ( n225, n254 )
n256        = LUT 0x4 ( EQL_05, n255 )
n257        = LUT 0x4 ( n225, EQL_05 )
n258        = LUT 0x1 ( n253, n256 )
n259        = LUT 0x4 ( n257, n258 )
n260        = LUT 0x1 ( n225, n229 )
n261        = LUT 0x8 ( n225, n246 )
n262        = LUT 0x1 ( n260, n261 )
n263        = LUT 0x4 ( n251, n262 )
n264        = LUT 0x8 ( n229, n257 )
n265        = LUT 0x1 ( n252, n264 )
n266        = LUT 0x2 ( n218, n229 )
n267        = LUT 0x8 ( n229, EQL_05 )
n268        = LUT 0x1 ( n225, n267 )
n269        = LUT 0x8 ( n225, EQL_05 )
n270        = LUT 0x1 ( n246, n266 )
n271        = LUT 0x4 ( n268, n270 )
n272        = LUT 0x4 ( n269, n271 )
n273        = LUT 0x8 ( n218, n257 )
n274        = LUT 0x1 ( n256, n273 )
n275        = LUT 0x2 ( EQL_05, n243 )
n276        = LUT 0x8 ( n262, n275 )
n277        = LUT 0x2 ( n252, n259 )
n278        = LUT 0x4 ( n263, n277 )
n279        = LUT 0x1 ( CONT_EQL_06, n278 )
n280        = LUT 0x4 ( n252, n263 )
n281        = LUT 0x1 ( n259, EQL_06 )
n282        = LUT 0x8 ( n280, n281 )
n283        = LUT 0x1 ( n279, n282 )
n284        = LUT 0x8 ( n259, n263 )
n285        = LUT 0x1 ( EQL_06, n284 )
n286        = LUT 0x2 ( n252, n285 )
n287        = LUT 0x8 ( n252, n263 )
n288        = LUT 0x8 ( n259, n287 )
n289        = LUT 0x4 ( EQL_06, n288 )
n290        = LUT 0x4 ( n259, EQL_06 )
n291        = LUT 0x1 ( n259, n263 )
n292        = LUT 0x8 ( n259, n280 )
n293        = LUT 0x1 ( n291, n292 )
n294        = LUT 0x8 ( n263, n290 )
n295        = LUT 0x1 ( n286, n294 )
n296        = LUT 0x2 ( n252, n263 )
n297        = LUT 0x8 ( n263, EQL_06 )
n298        = LUT 0x1 ( n259, n297 )
n299        = LUT 0x8 ( n259, EQL_06 )
n300        = LUT 0x1 ( n280, n296 )
n301        = LUT 0x4 ( n298, n300 )
n302        = LUT 0x4 ( n299, n301 )
n303        = LUT 0x8 ( n252, n290 )
n304        = LUT 0x1 ( n289, n303 )
n305        = LUT 0x2 ( EQL_06, n277 )
n306        = LUT 0x8 ( n293, n305 )
CC_MUX_REG_2__WFCIRCUIT_00 = LUT 0x2 ( CC_MUX_REG_2__WFCIRCUIT )
CC_MUX_REG_1__WFCIRCUIT_00 = LUT 0x2 ( CC_MUX_REG_1__WFCIRCUIT )
USCITE_REG_2__WFCIRCUIT_00 = LUT 0x2 ( USCITE_REG_2__WFCIRCUIT )
USCITE_REG_1__WFCIRCUIT_00 = LUT 0x2 ( USCITE_REG_1__WFCIRCUIT )
ENABLE_COUNT_REG_WFCIRCUIT_00 = LUT 0x2 ( ENABLE_COUNT_REG_WFCIRCUIT )
ACKOUT_REG_WFCIRCUIT_00 = LUT 0x2 ( ACKOUT_REG_WFCIRCUIT )
CC_MUX_REG_2__WFCIRCUIT_01 = LUT 0x1 ( n95 )
CC_MUX_REG_1__WFCIRCUIT_01 = LUT 0x1 ( n102 )
USCITE_REG_2__WFCIRCUIT_01 = LUT 0x1 ( n104 )
USCITE_REG_1__WFCIRCUIT_01 = LUT 0x1 ( n106 )
ENABLE_COUNT_REG_WFCIRCUIT_01 = LUT 0x1 ( n79 )
ACKOUT_REG_WFCIRCUIT_01 = LUT 0x1 ( n79 )
CC_MUX_REG_2__WFCIRCUIT_02 = LUT 0x1 ( n129 )
CC_MUX_REG_1__WFCIRCUIT_02 = LUT 0x1 ( n136 )
USCITE_REG_2__WFCIRCUIT_02 = LUT 0x1 ( n138 )
USCITE_REG_1__WFCIRCUIT_02 = LUT 0x1 ( n140 )
ENABLE_COUNT_REG_WFCIRCUIT_02 = LUT 0x1 ( n113 )
ACKOUT_REG_WFCIRCUIT_02 = LUT 0x1 ( n113 )
CC_MUX_REG_2__WFCIRCUIT_03 = LUT 0x1 ( n163 )
CC_MUX_REG_1__WFCIRCUIT_03 = LUT 0x1 ( n170 )
USCITE_REG_2__WFCIRCUIT_03 = LUT 0x1 ( n172 )
USCITE_REG_1__WFCIRCUIT_03 = LUT 0x1 ( n174 )
ENABLE_COUNT_REG_WFCIRCUIT_03 = LUT 0x1 ( n147 )
ACKOUT_REG_WFCIRCUIT_03 = LUT 0x1 ( n147 )
CC_MUX_REG_2__WFCIRCUIT_04 = LUT 0x1 ( n197 )
CC_MUX_REG_1__WFCIRCUIT_04 = LUT 0x1 ( n204 )
USCITE_REG_2__WFCIRCUIT_04 = LUT 0x1 ( n206 )
USCITE_REG_1__WFCIRCUIT_04 = LUT 0x1 ( n208 )
ENABLE_COUNT_REG_WFCIRCUIT_04 = LUT 0x1 ( n181 )
ACKOUT_REG_WFCIRCUIT_04 = LUT 0x1 ( n181 )
CC_MUX_REG_2__WFCIRCUIT_05 = LUT 0x1 ( n231 )
CC_MUX_REG_1__WFCIRCUIT_05 = LUT 0x1 ( n238 )
USCITE_REG_2__WFCIRCUIT_05 = LUT 0x1 ( n240 )
USCITE_REG_1__WFCIRCUIT_05 = LUT 0x1 ( n242 )
ENABLE_COUNT_REG_WFCIRCUIT_05 = LUT 0x1 ( n215 )
ACKOUT_REG_WFCIRCUIT_05 = LUT 0x1 ( n215 )
CC_MUX_REG_2__WFCIRCUIT_06 = LUT 0x1 ( n265 )
CC_MUX_REG_1__WFCIRCUIT_06 = LUT 0x1 ( n272 )
USCITE_REG_2__WFCIRCUIT_06 = LUT 0x1 ( n274 )
USCITE_REG_1__WFCIRCUIT_06 = LUT 0x1 ( n276 )
ENABLE_COUNT_REG_WFCIRCUIT_06 = LUT 0x1 ( n249 )
ACKOUT_REG_WFCIRCUIT_06 = LUT 0x1 ( n249 )
CC_MUX_REG_2__WFCIRCUIT_07 = LUT 0x1 ( n295 )
CC_MUX_REG_1__WFCIRCUIT_07 = LUT 0x1 ( n302 )
USCITE_REG_2__WFCIRCUIT_07 = LUT 0x1 ( n304 )
USCITE_REG_1__WFCIRCUIT_07 = LUT 0x1 ( n306 )
ENABLE_COUNT_REG_WFCIRCUIT_07 = LUT 0x1 ( n283 )
ACKOUT_REG_WFCIRCUIT_07 = LUT 0x1 ( n283 )
