# Benchmark "faults\fault_U56__true_8_frames" written by ABC on Tue Dec 06 01:11:03 2011
INPUT(ACKOUT_REG_WFCIRCUIT)
INPUT(STATE_REG_2__WFCIRCUIT)
INPUT(STATE_REG_1__WFCIRCUIT)
INPUT(STATE_REG_0__WFCIRCUIT)
INPUT(CC_MUX_REG_2__WFCIRCUIT)
INPUT(CC_MUX_REG_1__WFCIRCUIT)
INPUT(USCITE_REG_2__WFCIRCUIT)
INPUT(USCITE_REG_1__WFCIRCUIT)
INPUT(ENABLE_COUNT_REG_WFCIRCUIT)
INPUT(EQL_00)
INPUT(CONT_EQL_00)
INPUT(EQL_01)
INPUT(CONT_EQL_01)
INPUT(EQL_02)
INPUT(CONT_EQL_02)
INPUT(EQL_03)
INPUT(CONT_EQL_03)
INPUT(EQL_04)
INPUT(CONT_EQL_04)
INPUT(EQL_05)
INPUT(CONT_EQL_05)
INPUT(EQL_06)
INPUT(CONT_EQL_06)
INPUT(EQL_07)
INPUT(CONT_EQL_07)
OUTPUT(CC_MUX_REG_2__WFCIRCUIT_00)
OUTPUT(CC_MUX_REG_1__WFCIRCUIT_00)
OUTPUT(USCITE_REG_2__WFCIRCUIT_00)
OUTPUT(USCITE_REG_1__WFCIRCUIT_00)
OUTPUT(ENABLE_COUNT_REG_WFCIRCUIT_00)
OUTPUT(ACKOUT_REG_WFCIRCUIT_00)
OUTPUT(CC_MUX_REG_2__WFCIRCUIT_01)
OUTPUT(CC_MUX_REG_1__WFCIRCUIT_01)
OUTPUT(USCITE_REG_2__WFCIRCUIT_01)
OUTPUT(USCITE_REG_1__WFCIRCUIT_01)
OUTPUT(ENABLE_COUNT_REG_WFCIRCUIT_01)
OUTPUT(ACKOUT_REG_WFCIRCUIT_01)
OUTPUT(CC_MUX_REG_2__WFCIRCUIT_02)
OUTPUT(CC_MUX_REG_1__WFCIRCUIT_02)
OUTPUT(USCITE_REG_2__WFCIRCUIT_02)
OUTPUT(USCITE_REG_1__WFCIRCUIT_02)
OUTPUT(ENABLE_COUNT_REG_WFCIRCUIT_02)
OUTPUT(ACKOUT_REG_WFCIRCUIT_02)
OUTPUT(CC_MUX_REG_2__WFCIRCUIT_03)
OUTPUT(CC_MUX_REG_1__WFCIRCUIT_03)
OUTPUT(USCITE_REG_2__WFCIRCUIT_03)
OUTPUT(USCITE_REG_1__WFCIRCUIT_03)
OUTPUT(ENABLE_COUNT_REG_WFCIRCUIT_03)
OUTPUT(ACKOUT_REG_WFCIRCUIT_03)
OUTPUT(CC_MUX_REG_2__WFCIRCUIT_04)
OUTPUT(CC_MUX_REG_1__WFCIRCUIT_04)
OUTPUT(USCITE_REG_2__WFCIRCUIT_04)
OUTPUT(USCITE_REG_1__WFCIRCUIT_04)
OUTPUT(ENABLE_COUNT_REG_WFCIRCUIT_04)
OUTPUT(ACKOUT_REG_WFCIRCUIT_04)
OUTPUT(CC_MUX_REG_2__WFCIRCUIT_05)
OUTPUT(CC_MUX_REG_1__WFCIRCUIT_05)
OUTPUT(USCITE_REG_2__WFCIRCUIT_05)
OUTPUT(USCITE_REG_1__WFCIRCUIT_05)
OUTPUT(ENABLE_COUNT_REG_WFCIRCUIT_05)
OUTPUT(ACKOUT_REG_WFCIRCUIT_05)
OUTPUT(CC_MUX_REG_2__WFCIRCUIT_06)
OUTPUT(CC_MUX_REG_1__WFCIRCUIT_06)
OUTPUT(USCITE_REG_2__WFCIRCUIT_06)
OUTPUT(USCITE_REG_1__WFCIRCUIT_06)
OUTPUT(ENABLE_COUNT_REG_WFCIRCUIT_06)
OUTPUT(ACKOUT_REG_WFCIRCUIT_06)
OUTPUT(CC_MUX_REG_2__WFCIRCUIT_07)
OUTPUT(CC_MUX_REG_1__WFCIRCUIT_07)
OUTPUT(USCITE_REG_2__WFCIRCUIT_07)
OUTPUT(USCITE_REG_1__WFCIRCUIT_07)
OUTPUT(ENABLE_COUNT_REG_WFCIRCUIT_07)
OUTPUT(ACKOUT_REG_WFCIRCUIT_07)
n73         = LUT 0x8 ( STATE_REG_2__WFCIRCUIT, STATE_REG_1__WFCIRCUIT )
n74         = LUT 0x8 ( STATE_REG_0__WFCIRCUIT, n73 )
n75         = LUT 0x1 ( CONT_EQL_00, n74 )
n76         = LUT 0x1 ( STATE_REG_2__WFCIRCUIT, STATE_REG_0__WFCIRCUIT )
n77         = LUT 0x2 ( STATE_REG_1__WFCIRCUIT, EQL_00 )
n78         = LUT 0x8 ( n76, n77 )
n79         = LUT 0x1 ( n75, n78 )
n80         = LUT 0x1 ( STATE_REG_1__WFCIRCUIT, STATE_REG_0__WFCIRCUIT )
n81         = LUT 0x1 ( EQL_00, n80 )
n82         = LUT 0x2 ( STATE_REG_2__WFCIRCUIT, n81 )
n83         = LUT 0x1 ( STATE_REG_2__WFCIRCUIT, STATE_REG_1__WFCIRCUIT )
n84         = LUT 0x8 ( STATE_REG_0__WFCIRCUIT, n83 )
n85         = LUT 0x4 ( EQL_00, n84 )
n86         = LUT 0x1 ( n82, n85 )
n87         = LUT 0x2 ( STATE_REG_2__WFCIRCUIT, STATE_REG_0__WFCIRCUIT )
n88         = LUT 0x4 ( STATE_REG_1__WFCIRCUIT, n87 )
n89         = LUT 0x4 ( EQL_00, n88 )
n90         = LUT 0x8 ( STATE_REG_1__WFCIRCUIT, EQL_00 )
n91         = LUT 0x8 ( STATE_REG_1__WFCIRCUIT, STATE_REG_0__WFCIRCUIT )
n92         = LUT 0x4 ( STATE_REG_1__WFCIRCUIT, n76 )
n93         = LUT 0x1 ( n91, n92 )
n94         = LUT 0x4 ( n81, n93 )
n95         = LUT 0x4 ( STATE_REG_0__WFCIRCUIT, n90 )
n96         = LUT 0x1 ( n82, n84 )
n97         = LUT 0x4 ( n95, n96 )
n98         = LUT 0x8 ( STATE_REG_2__WFCIRCUIT, STATE_REG_0__WFCIRCUIT )
n99         = LUT 0x4 ( STATE_REG_0__WFCIRCUIT, EQL_00 )
n100        = LUT 0x2 ( STATE_REG_1__WFCIRCUIT, n99 )
n101        = LUT 0x4 ( STATE_REG_1__WFCIRCUIT, EQL_00 )
n102        = LUT 0x1 ( n76, n98 )
n103        = LUT 0x4 ( n100, n102 )
n104        = LUT 0x4 ( n101, n103 )
n105        = LUT 0x8 ( STATE_REG_2__WFCIRCUIT, n90 )
n106        = LUT 0x1 ( n89, n105 )
n107        = LUT 0x2 ( EQL_00, n73 )
n108        = LUT 0x8 ( n93, n107 )
n109        = LUT 0x8 ( n86, n94 )
n110        = LUT 0x1 ( n94, EQL_01 )
n111        = LUT 0x1 ( n86, n110 )
n112        = LUT 0x2 ( n86, n94 )
n113        = LUT 0x4 ( EQL_01, n112 )
n114        = LUT 0x1 ( n111, n113 )
n115        = LUT 0x4 ( n86, n94 )
USCITE_REG_2__WFCIRCUIT_02 = LUT 0x4 ( EQL_01, n115 )
n117        = LUT 0x1 ( n109, n110 )
n118        = LUT 0x1 ( n111, n112 )
n119        = LUT 0x1 ( n86, n94 )
n120        = LUT 0x1 ( n109, n119 )
n121        = LUT 0x4 ( EQL_01, n120 )
n122        = LUT 0x2 ( EQL_01, n109 )
n123        = LUT 0x8 ( n114, n117 )
n124        = LUT 0x1 ( n117, EQL_02 )
n125        = LUT 0x1 ( n114, n124 )
n126        = LUT 0x2 ( n114, n117 )
n127        = LUT 0x4 ( EQL_02, n126 )
n128        = LUT 0x1 ( n125, n127 )
n129        = LUT 0x4 ( n114, n117 )
USCITE_REG_2__WFCIRCUIT_03 = LUT 0x4 ( EQL_02, n129 )
n131        = LUT 0x1 ( n123, n124 )
n132        = LUT 0x1 ( n125, n126 )
n133        = LUT 0x1 ( n114, n117 )
n134        = LUT 0x1 ( n123, n133 )
n135        = LUT 0x4 ( EQL_02, n134 )
n136        = LUT 0x2 ( EQL_02, n123 )
n137        = LUT 0x8 ( n128, n131 )
n138        = LUT 0x1 ( n131, EQL_03 )
n139        = LUT 0x1 ( n128, n138 )
n140        = LUT 0x2 ( n128, n131 )
n141        = LUT 0x4 ( EQL_03, n140 )
n142        = LUT 0x1 ( n139, n141 )
n143        = LUT 0x4 ( n128, n131 )
USCITE_REG_2__WFCIRCUIT_04 = LUT 0x4 ( EQL_03, n143 )
n145        = LUT 0x1 ( n137, n138 )
n146        = LUT 0x1 ( n139, n140 )
n147        = LUT 0x1 ( n128, n131 )
n148        = LUT 0x1 ( n137, n147 )
n149        = LUT 0x4 ( EQL_03, n148 )
n150        = LUT 0x2 ( EQL_03, n137 )
n151        = LUT 0x8 ( n142, n145 )
n152        = LUT 0x1 ( n145, EQL_04 )
n153        = LUT 0x1 ( n142, n152 )
n154        = LUT 0x2 ( n142, n145 )
n155        = LUT 0x4 ( EQL_04, n154 )
n156        = LUT 0x1 ( n153, n155 )
n157        = LUT 0x4 ( n142, n145 )
USCITE_REG_2__WFCIRCUIT_05 = LUT 0x4 ( EQL_04, n157 )
n159        = LUT 0x1 ( n151, n152 )
n160        = LUT 0x1 ( n153, n154 )
n161        = LUT 0x1 ( n142, n145 )
n162        = LUT 0x1 ( n151, n161 )
n163        = LUT 0x4 ( EQL_04, n162 )
n164        = LUT 0x2 ( EQL_04, n151 )
n165        = LUT 0x8 ( n156, n159 )
n166        = LUT 0x1 ( n159, EQL_05 )
n167        = LUT 0x1 ( n156, n166 )
n168        = LUT 0x2 ( n156, n159 )
n169        = LUT 0x4 ( EQL_05, n168 )
n170        = LUT 0x1 ( n167, n169 )
n171        = LUT 0x4 ( n156, n159 )
USCITE_REG_2__WFCIRCUIT_06 = LUT 0x4 ( EQL_05, n171 )
n173        = LUT 0x1 ( n165, n166 )
n174        = LUT 0x1 ( n167, n168 )
n175        = LUT 0x1 ( n156, n159 )
n176        = LUT 0x1 ( n165, n175 )
n177        = LUT 0x4 ( EQL_05, n176 )
n178        = LUT 0x2 ( EQL_05, n165 )
n179        = LUT 0x8 ( n170, n173 )
n180        = LUT 0x1 ( n173, EQL_06 )
n181        = LUT 0x1 ( n170, n180 )
n182        = LUT 0x2 ( n170, n173 )
n183        = LUT 0x4 ( n170, n173 )
USCITE_REG_2__WFCIRCUIT_07 = LUT 0x4 ( EQL_06, n183 )
n185        = LUT 0x1 ( n181, n182 )
n186        = LUT 0x1 ( n170, n173 )
n187        = LUT 0x1 ( n179, n186 )
n188        = LUT 0x4 ( EQL_06, n187 )
n189        = LUT 0x2 ( EQL_06, n179 )
CC_MUX_REG_2__WFCIRCUIT_00 = LUT 0x2 ( CC_MUX_REG_2__WFCIRCUIT )
CC_MUX_REG_1__WFCIRCUIT_00 = LUT 0x2 ( CC_MUX_REG_1__WFCIRCUIT )
USCITE_REG_2__WFCIRCUIT_00 = LUT 0x2 ( USCITE_REG_2__WFCIRCUIT )
USCITE_REG_1__WFCIRCUIT_00 = LUT 0x2 ( USCITE_REG_1__WFCIRCUIT )
ENABLE_COUNT_REG_WFCIRCUIT_00 = LUT 0x2 ( ENABLE_COUNT_REG_WFCIRCUIT )
ACKOUT_REG_WFCIRCUIT_00 = LUT 0x2 ( ACKOUT_REG_WFCIRCUIT )
CC_MUX_REG_2__WFCIRCUIT_01 = LUT 0x1 ( n97 )
CC_MUX_REG_1__WFCIRCUIT_01 = LUT 0x1 ( n104 )
USCITE_REG_2__WFCIRCUIT_01 = LUT 0x1 ( n106 )
USCITE_REG_1__WFCIRCUIT_01 = LUT 0x1 ( n108 )
ENABLE_COUNT_REG_WFCIRCUIT_01 = LUT 0x1 ( n79 )
ACKOUT_REG_WFCIRCUIT_01 = LUT 0x1 ( n79 )
CC_MUX_REG_2__WFCIRCUIT_02 = LUT 0x1 ( n118 )
CC_MUX_REG_1__WFCIRCUIT_02 = LUT 0x1 ( n121 )
USCITE_REG_1__WFCIRCUIT_02 = LUT 0x1 ( n122 )
ENABLE_COUNT_REG_WFCIRCUIT_02 = LUT 0x1 ( CONT_EQL_01 )
ACKOUT_REG_WFCIRCUIT_02 = LUT 0x1 ( CONT_EQL_01 )
CC_MUX_REG_2__WFCIRCUIT_03 = LUT 0x1 ( n132 )
CC_MUX_REG_1__WFCIRCUIT_03 = LUT 0x1 ( n135 )
USCITE_REG_1__WFCIRCUIT_03 = LUT 0x1 ( n136 )
ENABLE_COUNT_REG_WFCIRCUIT_03 = LUT 0x1 ( CONT_EQL_02 )
ACKOUT_REG_WFCIRCUIT_03 = LUT 0x1 ( CONT_EQL_02 )
CC_MUX_REG_2__WFCIRCUIT_04 = LUT 0x1 ( n146 )
CC_MUX_REG_1__WFCIRCUIT_04 = LUT 0x1 ( n149 )
USCITE_REG_1__WFCIRCUIT_04 = LUT 0x1 ( n150 )
ENABLE_COUNT_REG_WFCIRCUIT_04 = LUT 0x1 ( CONT_EQL_03 )
ACKOUT_REG_WFCIRCUIT_04 = LUT 0x1 ( CONT_EQL_03 )
CC_MUX_REG_2__WFCIRCUIT_05 = LUT 0x1 ( n160 )
CC_MUX_REG_1__WFCIRCUIT_05 = LUT 0x1 ( n163 )
USCITE_REG_1__WFCIRCUIT_05 = LUT 0x1 ( n164 )
ENABLE_COUNT_REG_WFCIRCUIT_05 = LUT 0x1 ( CONT_EQL_04 )
ACKOUT_REG_WFCIRCUIT_05 = LUT 0x1 ( CONT_EQL_04 )
CC_MUX_REG_2__WFCIRCUIT_06 = LUT 0x1 ( n174 )
CC_MUX_REG_1__WFCIRCUIT_06 = LUT 0x1 ( n177 )
USCITE_REG_1__WFCIRCUIT_06 = LUT 0x1 ( n178 )
ENABLE_COUNT_REG_WFCIRCUIT_06 = LUT 0x1 ( CONT_EQL_05 )
ACKOUT_REG_WFCIRCUIT_06 = LUT 0x1 ( CONT_EQL_05 )
CC_MUX_REG_2__WFCIRCUIT_07 = LUT 0x1 ( n185 )
CC_MUX_REG_1__WFCIRCUIT_07 = LUT 0x1 ( n188 )
USCITE_REG_1__WFCIRCUIT_07 = LUT 0x1 ( n189 )
ENABLE_COUNT_REG_WFCIRCUIT_07 = LUT 0x1 ( CONT_EQL_06 )
ACKOUT_REG_WFCIRCUIT_07 = LUT 0x1 ( CONT_EQL_06 )
