# Benchmark "faults\fault_U65__false_8_frames" written by ABC on Tue Dec 06 01:11:01 2011
INPUT(ACKOUT_REG_WFCIRCUIT)
INPUT(STATE_REG_2__WFCIRCUIT)
INPUT(STATE_REG_1__WFCIRCUIT)
INPUT(STATE_REG_0__WFCIRCUIT)
INPUT(CC_MUX_REG_2__WFCIRCUIT)
INPUT(CC_MUX_REG_1__WFCIRCUIT)
INPUT(USCITE_REG_2__WFCIRCUIT)
INPUT(USCITE_REG_1__WFCIRCUIT)
INPUT(ENABLE_COUNT_REG_WFCIRCUIT)
INPUT(EQL_00)
INPUT(CONT_EQL_00)
INPUT(EQL_01)
INPUT(CONT_EQL_01)
INPUT(EQL_02)
INPUT(CONT_EQL_02)
INPUT(EQL_03)
INPUT(CONT_EQL_03)
INPUT(EQL_04)
INPUT(CONT_EQL_04)
INPUT(EQL_05)
INPUT(CONT_EQL_05)
INPUT(EQL_06)
INPUT(CONT_EQL_06)
INPUT(EQL_07)
INPUT(CONT_EQL_07)
OUTPUT(CC_MUX_REG_2__WFCIRCUIT_00)
OUTPUT(CC_MUX_REG_1__WFCIRCUIT_00)
OUTPUT(USCITE_REG_2__WFCIRCUIT_00)
OUTPUT(USCITE_REG_1__WFCIRCUIT_00)
OUTPUT(ENABLE_COUNT_REG_WFCIRCUIT_00)
OUTPUT(ACKOUT_REG_WFCIRCUIT_00)
OUTPUT(CC_MUX_REG_2__WFCIRCUIT_01)
OUTPUT(CC_MUX_REG_1__WFCIRCUIT_01)
OUTPUT(USCITE_REG_2__WFCIRCUIT_01)
OUTPUT(USCITE_REG_1__WFCIRCUIT_01)
OUTPUT(ENABLE_COUNT_REG_WFCIRCUIT_01)
OUTPUT(ACKOUT_REG_WFCIRCUIT_01)
OUTPUT(CC_MUX_REG_2__WFCIRCUIT_02)
OUTPUT(CC_MUX_REG_1__WFCIRCUIT_02)
OUTPUT(USCITE_REG_2__WFCIRCUIT_02)
OUTPUT(USCITE_REG_1__WFCIRCUIT_02)
OUTPUT(ENABLE_COUNT_REG_WFCIRCUIT_02)
OUTPUT(ACKOUT_REG_WFCIRCUIT_02)
OUTPUT(CC_MUX_REG_2__WFCIRCUIT_03)
OUTPUT(CC_MUX_REG_1__WFCIRCUIT_03)
OUTPUT(USCITE_REG_2__WFCIRCUIT_03)
OUTPUT(USCITE_REG_1__WFCIRCUIT_03)
OUTPUT(ENABLE_COUNT_REG_WFCIRCUIT_03)
OUTPUT(ACKOUT_REG_WFCIRCUIT_03)
OUTPUT(CC_MUX_REG_2__WFCIRCUIT_04)
OUTPUT(CC_MUX_REG_1__WFCIRCUIT_04)
OUTPUT(USCITE_REG_2__WFCIRCUIT_04)
OUTPUT(USCITE_REG_1__WFCIRCUIT_04)
OUTPUT(ENABLE_COUNT_REG_WFCIRCUIT_04)
OUTPUT(ACKOUT_REG_WFCIRCUIT_04)
OUTPUT(CC_MUX_REG_2__WFCIRCUIT_05)
OUTPUT(CC_MUX_REG_1__WFCIRCUIT_05)
OUTPUT(USCITE_REG_2__WFCIRCUIT_05)
OUTPUT(USCITE_REG_1__WFCIRCUIT_05)
OUTPUT(ENABLE_COUNT_REG_WFCIRCUIT_05)
OUTPUT(ACKOUT_REG_WFCIRCUIT_05)
OUTPUT(CC_MUX_REG_2__WFCIRCUIT_06)
OUTPUT(CC_MUX_REG_1__WFCIRCUIT_06)
OUTPUT(USCITE_REG_2__WFCIRCUIT_06)
OUTPUT(USCITE_REG_1__WFCIRCUIT_06)
OUTPUT(ENABLE_COUNT_REG_WFCIRCUIT_06)
OUTPUT(ACKOUT_REG_WFCIRCUIT_06)
OUTPUT(CC_MUX_REG_2__WFCIRCUIT_07)
OUTPUT(CC_MUX_REG_1__WFCIRCUIT_07)
OUTPUT(USCITE_REG_2__WFCIRCUIT_07)
OUTPUT(USCITE_REG_1__WFCIRCUIT_07)
OUTPUT(ENABLE_COUNT_REG_WFCIRCUIT_07)
OUTPUT(ACKOUT_REG_WFCIRCUIT_07)
n73         = LUT 0x8 ( STATE_REG_2__WFCIRCUIT, STATE_REG_1__WFCIRCUIT )
n74         = LUT 0x8 ( STATE_REG_0__WFCIRCUIT, n73 )
n75         = LUT 0x1 ( CONT_EQL_00, n74 )
n76         = LUT 0x1 ( STATE_REG_2__WFCIRCUIT, STATE_REG_0__WFCIRCUIT )
n77         = LUT 0x8 ( STATE_REG_1__WFCIRCUIT, n76 )
n78         = LUT 0x1 ( n75, n77 )
n79         = LUT 0x1 ( STATE_REG_1__WFCIRCUIT, STATE_REG_0__WFCIRCUIT )
n80         = LUT 0x8 ( STATE_REG_2__WFCIRCUIT, n79 )
n81         = LUT 0x1 ( STATE_REG_2__WFCIRCUIT, STATE_REG_1__WFCIRCUIT )
n82         = LUT 0x8 ( STATE_REG_0__WFCIRCUIT, n81 )
n83         = LUT 0x1 ( n80, n82 )
n84         = LUT 0x4 ( STATE_REG_2__WFCIRCUIT, EQL_00 )
n85         = LUT 0x8 ( STATE_REG_0__WFCIRCUIT, n84 )
n86         = LUT 0x2 ( STATE_REG_2__WFCIRCUIT, STATE_REG_0__WFCIRCUIT )
n87         = LUT 0x4 ( STATE_REG_1__WFCIRCUIT, n86 )
n88         = LUT 0x8 ( STATE_REG_1__WFCIRCUIT, EQL_00 )
n89         = LUT 0x1 ( n77, n85 )
n90         = LUT 0x4 ( n87, n89 )
n91         = LUT 0x4 ( n88, n90 )
n92         = LUT 0x8 ( STATE_REG_1__WFCIRCUIT, STATE_REG_0__WFCIRCUIT )
n93         = LUT 0x4 ( STATE_REG_1__WFCIRCUIT, n76 )
n94         = LUT 0x1 ( n92, n93 )
n95         = LUT 0x8 ( n79, n94 )
n96         = LUT 0x4 ( STATE_REG_0__WFCIRCUIT, n88 )
n97         = LUT 0x2 ( n83, n96 )
n98         = LUT 0x8 ( STATE_REG_2__WFCIRCUIT, STATE_REG_0__WFCIRCUIT )
n99         = LUT 0x4 ( STATE_REG_0__WFCIRCUIT, EQL_00 )
n100        = LUT 0x2 ( STATE_REG_1__WFCIRCUIT, n99 )
n101        = LUT 0x4 ( STATE_REG_1__WFCIRCUIT, EQL_00 )
n102        = LUT 0x1 ( n76, n98 )
n103        = LUT 0x4 ( n100, n102 )
n104        = LUT 0x4 ( n101, n103 )
n105        = LUT 0x8 ( STATE_REG_2__WFCIRCUIT, n88 )
n106        = LUT 0x1 ( n87, n105 )
n107        = LUT 0x2 ( EQL_00, n73 )
n108        = LUT 0x8 ( n94, n107 )
n109        = LUT 0x1 ( n83, n91 )
n110        = LUT 0x4 ( n95, n109 )
n111        = LUT 0x1 ( CONT_EQL_01, n110 )
n112        = LUT 0x8 ( n83, n95 )
n113        = LUT 0x4 ( n91, n112 )
n114        = LUT 0x1 ( n111, n113 )
n115        = LUT 0x8 ( n91, n95 )
n116        = LUT 0x4 ( n83, n115 )
n117        = LUT 0x8 ( n83, n91 )
n118        = LUT 0x4 ( n95, n117 )
n119        = LUT 0x1 ( n116, n118 )
n120        = LUT 0x8 ( n83, EQL_01 )
n121        = LUT 0x4 ( n95, n120 )
n122        = LUT 0x4 ( n83, n95 )
n123        = LUT 0x8 ( n91, n122 )
n124        = LUT 0x4 ( n91, EQL_01 )
n125        = LUT 0x1 ( n113, n121 )
n126        = LUT 0x4 ( n123, n125 )
n127        = LUT 0x4 ( n124, n126 )
n128        = LUT 0x1 ( n91, n95 )
n129        = LUT 0x8 ( n91, n112 )
n130        = LUT 0x1 ( n128, n129 )
n131        = LUT 0x8 ( n115, n130 )
n132        = LUT 0x8 ( n95, n124 )
n133        = LUT 0x2 ( n119, n132 )
n134        = LUT 0x1 ( n83, n95 )
n135        = LUT 0x8 ( n95, EQL_01 )
n136        = LUT 0x1 ( n91, n135 )
n137        = LUT 0x8 ( n91, EQL_01 )
n138        = LUT 0x1 ( n112, n134 )
n139        = LUT 0x4 ( n136, n138 )
n140        = LUT 0x4 ( n137, n139 )
n141        = LUT 0x4 ( n83, n124 )
n142        = LUT 0x1 ( n123, n141 )
n143        = LUT 0x2 ( EQL_01, n109 )
n144        = LUT 0x8 ( n130, n143 )
n145        = LUT 0x1 ( n119, n127 )
n146        = LUT 0x4 ( n131, n145 )
n147        = LUT 0x1 ( CONT_EQL_02, n146 )
n148        = LUT 0x8 ( n119, n131 )
n149        = LUT 0x4 ( n127, n148 )
n150        = LUT 0x1 ( n147, n149 )
n151        = LUT 0x8 ( n127, n131 )
n152        = LUT 0x4 ( n119, n151 )
n153        = LUT 0x8 ( n119, n127 )
n154        = LUT 0x4 ( n131, n153 )
n155        = LUT 0x1 ( n152, n154 )
n156        = LUT 0x8 ( n119, EQL_02 )
n157        = LUT 0x4 ( n131, n156 )
n158        = LUT 0x4 ( n119, n131 )
n159        = LUT 0x8 ( n127, n158 )
n160        = LUT 0x4 ( n127, EQL_02 )
n161        = LUT 0x1 ( n149, n157 )
n162        = LUT 0x4 ( n159, n161 )
n163        = LUT 0x4 ( n160, n162 )
n164        = LUT 0x1 ( n127, n131 )
n165        = LUT 0x8 ( n127, n148 )
n166        = LUT 0x1 ( n164, n165 )
n167        = LUT 0x8 ( n151, n166 )
n168        = LUT 0x8 ( n131, n160 )
n169        = LUT 0x2 ( n155, n168 )
n170        = LUT 0x1 ( n119, n131 )
n171        = LUT 0x8 ( n131, EQL_02 )
n172        = LUT 0x1 ( n127, n171 )
n173        = LUT 0x8 ( n127, EQL_02 )
n174        = LUT 0x1 ( n148, n170 )
n175        = LUT 0x4 ( n172, n174 )
n176        = LUT 0x4 ( n173, n175 )
n177        = LUT 0x4 ( n119, n160 )
n178        = LUT 0x1 ( n159, n177 )
n179        = LUT 0x2 ( EQL_02, n145 )
n180        = LUT 0x8 ( n166, n179 )
n181        = LUT 0x1 ( n155, n163 )
n182        = LUT 0x4 ( n167, n181 )
n183        = LUT 0x1 ( CONT_EQL_03, n182 )
n184        = LUT 0x8 ( n155, n167 )
n185        = LUT 0x4 ( n163, n184 )
n186        = LUT 0x1 ( n183, n185 )
n187        = LUT 0x8 ( n163, n167 )
n188        = LUT 0x4 ( n155, n187 )
n189        = LUT 0x8 ( n155, n163 )
n190        = LUT 0x4 ( n167, n189 )
n191        = LUT 0x1 ( n188, n190 )
n192        = LUT 0x8 ( n155, EQL_03 )
n193        = LUT 0x4 ( n167, n192 )
n194        = LUT 0x4 ( n155, n167 )
n195        = LUT 0x8 ( n163, n194 )
n196        = LUT 0x4 ( n163, EQL_03 )
n197        = LUT 0x1 ( n185, n193 )
n198        = LUT 0x4 ( n195, n197 )
n199        = LUT 0x4 ( n196, n198 )
n200        = LUT 0x1 ( n163, n167 )
n201        = LUT 0x8 ( n163, n184 )
n202        = LUT 0x1 ( n200, n201 )
n203        = LUT 0x8 ( n187, n202 )
n204        = LUT 0x8 ( n167, n196 )
n205        = LUT 0x2 ( n191, n204 )
n206        = LUT 0x1 ( n155, n167 )
n207        = LUT 0x8 ( n167, EQL_03 )
n208        = LUT 0x1 ( n163, n207 )
n209        = LUT 0x8 ( n163, EQL_03 )
n210        = LUT 0x1 ( n184, n206 )
n211        = LUT 0x4 ( n208, n210 )
n212        = LUT 0x4 ( n209, n211 )
n213        = LUT 0x4 ( n155, n196 )
n214        = LUT 0x1 ( n195, n213 )
n215        = LUT 0x2 ( EQL_03, n181 )
n216        = LUT 0x8 ( n202, n215 )
n217        = LUT 0x1 ( n191, n199 )
n218        = LUT 0x4 ( n203, n217 )
n219        = LUT 0x1 ( CONT_EQL_04, n218 )
n220        = LUT 0x8 ( n191, n203 )
n221        = LUT 0x4 ( n199, n220 )
n222        = LUT 0x1 ( n219, n221 )
n223        = LUT 0x8 ( n199, n203 )
n224        = LUT 0x4 ( n191, n223 )
n225        = LUT 0x8 ( n191, n199 )
n226        = LUT 0x4 ( n203, n225 )
n227        = LUT 0x1 ( n224, n226 )
n228        = LUT 0x8 ( n191, EQL_04 )
n229        = LUT 0x4 ( n203, n228 )
n230        = LUT 0x4 ( n191, n203 )
n231        = LUT 0x8 ( n199, n230 )
n232        = LUT 0x4 ( n199, EQL_04 )
n233        = LUT 0x1 ( n221, n229 )
n234        = LUT 0x4 ( n231, n233 )
n235        = LUT 0x4 ( n232, n234 )
n236        = LUT 0x1 ( n199, n203 )
n237        = LUT 0x8 ( n199, n220 )
n238        = LUT 0x1 ( n236, n237 )
n239        = LUT 0x8 ( n223, n238 )
n240        = LUT 0x8 ( n203, n232 )
n241        = LUT 0x2 ( n227, n240 )
n242        = LUT 0x1 ( n191, n203 )
n243        = LUT 0x8 ( n203, EQL_04 )
n244        = LUT 0x1 ( n199, n243 )
n245        = LUT 0x8 ( n199, EQL_04 )
n246        = LUT 0x1 ( n220, n242 )
n247        = LUT 0x4 ( n244, n246 )
n248        = LUT 0x4 ( n245, n247 )
n249        = LUT 0x4 ( n191, n232 )
n250        = LUT 0x1 ( n231, n249 )
n251        = LUT 0x2 ( EQL_04, n217 )
n252        = LUT 0x8 ( n238, n251 )
n253        = LUT 0x1 ( n227, n235 )
n254        = LUT 0x4 ( n239, n253 )
n255        = LUT 0x1 ( CONT_EQL_05, n254 )
n256        = LUT 0x8 ( n227, n239 )
n257        = LUT 0x4 ( n235, n256 )
n258        = LUT 0x1 ( n255, n257 )
n259        = LUT 0x8 ( n235, n239 )
n260        = LUT 0x4 ( n227, n259 )
n261        = LUT 0x8 ( n227, n235 )
n262        = LUT 0x4 ( n239, n261 )
n263        = LUT 0x1 ( n260, n262 )
n264        = LUT 0x8 ( n227, EQL_05 )
n265        = LUT 0x4 ( n239, n264 )
n266        = LUT 0x4 ( n227, n239 )
n267        = LUT 0x8 ( n235, n266 )
n268        = LUT 0x4 ( n235, EQL_05 )
n269        = LUT 0x1 ( n257, n265 )
n270        = LUT 0x4 ( n267, n269 )
n271        = LUT 0x4 ( n268, n270 )
n272        = LUT 0x1 ( n235, n239 )
n273        = LUT 0x8 ( n235, n256 )
n274        = LUT 0x1 ( n272, n273 )
n275        = LUT 0x8 ( n259, n274 )
n276        = LUT 0x8 ( n239, n268 )
n277        = LUT 0x2 ( n263, n276 )
n278        = LUT 0x1 ( n227, n239 )
n279        = LUT 0x8 ( n239, EQL_05 )
n280        = LUT 0x1 ( n235, n279 )
n281        = LUT 0x8 ( n235, EQL_05 )
n282        = LUT 0x1 ( n256, n278 )
n283        = LUT 0x4 ( n280, n282 )
n284        = LUT 0x4 ( n281, n283 )
n285        = LUT 0x4 ( n227, n268 )
n286        = LUT 0x1 ( n267, n285 )
n287        = LUT 0x2 ( EQL_05, n253 )
n288        = LUT 0x8 ( n274, n287 )
n289        = LUT 0x1 ( n263, n271 )
n290        = LUT 0x4 ( n275, n289 )
n291        = LUT 0x1 ( CONT_EQL_06, n290 )
n292        = LUT 0x8 ( n263, n275 )
n293        = LUT 0x4 ( n271, n292 )
n294        = LUT 0x1 ( n291, n293 )
n295        = LUT 0x8 ( n271, n275 )
n296        = LUT 0x4 ( n263, n295 )
n297        = LUT 0x8 ( n263, n271 )
n298        = LUT 0x4 ( n275, n297 )
n299        = LUT 0x1 ( n296, n298 )
n300        = LUT 0x4 ( n263, n275 )
n301        = LUT 0x8 ( n271, n300 )
n302        = LUT 0x4 ( n271, EQL_06 )
n303        = LUT 0x1 ( n271, n275 )
n304        = LUT 0x8 ( n271, n292 )
n305        = LUT 0x1 ( n303, n304 )
n306        = LUT 0x8 ( n275, n302 )
n307        = LUT 0x2 ( n299, n306 )
n308        = LUT 0x1 ( n263, n275 )
n309        = LUT 0x8 ( n275, EQL_06 )
n310        = LUT 0x1 ( n271, n309 )
n311        = LUT 0x8 ( n271, EQL_06 )
n312        = LUT 0x1 ( n292, n308 )
n313        = LUT 0x4 ( n310, n312 )
n314        = LUT 0x4 ( n311, n313 )
n315        = LUT 0x4 ( n263, n302 )
n316        = LUT 0x1 ( n301, n315 )
n317        = LUT 0x2 ( EQL_06, n289 )
n318        = LUT 0x8 ( n305, n317 )
CC_MUX_REG_2__WFCIRCUIT_00 = LUT 0x2 ( CC_MUX_REG_2__WFCIRCUIT )
CC_MUX_REG_1__WFCIRCUIT_00 = LUT 0x2 ( CC_MUX_REG_1__WFCIRCUIT )
USCITE_REG_2__WFCIRCUIT_00 = LUT 0x2 ( USCITE_REG_2__WFCIRCUIT )
USCITE_REG_1__WFCIRCUIT_00 = LUT 0x2 ( USCITE_REG_1__WFCIRCUIT )
ENABLE_COUNT_REG_WFCIRCUIT_00 = LUT 0x2 ( ENABLE_COUNT_REG_WFCIRCUIT )
ACKOUT_REG_WFCIRCUIT_00 = LUT 0x2 ( ACKOUT_REG_WFCIRCUIT )
CC_MUX_REG_2__WFCIRCUIT_01 = LUT 0x1 ( n97 )
CC_MUX_REG_1__WFCIRCUIT_01 = LUT 0x1 ( n104 )
USCITE_REG_2__WFCIRCUIT_01 = LUT 0x1 ( n106 )
USCITE_REG_1__WFCIRCUIT_01 = LUT 0x1 ( n108 )
ENABLE_COUNT_REG_WFCIRCUIT_01 = LUT 0x1 ( n78 )
ACKOUT_REG_WFCIRCUIT_01 = LUT 0x1 ( n78 )
CC_MUX_REG_2__WFCIRCUIT_02 = LUT 0x1 ( n133 )
CC_MUX_REG_1__WFCIRCUIT_02 = LUT 0x1 ( n140 )
USCITE_REG_2__WFCIRCUIT_02 = LUT 0x1 ( n142 )
USCITE_REG_1__WFCIRCUIT_02 = LUT 0x1 ( n144 )
ENABLE_COUNT_REG_WFCIRCUIT_02 = LUT 0x1 ( n114 )
ACKOUT_REG_WFCIRCUIT_02 = LUT 0x1 ( n114 )
CC_MUX_REG_2__WFCIRCUIT_03 = LUT 0x1 ( n169 )
CC_MUX_REG_1__WFCIRCUIT_03 = LUT 0x1 ( n176 )
USCITE_REG_2__WFCIRCUIT_03 = LUT 0x1 ( n178 )
USCITE_REG_1__WFCIRCUIT_03 = LUT 0x1 ( n180 )
ENABLE_COUNT_REG_WFCIRCUIT_03 = LUT 0x1 ( n150 )
ACKOUT_REG_WFCIRCUIT_03 = LUT 0x1 ( n150 )
CC_MUX_REG_2__WFCIRCUIT_04 = LUT 0x1 ( n205 )
CC_MUX_REG_1__WFCIRCUIT_04 = LUT 0x1 ( n212 )
USCITE_REG_2__WFCIRCUIT_04 = LUT 0x1 ( n214 )
USCITE_REG_1__WFCIRCUIT_04 = LUT 0x1 ( n216 )
ENABLE_COUNT_REG_WFCIRCUIT_04 = LUT 0x1 ( n186 )
ACKOUT_REG_WFCIRCUIT_04 = LUT 0x1 ( n186 )
CC_MUX_REG_2__WFCIRCUIT_05 = LUT 0x1 ( n241 )
CC_MUX_REG_1__WFCIRCUIT_05 = LUT 0x1 ( n248 )
USCITE_REG_2__WFCIRCUIT_05 = LUT 0x1 ( n250 )
USCITE_REG_1__WFCIRCUIT_05 = LUT 0x1 ( n252 )
ENABLE_COUNT_REG_WFCIRCUIT_05 = LUT 0x1 ( n222 )
ACKOUT_REG_WFCIRCUIT_05 = LUT 0x1 ( n222 )
CC_MUX_REG_2__WFCIRCUIT_06 = LUT 0x1 ( n277 )
CC_MUX_REG_1__WFCIRCUIT_06 = LUT 0x1 ( n284 )
USCITE_REG_2__WFCIRCUIT_06 = LUT 0x1 ( n286 )
USCITE_REG_1__WFCIRCUIT_06 = LUT 0x1 ( n288 )
ENABLE_COUNT_REG_WFCIRCUIT_06 = LUT 0x1 ( n258 )
ACKOUT_REG_WFCIRCUIT_06 = LUT 0x1 ( n258 )
CC_MUX_REG_2__WFCIRCUIT_07 = LUT 0x1 ( n307 )
CC_MUX_REG_1__WFCIRCUIT_07 = LUT 0x1 ( n314 )
USCITE_REG_2__WFCIRCUIT_07 = LUT 0x1 ( n316 )
USCITE_REG_1__WFCIRCUIT_07 = LUT 0x1 ( n318 )
ENABLE_COUNT_REG_WFCIRCUIT_07 = LUT 0x1 ( n294 )
ACKOUT_REG_WFCIRCUIT_07 = LUT 0x1 ( n294 )
