# Benchmark "faults\fault_STATE_REG_0__U81_true_8_frames" written by ABC on Tue Dec 06 01:11:07 2011
INPUT(ACKOUT_REG_WFCIRCUIT)
INPUT(STATE_REG_2__WFCIRCUIT)
INPUT(STATE_REG_1__WFCIRCUIT)
INPUT(STATE_REG_0__WFCIRCUIT)
INPUT(CC_MUX_REG_2__WFCIRCUIT)
INPUT(CC_MUX_REG_1__WFCIRCUIT)
INPUT(USCITE_REG_2__WFCIRCUIT)
INPUT(USCITE_REG_1__WFCIRCUIT)
INPUT(ENABLE_COUNT_REG_WFCIRCUIT)
INPUT(EQL_00)
INPUT(CONT_EQL_00)
INPUT(EQL_01)
INPUT(CONT_EQL_01)
INPUT(EQL_02)
INPUT(CONT_EQL_02)
INPUT(EQL_03)
INPUT(CONT_EQL_03)
INPUT(EQL_04)
INPUT(CONT_EQL_04)
INPUT(EQL_05)
INPUT(CONT_EQL_05)
INPUT(EQL_06)
INPUT(CONT_EQL_06)
INPUT(EQL_07)
INPUT(CONT_EQL_07)
OUTPUT(CC_MUX_REG_2__WFCIRCUIT_00)
OUTPUT(CC_MUX_REG_1__WFCIRCUIT_00)
OUTPUT(USCITE_REG_2__WFCIRCUIT_00)
OUTPUT(USCITE_REG_1__WFCIRCUIT_00)
OUTPUT(ENABLE_COUNT_REG_WFCIRCUIT_00)
OUTPUT(ACKOUT_REG_WFCIRCUIT_00)
OUTPUT(CC_MUX_REG_2__WFCIRCUIT_01)
OUTPUT(CC_MUX_REG_1__WFCIRCUIT_01)
OUTPUT(USCITE_REG_2__WFCIRCUIT_01)
OUTPUT(USCITE_REG_1__WFCIRCUIT_01)
OUTPUT(ENABLE_COUNT_REG_WFCIRCUIT_01)
OUTPUT(ACKOUT_REG_WFCIRCUIT_01)
OUTPUT(CC_MUX_REG_2__WFCIRCUIT_02)
OUTPUT(CC_MUX_REG_1__WFCIRCUIT_02)
OUTPUT(USCITE_REG_2__WFCIRCUIT_02)
OUTPUT(USCITE_REG_1__WFCIRCUIT_02)
OUTPUT(ENABLE_COUNT_REG_WFCIRCUIT_02)
OUTPUT(ACKOUT_REG_WFCIRCUIT_02)
OUTPUT(CC_MUX_REG_2__WFCIRCUIT_03)
OUTPUT(CC_MUX_REG_1__WFCIRCUIT_03)
OUTPUT(USCITE_REG_2__WFCIRCUIT_03)
OUTPUT(USCITE_REG_1__WFCIRCUIT_03)
OUTPUT(ENABLE_COUNT_REG_WFCIRCUIT_03)
OUTPUT(ACKOUT_REG_WFCIRCUIT_03)
OUTPUT(CC_MUX_REG_2__WFCIRCUIT_04)
OUTPUT(CC_MUX_REG_1__WFCIRCUIT_04)
OUTPUT(USCITE_REG_2__WFCIRCUIT_04)
OUTPUT(USCITE_REG_1__WFCIRCUIT_04)
OUTPUT(ENABLE_COUNT_REG_WFCIRCUIT_04)
OUTPUT(ACKOUT_REG_WFCIRCUIT_04)
OUTPUT(CC_MUX_REG_2__WFCIRCUIT_05)
OUTPUT(CC_MUX_REG_1__WFCIRCUIT_05)
OUTPUT(USCITE_REG_2__WFCIRCUIT_05)
OUTPUT(USCITE_REG_1__WFCIRCUIT_05)
OUTPUT(ENABLE_COUNT_REG_WFCIRCUIT_05)
OUTPUT(ACKOUT_REG_WFCIRCUIT_05)
OUTPUT(CC_MUX_REG_2__WFCIRCUIT_06)
OUTPUT(CC_MUX_REG_1__WFCIRCUIT_06)
OUTPUT(USCITE_REG_2__WFCIRCUIT_06)
OUTPUT(USCITE_REG_1__WFCIRCUIT_06)
OUTPUT(ENABLE_COUNT_REG_WFCIRCUIT_06)
OUTPUT(ACKOUT_REG_WFCIRCUIT_06)
OUTPUT(CC_MUX_REG_2__WFCIRCUIT_07)
OUTPUT(CC_MUX_REG_1__WFCIRCUIT_07)
OUTPUT(USCITE_REG_2__WFCIRCUIT_07)
OUTPUT(USCITE_REG_1__WFCIRCUIT_07)
OUTPUT(ENABLE_COUNT_REG_WFCIRCUIT_07)
OUTPUT(ACKOUT_REG_WFCIRCUIT_07)
n73         = LUT 0x8 ( STATE_REG_2__WFCIRCUIT, STATE_REG_1__WFCIRCUIT )
n74         = LUT 0x8 ( STATE_REG_0__WFCIRCUIT, n73 )
n75         = LUT 0x1 ( CONT_EQL_00, n74 )
n76         = LUT 0x1 ( STATE_REG_2__WFCIRCUIT, STATE_REG_0__WFCIRCUIT )
n77         = LUT 0x2 ( STATE_REG_1__WFCIRCUIT, EQL_00 )
n78         = LUT 0x8 ( n76, n77 )
n79         = LUT 0x1 ( n75, n78 )
n80         = LUT 0x1 ( STATE_REG_1__WFCIRCUIT, STATE_REG_0__WFCIRCUIT )
n81         = LUT 0x1 ( EQL_00, n80 )
n82         = LUT 0x2 ( STATE_REG_2__WFCIRCUIT, n81 )
n83         = LUT 0x1 ( STATE_REG_2__WFCIRCUIT, STATE_REG_1__WFCIRCUIT )
n84         = LUT 0x8 ( STATE_REG_0__WFCIRCUIT, n83 )
n85         = LUT 0x4 ( EQL_00, n84 )
n86         = LUT 0x1 ( n82, n85 )
n87         = LUT 0x8 ( STATE_REG_1__WFCIRCUIT, n76 )
n88         = LUT 0x2 ( STATE_REG_2__WFCIRCUIT, STATE_REG_0__WFCIRCUIT )
n89         = LUT 0x4 ( STATE_REG_1__WFCIRCUIT, n88 )
n90         = LUT 0x4 ( EQL_00, n89 )
n91         = LUT 0x8 ( STATE_REG_1__WFCIRCUIT, EQL_00 )
n92         = LUT 0x1 ( n87, n90 )
n93         = LUT 0x4 ( n91, n92 )
n94         = LUT 0x8 ( STATE_REG_1__WFCIRCUIT, STATE_REG_0__WFCIRCUIT )
n95         = LUT 0x4 ( STATE_REG_1__WFCIRCUIT, n76 )
n96         = LUT 0x1 ( n94, n95 )
n97         = LUT 0x4 ( n81, n96 )
n98         = LUT 0x4 ( STATE_REG_0__WFCIRCUIT, n91 )
n99         = LUT 0x1 ( n82, n84 )
n100        = LUT 0x4 ( n98, n99 )
n101        = LUT 0x8 ( STATE_REG_2__WFCIRCUIT, STATE_REG_0__WFCIRCUIT )
n102        = LUT 0x4 ( STATE_REG_0__WFCIRCUIT, EQL_00 )
n103        = LUT 0x2 ( STATE_REG_1__WFCIRCUIT, n102 )
n104        = LUT 0x4 ( STATE_REG_1__WFCIRCUIT, EQL_00 )
n105        = LUT 0x1 ( n76, n101 )
n106        = LUT 0x4 ( n103, n105 )
n107        = LUT 0x4 ( n104, n106 )
n108        = LUT 0x8 ( STATE_REG_2__WFCIRCUIT, n91 )
n109        = LUT 0x1 ( n90, n108 )
n110        = LUT 0x2 ( EQL_00, n73 )
n111        = LUT 0x8 ( n96, n110 )
n112        = LUT 0x1 ( n86, n93 )
n113        = LUT 0x4 ( n97, n112 )
n114        = LUT 0x1 ( CONT_EQL_01, n113 )
n115        = LUT 0x8 ( n86, n97 )
n116        = LUT 0x1 ( n93, EQL_01 )
n117        = LUT 0x8 ( n115, n116 )
n118        = LUT 0x1 ( n114, n117 )
n119        = LUT 0x8 ( n93, n97 )
n120        = LUT 0x1 ( EQL_01, n119 )
n121        = LUT 0x1 ( n86, n120 )
n122        = LUT 0x8 ( n86, n93 )
n123        = LUT 0x4 ( n97, n122 )
n124        = LUT 0x4 ( EQL_01, n123 )
n125        = LUT 0x1 ( n121, n124 )
n126        = LUT 0x4 ( n93, n115 )
n127        = LUT 0x4 ( n86, n97 )
n128        = LUT 0x8 ( n93, n127 )
n129        = LUT 0x4 ( EQL_01, n128 )
n130        = LUT 0x4 ( n93, EQL_01 )
n131        = LUT 0x1 ( n126, n129 )
n132        = LUT 0x4 ( n130, n131 )
n133        = LUT 0x1 ( n93, n97 )
n134        = LUT 0x8 ( n93, n115 )
n135        = LUT 0x1 ( n133, n134 )
n136        = LUT 0x4 ( n120, n135 )
n137        = LUT 0x8 ( n97, n130 )
n138        = LUT 0x1 ( n121, n123 )
n139        = LUT 0x4 ( n137, n138 )
n140        = LUT 0x1 ( n86, n97 )
n141        = LUT 0x8 ( n97, EQL_01 )
n142        = LUT 0x1 ( n93, n141 )
n143        = LUT 0x8 ( n93, EQL_01 )
n144        = LUT 0x1 ( n115, n140 )
n145        = LUT 0x4 ( n142, n144 )
n146        = LUT 0x4 ( n143, n145 )
n147        = LUT 0x4 ( n86, n130 )
n148        = LUT 0x1 ( n129, n147 )
n149        = LUT 0x2 ( EQL_01, n112 )
n150        = LUT 0x8 ( n135, n149 )
n151        = LUT 0x1 ( n125, n132 )
n152        = LUT 0x4 ( n136, n151 )
n153        = LUT 0x1 ( CONT_EQL_02, n152 )
n154        = LUT 0x8 ( n125, n136 )
n155        = LUT 0x1 ( n132, EQL_02 )
n156        = LUT 0x8 ( n154, n155 )
n157        = LUT 0x1 ( n153, n156 )
n158        = LUT 0x8 ( n132, n136 )
n159        = LUT 0x1 ( EQL_02, n158 )
n160        = LUT 0x1 ( n125, n159 )
n161        = LUT 0x8 ( n125, n132 )
n162        = LUT 0x4 ( n136, n161 )
n163        = LUT 0x4 ( EQL_02, n162 )
n164        = LUT 0x1 ( n160, n163 )
n165        = LUT 0x4 ( n132, n154 )
n166        = LUT 0x4 ( n125, n136 )
n167        = LUT 0x8 ( n132, n166 )
n168        = LUT 0x4 ( EQL_02, n167 )
n169        = LUT 0x4 ( n132, EQL_02 )
n170        = LUT 0x1 ( n165, n168 )
n171        = LUT 0x4 ( n169, n170 )
n172        = LUT 0x1 ( n132, n136 )
n173        = LUT 0x8 ( n132, n154 )
n174        = LUT 0x1 ( n172, n173 )
n175        = LUT 0x4 ( n159, n174 )
n176        = LUT 0x8 ( n136, n169 )
n177        = LUT 0x1 ( n160, n162 )
n178        = LUT 0x4 ( n176, n177 )
n179        = LUT 0x1 ( n125, n136 )
n180        = LUT 0x8 ( n136, EQL_02 )
n181        = LUT 0x1 ( n132, n180 )
n182        = LUT 0x8 ( n132, EQL_02 )
n183        = LUT 0x1 ( n154, n179 )
n184        = LUT 0x4 ( n181, n183 )
n185        = LUT 0x4 ( n182, n184 )
n186        = LUT 0x4 ( n125, n169 )
n187        = LUT 0x1 ( n168, n186 )
n188        = LUT 0x2 ( EQL_02, n151 )
n189        = LUT 0x8 ( n174, n188 )
n190        = LUT 0x1 ( n164, n171 )
n191        = LUT 0x4 ( n175, n190 )
n192        = LUT 0x1 ( CONT_EQL_03, n191 )
n193        = LUT 0x8 ( n164, n175 )
n194        = LUT 0x1 ( n171, EQL_03 )
n195        = LUT 0x8 ( n193, n194 )
n196        = LUT 0x1 ( n192, n195 )
n197        = LUT 0x8 ( n171, n175 )
n198        = LUT 0x1 ( EQL_03, n197 )
n199        = LUT 0x1 ( n164, n198 )
n200        = LUT 0x8 ( n164, n171 )
n201        = LUT 0x4 ( n175, n200 )
n202        = LUT 0x4 ( EQL_03, n201 )
n203        = LUT 0x1 ( n199, n202 )
n204        = LUT 0x4 ( n171, n193 )
n205        = LUT 0x4 ( n164, n175 )
n206        = LUT 0x8 ( n171, n205 )
n207        = LUT 0x4 ( EQL_03, n206 )
n208        = LUT 0x4 ( n171, EQL_03 )
n209        = LUT 0x1 ( n204, n207 )
n210        = LUT 0x4 ( n208, n209 )
n211        = LUT 0x1 ( n171, n175 )
n212        = LUT 0x8 ( n171, n193 )
n213        = LUT 0x1 ( n211, n212 )
n214        = LUT 0x4 ( n198, n213 )
n215        = LUT 0x8 ( n175, n208 )
n216        = LUT 0x1 ( n199, n201 )
n217        = LUT 0x4 ( n215, n216 )
n218        = LUT 0x1 ( n164, n175 )
n219        = LUT 0x8 ( n175, EQL_03 )
n220        = LUT 0x1 ( n171, n219 )
n221        = LUT 0x8 ( n171, EQL_03 )
n222        = LUT 0x1 ( n193, n218 )
n223        = LUT 0x4 ( n220, n222 )
n224        = LUT 0x4 ( n221, n223 )
n225        = LUT 0x4 ( n164, n208 )
n226        = LUT 0x1 ( n207, n225 )
n227        = LUT 0x2 ( EQL_03, n190 )
n228        = LUT 0x8 ( n213, n227 )
n229        = LUT 0x1 ( n203, n210 )
n230        = LUT 0x4 ( n214, n229 )
n231        = LUT 0x1 ( CONT_EQL_04, n230 )
n232        = LUT 0x8 ( n203, n214 )
n233        = LUT 0x1 ( n210, EQL_04 )
n234        = LUT 0x8 ( n232, n233 )
n235        = LUT 0x1 ( n231, n234 )
n236        = LUT 0x8 ( n210, n214 )
n237        = LUT 0x1 ( EQL_04, n236 )
n238        = LUT 0x1 ( n203, n237 )
n239        = LUT 0x8 ( n203, n210 )
n240        = LUT 0x4 ( n214, n239 )
n241        = LUT 0x4 ( EQL_04, n240 )
n242        = LUT 0x1 ( n238, n241 )
n243        = LUT 0x4 ( n210, n232 )
n244        = LUT 0x4 ( n203, n214 )
n245        = LUT 0x8 ( n210, n244 )
n246        = LUT 0x4 ( EQL_04, n245 )
n247        = LUT 0x4 ( n210, EQL_04 )
n248        = LUT 0x1 ( n243, n246 )
n249        = LUT 0x4 ( n247, n248 )
n250        = LUT 0x1 ( n210, n214 )
n251        = LUT 0x8 ( n210, n232 )
n252        = LUT 0x1 ( n250, n251 )
n253        = LUT 0x4 ( n237, n252 )
n254        = LUT 0x8 ( n214, n247 )
n255        = LUT 0x1 ( n238, n240 )
n256        = LUT 0x4 ( n254, n255 )
n257        = LUT 0x1 ( n203, n214 )
n258        = LUT 0x8 ( n214, EQL_04 )
n259        = LUT 0x1 ( n210, n258 )
n260        = LUT 0x8 ( n210, EQL_04 )
n261        = LUT 0x1 ( n232, n257 )
n262        = LUT 0x4 ( n259, n261 )
n263        = LUT 0x4 ( n260, n262 )
n264        = LUT 0x4 ( n203, n247 )
n265        = LUT 0x1 ( n246, n264 )
n266        = LUT 0x2 ( EQL_04, n229 )
n267        = LUT 0x8 ( n252, n266 )
n268        = LUT 0x1 ( n242, n249 )
n269        = LUT 0x4 ( n253, n268 )
n270        = LUT 0x1 ( CONT_EQL_05, n269 )
n271        = LUT 0x8 ( n242, n253 )
n272        = LUT 0x1 ( n249, EQL_05 )
n273        = LUT 0x8 ( n271, n272 )
n274        = LUT 0x1 ( n270, n273 )
n275        = LUT 0x8 ( n249, n253 )
n276        = LUT 0x1 ( EQL_05, n275 )
n277        = LUT 0x1 ( n242, n276 )
n278        = LUT 0x8 ( n242, n249 )
n279        = LUT 0x4 ( n253, n278 )
n280        = LUT 0x4 ( EQL_05, n279 )
n281        = LUT 0x1 ( n277, n280 )
n282        = LUT 0x4 ( n249, n271 )
n283        = LUT 0x4 ( n242, n253 )
n284        = LUT 0x8 ( n249, n283 )
n285        = LUT 0x4 ( EQL_05, n284 )
n286        = LUT 0x4 ( n249, EQL_05 )
n287        = LUT 0x1 ( n282, n285 )
n288        = LUT 0x4 ( n286, n287 )
n289        = LUT 0x1 ( n249, n253 )
n290        = LUT 0x8 ( n249, n271 )
n291        = LUT 0x1 ( n289, n290 )
n292        = LUT 0x4 ( n276, n291 )
n293        = LUT 0x8 ( n253, n286 )
n294        = LUT 0x1 ( n277, n279 )
n295        = LUT 0x4 ( n293, n294 )
n296        = LUT 0x1 ( n242, n253 )
n297        = LUT 0x8 ( n253, EQL_05 )
n298        = LUT 0x1 ( n249, n297 )
n299        = LUT 0x8 ( n249, EQL_05 )
n300        = LUT 0x1 ( n271, n296 )
n301        = LUT 0x4 ( n298, n300 )
n302        = LUT 0x4 ( n299, n301 )
n303        = LUT 0x4 ( n242, n286 )
n304        = LUT 0x1 ( n285, n303 )
n305        = LUT 0x2 ( EQL_05, n268 )
n306        = LUT 0x8 ( n291, n305 )
n307        = LUT 0x1 ( n281, n288 )
n308        = LUT 0x4 ( n292, n307 )
n309        = LUT 0x1 ( CONT_EQL_06, n308 )
n310        = LUT 0x8 ( n281, n292 )
n311        = LUT 0x1 ( n288, EQL_06 )
n312        = LUT 0x8 ( n310, n311 )
n313        = LUT 0x1 ( n309, n312 )
n314        = LUT 0x8 ( n288, n292 )
n315        = LUT 0x1 ( EQL_06, n314 )
n316        = LUT 0x1 ( n281, n315 )
n317        = LUT 0x8 ( n281, n288 )
n318        = LUT 0x4 ( n292, n317 )
n319        = LUT 0x4 ( n281, n292 )
n320        = LUT 0x8 ( n288, n319 )
n321        = LUT 0x4 ( EQL_06, n320 )
n322        = LUT 0x4 ( n288, EQL_06 )
n323        = LUT 0x1 ( n288, n292 )
n324        = LUT 0x8 ( n288, n310 )
n325        = LUT 0x1 ( n323, n324 )
n326        = LUT 0x8 ( n292, n322 )
n327        = LUT 0x1 ( n316, n318 )
n328        = LUT 0x4 ( n326, n327 )
n329        = LUT 0x1 ( n281, n292 )
n330        = LUT 0x8 ( n292, EQL_06 )
n331        = LUT 0x1 ( n288, n330 )
n332        = LUT 0x8 ( n288, EQL_06 )
n333        = LUT 0x1 ( n310, n329 )
n334        = LUT 0x4 ( n331, n333 )
n335        = LUT 0x4 ( n332, n334 )
n336        = LUT 0x4 ( n281, n322 )
n337        = LUT 0x1 ( n321, n336 )
n338        = LUT 0x2 ( EQL_06, n307 )
n339        = LUT 0x8 ( n325, n338 )
CC_MUX_REG_2__WFCIRCUIT_00 = LUT 0x2 ( CC_MUX_REG_2__WFCIRCUIT )
CC_MUX_REG_1__WFCIRCUIT_00 = LUT 0x2 ( CC_MUX_REG_1__WFCIRCUIT )
USCITE_REG_2__WFCIRCUIT_00 = LUT 0x2 ( USCITE_REG_2__WFCIRCUIT )
USCITE_REG_1__WFCIRCUIT_00 = LUT 0x2 ( USCITE_REG_1__WFCIRCUIT )
ENABLE_COUNT_REG_WFCIRCUIT_00 = LUT 0x2 ( ENABLE_COUNT_REG_WFCIRCUIT )
ACKOUT_REG_WFCIRCUIT_00 = LUT 0x2 ( ACKOUT_REG_WFCIRCUIT )
CC_MUX_REG_2__WFCIRCUIT_01 = LUT 0x1 ( n100 )
CC_MUX_REG_1__WFCIRCUIT_01 = LUT 0x1 ( n107 )
USCITE_REG_2__WFCIRCUIT_01 = LUT 0x1 ( n109 )
USCITE_REG_1__WFCIRCUIT_01 = LUT 0x1 ( n111 )
ENABLE_COUNT_REG_WFCIRCUIT_01 = LUT 0x1 ( n79 )
ACKOUT_REG_WFCIRCUIT_01 = LUT 0x1 ( n79 )
CC_MUX_REG_2__WFCIRCUIT_02 = LUT 0x1 ( n139 )
CC_MUX_REG_1__WFCIRCUIT_02 = LUT 0x1 ( n146 )
USCITE_REG_2__WFCIRCUIT_02 = LUT 0x1 ( n148 )
USCITE_REG_1__WFCIRCUIT_02 = LUT 0x1 ( n150 )
ENABLE_COUNT_REG_WFCIRCUIT_02 = LUT 0x1 ( n118 )
ACKOUT_REG_WFCIRCUIT_02 = LUT 0x1 ( n118 )
CC_MUX_REG_2__WFCIRCUIT_03 = LUT 0x1 ( n178 )
CC_MUX_REG_1__WFCIRCUIT_03 = LUT 0x1 ( n185 )
USCITE_REG_2__WFCIRCUIT_03 = LUT 0x1 ( n187 )
USCITE_REG_1__WFCIRCUIT_03 = LUT 0x1 ( n189 )
ENABLE_COUNT_REG_WFCIRCUIT_03 = LUT 0x1 ( n157 )
ACKOUT_REG_WFCIRCUIT_03 = LUT 0x1 ( n157 )
CC_MUX_REG_2__WFCIRCUIT_04 = LUT 0x1 ( n217 )
CC_MUX_REG_1__WFCIRCUIT_04 = LUT 0x1 ( n224 )
USCITE_REG_2__WFCIRCUIT_04 = LUT 0x1 ( n226 )
USCITE_REG_1__WFCIRCUIT_04 = LUT 0x1 ( n228 )
ENABLE_COUNT_REG_WFCIRCUIT_04 = LUT 0x1 ( n196 )
ACKOUT_REG_WFCIRCUIT_04 = LUT 0x1 ( n196 )
CC_MUX_REG_2__WFCIRCUIT_05 = LUT 0x1 ( n256 )
CC_MUX_REG_1__WFCIRCUIT_05 = LUT 0x1 ( n263 )
USCITE_REG_2__WFCIRCUIT_05 = LUT 0x1 ( n265 )
USCITE_REG_1__WFCIRCUIT_05 = LUT 0x1 ( n267 )
ENABLE_COUNT_REG_WFCIRCUIT_05 = LUT 0x1 ( n235 )
ACKOUT_REG_WFCIRCUIT_05 = LUT 0x1 ( n235 )
CC_MUX_REG_2__WFCIRCUIT_06 = LUT 0x1 ( n295 )
CC_MUX_REG_1__WFCIRCUIT_06 = LUT 0x1 ( n302 )
USCITE_REG_2__WFCIRCUIT_06 = LUT 0x1 ( n304 )
USCITE_REG_1__WFCIRCUIT_06 = LUT 0x1 ( n306 )
ENABLE_COUNT_REG_WFCIRCUIT_06 = LUT 0x1 ( n274 )
ACKOUT_REG_WFCIRCUIT_06 = LUT 0x1 ( n274 )
CC_MUX_REG_2__WFCIRCUIT_07 = LUT 0x1 ( n328 )
CC_MUX_REG_1__WFCIRCUIT_07 = LUT 0x1 ( n335 )
USCITE_REG_2__WFCIRCUIT_07 = LUT 0x1 ( n337 )
USCITE_REG_1__WFCIRCUIT_07 = LUT 0x1 ( n339 )
ENABLE_COUNT_REG_WFCIRCUIT_07 = LUT 0x1 ( n313 )
ACKOUT_REG_WFCIRCUIT_07 = LUT 0x1 ( n313 )
