# Benchmark "faults\fault_U80__true_8_frames" written by ABC on Tue Dec 06 01:10:56 2011
INPUT(ACKOUT_REG_WFCIRCUIT)
INPUT(STATE_REG_2__WFCIRCUIT)
INPUT(STATE_REG_1__WFCIRCUIT)
INPUT(STATE_REG_0__WFCIRCUIT)
INPUT(CC_MUX_REG_2__WFCIRCUIT)
INPUT(CC_MUX_REG_1__WFCIRCUIT)
INPUT(USCITE_REG_2__WFCIRCUIT)
INPUT(USCITE_REG_1__WFCIRCUIT)
INPUT(ENABLE_COUNT_REG_WFCIRCUIT)
INPUT(EQL_00)
INPUT(CONT_EQL_00)
INPUT(EQL_01)
INPUT(CONT_EQL_01)
INPUT(EQL_02)
INPUT(CONT_EQL_02)
INPUT(EQL_03)
INPUT(CONT_EQL_03)
INPUT(EQL_04)
INPUT(CONT_EQL_04)
INPUT(EQL_05)
INPUT(CONT_EQL_05)
INPUT(EQL_06)
INPUT(CONT_EQL_06)
INPUT(EQL_07)
INPUT(CONT_EQL_07)
OUTPUT(CC_MUX_REG_2__WFCIRCUIT_00)
OUTPUT(CC_MUX_REG_1__WFCIRCUIT_00)
OUTPUT(USCITE_REG_2__WFCIRCUIT_00)
OUTPUT(USCITE_REG_1__WFCIRCUIT_00)
OUTPUT(ENABLE_COUNT_REG_WFCIRCUIT_00)
OUTPUT(ACKOUT_REG_WFCIRCUIT_00)
OUTPUT(CC_MUX_REG_2__WFCIRCUIT_01)
OUTPUT(CC_MUX_REG_1__WFCIRCUIT_01)
OUTPUT(USCITE_REG_2__WFCIRCUIT_01)
OUTPUT(USCITE_REG_1__WFCIRCUIT_01)
OUTPUT(ENABLE_COUNT_REG_WFCIRCUIT_01)
OUTPUT(ACKOUT_REG_WFCIRCUIT_01)
OUTPUT(CC_MUX_REG_2__WFCIRCUIT_02)
OUTPUT(CC_MUX_REG_1__WFCIRCUIT_02)
OUTPUT(USCITE_REG_2__WFCIRCUIT_02)
OUTPUT(USCITE_REG_1__WFCIRCUIT_02)
OUTPUT(ENABLE_COUNT_REG_WFCIRCUIT_02)
OUTPUT(ACKOUT_REG_WFCIRCUIT_02)
OUTPUT(CC_MUX_REG_2__WFCIRCUIT_03)
OUTPUT(CC_MUX_REG_1__WFCIRCUIT_03)
OUTPUT(USCITE_REG_2__WFCIRCUIT_03)
OUTPUT(USCITE_REG_1__WFCIRCUIT_03)
OUTPUT(ENABLE_COUNT_REG_WFCIRCUIT_03)
OUTPUT(ACKOUT_REG_WFCIRCUIT_03)
OUTPUT(CC_MUX_REG_2__WFCIRCUIT_04)
OUTPUT(CC_MUX_REG_1__WFCIRCUIT_04)
OUTPUT(USCITE_REG_2__WFCIRCUIT_04)
OUTPUT(USCITE_REG_1__WFCIRCUIT_04)
OUTPUT(ENABLE_COUNT_REG_WFCIRCUIT_04)
OUTPUT(ACKOUT_REG_WFCIRCUIT_04)
OUTPUT(CC_MUX_REG_2__WFCIRCUIT_05)
OUTPUT(CC_MUX_REG_1__WFCIRCUIT_05)
OUTPUT(USCITE_REG_2__WFCIRCUIT_05)
OUTPUT(USCITE_REG_1__WFCIRCUIT_05)
OUTPUT(ENABLE_COUNT_REG_WFCIRCUIT_05)
OUTPUT(ACKOUT_REG_WFCIRCUIT_05)
OUTPUT(CC_MUX_REG_2__WFCIRCUIT_06)
OUTPUT(CC_MUX_REG_1__WFCIRCUIT_06)
OUTPUT(USCITE_REG_2__WFCIRCUIT_06)
OUTPUT(USCITE_REG_1__WFCIRCUIT_06)
OUTPUT(ENABLE_COUNT_REG_WFCIRCUIT_06)
OUTPUT(ACKOUT_REG_WFCIRCUIT_06)
OUTPUT(CC_MUX_REG_2__WFCIRCUIT_07)
OUTPUT(CC_MUX_REG_1__WFCIRCUIT_07)
OUTPUT(USCITE_REG_2__WFCIRCUIT_07)
OUTPUT(USCITE_REG_1__WFCIRCUIT_07)
OUTPUT(ENABLE_COUNT_REG_WFCIRCUIT_07)
OUTPUT(ACKOUT_REG_WFCIRCUIT_07)
n73         = LUT 0x8 ( STATE_REG_2__WFCIRCUIT, STATE_REG_1__WFCIRCUIT )
n74         = LUT 0x8 ( STATE_REG_0__WFCIRCUIT, n73 )
n75         = LUT 0x1 ( CONT_EQL_00, n74 )
n76         = LUT 0x1 ( STATE_REG_2__WFCIRCUIT, STATE_REG_0__WFCIRCUIT )
n77         = LUT 0x2 ( STATE_REG_1__WFCIRCUIT, EQL_00 )
n78         = LUT 0x8 ( n76, n77 )
n79         = LUT 0x1 ( n75, n78 )
n80         = LUT 0x1 ( STATE_REG_1__WFCIRCUIT, STATE_REG_0__WFCIRCUIT )
n81         = LUT 0x1 ( EQL_00, n80 )
n82         = LUT 0x2 ( STATE_REG_2__WFCIRCUIT, n81 )
n83         = LUT 0x1 ( STATE_REG_2__WFCIRCUIT, STATE_REG_1__WFCIRCUIT )
n84         = LUT 0x8 ( STATE_REG_0__WFCIRCUIT, n83 )
n85         = LUT 0x8 ( STATE_REG_1__WFCIRCUIT, n76 )
n86         = LUT 0x4 ( STATE_REG_2__WFCIRCUIT, EQL_00 )
n87         = LUT 0x8 ( STATE_REG_0__WFCIRCUIT, n86 )
n88         = LUT 0x2 ( STATE_REG_2__WFCIRCUIT, STATE_REG_0__WFCIRCUIT )
n89         = LUT 0x4 ( STATE_REG_1__WFCIRCUIT, n88 )
n90         = LUT 0x4 ( EQL_00, n89 )
n91         = LUT 0x8 ( STATE_REG_1__WFCIRCUIT, EQL_00 )
n92         = LUT 0x1 ( n85, n87 )
n93         = LUT 0x4 ( n90, n92 )
n94         = LUT 0x4 ( n91, n93 )
n95         = LUT 0x8 ( STATE_REG_1__WFCIRCUIT, STATE_REG_0__WFCIRCUIT )
n96         = LUT 0x4 ( STATE_REG_1__WFCIRCUIT, n76 )
n97         = LUT 0x1 ( n95, n96 )
n98         = LUT 0x4 ( n81, n97 )
n99         = LUT 0x4 ( STATE_REG_0__WFCIRCUIT, n91 )
n100        = LUT 0x1 ( n82, n84 )
n101        = LUT 0x4 ( n99, n100 )
n102        = LUT 0x8 ( STATE_REG_2__WFCIRCUIT, STATE_REG_0__WFCIRCUIT )
n103        = LUT 0x4 ( STATE_REG_0__WFCIRCUIT, EQL_00 )
n104        = LUT 0x2 ( STATE_REG_1__WFCIRCUIT, n103 )
n105        = LUT 0x4 ( STATE_REG_1__WFCIRCUIT, EQL_00 )
n106        = LUT 0x1 ( n76, n102 )
n107        = LUT 0x4 ( n104, n106 )
n108        = LUT 0x4 ( n105, n107 )
n109        = LUT 0x8 ( STATE_REG_2__WFCIRCUIT, n91 )
n110        = LUT 0x1 ( n90, n109 )
n111        = LUT 0x2 ( EQL_00, n73 )
n112        = LUT 0x8 ( n97, n111 )
n113        = LUT 0x1 ( n94, n98 )
ENABLE_COUNT_REG_WFCIRCUIT_02 = LUT 0x1 ( CONT_EQL_01, n113 )
n115        = LUT 0x8 ( n94, n98 )
n116        = LUT 0x1 ( EQL_01, n115 )
n117        = LUT 0x4 ( EQL_01, n115 )
n118        = LUT 0x4 ( n94, EQL_01 )
n119        = LUT 0x1 ( n117, n118 )
n120        = LUT 0x1 ( n113, n116 )
n121        = LUT 0x8 ( n98, n118 )
n122        = LUT 0x2 ( n116, n121 )
n123        = LUT 0x8 ( n98, EQL_01 )
n124        = LUT 0x1 ( n94, n123 )
n125        = LUT 0x8 ( n94, EQL_01 )
n126        = LUT 0x2 ( n98, n124 )
n127        = LUT 0x4 ( n125, n126 )
n128        = LUT 0x4 ( n113, n125 )
n129        = LUT 0x1 ( n119, n120 )
ENABLE_COUNT_REG_WFCIRCUIT_03 = LUT 0x1 ( CONT_EQL_02, n129 )
n131        = LUT 0x8 ( n119, n120 )
n132        = LUT 0x1 ( EQL_02, n131 )
n133        = LUT 0x4 ( EQL_02, n131 )
n134        = LUT 0x4 ( n119, EQL_02 )
n135        = LUT 0x1 ( n133, n134 )
n136        = LUT 0x1 ( n129, n132 )
n137        = LUT 0x8 ( n120, n134 )
n138        = LUT 0x2 ( n132, n137 )
n139        = LUT 0x8 ( n120, EQL_02 )
n140        = LUT 0x1 ( n119, n139 )
n141        = LUT 0x8 ( n119, EQL_02 )
n142        = LUT 0x2 ( n120, n140 )
n143        = LUT 0x4 ( n141, n142 )
n144        = LUT 0x4 ( n129, n141 )
n145        = LUT 0x1 ( n135, n136 )
ENABLE_COUNT_REG_WFCIRCUIT_04 = LUT 0x1 ( CONT_EQL_03, n145 )
n147        = LUT 0x8 ( n135, n136 )
n148        = LUT 0x1 ( EQL_03, n147 )
n149        = LUT 0x4 ( EQL_03, n147 )
n150        = LUT 0x4 ( n135, EQL_03 )
n151        = LUT 0x1 ( n149, n150 )
n152        = LUT 0x1 ( n145, n148 )
n153        = LUT 0x8 ( n136, n150 )
n154        = LUT 0x2 ( n148, n153 )
n155        = LUT 0x8 ( n136, EQL_03 )
n156        = LUT 0x1 ( n135, n155 )
n157        = LUT 0x8 ( n135, EQL_03 )
n158        = LUT 0x2 ( n136, n156 )
n159        = LUT 0x4 ( n157, n158 )
n160        = LUT 0x4 ( n145, n157 )
n161        = LUT 0x1 ( n151, n152 )
ENABLE_COUNT_REG_WFCIRCUIT_05 = LUT 0x1 ( CONT_EQL_04, n161 )
n163        = LUT 0x8 ( n151, n152 )
n164        = LUT 0x1 ( EQL_04, n163 )
n165        = LUT 0x4 ( EQL_04, n163 )
n166        = LUT 0x4 ( n151, EQL_04 )
n167        = LUT 0x1 ( n165, n166 )
n168        = LUT 0x1 ( n161, n164 )
n169        = LUT 0x8 ( n152, n166 )
n170        = LUT 0x2 ( n164, n169 )
n171        = LUT 0x8 ( n152, EQL_04 )
n172        = LUT 0x1 ( n151, n171 )
n173        = LUT 0x8 ( n151, EQL_04 )
n174        = LUT 0x2 ( n152, n172 )
n175        = LUT 0x4 ( n173, n174 )
n176        = LUT 0x4 ( n161, n173 )
n177        = LUT 0x1 ( n167, n168 )
ENABLE_COUNT_REG_WFCIRCUIT_06 = LUT 0x1 ( CONT_EQL_05, n177 )
n179        = LUT 0x8 ( n167, n168 )
n180        = LUT 0x1 ( EQL_05, n179 )
n181        = LUT 0x4 ( EQL_05, n179 )
n182        = LUT 0x4 ( n167, EQL_05 )
n183        = LUT 0x1 ( n181, n182 )
n184        = LUT 0x1 ( n177, n180 )
n185        = LUT 0x8 ( n168, n182 )
n186        = LUT 0x2 ( n180, n185 )
n187        = LUT 0x8 ( n168, EQL_05 )
n188        = LUT 0x1 ( n167, n187 )
n189        = LUT 0x8 ( n167, EQL_05 )
n190        = LUT 0x2 ( n168, n188 )
n191        = LUT 0x4 ( n189, n190 )
n192        = LUT 0x4 ( n177, n189 )
n193        = LUT 0x1 ( n183, n184 )
ENABLE_COUNT_REG_WFCIRCUIT_07 = LUT 0x1 ( CONT_EQL_06, n193 )
n195        = LUT 0x8 ( n183, n184 )
n196        = LUT 0x1 ( EQL_06, n195 )
n197        = LUT 0x4 ( EQL_06, n195 )
n198        = LUT 0x4 ( n183, EQL_06 )
n199        = LUT 0x1 ( n197, n198 )
n200        = LUT 0x8 ( n184, n198 )
n201        = LUT 0x2 ( n196, n200 )
n202        = LUT 0x8 ( n184, EQL_06 )
n203        = LUT 0x1 ( n183, n202 )
n204        = LUT 0x8 ( n183, EQL_06 )
n205        = LUT 0x2 ( n184, n203 )
n206        = LUT 0x4 ( n204, n205 )
n207        = LUT 0x4 ( n193, n204 )
CC_MUX_REG_2__WFCIRCUIT_00 = LUT 0x2 ( CC_MUX_REG_2__WFCIRCUIT )
CC_MUX_REG_1__WFCIRCUIT_00 = LUT 0x2 ( CC_MUX_REG_1__WFCIRCUIT )
USCITE_REG_2__WFCIRCUIT_00 = LUT 0x2 ( USCITE_REG_2__WFCIRCUIT )
USCITE_REG_1__WFCIRCUIT_00 = LUT 0x2 ( USCITE_REG_1__WFCIRCUIT )
ENABLE_COUNT_REG_WFCIRCUIT_00 = LUT 0x2 ( ENABLE_COUNT_REG_WFCIRCUIT )
ACKOUT_REG_WFCIRCUIT_00 = LUT 0x2 ( ACKOUT_REG_WFCIRCUIT )
CC_MUX_REG_2__WFCIRCUIT_01 = LUT 0x1 ( n101 )
CC_MUX_REG_1__WFCIRCUIT_01 = LUT 0x1 ( n108 )
USCITE_REG_2__WFCIRCUIT_01 = LUT 0x1 ( n110 )
USCITE_REG_1__WFCIRCUIT_01 = LUT 0x1 ( n112 )
ENABLE_COUNT_REG_WFCIRCUIT_01 = LUT 0x1 ( n79 )
ACKOUT_REG_WFCIRCUIT_01 = LUT 0x1 ( n79 )
CC_MUX_REG_2__WFCIRCUIT_02 = LUT 0x1 ( n122 )
CC_MUX_REG_1__WFCIRCUIT_02 = LUT 0x1 ( n127 )
USCITE_REG_2__WFCIRCUIT_02 = LUT 0x1 ( n119 )
USCITE_REG_1__WFCIRCUIT_02 = LUT 0x1 ( n128 )
ACKOUT_REG_WFCIRCUIT_02 = LUT 0x2 ( ENABLE_COUNT_REG_WFCIRCUIT_02 )
CC_MUX_REG_2__WFCIRCUIT_03 = LUT 0x1 ( n138 )
CC_MUX_REG_1__WFCIRCUIT_03 = LUT 0x1 ( n143 )
USCITE_REG_2__WFCIRCUIT_03 = LUT 0x1 ( n135 )
USCITE_REG_1__WFCIRCUIT_03 = LUT 0x1 ( n144 )
ACKOUT_REG_WFCIRCUIT_03 = LUT 0x2 ( ENABLE_COUNT_REG_WFCIRCUIT_03 )
CC_MUX_REG_2__WFCIRCUIT_04 = LUT 0x1 ( n154 )
CC_MUX_REG_1__WFCIRCUIT_04 = LUT 0x1 ( n159 )
USCITE_REG_2__WFCIRCUIT_04 = LUT 0x1 ( n151 )
USCITE_REG_1__WFCIRCUIT_04 = LUT 0x1 ( n160 )
ACKOUT_REG_WFCIRCUIT_04 = LUT 0x2 ( ENABLE_COUNT_REG_WFCIRCUIT_04 )
CC_MUX_REG_2__WFCIRCUIT_05 = LUT 0x1 ( n170 )
CC_MUX_REG_1__WFCIRCUIT_05 = LUT 0x1 ( n175 )
USCITE_REG_2__WFCIRCUIT_05 = LUT 0x1 ( n167 )
USCITE_REG_1__WFCIRCUIT_05 = LUT 0x1 ( n176 )
ACKOUT_REG_WFCIRCUIT_05 = LUT 0x2 ( ENABLE_COUNT_REG_WFCIRCUIT_05 )
CC_MUX_REG_2__WFCIRCUIT_06 = LUT 0x1 ( n186 )
CC_MUX_REG_1__WFCIRCUIT_06 = LUT 0x1 ( n191 )
USCITE_REG_2__WFCIRCUIT_06 = LUT 0x1 ( n183 )
USCITE_REG_1__WFCIRCUIT_06 = LUT 0x1 ( n192 )
ACKOUT_REG_WFCIRCUIT_06 = LUT 0x2 ( ENABLE_COUNT_REG_WFCIRCUIT_06 )
CC_MUX_REG_2__WFCIRCUIT_07 = LUT 0x1 ( n201 )
CC_MUX_REG_1__WFCIRCUIT_07 = LUT 0x1 ( n206 )
USCITE_REG_2__WFCIRCUIT_07 = LUT 0x1 ( n199 )
USCITE_REG_1__WFCIRCUIT_07 = LUT 0x1 ( n207 )
ACKOUT_REG_WFCIRCUIT_07 = LUT 0x2 ( ENABLE_COUNT_REG_WFCIRCUIT_07 )
